TN:
SF:src/App.tsx
FN:1,(empty-report)
FNF:1
FNH:0
FNDA:0,(empty-report)
DA:1,0
DA:2,0
DA:3,0
DA:4,0
DA:5,0
DA:6,0
DA:7,0
DA:8,0
DA:9,0
DA:10,0
DA:11,0
DA:12,0
DA:13,0
DA:14,0
DA:15,0
DA:16,0
DA:17,0
DA:18,0
DA:19,0
DA:20,0
DA:21,0
DA:22,0
DA:23,0
DA:24,0
DA:25,0
DA:26,0
DA:27,0
DA:28,0
DA:29,0
DA:30,0
DA:31,0
DA:32,0
DA:33,0
DA:35,0
DA:36,0
DA:40,0
DA:42,0
DA:43,0
DA:44,0
DA:45,0
DA:47,0
DA:48,0
DA:49,0
DA:50,0
DA:52,0
DA:53,0
DA:54,0
DA:55,0
DA:56,0
DA:57,0
DA:58,0
DA:59,0
DA:60,0
DA:62,0
DA:63,0
DA:64,0
DA:65,0
DA:66,0
DA:67,0
DA:68,0
DA:69,0
DA:70,0
DA:73,0
DA:74,0
DA:75,0
DA:76,0
DA:77,0
DA:78,0
DA:79,0
DA:80,0
DA:81,0
DA:82,0
DA:83,0
DA:84,0
DA:85,0
DA:88,0
DA:89,0
DA:90,0
DA:91,0
DA:92,0
DA:93,0
DA:94,0
DA:95,0
DA:97,0
DA:98,0
DA:99,0
DA:100,0
DA:101,0
DA:102,0
DA:103,0
DA:104,0
DA:105,0
DA:106,0
DA:107,0
DA:108,0
DA:109,0
DA:110,0
DA:111,0
DA:112,0
DA:113,0
DA:114,0
DA:116,0
DA:118,0
LF:103
LH:0
BRDA:1,0,0,0
BRF:1
BRH:0
end_of_record
TN:
SF:src/config.ts
FN:8,getWsUrl
FN:18,getQaLoopWsUrl
FNF:2
FNH:2
FNDA:7,getWsUrl
FNDA:7,getQaLoopWsUrl
DA:8,7
DA:9,7
DA:10,7
DA:12,7
DA:13,0
DA:14,0
DA:15,7
DA:16,7
DA:18,7
DA:19,7
DA:20,7
DA:21,7
DA:22,0
DA:23,0
DA:24,7
DA:25,7
DA:27,1
DA:29,1
DA:32,1
DA:35,1
DA:38,1
DA:41,1
DA:42,1
LF:23
LH:19
BRDA:29,0,0,0
BRDA:41,1,0,0
BRDA:8,2,0,7
BRDA:10,3,0,0
BRDA:12,4,0,0
BRDA:18,5,0,7
BRDA:20,6,0,0
BRDA:21,7,0,0
BRF:8
BRH:2
end_of_record
TN:
SF:src/i18n.ts
FNF:0
FNH:0
DA:1,1
DA:6,1
DA:8,1
DA:10,1
DA:13,1
DA:14,1
DA:15,1
DA:16,1
DA:17,1
DA:18,1
DA:19,1
DA:21,1
DA:22,1
DA:23,1
DA:24,1
DA:25,1
DA:26,1
DA:27,1
DA:28,1
DA:29,1
DA:30,1
DA:31,1
DA:32,1
DA:33,1
DA:34,1
DA:35,1
DA:36,1
DA:37,1
DA:38,1
DA:39,1
DA:40,1
DA:41,1
DA:42,1
DA:44,1
LF:34
LH:34
BRF:0
BRH:0
end_of_record
TN:
SF:src/components/DirectionProvider.tsx
FN:14,DirectionProvider
FN:23,useDirectionContext
FNF:2
FNH:2
FNDA:1,DirectionProvider
FNDA:5,useDirectionContext
DA:1,1
DA:12,1
DA:14,1
DA:15,1
DA:16,1
DA:17,1
DA:18,1
DA:19,1
DA:21,1
DA:23,1
DA:24,5
DA:25,5
DA:26,4
DA:27,4
DA:28,1
DA:29,1
LF:16
LH:16
BRDA:14,0,0,1
BRDA:23,1,0,5
BRDA:25,2,0,4
BRDA:27,3,0,1
BRF:4
BRH:4
end_of_record
TN:
SF:src/components/ErrorBoundary.tsx
FN:19,<instance_members_initializer>
FN:20,ErrorBoundaryInner
FN:25,getDerivedStateFromError
FN:29,componentDidCatch
FN:34,handleReset
FN:38,handleReload
FN:42,handleGoHome
FN:46,render
FNF:8
FNH:5
FNDA:13,<instance_members_initializer>
FNDA:14,ErrorBoundaryInner
FNDA:12,getDerivedStateFromError
FNDA:6,componentDidCatch
FNDA:0,handleReset
FNDA:0,handleReload
FNDA:0,handleGoHome
FNDA:31,render
DA:1,1
DA:19,13
DA:20,13
DA:21,14
DA:22,14
DA:23,14
DA:25,13
DA:26,12
DA:27,12
DA:29,13
DA:30,6
DA:31,6
DA:32,6
DA:34,13
DA:35,0
DA:36,0
DA:38,13
DA:39,0
DA:40,0
DA:42,13
DA:43,0
DA:44,0
DA:46,13
DA:47,31
DA:49,31
DA:50,18
DA:52,15
DA:53,15
DA:54,15
DA:55,15
DA:56,15
DA:57,15
DA:58,15
DA:59,15
DA:60,15
DA:62,15
DA:63,15
DA:64,15
DA:66,15
DA:67,15
DA:68,15
DA:70,15
DA:71,15
DA:72,15
DA:73,15
DA:74,15
DA:75,15
DA:76,15
DA:77,5
DA:78,5
DA:80,5
DA:81,5
DA:82,5
DA:83,5
DA:84,5
DA:86,15
DA:89,18
DA:90,18
DA:91,18
DA:92,18
DA:93,18
DA:94,18
DA:95,18
DA:96,18
DA:97,18
DA:99,18
DA:100,18
DA:101,18
DA:102,18
DA:103,18
DA:104,18
DA:106,18
DA:107,18
DA:108,18
DA:109,18
DA:111,18
DA:112,18
DA:113,18
DA:114,18
DA:115,18
DA:116,18
DA:118,18
DA:120,13
DA:121,31
DA:122,13
DA:124,1
LF:86
LH:80
BRDA:19,0,0,13
BRDA:20,1,0,14
BRDA:25,2,0,12
BRDA:29,3,0,6
BRDA:46,4,0,31
BRDA:49,5,0,18
BRDA:50,6,0,3
BRDA:50,7,0,15
BRDA:71,8,0,15
BRDA:76,9,0,5
BRDA:118,10,0,13
BRF:11
BRH:11
end_of_record
TN:
SF:src/components/Feature.tsx
FN:10,Feature
FNF:1
FNH:1
FNDA:4,Feature
DA:1,1
DA:10,1
DA:11,4
DA:12,4
DA:13,4
LF:5
LH:5
BRDA:10,0,0,4
BRDA:12,1,0,1
BRDA:12,2,0,3
BRF:3
BRH:3
end_of_record
TN:
SF:src/components/KeyboardShortcutsDialog.tsx
FN:30,KeyboardShortcutsDialog
FNF:1
FNH:1
FNDA:7,KeyboardShortcutsDialog
DA:1,1
DA:22,1
DA:23,1
DA:24,1
DA:25,1
DA:26,1
DA:27,1
DA:28,1
DA:30,1
DA:31,7
DA:32,7
DA:33,7
DA:34,7
DA:36,7
DA:37,7
DA:38,7
DA:39,7
DA:40,7
DA:41,7
DA:42,7
DA:43,7
DA:44,7
DA:45,7
DA:46,7
DA:47,7
DA:48,7
DA:49,7
DA:50,7
DA:51,35
DA:52,35
DA:53,35
DA:54,35
DA:55,35
DA:56,35
DA:57,35
DA:58,35
DA:59,35
DA:60,35
DA:61,7
DA:62,7
DA:63,7
DA:64,7
DA:65,7
DA:67,7
LF:44
LH:44
BRDA:30,0,0,7
BRDA:50,1,0,35
BRF:2
BRH:2
end_of_record
TN:
SF:src/components/LanguageSwitcher.tsx
FN:1,(empty-report)
FNF:1
FNH:0
FNDA:0,(empty-report)
DA:1,0
DA:17,0
DA:18,0
DA:19,0
DA:21,0
DA:22,0
DA:23,0
DA:24,0
DA:25,0
DA:26,0
DA:28,0
DA:29,0
DA:30,0
DA:31,0
DA:32,0
DA:33,0
DA:34,0
DA:35,0
DA:36,0
DA:38,0
DA:39,0
DA:40,0
DA:41,0
DA:42,0
DA:43,0
DA:44,0
DA:45,0
DA:46,0
DA:47,0
DA:48,0
DA:50,0
DA:51,0
DA:52,0
DA:54,0
DA:55,0
DA:56,0
DA:57,0
DA:59,0
LF:38
LH:0
BRDA:1,0,0,0
BRF:1
BRH:0
end_of_record
TN:
SF:src/components/NotificationPreferences.tsx
FN:45,NotificationPreferences
FN:68,togglePref
FN:121,onClick
FNF:3
FNH:1
FNDA:10,NotificationPreferences
FNDA:0,togglePref
FNDA:0,onClick
DA:1,1
DA:18,1
DA:19,1
DA:20,1
DA:21,1
DA:22,1
DA:23,1
DA:24,1
DA:25,1
DA:26,1
DA:27,1
DA:28,1
DA:29,1
DA:30,1
DA:31,1
DA:32,1
DA:33,1
DA:34,1
DA:35,1
DA:36,1
DA:37,1
DA:38,1
DA:39,1
DA:40,1
DA:41,1
DA:42,1
DA:43,1
DA:45,1
DA:46,10
DA:47,10
DA:48,10
DA:49,10
DA:50,10
DA:52,10
DA:53,5
DA:54,5
DA:55,5
DA:56,5
DA:58,0
DA:59,0
DA:60,0
DA:61,5
DA:62,5
DA:63,5
DA:64,10
DA:66,10
DA:68,10
DA:69,0
DA:70,0
DA:71,0
DA:72,0
DA:73,0
DA:74,0
DA:75,0
DA:76,0
DA:77,0
DA:78,0
DA:79,0
DA:80,0
DA:81,0
DA:82,0
DA:83,0
DA:85,10
DA:86,5
DA:87,5
DA:88,5
DA:89,5
DA:91,5
DA:93,5
DA:94,5
DA:95,5
DA:96,5
DA:97,5
DA:98,5
DA:99,5
DA:100,5
DA:101,5
DA:103,5
DA:104,5
DA:105,20
DA:106,20
DA:107,20
DA:108,20
DA:109,20
DA:110,20
DA:112,20
DA:113,20
DA:114,20
DA:115,20
DA:116,20
DA:117,20
DA:118,20
DA:119,20
DA:120,20
DA:121,20
DA:122,20
DA:123,20
DA:124,20
DA:125,20
DA:126,20
DA:127,20
DA:128,20
DA:130,20
DA:131,20
DA:132,20
DA:133,20
DA:134,20
DA:135,20
DA:136,20
DA:138,5
DA:139,5
DA:140,5
DA:142,5
LF:113
LH:95
BRDA:45,0,0,10
BRDA:85,1,0,5
BRDA:52,2,0,5
BRDA:55,3,0,0
BRDA:56,4,0,0
BRDA:66,5,0,5
BRDA:104,6,0,20
BRDA:105,7,0,0
BRDA:124,8,0,10
BRDA:124,9,0,10
BRDA:125,10,0,0
BRDA:132,11,0,10
BRDA:132,12,0,10
BRF:13
BRH:9
end_of_record
TN:
SF:src/components/ProtectedRoute.tsx
FN:5,ProtectedRoute
FNF:1
FNH:1
FNDA:3,ProtectedRoute
DA:1,1
DA:5,1
DA:6,3
DA:8,3
DA:9,1
DA:10,1
DA:11,1
DA:12,1
DA:14,1
DA:16,3
DA:17,1
DA:18,1
DA:20,1
DA:21,1
LF:14
LH:14
BRDA:5,0,0,3
BRDA:8,1,0,1
BRDA:14,2,0,2
BRDA:16,3,0,1
BRF:4
BRH:4
end_of_record
TN:
SF:src/components/ThemeProvider.tsx
FN:15,ThemeProvider
FN:20,useThemeContext
FNF:2
FNH:2
FNDA:1,ThemeProvider
FNDA:5,useThemeContext
DA:1,1
DA:13,1
DA:15,1
DA:16,1
DA:17,1
DA:18,1
DA:20,1
DA:21,5
DA:22,5
DA:23,4
DA:24,4
DA:25,1
DA:26,1
LF:13
LH:13
BRDA:15,0,0,1
BRDA:20,1,0,5
BRDA:22,2,0,4
BRDA:24,3,0,1
BRF:4
BRH:4
end_of_record
TN:
SF:src/components/WorkspaceSwitcher.tsx
FN:1,(empty-report)
FNF:1
FNH:0
FNDA:0,(empty-report)
DA:1,0
DA:6,0
DA:7,0
DA:8,0
DA:9,0
DA:10,0
DA:11,0
DA:12,0
DA:13,0
DA:14,0
DA:17,0
DA:18,0
DA:19,0
DA:20,0
DA:21,0
DA:22,0
DA:23,0
DA:24,0
DA:25,0
DA:27,0
DA:28,0
DA:29,0
DA:30,0
DA:31,0
DA:32,0
DA:33,0
DA:34,0
DA:35,0
DA:36,0
DA:37,0
DA:39,0
DA:40,0
DA:41,0
DA:42,0
DA:44,0
DA:45,0
DA:46,0
DA:47,0
DA:48,0
DA:49,0
DA:51,0
DA:53,0
DA:54,0
DA:55,0
DA:56,0
DA:57,0
DA:59,0
DA:60,0
DA:61,0
DA:63,0
DA:64,0
DA:65,0
DA:66,0
DA:67,0
DA:69,0
DA:70,0
DA:71,0
DA:72,0
DA:73,0
DA:74,0
DA:75,0
DA:76,0
DA:78,0
DA:79,0
DA:80,0
DA:82,0
DA:83,0
DA:84,0
DA:85,0
DA:86,0
DA:87,0
DA:88,0
DA:89,0
DA:90,0
DA:91,0
DA:92,0
DA:94,0
DA:95,0
DA:97,0
DA:98,0
DA:100,0
DA:101,0
DA:102,0
DA:103,0
DA:104,0
DA:105,0
DA:106,0
DA:107,0
DA:108,0
DA:109,0
DA:110,0
DA:111,0
DA:112,0
DA:113,0
DA:115,0
DA:116,0
DA:117,0
DA:119,0
DA:120,0
DA:121,0
DA:123,0
DA:124,0
DA:125,0
DA:127,0
DA:128,0
DA:130,0
DA:132,0
LF:107
LH:0
BRDA:1,0,0,0
BRF:1
BRH:0
end_of_record
TN:
SF:src/components/Billing/CreditUsageBar.tsx
FN:1,(empty-report)
FNF:1
FNH:0
FNDA:0,(empty-report)
DA:1,0
DA:10,0
DA:11,0
DA:12,0
DA:13,0
DA:15,0
DA:16,0
DA:17,0
DA:18,0
DA:19,0
DA:20,0
DA:21,0
DA:22,0
DA:23,0
DA:24,0
DA:25,0
DA:26,0
DA:27,0
DA:29,0
LF:19
LH:0
BRDA:1,0,0,0
BRF:1
BRH:0
end_of_record
TN:
SF:src/components/Billing/InvoiceList.tsx
FN:1,(empty-report)
FNF:1
FNH:0
FNDA:0,(empty-report)
DA:1,0
DA:33,0
DA:34,0
DA:35,0
DA:36,0
DA:38,0
DA:39,0
DA:41,0
DA:42,0
DA:43,0
DA:44,0
DA:45,0
DA:46,0
DA:47,0
DA:49,0
DA:50,0
DA:51,0
DA:52,0
DA:53,0
DA:54,0
DA:55,0
DA:57,0
DA:58,0
DA:59,0
DA:60,0
DA:61,0
DA:62,0
DA:63,0
DA:65,0
DA:67,0
DA:68,0
DA:70,0
DA:71,0
DA:72,0
DA:73,0
DA:74,0
DA:75,0
DA:76,0
DA:77,0
DA:78,0
DA:79,0
DA:80,0
DA:81,0
DA:82,0
DA:83,0
DA:85,0
DA:86,0
DA:87,0
DA:88,0
DA:89,0
DA:90,0
DA:91,0
DA:92,0
DA:93,0
DA:94,0
DA:95,0
DA:97,0
DA:98,0
DA:99,0
DA:100,0
DA:101,0
DA:102,0
DA:104,0
DA:105,0
DA:106,0
DA:107,0
DA:108,0
DA:109,0
DA:112,0
DA:113,0
DA:114,0
DA:115,0
DA:116,0
DA:117,0
DA:118,0
DA:119,0
DA:120,0
DA:121,0
DA:122,0
DA:123,0
DA:124,0
DA:125,0
DA:126,0
DA:127,0
DA:128,0
DA:129,0
DA:130,0
DA:131,0
DA:132,0
DA:133,0
DA:134,0
DA:135,0
DA:136,0
DA:137,0
DA:138,0
DA:139,0
DA:140,0
DA:141,0
DA:142,0
DA:143,0
DA:144,0
DA:145,0
DA:146,0
DA:147,0
DA:148,0
DA:149,0
DA:151,0
DA:152,0
DA:153,0
DA:154,0
DA:155,0
DA:156,0
DA:158,0
DA:159,0
DA:160,0
DA:161,0
DA:162,0
DA:163,0
DA:164,0
DA:165,0
DA:166,0
DA:167,0
DA:169,0
LF:123
LH:0
BRDA:1,0,0,0
BRF:1
BRH:0
end_of_record
TN:
SF:src/components/Billing/PlanCard.tsx
FN:1,(empty-report)
FNF:1
FNH:0
FNDA:0,(empty-report)
DA:1,0
DA:27,0
DA:28,0
DA:29,0
DA:30,0
DA:31,0
DA:32,0
DA:33,0
DA:34,0
DA:35,0
DA:37,0
DA:38,0
DA:39,0
DA:40,0
DA:41,0
DA:42,0
DA:43,0
DA:44,0
DA:46,0
DA:47,0
DA:48,0
DA:50,0
DA:51,0
DA:52,0
DA:53,0
DA:54,0
DA:55,0
DA:56,0
DA:58,0
DA:59,0
DA:60,0
DA:62,0
DA:63,0
DA:64,0
DA:65,0
DA:66,0
DA:67,0
DA:68,0
DA:69,0
DA:70,0
DA:72,0
DA:73,0
DA:74,0
DA:75,0
DA:77,0
DA:78,0
DA:79,0
DA:81,0
DA:82,0
DA:83,0
DA:84,0
DA:85,0
DA:86,0
DA:87,0
DA:88,0
DA:89,0
DA:90,0
DA:92,0
DA:93,0
DA:94,0
DA:95,0
DA:96,0
DA:97,0
DA:99,0
DA:101,0
DA:102,0
DA:103,0
DA:104,0
DA:105,0
DA:106,0
DA:107,0
DA:110,0
DA:111,0
DA:112,0
DA:113,0
DA:114,0
DA:115,0
DA:116,0
DA:117,0
DA:118,0
DA:119,0
DA:120,0
DA:121,0
DA:122,0
DA:123,0
DA:125,0
DA:126,0
DA:128,0
DA:129,0
DA:130,0
DA:131,0
DA:132,0
DA:133,0
DA:134,0
DA:135,0
DA:136,0
DA:137,0
DA:138,0
DA:139,0
DA:140,0
DA:142,0
DA:143,0
DA:144,0
DA:145,0
DA:146,0
DA:147,0
DA:149,0
DA:150,0
DA:152,0
LF:109
LH:0
BRDA:1,0,0,0
BRF:1
BRH:0
end_of_record
TN:
SF:src/components/Billing/TransactionHistory.tsx
FN:1,(empty-report)
FNF:1
FNH:0
FNDA:0,(empty-report)
DA:1,0
DA:27,0
DA:28,0
DA:30,0
DA:31,0
DA:32,0
DA:33,0
DA:34,0
DA:35,0
DA:36,0
DA:38,0
DA:39,0
DA:40,0
DA:41,0
DA:42,0
DA:43,0
DA:44,0
DA:46,0
DA:48,0
DA:49,0
DA:51,0
DA:52,0
DA:53,0
DA:54,0
DA:55,0
DA:56,0
DA:57,0
DA:58,0
DA:59,0
DA:60,0
DA:61,0
DA:62,0
DA:64,0
DA:65,0
DA:66,0
DA:67,0
DA:68,0
DA:69,0
DA:70,0
DA:71,0
DA:72,0
DA:73,0
DA:74,0
DA:75,0
DA:78,0
DA:79,0
DA:80,0
DA:81,0
DA:82,0
DA:83,0
DA:84,0
DA:85,0
DA:86,0
DA:87,0
DA:88,0
DA:89,0
DA:90,0
DA:91,0
DA:92,0
DA:93,0
DA:94,0
DA:95,0
DA:96,0
DA:97,0
DA:98,0
DA:99,0
DA:100,0
DA:101,0
DA:102,0
DA:103,0
DA:104,0
DA:105,0
DA:106,0
DA:107,0
DA:108,0
DA:109,0
DA:110,0
DA:111,0
DA:112,0
DA:113,0
DA:114,0
DA:115,0
DA:116,0
DA:118,0
LF:84
LH:0
BRDA:1,0,0,0
BRF:1
BRH:0
end_of_record
TN:
SF:src/components/BrowserPreview/BrowserControls.tsx
FN:46,BrowserControls
FN:68,onClick
FN:76,onClick
FN:84,onClick
FN:92,onClick
FN:119,onClick
FN:127,onClick
FN:141,onValueChange
FN:157,onValueChange
FN:191,onClick
FNF:10
FNH:8
FNDA:31,BrowserControls
FNDA:1,onClick
FNDA:1,onClick
FNDA:1,onClick
FNDA:1,onClick
FNDA:2,onClick
FNDA:2,onClick
FNDA:0,onValueChange
FNDA:0,onValueChange
FNDA:1,onClick
DA:1,1
DA:43,1
DA:44,1
DA:46,1
DA:47,31
DA:48,31
DA:49,31
DA:50,31
DA:51,31
DA:52,31
DA:53,31
DA:54,31
DA:55,31
DA:56,31
DA:57,31
DA:59,31
DA:60,31
DA:61,31
DA:63,31
DA:65,31
DA:66,31
DA:67,31
DA:68,31
DA:69,31
DA:70,31
DA:71,31
DA:72,31
DA:73,31
DA:74,31
DA:75,31
DA:76,31
DA:77,31
DA:78,31
DA:79,31
DA:80,31
DA:81,31
DA:82,31
DA:83,31
DA:84,31
DA:85,31
DA:86,31
DA:87,31
DA:88,31
DA:89,31
DA:90,31
DA:91,31
DA:92,31
DA:93,31
DA:94,31
DA:95,31
DA:96,31
DA:97,31
DA:98,31
DA:101,31
DA:102,31
DA:103,31
DA:104,31
DA:105,31
DA:106,31
DA:107,3
DA:108,3
DA:109,3
DA:111,31
DA:112,31
DA:115,31
DA:116,31
DA:117,31
DA:118,31
DA:119,31
DA:120,31
DA:121,31
DA:122,31
DA:123,31
DA:124,31
DA:125,31
DA:126,31
DA:127,31
DA:128,31
DA:129,31
DA:130,31
DA:131,31
DA:132,31
DA:133,31
DA:134,31
DA:137,31
DA:138,31
DA:139,31
DA:140,31
DA:141,31
DA:142,31
DA:143,31
DA:144,31
DA:145,31
DA:146,31
DA:147,124
DA:148,31
DA:149,31
DA:150,31
DA:151,31
DA:153,31
DA:155,31
DA:156,31
DA:157,31
DA:158,31
DA:159,31
DA:160,31
DA:161,31
DA:162,31
DA:163,155
DA:164,31
DA:165,31
DA:166,31
DA:167,31
DA:168,31
DA:170,31
DA:171,31
DA:172,31
DA:173,31
DA:174,31
DA:175,31
DA:176,31
DA:177,31
DA:178,31
DA:179,31
DA:180,31
DA:181,31
DA:182,31
DA:183,31
DA:184,31
DA:185,31
DA:186,31
DA:187,31
DA:188,31
DA:189,31
DA:190,31
DA:191,31
DA:193,31
DA:194,31
DA:195,31
DA:196,31
DA:197,31
DA:200,31
DA:201,2
DA:202,2
DA:203,2
DA:204,2
DA:205,2
DA:206,2
DA:207,2
DA:208,2
DA:209,2
DA:210,2
DA:211,2
DA:212,2
DA:213,2
DA:214,2
DA:215,2
DA:216,2
DA:217,2
DA:218,2
DA:219,2
DA:220,2
DA:221,2
DA:222,2
DA:223,2
DA:224,2
DA:225,2
DA:226,2
DA:227,2
DA:228,2
DA:229,2
DA:230,2
DA:231,2
DA:233,31
DA:234,31
DA:236,31
LF:176
LH:176
BRDA:46,0,0,31
BRDA:104,1,0,28
BRDA:106,2,0,3
BRDA:200,3,0,2
BRDA:68,4,0,1
BRDA:76,5,0,1
BRDA:84,6,0,1
BRDA:92,7,0,1
BRDA:119,8,0,2
BRDA:127,9,0,2
BRDA:146,10,0,124
BRDA:162,11,0,155
BRDA:191,12,0,1
BRF:13
BRH:13
end_of_record
TN:
SF:src/components/BrowserPreview/BrowserFrame.tsx
FN:13,BrowserFrame
FNF:1
FNH:1
FNDA:22,BrowserFrame
DA:1,1
DA:13,1
DA:14,22
DA:15,22
DA:16,22
DA:17,22
DA:18,22
DA:19,22
DA:20,22
DA:21,22
DA:22,22
DA:23,4
DA:24,4
DA:25,4
DA:26,4
DA:27,1
DA:29,4
DA:32,22
DA:33,3
DA:34,3
DA:35,3
DA:36,3
DA:37,3
DA:38,3
DA:39,3
DA:40,3
DA:41,3
DA:44,22
DA:45,6
DA:46,6
DA:47,6
DA:48,6
DA:49,6
DA:50,6
DA:51,6
DA:52,6
DA:53,0
DA:54,0
DA:55,0
DA:57,6
DA:60,22
DA:61,9
DA:62,9
DA:63,9
DA:64,9
DA:65,9
DA:66,9
DA:67,2
DA:68,2
DA:69,2
DA:71,9
DA:72,9
DA:73,9
DA:74,9
DA:76,22
DA:78,22
LF:56
LH:53
BRDA:13,0,0,22
BRDA:22,1,0,4
BRDA:22,2,0,4
BRDA:26,3,0,1
BRDA:32,4,0,3
BRDA:44,5,0,18
BRDA:44,6,0,15
BRDA:44,7,0,6
BRDA:52,8,0,0
BRDA:60,9,0,18
BRDA:60,10,0,15
BRDA:60,11,0,9
BRDA:66,12,0,2
BRF:13
BRH:12
end_of_record
TN:
SF:src/components/BrowserPreview/BrowserPreview.tsx
FN:34,BrowserPreview
FNF:1
FNH:1
FNDA:15,BrowserPreview
DA:1,1
DA:34,1
DA:35,15
DA:36,15
DA:37,15
DA:38,15
DA:39,15
DA:40,15
DA:41,15
DA:42,15
DA:43,15
DA:44,15
DA:45,15
DA:46,15
DA:47,15
DA:48,15
DA:49,15
DA:50,15
DA:51,15
DA:52,15
DA:53,15
DA:54,15
DA:56,15
DA:57,13
DA:58,2
DA:59,2
DA:60,2
DA:61,2
DA:62,15
DA:64,15
DA:65,15
DA:67,15
DA:68,1
DA:69,1
DA:70,1
DA:71,1
DA:72,1
DA:74,15
DA:75,15
DA:76,15
DA:77,15
DA:78,15
DA:79,15
DA:80,15
DA:81,15
DA:82,15
DA:83,15
DA:84,15
DA:85,15
DA:86,15
DA:87,15
DA:89,15
DA:90,1
DA:91,1
DA:92,1
DA:93,1
DA:94,1
DA:95,1
DA:96,1
DA:97,1
DA:98,1
DA:99,1
DA:100,1
DA:101,1
DA:104,15
DA:105,15
DA:106,15
DA:107,15
DA:108,15
DA:110,15
DA:111,15
DA:112,15
DA:113,15
DA:114,15
DA:115,15
DA:116,15
DA:117,15
DA:119,15
DA:120,15
DA:121,15
DA:122,15
DA:123,15
DA:124,15
DA:125,15
DA:126,15
DA:127,15
DA:129,15
LF:87
LH:87
BRDA:34,0,0,15
BRDA:64,1,0,1
BRDA:64,2,0,14
BRDA:65,3,0,1
BRDA:65,4,0,14
BRDA:67,5,0,1
BRDA:68,6,0,1
BRDA:69,7,0,1
BRDA:70,8,0,1
BRDA:71,9,0,1
BRDA:89,10,0,1
BRDA:107,11,0,2
BRDA:107,12,0,13
BRDA:120,13,0,2
BRDA:120,14,0,13
BRDA:120,15,0,2
BRDA:120,16,0,11
BRDA:121,17,0,2
BRDA:121,18,0,13
BRDA:121,19,0,2
BRDA:121,20,0,11
BRDA:121,21,0,4
BRDA:121,22,0,7
BRDA:56,23,0,13
BRDA:57,24,0,2
BRDA:60,25,0,2
BRF:26
BRH:26
end_of_record
TN:
SF:src/components/BrowserPreview/FrameNavigation.tsx
FN:42,FrameNavigation
FN:64,getTimelineValue
FN:76,handleSliderChange
FN:137,onValueChange
FNF:4
FNH:2
FNDA:13,FrameNavigation
FNDA:22,getTimelineValue
FNDA:0,handleSliderChange
FNDA:0,onValueChange
DA:1,1
DA:42,1
DA:43,13
DA:44,13
DA:45,13
DA:46,13
DA:47,13
DA:48,13
DA:49,13
DA:50,13
DA:51,13
DA:52,13
DA:53,13
DA:54,13
DA:55,13
DA:56,13
DA:57,13
DA:58,13
DA:59,13
DA:60,13
DA:61,5
DA:64,13
DA:65,22
DA:66,22
DA:67,22
DA:68,24
DA:69,22
DA:70,22
DA:71,2
DA:72,2
DA:73,0
DA:74,22
DA:76,13
DA:77,0
DA:78,0
DA:79,0
DA:80,0
DA:81,0
DA:82,0
DA:83,0
DA:84,0
DA:85,0
DA:86,0
DA:87,0
DA:88,0
DA:89,0
DA:90,0
DA:91,0
DA:92,0
DA:94,13
DA:95,13
DA:96,13
DA:98,13
DA:99,13
DA:100,13
DA:101,13
DA:102,13
DA:103,13
DA:104,13
DA:105,13
DA:106,13
DA:107,13
DA:108,13
DA:109,13
DA:110,13
DA:111,13
DA:112,13
DA:113,13
DA:114,13
DA:115,13
DA:116,13
DA:117,13
DA:118,13
DA:119,13
DA:120,13
DA:121,13
DA:122,13
DA:123,13
DA:124,13
DA:125,13
DA:126,13
DA:127,13
DA:128,13
DA:129,13
DA:130,13
DA:131,13
DA:134,13
DA:135,11
DA:136,11
DA:137,11
DA:138,0
DA:139,0
DA:140,0
DA:142,11
DA:143,11
DA:144,11
DA:145,11
DA:146,11
DA:147,21
DA:148,21
DA:149,21
DA:150,11
DA:151,11
DA:152,11
DA:156,13
DA:157,13
DA:158,11
DA:159,11
DA:160,11
DA:161,11
DA:162,11
DA:163,11
DA:165,11
DA:167,2
DA:169,13
DA:172,13
DA:173,11
DA:174,11
DA:175,11
DA:176,11
DA:177,11
DA:178,11
DA:179,11
DA:180,11
DA:181,11
DA:182,11
DA:184,13
DA:185,13
DA:187,13
LF:129
LH:109
BRDA:42,0,0,13
BRDA:57,1,0,2
BRDA:57,2,0,0
BRDA:58,3,0,12
BRDA:60,4,0,5
BRDA:134,5,0,11
BRDA:136,6,0,0
BRDA:157,7,0,11
BRDA:165,8,0,2
BRDA:172,9,0,11
BRDA:56,10,0,10
BRDA:64,11,0,22
BRDA:65,12,0,0
BRDA:67,13,0,24
BRDA:68,14,0,22
BRDA:70,15,0,2
BRDA:72,16,0,0
BRDA:146,17,0,21
BRDA:148,18,0,0
BRF:19
BRH:14
end_of_record
TN:
SF:src/components/FlowNodes/FolderNode.tsx
FN:15,FolderNode
FNF:1
FNH:0
FNDA:0,FolderNode
DA:1,1
DA:15,1
DA:16,0
DA:18,0
DA:19,0
DA:20,0
DA:21,0
DA:23,0
DA:24,0
DA:25,0
DA:26,0
DA:27,0
DA:29,0
DA:30,0
DA:31,0
DA:32,0
DA:33,0
DA:34,0
DA:35,0
DA:36,0
DA:37,0
DA:38,0
DA:39,0
DA:41,0
DA:42,0
DA:43,0
DA:44,0
DA:45,0
DA:46,0
DA:48,0
DA:49,0
DA:50,0
DA:51,0
DA:52,0
DA:53,0
DA:55,0
DA:56,0
DA:58,0
DA:60,0
DA:62,0
DA:63,0
DA:64,0
DA:65,0
DA:66,0
DA:67,0
DA:68,0
DA:69,0
DA:70,0
DA:71,0
DA:72,0
DA:73,0
DA:75,0
DA:76,0
DA:77,0
DA:79,0
DA:80,0
DA:81,0
DA:82,0
DA:83,0
DA:84,0
DA:85,0
DA:86,0
DA:88,0
LF:63
LH:2
BRF:0
BRH:0
end_of_record
TN:
SF:src/components/FlowNodes/ProjectNode.tsx
FN:12,ProjectNode
FNF:1
FNH:0
FNDA:0,ProjectNode
DA:1,1
DA:12,1
DA:13,0
DA:14,0
DA:15,0
DA:16,0
DA:17,0
DA:18,0
DA:19,0
DA:20,0
DA:21,0
DA:22,0
DA:23,0
DA:24,0
DA:25,0
DA:27,0
DA:28,0
DA:29,0
DA:30,0
DA:31,0
DA:32,0
DA:33,0
DA:34,0
DA:35,0
DA:37,0
DA:38,0
DA:39,0
DA:40,0
DA:41,0
DA:42,0
DA:43,0
DA:45,0
DA:46,0
DA:47,0
DA:48,0
DA:49,0
DA:50,0
DA:51,0
DA:53,0
LF:39
LH:2
BRF:0
BRH:0
end_of_record
TN:
SF:src/components/FlowNodes/TestCaseNode.tsx
FN:17,TestCaseNode
FNF:1
FNH:0
FNDA:0,TestCaseNode
DA:1,1
DA:17,1
DA:18,0
DA:19,0
DA:20,0
DA:21,0
DA:23,0
DA:24,0
DA:25,0
DA:26,0
DA:27,0
DA:28,0
DA:30,0
DA:31,0
DA:32,0
DA:33,0
DA:35,0
DA:36,0
DA:37,0
DA:38,0
DA:39,0
DA:40,0
DA:41,0
DA:42,0
DA:43,0
DA:44,0
DA:45,0
DA:47,0
DA:48,0
DA:49,0
DA:50,0
DA:51,0
DA:52,0
DA:53,0
DA:55,0
DA:56,0
DA:58,0
DA:60,0
DA:62,0
DA:63,0
DA:64,0
DA:65,0
DA:66,0
DA:67,0
DA:68,0
DA:69,0
DA:70,0
DA:72,0
DA:73,0
DA:75,0
DA:77,0
DA:78,0
DA:79,0
DA:80,0
DA:81,0
DA:82,0
DA:83,0
DA:84,0
DA:85,0
DA:86,0
DA:88,0
DA:89,0
DA:90,0
DA:91,0
DA:92,0
DA:93,0
DA:95,0
DA:96,0
DA:97,0
DA:98,0
DA:99,0
DA:100,0
DA:101,0
DA:103,0
LF:74
LH:2
BRF:0
BRH:0
end_of_record
TN:
SF:src/components/FlowNodes/TestStepNode.tsx
FN:12,TestStepNode
FNF:1
FNH:0
FNDA:0,TestStepNode
DA:1,1
DA:12,1
DA:13,0
DA:14,0
DA:15,0
DA:16,0
DA:17,0
DA:18,0
DA:19,0
DA:20,0
DA:21,0
DA:22,0
DA:23,0
DA:24,0
DA:25,0
DA:26,0
DA:27,0
DA:28,0
DA:30,0
DA:31,0
DA:32,0
DA:33,0
DA:34,0
DA:35,0
DA:36,0
DA:37,0
DA:39,0
DA:40,0
DA:41,0
DA:42,0
DA:43,0
DA:44,0
DA:45,0
DA:47,0
LF:34
LH:2
BRF:0
BRH:0
end_of_record
TN:
SF:src/components/FlowNodes/TestSuiteNode.tsx
FN:11,TestSuiteNode
FNF:1
FNH:0
FNDA:0,TestSuiteNode
DA:1,1
DA:11,1
DA:12,0
DA:13,0
DA:14,0
DA:15,0
DA:16,0
DA:17,0
DA:18,0
DA:19,0
DA:20,0
DA:21,0
DA:22,0
DA:23,0
DA:24,0
DA:26,0
DA:27,0
DA:28,0
DA:29,0
DA:30,0
DA:31,0
DA:32,0
DA:33,0
DA:34,0
DA:36,0
DA:37,0
DA:38,0
DA:39,0
DA:40,0
DA:41,0
DA:42,0
DA:44,0
LF:32
LH:2
BRF:0
BRH:0
end_of_record
TN:
SF:src/components/FlowNodes/UserStoryNode.tsx
FN:13,UserStoryNode
FNF:1
FNH:0
FNDA:0,UserStoryNode
DA:1,1
DA:13,1
DA:14,0
DA:15,0
DA:17,0
DA:18,0
DA:19,0
DA:20,0
DA:21,0
DA:22,0
DA:23,0
DA:24,0
DA:25,0
DA:26,0
DA:27,0
DA:28,0
DA:29,0
DA:31,0
DA:32,0
DA:33,0
DA:34,0
DA:35,0
DA:36,0
DA:37,0
DA:38,0
DA:39,0
DA:40,0
DA:41,0
DA:42,0
DA:44,0
DA:45,0
DA:46,0
DA:47,0
DA:48,0
DA:49,0
DA:50,0
DA:52,0
LF:37
LH:2
BRF:0
BRH:0
end_of_record
TN:
SF:src/components/FlowNodes/index.ts
FNF:0
FNH:0
DA:1,1
LF:1
LH:1
BRF:0
BRH:0
end_of_record
TN:
SF:src/components/FolderManagement/FolderModal.tsx
FN:27,FolderModal
FNF:1
FNH:0
FNDA:0,FolderModal
DA:1,1
DA:16,1
DA:17,1
DA:18,1
DA:19,1
DA:20,1
DA:21,1
DA:22,1
DA:23,1
DA:24,1
DA:25,1
DA:27,1
DA:28,0
DA:29,0
DA:30,0
DA:31,0
DA:32,0
DA:33,0
DA:34,0
DA:35,0
DA:36,0
DA:37,0
DA:38,0
DA:40,0
DA:41,0
DA:42,0
DA:43,0
DA:44,0
DA:45,0
DA:46,0
DA:47,0
DA:48,0
DA:49,0
DA:51,0
DA:52,0
DA:53,0
DA:55,0
DA:56,0
DA:57,0
DA:58,0
DA:60,0
DA:61,0
DA:62,0
DA:63,0
DA:64,0
DA:65,0
DA:66,0
DA:67,0
DA:68,0
DA:69,0
DA:71,0
DA:72,0
DA:73,0
DA:74,0
DA:75,0
DA:76,0
DA:78,0
DA:79,0
DA:80,0
DA:81,0
DA:82,0
DA:85,0
DA:86,0
DA:87,0
DA:88,0
DA:89,0
DA:90,0
DA:91,0
DA:92,0
DA:93,0
DA:95,0
DA:96,0
DA:97,0
DA:98,0
DA:99,0
DA:100,0
DA:101,0
DA:102,0
DA:103,0
DA:104,0
DA:105,0
DA:106,0
DA:107,0
DA:108,0
DA:109,0
DA:110,0
DA:111,0
DA:112,0
DA:113,0
DA:114,0
DA:115,0
DA:116,0
DA:117,0
DA:118,0
DA:119,0
DA:120,0
DA:121,0
DA:122,0
DA:123,0
DA:124,0
DA:126,0
DA:127,0
DA:128,0
DA:129,0
DA:130,0
DA:131,0
DA:133,0
DA:134,0
DA:135,0
DA:136,0
DA:137,0
DA:138,0
DA:139,0
DA:140,0
DA:142,0
LF:115
LH:12
BRF:0
BRH:0
end_of_record
TN:
SF:src/components/Onboarding/OnboardingFlow.tsx
FN:12,OnboardingFlow
FN:129,handleNext
FN:135,handleSkip
FN:140,handleGetStarted
FNF:4
FNH:1
FNDA:10,OnboardingFlow
FNDA:0,handleNext
FNDA:0,handleSkip
FNDA:0,handleGetStarted
DA:1,1
DA:12,1
DA:13,10
DA:14,10
DA:15,10
DA:17,10
DA:18,10
DA:19,10
DA:20,10
DA:21,10
DA:22,10
DA:23,10
DA:24,10
DA:25,10
DA:26,10
DA:27,10
DA:28,10
DA:29,10
DA:30,10
DA:32,10
DA:33,10
DA:34,10
DA:35,10
DA:36,10
DA:37,10
DA:38,10
DA:39,10
DA:41,10
DA:42,10
DA:43,10
DA:44,10
DA:45,10
DA:46,10
DA:47,10
DA:48,10
DA:50,10
DA:51,10
DA:52,10
DA:53,10
DA:54,10
DA:55,10
DA:56,10
DA:57,10
DA:59,10
DA:60,10
DA:61,10
DA:62,10
DA:63,10
DA:64,10
DA:65,10
DA:66,10
DA:67,10
DA:68,10
DA:69,10
DA:70,10
DA:71,10
DA:72,10
DA:73,10
DA:74,10
DA:75,10
DA:76,10
DA:77,10
DA:78,10
DA:79,10
DA:81,10
DA:82,10
DA:83,10
DA:84,10
DA:85,10
DA:86,10
DA:87,10
DA:88,10
DA:89,10
DA:90,10
DA:91,10
DA:92,10
DA:93,10
DA:94,10
DA:95,10
DA:96,10
DA:97,10
DA:98,10
DA:99,10
DA:100,10
DA:101,10
DA:103,10
DA:104,10
DA:105,10
DA:106,10
DA:107,10
DA:108,10
DA:109,10
DA:110,10
DA:111,10
DA:112,10
DA:113,10
DA:114,10
DA:115,10
DA:116,10
DA:117,10
DA:118,10
DA:119,10
DA:120,10
DA:121,10
DA:122,10
DA:123,10
DA:124,10
DA:126,10
DA:127,10
DA:129,10
DA:130,0
DA:131,0
DA:132,0
DA:133,0
DA:135,10
DA:136,0
DA:137,0
DA:138,0
DA:140,10
DA:141,0
DA:142,0
DA:143,0
DA:145,10
DA:147,10
DA:148,10
DA:149,10
DA:150,10
DA:151,10
DA:152,10
DA:153,10
DA:155,10
DA:157,10
DA:158,10
DA:159,10
DA:160,10
DA:161,10
DA:162,10
DA:163,10
DA:164,10
DA:165,10
DA:166,10
DA:167,10
DA:168,10
DA:169,10
DA:170,10
DA:171,10
DA:172,10
DA:174,10
DA:175,10
DA:176,10
DA:177,10
DA:178,10
DA:179,10
DA:180,10
DA:181,10
DA:182,10
DA:183,10
DA:184,10
DA:185,10
DA:186,10
DA:188,10
LF:161
LH:151
BRDA:12,0,0,10
BRF:1
BRH:1
end_of_record
TN:
SF:src/components/Onboarding/OnboardingStep.tsx
FN:16,OnboardingStep
FNF:1
FNH:1
FNDA:10,OnboardingStep
DA:1,1
DA:16,1
DA:17,10
DA:18,10
DA:19,10
DA:20,10
DA:21,10
DA:22,10
DA:23,10
DA:24,10
DA:25,10
DA:26,10
DA:27,10
DA:28,10
DA:29,10
DA:30,10
DA:31,10
DA:32,10
DA:34,10
DA:35,10
DA:36,10
DA:38,10
DA:39,10
DA:40,10
DA:42,10
DA:44,10
DA:46,10
DA:47,10
DA:48,0
DA:50,0
DA:52,10
DA:54,10
DA:56,10
DA:57,10
DA:58,10
DA:60,10
LF:36
LH:34
BRDA:16,0,0,10
BRDA:44,1,0,0
BRDA:47,2,0,0
BRF:3
BRH:1
end_of_record
TN:
SF:src/components/Performance/ChartErrorBoundary.tsx
FN:13,ChartErrorBoundary
FN:18,getDerivedStateFromError
FN:22,render
FNF:3
FNH:0
FNDA:0,ChartErrorBoundary
FNDA:0,getDerivedStateFromError
FNDA:0,render
DA:1,1
DA:12,1
DA:13,1
DA:14,0
DA:15,0
DA:16,0
DA:18,1
DA:19,0
DA:20,0
DA:22,1
DA:23,0
DA:24,0
DA:25,0
DA:26,0
DA:27,0
DA:28,0
DA:29,0
DA:31,0
DA:32,0
DA:33,0
DA:35,0
DA:36,0
DA:37,0
DA:38,1
LF:24
LH:6
BRF:0
BRH:0
end_of_record
TN:
SF:src/components/Performance/CompareRuns.tsx
FN:12,delta
FN:25,deltaInverted
FN:31,DeltaCell
FN:42,formatDate
FN:46,CompareRuns
FNF:5
FNH:5
FNDA:180,delta
FNDA:60,deltaInverted
FNDA:180,DeltaCell
FNDA:60,formatDate
FNDA:30,CompareRuns
DA:1,1
DA:12,180
DA:13,180
DA:14,180
DA:15,180
DA:16,180
DA:17,180
DA:18,180
DA:19,180
DA:20,180
DA:21,180
DA:22,180
DA:23,180
DA:25,60
DA:27,60
DA:28,60
DA:29,60
DA:31,180
DA:32,180
DA:33,180
DA:34,180
DA:35,180
DA:36,180
DA:37,180
DA:38,180
DA:40,180
DA:42,60
DA:43,60
DA:44,60
DA:46,1
DA:47,30
DA:48,30
DA:49,30
DA:50,30
DA:51,30
DA:52,30
DA:53,30
DA:54,30
DA:55,30
DA:57,30
DA:58,30
DA:59,30
DA:60,30
DA:61,30
DA:62,30
DA:63,30
DA:64,30
DA:65,30
DA:66,30
DA:67,30
DA:68,30
DA:69,30
DA:70,30
DA:71,30
DA:72,30
DA:73,30
DA:74,30
DA:75,30
DA:76,30
DA:77,30
DA:78,30
DA:79,30
DA:80,180
DA:81,180
DA:82,180
DA:83,180
DA:84,180
DA:85,180
DA:86,180
DA:87,180
DA:89,30
DA:90,30
DA:91,30
DA:92,30
DA:94,30
LF:75
LH:75
BRDA:12,0,0,180
BRDA:13,1,0,0
BRDA:14,2,0,0
BRDA:15,3,0,0
BRDA:15,4,0,0
BRDA:17,5,0,0
BRDA:19,6,0,60
BRDA:19,7,0,120
BRDA:20,8,0,0
BRDA:20,9,0,60
BRDA:20,10,0,120
BRDA:21,11,0,60
BRDA:21,12,0,120
BRDA:25,13,0,60
BRDA:28,14,0,0
BRDA:28,15,0,0
BRDA:31,16,0,180
BRDA:32,17,0,0
BRDA:33,18,0,0
BRDA:42,19,0,60
BRDA:46,20,0,30
BRDA:54,21,0,0
BRDA:54,22,0,0
BRDA:79,23,0,180
BRDA:80,24,0,60
BRDA:80,25,0,120
BRDA:84,26,0,0
BRDA:85,27,0,0
BRF:28
BRH:14
end_of_record
TN:
SF:src/components/Performance/MetricCard.tsx
FN:13,MetricCard
FNF:1
FNH:1
FNDA:192,MetricCard
DA:1,1
DA:13,1
DA:14,192
DA:15,192
DA:16,192
DA:17,192
DA:18,192
DA:19,192
DA:20,192
DA:21,192
DA:22,192
DA:23,192
DA:24,192
DA:25,192
DA:26,192
DA:27,192
DA:29,192
DA:30,192
DA:31,0
DA:32,0
DA:34,192
DA:35,192
DA:36,48
DA:37,144
DA:39,192
DA:41,192
DA:42,192
DA:43,192
DA:44,192
DA:45,192
DA:46,192
DA:47,192
DA:48,192
DA:49,0
DA:51,192
DA:52,192
DA:53,192
DA:55,192
LF:38
LH:35
BRDA:13,0,0,192
BRDA:30,1,0,0
BRDA:30,2,0,0
BRDA:34,3,0,0
BRDA:34,4,0,0
BRDA:35,5,0,48
BRDA:36,6,0,0
BRDA:36,7,0,0
BRDA:36,8,0,144
BRDA:37,9,0,0
BRDA:37,10,0,0
BRDA:39,11,0,96
BRDA:39,12,0,96
BRDA:47,13,0,144
BRDA:48,14,0,0
BRF:15
BRH:6
end_of_record
TN:
SF:src/components/Performance/RPSChart.tsx
FN:18,RPSChart
FN:36,tickFormatter
FN:49,labelFormatter
FN:50,formatter
FNF:4
FNH:1
FNDA:10,RPSChart
FNDA:0,tickFormatter
FNDA:0,labelFormatter
FNDA:0,formatter
DA:1,1
DA:18,1
DA:19,10
DA:20,10
DA:21,20
DA:22,20
DA:23,10
DA:25,10
DA:26,10
DA:27,10
DA:28,10
DA:29,10
DA:30,10
DA:31,10
DA:32,10
DA:33,10
DA:34,10
DA:35,10
DA:36,10
DA:37,10
DA:38,10
DA:39,10
DA:40,10
DA:41,10
DA:42,10
DA:43,10
DA:44,10
DA:45,10
DA:46,10
DA:47,10
DA:48,10
DA:49,10
DA:50,10
DA:51,10
DA:52,10
DA:53,10
DA:54,10
DA:55,10
DA:56,10
DA:57,10
DA:58,10
DA:59,10
DA:60,10
DA:61,10
DA:62,10
DA:63,10
DA:64,10
DA:66,10
LF:48
LH:48
BRDA:18,0,0,10
BRDA:20,1,0,20
BRF:2
BRH:2
end_of_record
TN:
SF:src/components/Performance/ResponseTimeChart.tsx
FN:21,ResponseTimeChart
FN:41,tickFormatter
FN:46,tickFormatter
FN:55,labelFormatter
FN:56,formatter
FNF:5
FNH:1
FNDA:10,ResponseTimeChart
FNDA:0,tickFormatter
FNDA:0,tickFormatter
FNDA:0,labelFormatter
FNDA:0,formatter
DA:1,1
DA:21,1
DA:22,10
DA:23,10
DA:24,20
DA:25,20
DA:26,20
DA:27,20
DA:28,10
DA:30,10
DA:31,10
DA:32,10
DA:33,10
DA:34,10
DA:35,10
DA:36,10
DA:37,10
DA:38,10
DA:39,10
DA:40,10
DA:41,10
DA:42,10
DA:43,10
DA:44,10
DA:45,10
DA:46,10
DA:47,10
DA:48,10
DA:49,10
DA:50,10
DA:51,10
DA:52,10
DA:53,10
DA:54,10
DA:55,10
DA:56,10
DA:57,0
DA:58,0
DA:59,0
DA:60,10
DA:61,10
DA:62,10
DA:63,10
DA:64,10
DA:65,10
DA:66,10
DA:67,10
DA:68,10
DA:69,10
DA:70,10
DA:71,10
DA:72,10
DA:73,10
DA:74,10
DA:75,10
DA:76,10
DA:77,10
DA:78,10
DA:79,10
DA:80,10
DA:81,10
DA:82,10
DA:83,10
DA:84,10
DA:85,10
DA:86,10
DA:87,10
DA:88,10
DA:89,10
DA:90,10
DA:91,10
DA:92,10
DA:93,10
DA:94,10
DA:95,10
DA:96,10
DA:97,10
DA:98,10
DA:99,10
DA:100,10
DA:101,10
DA:102,10
DA:103,10
DA:104,10
DA:105,10
DA:107,10
LF:86
LH:83
BRDA:21,0,0,10
BRDA:23,1,0,20
BRF:2
BRH:2
end_of_record
TN:
SF:src/components/Performance/ResultsDashboard.tsx
FN:25,formatTime
FN:31,getVerdict
FN:88,ResultsDashboard
FN:232,formatValue
FN:240,formatValue
FNF:5
FNH:5
FNDA:1,formatTime
FNDA:46,getVerdict
FNDA:53,ResultsDashboard
FNDA:48,formatValue
FNDA:48,formatValue
DA:1,1
DA:25,1
DA:26,1
DA:27,1
DA:28,1
DA:29,1
DA:31,46
DA:35,46
DA:36,46
DA:37,46
DA:39,46
DA:40,2
DA:41,44
DA:43,46
DA:44,45
DA:45,1
DA:47,46
DA:48,7
DA:49,7
DA:50,46
DA:51,6
DA:52,6
DA:53,6
DA:55,46
DA:56,6
DA:57,6
DA:58,46
DA:59,5
DA:60,5
DA:61,5
DA:63,46
DA:64,6
DA:65,6
DA:66,6
DA:68,46
DA:69,46
DA:70,18
DA:71,46
DA:72,16
DA:73,28
DA:74,12
DA:75,12
DA:77,46
DA:78,18
DA:79,18
DA:80,17
DA:81,1
DA:82,18
DA:83,18
DA:85,46
DA:86,46
DA:88,1
DA:89,53
DA:90,53
DA:91,53
DA:92,53
DA:93,53
DA:94,53
DA:95,53
DA:96,53
DA:97,53
DA:98,53
DA:99,53
DA:100,53
DA:103,53
DA:104,53
DA:105,53
DA:106,1
DA:107,1
DA:108,0
DA:109,1
DA:110,1
DA:111,53
DA:113,53
DA:115,53
DA:116,53
DA:117,53
DA:119,53
DA:120,53
DA:121,46
DA:122,7
DA:125,53
DA:126,53
DA:127,53
DA:128,53
DA:131,53
DA:132,5
DA:133,5
DA:134,5
DA:135,5
DA:136,5
DA:137,5
DA:138,5
DA:139,5
DA:140,5
DA:141,5
DA:143,5
DA:145,48
DA:146,48
DA:148,48
DA:149,48
DA:150,48
DA:151,1
DA:152,1
DA:153,1
DA:154,1
DA:156,53
DA:157,46
DA:158,18
DA:159,28
DA:160,16
DA:161,12
DA:163,53
DA:164,53
DA:165,53
DA:166,53
DA:167,53
DA:168,48
DA:170,53
DA:171,53
DA:172,53
DA:173,53
DA:174,1
DA:175,1
DA:176,1
DA:177,1
DA:178,1
DA:179,1
DA:181,53
DA:182,47
DA:183,47
DA:184,47
DA:186,53
DA:187,53
DA:190,53
DA:191,46
DA:192,46
DA:193,28
DA:194,12
DA:195,46
DA:196,46
DA:197,46
DA:198,28
DA:199,12
DA:200,46
DA:201,46
DA:202,46
DA:203,46
DA:204,46
DA:205,66
DA:206,66
DA:207,66
DA:208,46
DA:209,46
DA:210,46
DA:214,53
DA:215,53
DA:216,53
DA:217,53
DA:218,53
DA:219,53
DA:220,53
DA:221,53
DA:222,53
DA:223,53
DA:224,53
DA:225,53
DA:226,53
DA:227,53
DA:228,53
DA:229,53
DA:230,53
DA:231,53
DA:232,53
DA:233,53
DA:234,53
DA:235,53
DA:236,53
DA:237,53
DA:238,53
DA:239,53
DA:240,53
DA:241,53
DA:242,53
DA:243,53
DA:246,53
DA:247,0
DA:248,0
DA:249,0
DA:250,0
DA:251,0
DA:252,0
DA:253,0
DA:257,53
DA:258,0
DA:262,53
DA:263,46
DA:264,46
DA:265,46
DA:266,46
DA:267,46
DA:268,46
DA:269,46
DA:270,46
DA:271,46
DA:272,46
DA:273,46
DA:274,46
DA:275,57
DA:276,57
DA:277,57
DA:278,57
DA:279,57
DA:280,57
DA:281,57
DA:282,57
DA:283,57
DA:284,46
DA:285,46
DA:286,46
DA:287,46
DA:291,53
DA:292,46
DA:293,46
DA:294,46
DA:295,46
DA:296,46
DA:297,46
DA:298,46
DA:299,46
DA:300,46
DA:301,46
DA:302,46
DA:303,46
DA:304,276
DA:305,276
DA:306,276
DA:307,276
DA:308,276
DA:309,276
DA:310,276
DA:311,276
DA:313,46
DA:314,46
DA:315,46
DA:319,53
DA:320,0
DA:321,0
DA:322,0
DA:323,0
DA:324,0
DA:326,53
DA:328,53
LF:253
LH:239
BRDA:25,0,0,1
BRDA:31,1,0,46
BRDA:39,2,0,2
BRDA:40,3,0,44
BRDA:43,4,0,45
BRDA:44,5,0,1
BRDA:47,6,0,7
BRDA:50,7,0,39
BRDA:50,8,0,6
BRDA:51,9,0,0
BRDA:55,10,0,6
BRDA:58,11,0,40
BRDA:58,12,0,5
BRDA:59,13,0,0
BRDA:63,14,0,6
BRDA:63,15,0,6
BRDA:64,16,0,5
BRDA:64,17,0,1
BRDA:69,18,0,18
BRDA:71,19,0,28
BRDA:71,20,0,16
BRDA:73,21,0,12
BRDA:77,22,0,18
BRDA:79,23,0,17
BRDA:80,24,0,0
BRDA:80,25,0,1
BRDA:88,26,0,53
BRDA:113,27,0,0
BRDA:115,28,0,47
BRDA:115,29,0,6
BRDA:115,30,0,0
BRDA:115,31,0,6
BRDA:116,32,0,47
BRDA:116,33,0,6
BRDA:116,34,0,0
BRDA:116,35,0,6
BRDA:117,36,0,47
BRDA:117,37,0,6
BRDA:117,38,0,0
BRDA:117,39,0,6
BRDA:119,40,0,0
BRDA:120,41,0,47
BRDA:120,42,0,46
BRDA:121,43,0,7
BRDA:125,44,0,0
BRDA:125,45,0,0
BRDA:126,46,0,7
BRDA:126,47,0,46
BRDA:126,48,0,6
BRDA:126,49,0,40
BRDA:128,50,0,47
BRDA:128,51,0,46
BRDA:128,52,0,7
BRDA:131,53,0,52
BRDA:131,54,0,5
BRDA:131,55,0,5
BRDA:143,56,0,48
BRDA:150,57,0,1
BRDA:156,58,0,47
BRDA:156,59,0,47
BRDA:156,60,0,46
BRDA:157,61,0,18
BRDA:158,62,0,28
BRDA:159,63,0,16
BRDA:160,64,0,12
BRDA:164,65,0,1
BRDA:164,66,0,47
BRDA:164,67,0,46
BRDA:164,68,0,18
BRDA:164,69,0,29
BRDA:164,70,0,28
BRDA:164,71,0,16
BRDA:164,72,0,13
BRDA:165,73,0,1
BRDA:165,74,0,47
BRDA:167,75,0,48
BRDA:173,76,0,1
BRDA:181,77,0,47
BRDA:181,78,0,47
BRDA:190,79,0,47
BRDA:190,80,0,46
BRDA:192,81,0,18
BRDA:192,82,0,28
BRDA:193,83,0,16
BRDA:193,84,0,12
BRDA:197,85,0,18
BRDA:197,86,0,28
BRDA:198,87,0,16
BRDA:198,88,0,12
BRDA:218,89,0,0
BRDA:225,90,0,0
BRDA:225,91,0,48
BRDA:231,92,0,0
BRDA:239,93,0,0
BRDA:246,94,0,0
BRDA:257,95,0,47
BRDA:257,96,0,47
BRDA:257,97,0,0
BRDA:262,98,0,47
BRDA:262,99,0,46
BRDA:291,100,0,47
BRDA:291,101,0,46
BRDA:319,102,0,47
BRDA:319,103,0,0
BRDA:104,104,0,53
BRDA:105,105,0,1
BRDA:105,106,0,52
BRDA:105,107,0,1
BRDA:110,108,0,1
BRDA:204,109,0,66
BRDA:232,110,0,48
BRDA:240,111,0,48
BRDA:266,112,0,46
BRDA:267,113,0,2
BRDA:268,114,0,33
BRDA:269,115,0,1
BRDA:273,116,0,92
BRDA:274,117,0,57
BRDA:303,118,0,276
BRDA:304,119,0,6
BRF:120
BRH:103
end_of_record
TN:
SF:src/components/Performance/TestConfig.tsx
FN:18,loadSavedConfigs
FN:24,saveSavedConfigs
FN:56,TestConfig
FN:77,handleSaveConfig
FN:87,handleLoadConfig
FN:96,handleDeleteConfig
FN:102,handleTestTypeChange
FN:108,handleAddHeader
FN:112,handleRemoveHeader
FN:116,handleHeaderChange
FN:122,handleAddRequest
FN:126,handleRemoveRequest
FN:130,handleRun
FN:180,onClick
FN:200,onChange
FN:211,onChange
FN:228,onChange
FN:245,onChange
FN:252,onChange
FN:257,onClick
FN:279,onChange
FN:300,onChange
FN:309,onChange
FN:383,onClick
FN:391,onClick
FN:404,onChange
FN:407,onKeyDown
FNF:27
FNH:2
FNDA:21,loadSavedConfigs
FNDA:0,saveSavedConfigs
FNDA:42,TestConfig
FNDA:0,handleSaveConfig
FNDA:0,handleLoadConfig
FNDA:0,handleDeleteConfig
FNDA:0,handleTestTypeChange
FNDA:0,handleAddHeader
FNDA:0,handleRemoveHeader
FNDA:0,handleHeaderChange
FNDA:0,handleAddRequest
FNDA:0,handleRemoveRequest
FNDA:0,handleRun
FNDA:0,onClick
FNDA:0,onChange
FNDA:0,onChange
FNDA:0,onChange
FNDA:0,onChange
FNDA:0,onChange
FNDA:0,onClick
FNDA:0,onChange
FNDA:0,onChange
FNDA:0,onChange
FNDA:0,onClick
FNDA:0,onClick
FNDA:0,onChange
FNDA:0,onKeyDown
DA:1,1
DA:16,1
DA:18,21
DA:19,21
DA:20,21
DA:21,21
DA:22,21
DA:24,0
DA:25,0
DA:26,0
DA:36,1
DA:37,1
DA:38,1
DA:39,1
DA:40,1
DA:41,1
DA:56,1
DA:57,42
DA:58,42
DA:59,42
DA:60,42
DA:61,42
DA:62,42
DA:63,42
DA:64,42
DA:65,42
DA:66,42
DA:67,42
DA:68,42
DA:69,42
DA:70,42
DA:71,42
DA:72,42
DA:73,42
DA:75,42
DA:77,42
DA:78,0
DA:79,0
DA:80,0
DA:81,0
DA:82,0
DA:83,0
DA:84,0
DA:85,0
DA:87,42
DA:88,0
DA:89,0
DA:90,0
DA:91,0
DA:92,0
DA:93,0
DA:94,0
DA:96,42
DA:97,0
DA:98,0
DA:99,0
DA:100,0
DA:102,42
DA:103,0
DA:104,0
DA:105,0
DA:106,0
DA:108,42
DA:109,0
DA:110,0
DA:112,42
DA:113,0
DA:114,0
DA:116,42
DA:117,0
DA:118,0
DA:119,0
DA:120,0
DA:122,42
DA:123,0
DA:124,0
DA:126,42
DA:127,0
DA:128,0
DA:130,42
DA:131,0
DA:133,0
DA:134,0
DA:135,0
DA:136,0
DA:138,0
DA:139,0
DA:140,0
DA:141,0
DA:142,0
DA:143,0
DA:144,0
DA:145,0
DA:146,0
DA:147,0
DA:149,0
DA:150,0
DA:151,0
DA:152,0
DA:153,0
DA:154,0
DA:155,0
DA:156,0
DA:157,0
DA:158,0
DA:159,0
DA:160,0
DA:161,0
DA:162,0
DA:163,0
DA:164,0
DA:166,0
DA:167,0
DA:169,42
DA:171,42
DA:172,42
DA:174,42
DA:175,42
DA:176,42
DA:177,42
DA:178,168
DA:179,168
DA:180,168
DA:181,168
DA:182,168
DA:183,42
DA:184,126
DA:185,168
DA:187,168
DA:188,168
DA:189,42
DA:190,42
DA:191,42
DA:192,42
DA:195,42
DA:196,42
DA:197,42
DA:198,42
DA:199,42
DA:200,42
DA:201,42
DA:202,42
DA:203,42
DA:204,42
DA:207,42
DA:208,42
DA:209,42
DA:210,42
DA:211,42
DA:212,42
DA:214,42
DA:215,42
DA:216,42
DA:217,42
DA:218,42
DA:219,42
DA:220,42
DA:223,42
DA:224,42
DA:225,42
DA:226,42
DA:227,42
DA:228,42
DA:229,42
DA:230,42
DA:231,42
DA:232,42
DA:233,42
DA:234,42
DA:237,42
DA:238,42
DA:239,42
DA:240,42
DA:241,42
DA:242,42
DA:243,42
DA:244,42
DA:245,42
DA:246,42
DA:247,42
DA:248,42
DA:249,42
DA:250,42
DA:251,42
DA:252,42
DA:253,42
DA:254,42
DA:255,42
DA:256,42
DA:257,42
DA:258,42
DA:260,42
DA:261,42
DA:262,42
DA:263,42
DA:264,42
DA:265,42
DA:266,42
DA:267,42
DA:269,42
DA:270,42
DA:271,42
DA:274,42
DA:275,42
DA:276,42
DA:277,42
DA:278,42
DA:279,42
DA:280,42
DA:281,42
DA:282,42
DA:283,42
DA:284,42
DA:285,42
DA:286,0
DA:288,42
DA:292,42
DA:293,42
DA:294,42
DA:295,42
DA:296,42
DA:297,42
DA:298,42
DA:299,42
DA:300,42
DA:301,42
DA:302,42
DA:303,42
DA:304,42
DA:305,42
DA:306,42
DA:307,42
DA:308,42
DA:309,42
DA:310,42
DA:311,42
DA:312,42
DA:313,42
DA:314,42
DA:317,42
DA:318,42
DA:319,42
DA:320,42
DA:321,42
DA:322,0
DA:323,0
DA:324,0
DA:325,0
DA:326,0
DA:327,0
DA:328,0
DA:329,0
DA:330,0
DA:331,0
DA:332,0
DA:333,0
DA:334,0
DA:335,0
DA:336,0
DA:337,0
DA:339,0
DA:340,0
DA:341,0
DA:342,0
DA:343,0
DA:344,0
DA:345,0
DA:346,0
DA:347,0
DA:348,0
DA:349,0
DA:350,0
DA:352,0
DA:353,0
DA:354,0
DA:355,0
DA:356,0
DA:357,0
DA:358,0
DA:359,0
DA:360,0
DA:361,0
DA:362,0
DA:363,0
DA:364,0
DA:365,0
DA:366,0
DA:367,0
DA:368,0
DA:369,0
DA:370,42
DA:371,42
DA:372,42
DA:373,42
DA:375,42
DA:376,42
DA:377,42
DA:380,42
DA:381,42
DA:382,0
DA:383,0
DA:384,0
DA:386,0
DA:387,0
DA:389,42
DA:390,0
DA:391,0
DA:392,0
DA:394,0
DA:395,0
DA:397,42
DA:399,42
DA:400,0
DA:401,0
DA:402,0
DA:403,0
DA:404,0
DA:405,0
DA:406,0
DA:407,0
DA:408,0
DA:409,0
DA:410,0
DA:411,0
DA:412,0
DA:414,0
DA:415,0
DA:416,0
DA:419,42
DA:420,0
DA:421,0
DA:422,0
DA:423,0
DA:424,0
DA:425,0
DA:426,0
DA:427,0
DA:428,0
DA:429,0
DA:430,0
DA:431,0
DA:432,0
DA:436,42
DA:437,42
DA:438,42
DA:439,42
DA:440,42
DA:441,42
DA:442,0
DA:443,42
DA:445,42
DA:446,42
DA:447,42
DA:448,42
DA:450,42
LF:355
LH:197
BRDA:18,0,0,21
BRDA:21,1,0,0
BRDA:56,2,0,42
BRDA:282,3,0,0
BRDA:285,4,0,0
BRDA:381,5,0,0
BRDA:389,6,0,0
BRDA:399,7,0,0
BRDA:419,8,0,0
BRDA:419,9,0,0
BRDA:441,10,0,0
BRDA:446,11,0,0
BRDA:75,12,0,21
BRDA:177,13,0,168
BRDA:182,14,0,42
BRDA:183,15,0,126
BRDA:240,16,0,42
BRF:17
BRH:7
end_of_record
TN:
SF:src/components/Performance/ThresholdStatus.tsx
FN:9,ThresholdStatus
FNF:1
FNH:0
FNDA:0,ThresholdStatus
DA:1,1
DA:9,1
DA:10,0
DA:11,0
DA:13,0
DA:15,0
DA:17,0
DA:18,0
DA:19,0
DA:20,0
DA:21,0
DA:22,0
DA:23,0
DA:24,0
DA:25,0
DA:26,0
DA:27,0
DA:28,0
DA:29,0
DA:30,0
DA:31,0
DA:33,0
DA:35,0
DA:36,0
DA:37,0
DA:38,0
DA:39,0
DA:40,0
DA:41,0
DA:42,0
DA:44,0
LF:31
LH:2
BRF:0
BRH:0
end_of_record
TN:
SF:src/components/Performance/VirtualUsersChart.tsx
FN:18,VirtualUsersChart
FN:36,tickFormatter
FN:49,labelFormatter
FN:50,formatter
FNF:4
FNH:1
FNDA:10,VirtualUsersChart
FNDA:0,tickFormatter
FNDA:0,labelFormatter
FNDA:0,formatter
DA:1,1
DA:18,1
DA:19,10
DA:20,10
DA:21,20
DA:22,20
DA:23,10
DA:25,10
DA:26,10
DA:27,10
DA:28,10
DA:29,10
DA:30,10
DA:31,10
DA:32,10
DA:33,10
DA:34,10
DA:35,10
DA:36,10
DA:37,10
DA:38,10
DA:39,10
DA:40,10
DA:41,10
DA:42,10
DA:43,10
DA:44,10
DA:45,10
DA:46,10
DA:47,10
DA:48,10
DA:49,10
DA:50,10
DA:51,10
DA:52,10
DA:53,10
DA:54,10
DA:55,10
DA:56,10
DA:57,10
DA:58,10
DA:59,10
DA:60,10
DA:61,10
DA:62,10
DA:63,10
DA:64,10
DA:66,10
LF:48
LH:48
BRDA:18,0,0,10
BRDA:20,1,0,20
BRF:2
BRH:2
end_of_record
TN:
SF:src/components/QALoop/AgentProgressPanel.tsx
FN:37,StatusBadge
FN:67,AgentRow
FN:104,AgentProgressPanel
FNF:3
FNH:3
FNDA:4,StatusBadge
FNDA:4,AgentRow
FNDA:6,AgentProgressPanel
DA:1,1
DA:29,1
DA:30,1
DA:31,1
DA:32,1
DA:33,1
DA:34,1
DA:35,1
DA:37,4
DA:38,4
DA:39,4
DA:40,4
DA:41,2
DA:42,2
DA:43,2
DA:44,2
DA:46,4
DA:47,2
DA:48,2
DA:49,2
DA:50,2
DA:52,4
DA:53,0
DA:54,0
DA:55,0
DA:56,0
DA:58,4
DA:59,0
DA:60,0
DA:61,0
DA:62,0
DA:64,4
DA:65,4
DA:67,4
DA:68,4
DA:69,4
DA:70,4
DA:71,4
DA:72,4
DA:73,4
DA:75,4
DA:76,4
DA:77,4
DA:78,4
DA:79,4
DA:80,4
DA:81,4
DA:82,4
DA:83,4
DA:84,4
DA:85,2
DA:87,4
DA:88,4
DA:90,4
DA:91,4
DA:92,2
DA:94,4
DA:95,4
DA:97,4
DA:104,1
DA:105,6
DA:106,6
DA:107,6
DA:109,6
DA:110,3
DA:111,3
DA:112,3
DA:113,3
DA:114,3
DA:115,3
DA:116,3
DA:118,0
DA:119,6
DA:121,6
DA:122,3
DA:123,3
DA:124,2
DA:125,2
DA:126,2
DA:127,6
DA:129,6
DA:132,2
DA:133,2
DA:135,2
DA:136,2
DA:137,2
DA:138,2
DA:139,2
DA:140,2
DA:141,2
DA:143,2
DA:145,6
DA:146,6
DA:147,6
DA:148,4
DA:149,6
DA:150,6
DA:151,6
DA:152,6
DA:154,6
LF:100
LH:91
BRDA:37,0,0,4
BRDA:40,1,0,2
BRDA:46,2,0,2
BRDA:52,3,0,0
BRDA:58,4,0,0
BRDA:67,5,0,4
BRDA:68,6,0,0
BRDA:73,7,0,0
BRDA:84,8,0,2
BRDA:84,9,0,2
BRDA:91,10,0,2
BRDA:91,11,0,2
BRDA:104,12,0,6
BRDA:129,13,0,2
BRDA:129,14,0,3
BRDA:129,15,0,2
BRDA:109,16,0,3
BRDA:116,17,0,0
BRDA:121,18,0,3
BRDA:123,19,0,2
BRDA:125,20,0,2
BRDA:133,21,0,2
BRDA:147,22,0,4
BRF:23
BRH:18
end_of_record
TN:
SF:src/components/QALoop/AnalysisTab.tsx
FN:55,AnalysisTab
FN:64,getCategoryIcon
FN:75,getCategoryBadgeClass
FN:86,getCorrelationTypeLabel
FN:129,onValueChange
FN:158,onClick
FNF:6
FNH:4
FNDA:5,AnalysisTab
FNDA:4,getCategoryIcon
FNDA:4,getCategoryBadgeClass
FNDA:4,getCorrelationTypeLabel
FNDA:0,onValueChange
FNDA:0,onClick
DA:1,1
DA:55,1
DA:56,5
DA:57,5
DA:58,5
DA:59,5
DA:60,5
DA:61,5
DA:62,5
DA:64,5
DA:65,4
DA:66,4
DA:67,4
DA:68,4
DA:69,4
DA:70,4
DA:71,4
DA:72,4
DA:73,4
DA:75,5
DA:76,4
DA:77,4
DA:78,4
DA:79,4
DA:80,4
DA:81,4
DA:82,4
DA:83,4
DA:84,4
DA:86,5
DA:87,4
DA:88,4
DA:89,4
DA:90,4
DA:91,4
DA:92,4
DA:93,4
DA:94,4
DA:97,5
DA:98,4
DA:99,4
DA:100,5
DA:102,5
DA:103,5
DA:105,5
DA:106,5
DA:107,5
DA:108,5
DA:109,5
DA:110,5
DA:111,5
DA:112,5
DA:113,5
DA:114,5
DA:115,5
DA:116,5
DA:117,5
DA:118,5
DA:119,5
DA:120,5
DA:121,5
DA:122,5
DA:123,5
DA:124,5
DA:125,5
DA:126,5
DA:129,5
DA:130,5
DA:131,5
DA:132,5
DA:133,5
DA:134,5
DA:135,5
DA:136,5
DA:137,5
DA:138,5
DA:139,5
DA:140,5
DA:141,5
DA:142,5
DA:143,5
DA:146,5
DA:147,5
DA:148,5
DA:149,1
DA:150,1
DA:151,1
DA:152,1
DA:154,4
DA:155,4
DA:156,4
DA:157,4
DA:158,4
DA:160,4
DA:161,4
DA:162,4
DA:163,4
DA:164,4
DA:165,4
DA:166,4
DA:167,4
DA:168,4
DA:169,4
DA:170,4
DA:171,4
DA:172,4
DA:173,4
DA:174,4
DA:175,4
DA:176,4
DA:177,4
DA:178,4
DA:179,4
DA:181,0
DA:183,4
DA:184,0
DA:186,4
DA:188,4
DA:189,4
DA:191,4
DA:192,0
DA:193,0
DA:194,0
DA:195,0
DA:196,0
DA:198,0
DA:199,0
DA:200,0
DA:201,0
DA:202,0
DA:205,0
DA:206,0
DA:207,0
DA:208,0
DA:209,0
DA:210,0
DA:211,0
DA:212,0
DA:213,0
DA:216,0
DA:217,0
DA:218,0
DA:219,0
DA:220,0
DA:221,0
DA:222,0
DA:223,0
DA:224,0
DA:225,0
DA:226,0
DA:229,0
DA:230,0
DA:231,0
DA:232,0
DA:233,0
DA:234,0
DA:235,0
DA:238,0
DA:239,0
DA:240,0
DA:241,0
DA:242,0
DA:243,0
DA:244,0
DA:246,0
DA:248,4
DA:249,4
DA:251,5
DA:252,5
DA:255,5
DA:256,5
DA:257,5
DA:258,1
DA:259,1
DA:260,1
DA:261,1
DA:263,4
DA:264,4
DA:265,4
DA:266,4
DA:267,4
DA:268,4
DA:269,4
DA:270,4
DA:271,4
DA:272,4
DA:273,4
DA:274,4
DA:275,4
DA:276,4
DA:277,4
DA:278,4
DA:279,4
DA:280,4
DA:281,4
DA:282,4
DA:283,4
DA:284,4
DA:285,0
DA:286,0
DA:287,0
DA:289,4
DA:290,0
DA:291,0
DA:292,0
DA:294,4
DA:295,4
DA:297,5
DA:298,5
DA:301,5
DA:302,5
DA:303,5
DA:304,5
DA:305,5
DA:306,5
DA:307,5
DA:309,0
DA:310,0
DA:311,0
DA:312,0
DA:313,0
DA:314,0
DA:315,0
DA:316,0
DA:317,0
DA:318,0
DA:319,0
DA:320,0
DA:321,0
DA:322,0
DA:323,0
DA:324,0
DA:325,0
DA:326,0
DA:327,0
DA:328,0
DA:329,0
DA:331,5
DA:332,5
DA:333,5
DA:334,5
DA:336,5
DA:338,1
LF:243
LH:169
BRDA:55,0,0,5
BRDA:107,1,0,1
BRDA:148,2,0,1
BRDA:152,3,0,4
BRDA:257,4,0,1
BRDA:261,5,0,4
BRDA:307,6,0,0
BRDA:64,7,0,4
BRDA:67,8,0,0
BRDA:68,9,0,0
BRDA:69,10,0,0
BRDA:70,11,0,0
BRDA:71,12,0,0
BRDA:75,13,0,4
BRDA:78,14,0,0
BRDA:79,15,0,0
BRDA:80,16,0,0
BRDA:81,17,0,0
BRDA:82,18,0,0
BRDA:86,19,0,4
BRDA:88,20,0,0
BRDA:89,21,0,0
BRDA:90,22,0,0
BRDA:91,23,0,0
BRDA:97,24,0,4
BRDA:154,25,0,4
BRDA:179,26,0,0
BRDA:183,27,0,0
BRDA:191,28,0,0
BRDA:263,29,0,4
BRDA:284,30,0,0
BRDA:289,31,0,0
BRF:32
BRH:12
end_of_record
TN:
SF:src/components/QALoop/AutoFixButton.tsx
FN:97,AutoFixButton
FN:141,loadData
FN:160,handleOpen
FN:166,handleClose
FN:174,handleStart
FN:202,startPolling
FN:241,getStepIndex
FN:265,onOpenChange
FN:547,onClick
FN:567,onClick
FN:604,onValueChange
FN:618,onValueChange
FNF:12
FNH:3
FNDA:10,AutoFixButton
FNDA:1,loadData
FNDA:1,handleOpen
FNDA:0,handleClose
FNDA:0,handleStart
FNDA:0,startPolling
FNDA:0,getStepIndex
FNDA:0,onOpenChange
FNDA:0,onClick
FNDA:0,onClick
FNDA:0,onValueChange
FNDA:0,onValueChange
DA:1,1
DA:69,1
DA:70,1
DA:71,1
DA:72,1
DA:73,1
DA:74,1
DA:75,1
DA:76,1
DA:77,1
DA:78,1
DA:79,1
DA:81,1
DA:82,1
DA:83,1
DA:84,1
DA:85,1
DA:86,1
DA:87,1
DA:88,1
DA:89,1
DA:90,1
DA:91,1
DA:93,1
DA:95,1
DA:97,1
DA:98,10
DA:99,10
DA:100,10
DA:101,10
DA:102,10
DA:103,10
DA:104,10
DA:105,10
DA:106,10
DA:107,10
DA:108,10
DA:109,10
DA:110,10
DA:112,10
DA:113,10
DA:114,10
DA:115,10
DA:116,10
DA:117,10
DA:118,10
DA:119,10
DA:120,10
DA:121,10
DA:122,10
DA:124,10
DA:125,10
DA:126,10
DA:127,10
DA:128,10
DA:129,10
DA:130,10
DA:131,10
DA:133,10
DA:134,10
DA:135,10
DA:136,10
DA:137,10
DA:139,10
DA:141,10
DA:142,1
DA:143,1
DA:144,1
DA:145,1
DA:146,1
DA:147,1
DA:148,0
DA:149,0
DA:150,1
DA:151,0
DA:152,0
DA:153,1
DA:154,1
DA:155,1
DA:156,1
DA:157,1
DA:158,1
DA:160,10
DA:161,1
DA:162,1
DA:163,1
DA:164,1
DA:166,10
DA:167,0
DA:168,0
DA:169,0
DA:170,0
DA:171,0
DA:172,0
DA:174,10
DA:175,0
DA:176,0
DA:177,0
DA:179,0
DA:180,0
DA:181,0
DA:182,0
DA:183,0
DA:184,0
DA:185,0
DA:186,0
DA:187,0
DA:188,0
DA:189,0
DA:190,0
DA:191,0
DA:193,0
DA:194,0
DA:195,0
DA:196,0
DA:197,0
DA:198,0
DA:199,0
DA:200,0
DA:202,10
DA:203,0
DA:205,0
DA:206,0
DA:207,0
DA:208,0
DA:211,0
DA:212,0
DA:213,0
DA:214,0
DA:215,0
DA:216,0
DA:218,0
DA:219,0
DA:220,0
DA:221,0
DA:222,0
DA:223,0
DA:224,0
DA:225,0
DA:226,0
DA:227,0
DA:228,0
DA:230,10
DA:231,6
DA:232,6
DA:233,6
DA:234,10
DA:236,10
DA:237,10
DA:238,10
DA:239,10
DA:241,10
DA:242,0
DA:243,0
DA:244,0
DA:245,0
DA:246,0
DA:247,0
DA:249,10
DA:250,10
DA:251,10
DA:252,10
DA:253,10
DA:254,10
DA:255,10
DA:256,10
DA:258,10
DA:259,10
DA:260,10
DA:261,10
DA:262,10
DA:263,10
DA:265,10
DA:266,10
DA:267,10
DA:268,10
DA:269,10
DA:270,10
DA:271,10
DA:273,10
DA:274,10
DA:275,10
DA:276,10
DA:279,10
DA:280,10
DA:281,2
DA:282,2
DA:283,2
DA:284,2
DA:285,8
DA:286,8
DA:287,8
DA:288,8
DA:289,8
DA:290,8
DA:292,8
DA:293,8
DA:294,8
DA:296,0
DA:298,0
DA:299,0
DA:300,0
DA:301,0
DA:302,0
DA:303,0
DA:304,0
DA:305,0
DA:306,0
DA:307,0
DA:308,0
DA:309,0
DA:310,0
DA:311,0
DA:312,0
DA:313,0
DA:314,0
DA:315,0
DA:317,0
DA:318,0
DA:319,0
DA:320,0
DA:321,0
DA:322,0
DA:323,0
DA:324,0
DA:325,0
DA:326,0
DA:328,0
DA:329,0
DA:330,0
DA:332,0
DA:333,0
DA:334,0
DA:335,0
DA:337,0
DA:338,0
DA:339,0
DA:341,0
DA:343,0
DA:344,0
DA:345,0
DA:349,0
DA:350,0
DA:352,0
DA:353,0
DA:354,0
DA:355,0
DA:356,0
DA:357,0
DA:358,0
DA:359,0
DA:360,0
DA:361,0
DA:362,0
DA:363,0
DA:364,0
DA:365,0
DA:366,0
DA:367,0
DA:368,0
DA:369,0
DA:370,0
DA:372,0
DA:373,0
DA:374,0
DA:375,0
DA:376,0
DA:377,0
DA:378,0
DA:379,0
DA:382,0
DA:383,0
DA:384,0
DA:385,0
DA:386,0
DA:387,0
DA:388,0
DA:389,0
DA:390,0
DA:391,0
DA:392,0
DA:395,0
DA:396,0
DA:397,0
DA:398,0
DA:399,0
DA:401,0
DA:404,0
DA:405,0
DA:406,0
DA:407,0
DA:408,0
DA:409,0
DA:410,0
DA:411,0
DA:412,0
DA:413,0
DA:414,0
DA:415,0
DA:417,0
DA:418,0
DA:419,0
DA:420,0
DA:421,0
DA:423,0
DA:424,0
DA:425,0
DA:426,0
DA:427,0
DA:428,0
DA:429,0
DA:430,0
DA:432,0
DA:433,0
DA:434,0
DA:435,0
DA:436,0
DA:438,0
DA:442,0
DA:443,0
DA:444,0
DA:445,0
DA:446,0
DA:447,0
DA:448,0
DA:449,0
DA:450,0
DA:451,0
DA:452,0
DA:453,0
DA:454,0
DA:456,0
DA:457,0
DA:458,0
DA:459,0
DA:460,0
DA:462,0
DA:463,0
DA:464,0
DA:465,0
DA:466,0
DA:467,0
DA:468,0
DA:469,0
DA:470,0
DA:472,0
DA:476,0
DA:477,0
DA:478,0
DA:479,0
DA:480,0
DA:481,0
DA:482,0
DA:483,0
DA:484,0
DA:485,0
DA:486,0
DA:487,0
DA:488,0
DA:489,0
DA:490,0
DA:491,0
DA:492,0
DA:494,0
DA:495,0
DA:496,0
DA:497,0
DA:498,0
DA:500,0
DA:501,0
DA:502,0
DA:503,0
DA:504,0
DA:505,0
DA:506,0
DA:507,0
DA:509,0
DA:513,0
DA:514,0
DA:515,0
DA:516,0
DA:517,0
DA:518,0
DA:519,0
DA:520,0
DA:522,0
DA:525,0
DA:527,0
DA:528,0
DA:529,0
DA:530,0
DA:531,0
DA:532,0
DA:533,0
DA:534,0
DA:535,0
DA:536,0
DA:537,0
DA:538,0
DA:539,0
DA:542,0
DA:543,0
DA:544,0
DA:545,0
DA:546,0
DA:547,0
DA:548,0
DA:549,0
DA:550,0
DA:551,0
DA:552,0
DA:553,0
DA:555,0
DA:556,0
DA:557,0
DA:558,0
DA:559,0
DA:560,0
DA:561,0
DA:562,0
DA:563,0
DA:564,0
DA:565,0
DA:566,0
DA:567,0
DA:568,0
DA:569,0
DA:570,0
DA:571,0
DA:572,0
DA:573,0
DA:575,0
DA:576,0
DA:577,0
DA:578,0
DA:579,0
DA:580,0
DA:581,0
DA:582,0
DA:583,0
DA:584,0
DA:585,0
DA:586,0
DA:589,0
DA:590,0
DA:591,0
DA:592,0
DA:593,0
DA:594,0
DA:595,0
DA:596,0
DA:597,0
DA:598,0
DA:599,0
DA:600,0
DA:601,0
DA:602,0
DA:603,0
DA:604,0
DA:605,0
DA:606,0
DA:607,0
DA:608,0
DA:609,0
DA:610,0
DA:611,0
DA:612,0
DA:613,0
DA:614,0
DA:615,0
DA:616,0
DA:617,0
DA:618,0
DA:619,0
DA:620,0
DA:621,0
DA:622,0
DA:623,0
DA:624,0
DA:625,0
DA:626,0
DA:627,0
DA:628,0
DA:629,0
DA:630,0
DA:631,0
DA:635,0
DA:636,0
DA:637,0
DA:638,0
DA:639,0
DA:640,0
DA:641,0
DA:642,0
DA:643,0
DA:644,0
DA:645,0
DA:646,0
DA:648,0
DA:649,0
DA:650,0
DA:652,0
DA:654,10
DA:657,10
DA:658,10
DA:659,10
DA:660,10
DA:661,10
DA:662,0
DA:663,0
DA:664,0
DA:666,0
DA:667,0
DA:668,0
DA:669,0
DA:670,0
DA:671,0
DA:672,0
DA:673,0
DA:674,0
DA:675,0
DA:677,0
DA:678,0
DA:679,0
DA:680,0
DA:682,0
DA:684,10
DA:685,10
DA:686,10
DA:687,10
DA:689,10
LF:531
LH:147
BRDA:97,0,0,10
BRDA:236,1,0,0
BRDA:238,2,0,0
BRDA:239,3,0,0
BRDA:280,4,0,2
BRDA:284,5,0,8
BRDA:294,6,0,0
BRDA:661,7,0,0
BRDA:661,8,0,0
BRDA:141,9,0,1
BRDA:147,10,0,0
BRDA:150,11,0,0
BRDA:160,12,0,1
BRDA:230,13,0,6
BRDA:231,14,0,6
BRDA:232,15,0,0
BRF:16
BRH:7
end_of_record
TN:
SF:src/components/QALoop/BugCard.tsx
FN:20,BugCard
FN:30,onClick
FN:42,onClick
FNF:3
FNH:2
FNDA:6,BugCard
FNDA:1,onClick
FNDA:0,onClick
DA:1,1
DA:20,1
DA:21,6
DA:22,6
DA:24,6
DA:26,6
DA:27,6
DA:28,6
DA:29,6
DA:30,6
DA:32,6
DA:33,6
DA:34,6
DA:35,6
DA:36,6
DA:37,6
DA:38,6
DA:39,6
DA:40,6
DA:41,6
DA:42,6
DA:43,6
DA:44,6
DA:45,6
DA:46,0
DA:47,0
DA:48,0
DA:49,0
DA:51,6
DA:52,6
DA:53,6
DA:54,6
DA:56,6
DA:57,6
DA:58,6
DA:59,6
DA:60,6
DA:61,6
DA:62,6
DA:63,6
DA:64,6
DA:65,6
DA:66,6
DA:67,6
DA:68,0
DA:69,0
DA:70,0
DA:72,6
DA:73,6
DA:75,6
DA:76,2
DA:77,2
DA:78,2
DA:79,2
DA:80,2
DA:81,2
DA:82,2
DA:83,6
DA:84,6
DA:85,6
DA:86,2
DA:87,2
DA:88,2
DA:91,2
DA:92,2
DA:93,2
DA:94,2
DA:95,2
DA:96,2
DA:97,2
DA:98,2
DA:100,2
DA:101,2
DA:102,2
DA:105,2
DA:106,0
DA:107,0
DA:108,0
DA:109,0
DA:110,0
DA:111,0
DA:112,0
DA:114,0
DA:115,0
DA:116,0
DA:118,2
DA:120,6
DA:122,6
LF:88
LH:71
BRDA:20,0,0,6
BRDA:24,1,0,0
BRDA:37,2,0,2
BRDA:45,3,0,0
BRDA:61,4,0,0
BRDA:66,5,0,0
BRDA:67,6,0,0
BRDA:75,7,0,2
BRDA:105,8,0,0
BRDA:30,9,0,1
BRDA:82,10,0,6
BRDA:84,11,0,0
BRF:12
BRH:5
end_of_record
TN:
SF:src/components/QALoop/ChaosResultsTab.tsx
FN:53,ChaosResultsTab
FN:62,getSeverityBadgeClass
FN:72,getResultIcon
FN:81,getCategoryBadgeClass
FN:164,onValueChange
FN:202,onClick
FNF:6
FNH:4
FNDA:5,ChaosResultsTab
FNDA:3,getSeverityBadgeClass
FNDA:6,getResultIcon
FNDA:6,getCategoryBadgeClass
FNDA:0,onValueChange
FNDA:0,onClick
DA:1,1
DA:53,1
DA:54,5
DA:55,5
DA:56,5
DA:57,5
DA:58,5
DA:59,5
DA:60,5
DA:62,5
DA:63,3
DA:64,3
DA:65,3
DA:66,3
DA:67,3
DA:68,3
DA:69,3
DA:70,3
DA:72,5
DA:73,6
DA:74,6
DA:75,6
DA:76,6
DA:77,6
DA:78,6
DA:79,6
DA:81,5
DA:82,6
DA:83,6
DA:84,6
DA:85,6
DA:86,6
DA:87,6
DA:88,6
DA:89,6
DA:90,6
DA:91,6
DA:93,5
DA:94,6
DA:95,0
DA:96,0
DA:97,0
DA:98,5
DA:100,5
DA:102,5
DA:103,5
DA:105,5
DA:106,3
DA:107,3
DA:108,3
DA:109,3
DA:110,3
DA:111,3
DA:112,3
DA:113,3
DA:114,3
DA:115,3
DA:116,3
DA:117,3
DA:118,3
DA:119,3
DA:120,3
DA:121,3
DA:122,3
DA:123,3
DA:124,3
DA:125,3
DA:126,3
DA:127,3
DA:128,3
DA:129,3
DA:130,3
DA:131,3
DA:135,5
DA:136,0
DA:137,0
DA:138,0
DA:139,0
DA:140,0
DA:141,0
DA:142,0
DA:144,0
DA:145,0
DA:146,0
DA:147,0
DA:149,0
DA:150,0
DA:151,0
DA:152,0
DA:154,0
DA:155,0
DA:156,0
DA:157,0
DA:159,0
DA:160,0
DA:164,5
DA:165,5
DA:166,5
DA:167,5
DA:168,5
DA:169,5
DA:170,5
DA:171,5
DA:172,5
DA:173,5
DA:174,5
DA:175,5
DA:177,5
DA:178,5
DA:179,5
DA:180,1
DA:181,1
DA:182,1
DA:183,1
DA:186,5
DA:187,1
DA:188,1
DA:189,1
DA:192,5
DA:193,6
DA:194,6
DA:195,6
DA:196,6
DA:197,6
DA:198,6
DA:200,6
DA:201,6
DA:202,6
DA:204,6
DA:205,6
DA:206,6
DA:207,6
DA:208,6
DA:209,6
DA:210,6
DA:211,6
DA:212,6
DA:213,6
DA:214,6
DA:215,6
DA:216,6
DA:217,6
DA:218,6
DA:219,6
DA:220,3
DA:221,3
DA:222,3
DA:224,6
DA:225,0
DA:227,6
DA:229,6
DA:230,6
DA:232,6
DA:233,0
DA:234,0
DA:235,0
DA:236,0
DA:237,0
DA:238,0
DA:239,0
DA:241,0
DA:242,0
DA:243,0
DA:244,0
DA:245,0
DA:246,0
DA:247,0
DA:250,0
DA:251,0
DA:252,0
DA:253,0
DA:254,0
DA:255,0
DA:256,0
DA:257,0
DA:258,0
DA:261,0
DA:262,0
DA:263,0
DA:264,0
DA:265,0
DA:266,0
DA:267,0
DA:268,0
DA:269,0
DA:270,0
DA:272,0
DA:273,0
DA:275,0
DA:277,0
DA:278,0
DA:279,0
DA:280,0
DA:281,0
DA:282,0
DA:283,0
DA:284,0
DA:285,0
DA:287,0
DA:289,6
DA:290,5
DA:291,5
DA:292,5
DA:293,5
DA:294,5
DA:296,5
DA:298,1
LF:207
LH:136
BRDA:53,0,0,5
BRDA:105,1,0,3
BRDA:135,2,0,3
BRDA:135,3,0,0
BRDA:179,4,0,1
BRDA:179,5,0,1
BRDA:186,6,0,4
BRDA:186,7,0,1
BRDA:62,8,0,3
BRDA:65,9,0,0
BRDA:66,10,0,0
BRDA:67,11,0,0
BRDA:68,12,0,0
BRDA:72,13,0,6
BRDA:74,14,0,3
BRDA:75,15,0,3
BRDA:76,16,0,0
BRDA:77,17,0,0
BRDA:81,18,0,6
BRDA:83,19,0,0
BRDA:84,20,0,3
BRDA:85,21,0,0
BRDA:86,22,0,0
BRDA:87,23,0,0
BRDA:88,24,0,0
BRDA:89,25,0,3
BRDA:93,26,0,6
BRDA:94,27,0,0
BRDA:100,28,0,6
BRDA:173,29,0,6
BRDA:192,30,0,6
BRDA:197,31,0,3
BRDA:211,32,0,0
BRDA:219,33,0,3
BRDA:219,34,0,3
BRDA:224,35,0,0
BRDA:232,36,0,0
BRDA:287,37,0,0
BRF:38
BRH:21
end_of_record
TN:
SF:src/components/QALoop/CreateTaskButton.tsx
FN:47,CreateTaskButton
FN:59,loadData
FN:79,handleOpen
FN:85,handleCreate
FN:103,getTypeLabel
FN:112,getTypeBadgeClass
FN:134,onOpenChange
FN:236,onClick
FNF:8
FNH:3
FNDA:10,CreateTaskButton
FNDA:1,loadData
FNDA:1,handleOpen
FNDA:0,handleCreate
FNDA:0,getTypeLabel
FNDA:0,getTypeBadgeClass
FNDA:0,onOpenChange
FNDA:0,onClick
DA:1,1
DA:47,1
DA:48,10
DA:49,10
DA:50,10
DA:51,10
DA:52,10
DA:53,10
DA:54,10
DA:55,10
DA:57,10
DA:59,10
DA:60,1
DA:61,1
DA:62,1
DA:63,1
DA:64,1
DA:65,1
DA:66,0
DA:67,0
DA:68,0
DA:69,1
DA:70,0
DA:71,0
DA:72,1
DA:73,1
DA:74,1
DA:75,1
DA:76,1
DA:77,1
DA:79,10
DA:80,1
DA:81,1
DA:82,1
DA:83,1
DA:85,10
DA:86,0
DA:88,0
DA:89,0
DA:90,0
DA:91,0
DA:92,0
DA:93,0
DA:94,0
DA:95,0
DA:96,0
DA:97,0
DA:98,0
DA:99,0
DA:100,0
DA:101,0
DA:103,10
DA:104,0
DA:105,0
DA:106,0
DA:107,0
DA:108,0
DA:109,0
DA:110,0
DA:112,10
DA:113,0
DA:114,0
DA:115,0
DA:116,0
DA:117,0
DA:118,0
DA:119,0
DA:121,10
DA:122,10
DA:123,10
DA:124,10
DA:125,10
DA:126,10
DA:127,10
DA:128,10
DA:130,10
DA:131,10
DA:132,10
DA:134,10
DA:135,10
DA:136,10
DA:137,10
DA:138,10
DA:139,10
DA:141,10
DA:142,10
DA:143,2
DA:144,2
DA:145,2
DA:146,2
DA:147,8
DA:148,8
DA:149,8
DA:150,8
DA:151,8
DA:152,8
DA:154,8
DA:155,8
DA:156,8
DA:158,0
DA:160,0
DA:161,0
DA:162,0
DA:163,0
DA:164,0
DA:165,0
DA:166,0
DA:167,0
DA:168,0
DA:169,0
DA:170,0
DA:171,0
DA:172,0
DA:173,0
DA:174,0
DA:175,0
DA:176,0
DA:177,0
DA:179,0
DA:180,0
DA:182,0
DA:183,0
DA:184,0
DA:185,0
DA:189,0
DA:190,0
DA:191,0
DA:192,0
DA:193,0
DA:194,0
DA:195,0
DA:196,0
DA:197,0
DA:198,0
DA:199,0
DA:200,0
DA:201,0
DA:202,0
DA:203,0
DA:206,0
DA:207,0
DA:208,0
DA:209,0
DA:210,0
DA:211,0
DA:212,0
DA:213,0
DA:214,0
DA:215,0
DA:216,0
DA:217,0
DA:218,0
DA:219,0
DA:220,0
DA:222,0
DA:224,0
DA:225,0
DA:226,0
DA:227,0
DA:229,0
DA:231,0
DA:233,10
DA:235,10
DA:236,10
DA:237,10
DA:238,10
DA:239,10
DA:240,0
DA:241,0
DA:242,0
DA:244,0
DA:245,0
DA:246,0
DA:247,0
DA:248,0
DA:250,0
DA:252,0
DA:254,10
DA:255,10
DA:256,10
DA:257,10
DA:259,10
LF:182
LH:76
BRDA:47,0,0,10
BRDA:142,1,0,2
BRDA:146,2,0,8
BRDA:156,3,0,0
BRDA:239,4,0,0
BRDA:59,5,0,1
BRDA:65,6,0,0
BRDA:69,7,0,0
BRDA:79,8,0,1
BRF:9
BRH:5
end_of_record
TN:
SF:src/components/QALoop/DocumentUpload.tsx
FN:37,DocumentUpload
FN:54,formatFileSize
FN:60,getFileTypeIcon
FN:73,getFileTypeBadgeClass
FN:82,validateFile
FN:95,handleFile
FN:138,handleFileSelect
FN:149,handleDeleteClick
FN:166,onClick
FN:213,onClick
FN:259,onClick
FN:276,onClick
FN:288,onClick
FNF:13
FNH:3
FNDA:3,DocumentUpload
FNDA:4,formatFileSize
FNDA:1,getFileTypeIcon
FNDA:0,getFileTypeBadgeClass
FNDA:0,validateFile
FNDA:0,handleFile
FNDA:0,handleFileSelect
FNDA:0,handleDeleteClick
FNDA:0,onClick
FNDA:0,onClick
FNDA:0,onClick
FNDA:0,onClick
FNDA:0,onClick
DA:1,1
DA:34,1
DA:35,1
DA:37,1
DA:38,3
DA:39,3
DA:40,3
DA:41,3
DA:42,3
DA:43,3
DA:44,3
DA:45,3
DA:46,3
DA:47,3
DA:48,3
DA:49,3
DA:50,3
DA:51,3
DA:52,3
DA:54,3
DA:55,4
DA:56,4
DA:57,3
DA:58,4
DA:60,3
DA:61,1
DA:62,1
DA:63,0
DA:64,1
DA:65,0
DA:66,1
DA:67,0
DA:68,1
DA:69,1
DA:70,1
DA:71,1
DA:73,3
DA:74,0
DA:75,0
DA:76,0
DA:77,0
DA:78,0
DA:79,0
DA:80,0
DA:82,3
DA:83,0
DA:84,0
DA:85,0
DA:87,0
DA:88,0
DA:89,0
DA:90,0
DA:92,0
DA:93,0
DA:95,3
DA:96,0
DA:97,0
DA:98,0
DA:99,0
DA:100,0
DA:102,0
DA:103,0
DA:105,0
DA:106,0
DA:107,0
DA:108,0
DA:109,0
DA:110,0
DA:111,0
DA:112,0
DA:114,3
DA:115,0
DA:116,0
DA:117,0
DA:118,0
DA:119,3
DA:121,3
DA:122,0
DA:123,0
DA:124,3
DA:126,3
DA:127,0
DA:128,0
DA:130,0
DA:132,0
DA:133,0
DA:134,0
DA:135,0
DA:136,3
DA:138,3
DA:139,0
DA:140,0
DA:141,0
DA:142,0
DA:144,0
DA:145,0
DA:146,0
DA:147,0
DA:149,3
DA:150,0
DA:151,0
DA:152,0
DA:153,0
DA:154,0
DA:155,0
DA:156,0
DA:157,0
DA:159,3
DA:160,3
DA:162,3
DA:163,3
DA:164,3
DA:165,3
DA:166,3
DA:167,3
DA:168,3
DA:169,3
DA:170,0
DA:171,3
DA:172,3
DA:173,3
DA:175,3
DA:176,3
DA:177,3
DA:178,3
DA:179,3
DA:180,3
DA:181,3
DA:182,3
DA:184,3
DA:185,0
DA:186,0
DA:187,0
DA:188,0
DA:190,3
DA:191,3
DA:192,3
DA:193,3
DA:194,3
DA:195,3
DA:196,3
DA:197,3
DA:198,3
DA:199,3
DA:200,3
DA:201,3
DA:203,3
DA:206,3
DA:207,0
DA:208,0
DA:209,0
DA:210,0
DA:211,0
DA:212,0
DA:213,0
DA:214,0
DA:216,0
DA:217,0
DA:218,0
DA:222,3
DA:223,1
DA:224,1
DA:225,1
DA:226,1
DA:227,1
DA:228,1
DA:229,1
DA:230,1
DA:231,1
DA:232,1
DA:233,1
DA:234,1
DA:237,1
DA:238,1
DA:239,1
DA:242,1
DA:243,1
DA:244,1
DA:245,1
DA:246,1
DA:247,1
DA:248,1
DA:249,1
DA:250,1
DA:251,1
DA:254,1
DA:256,1
DA:257,1
DA:258,1
DA:259,1
DA:260,1
DA:261,1
DA:262,1
DA:263,1
DA:264,0
DA:265,1
DA:266,1
DA:268,1
DA:269,1
DA:272,1
DA:273,0
DA:274,0
DA:275,0
DA:276,0
DA:277,0
DA:278,0
DA:280,0
DA:281,0
DA:285,1
DA:286,1
DA:287,1
DA:288,1
DA:289,1
DA:290,1
DA:292,1
DA:293,1
DA:294,1
DA:295,1
DA:296,1
DA:297,1
DA:298,1
DA:302,3
DA:303,3
DA:304,3
DA:305,3
DA:307,3
DA:309,1
LF:227
LH:139
BRDA:37,0,0,3
BRDA:169,1,0,0
BRDA:172,2,0,1
BRDA:184,3,0,0
BRDA:206,4,0,0
BRDA:222,5,0,1
BRDA:54,6,0,4
BRDA:55,7,0,0
BRDA:56,8,0,1
BRDA:56,9,0,3
BRDA:60,10,0,1
BRDA:62,11,0,0
BRDA:64,12,0,0
BRDA:66,13,0,0
BRDA:228,14,0,1
BRDA:233,15,0,0
BRDA:249,16,0,0
BRDA:263,17,0,0
BRDA:266,18,0,0
BRDA:272,19,0,0
BRF:20
BRH:8
end_of_record
TN:
SF:src/components/QALoop/LiveMonitor.tsx
FN:40,navigate
FN:45,click
FN:50,type
FN:55,test
FN:60,bug
FN:65,explore
FN:70,state
FN:75,note
FN:80,brain
FN:88,monitor
FN:93,expand
FN:98,compress
FN:103,clock
FN:108,dollar
FN:113,spark
FN:134,getToolConfig
FN:155,getPhaseConfig
FN:177,parseThinkingLines
FN:264,formatTime
FN:273,formatTimestamp
FN:280,safePathname
FN:288,LiveDot
FN:301,StatTile
FN:316,ActionRow
FN:358,running
FN:363,passed
FN:370,failed
FN:377,needsReview
FN:392,getDisplayStatus
FN:413,TestResultBadge
FN:464,LiveMonitor
FN:578,onClick
FN:609,onClick
FN:622,onError
FN:626,onLoad
FN:688,onClick
FN:749,onClick
FN:833,onClick
FNF:38
FNH:16
FNDA:9,navigate
FNDA:0,click
FNDA:0,type
FNDA:9,test
FNDA:9,bug
FNDA:1,explore
FNDA:0,state
FNDA:0,note
FNDA:9,brain
FNDA:10,monitor
FNDA:9,expand
FNDA:0,compress
FNDA:0,clock
FNDA:0,dollar
FNDA:18,spark
FNDA:1,getToolConfig
FNDA:9,getPhaseConfig
FNDA:9,parseThinkingLines
FNDA:0,formatTime
FNDA:1,formatTimestamp
FNDA:0,safePathname
FNDA:9,LiveDot
FNDA:36,StatTile
FNDA:1,ActionRow
FNDA:0,running
FNDA:0,passed
FNDA:0,failed
FNDA:0,needsReview
FNDA:0,getDisplayStatus
FNDA:0,TestResultBadge
FNDA:9,LiveMonitor
FNDA:0,onClick
FNDA:0,onClick
FNDA:0,onError
FNDA:0,onLoad
FNDA:0,onClick
FNDA:0,onClick
FNDA:0,onClick
DA:1,1
DA:39,1
DA:40,1
DA:41,9
DA:42,9
DA:43,9
DA:45,1
DA:46,0
DA:47,0
DA:48,0
DA:50,1
DA:51,0
DA:52,0
DA:53,0
DA:55,1
DA:56,9
DA:57,9
DA:58,9
DA:60,1
DA:61,9
DA:62,9
DA:63,9
DA:65,1
DA:66,1
DA:67,1
DA:68,1
DA:70,1
DA:71,0
DA:72,0
DA:73,0
DA:75,1
DA:76,0
DA:77,0
DA:78,0
DA:80,1
DA:81,9
DA:82,9
DA:83,9
DA:84,9
DA:85,9
DA:86,9
DA:88,1
DA:89,10
DA:90,10
DA:91,10
DA:93,1
DA:94,9
DA:95,9
DA:96,9
DA:98,1
DA:99,0
DA:100,0
DA:101,0
DA:103,1
DA:104,0
DA:105,0
DA:106,0
DA:108,1
DA:109,0
DA:110,0
DA:111,0
DA:113,1
DA:114,18
DA:115,18
DA:116,18
DA:118,1
DA:121,1
DA:122,1
DA:123,1
DA:124,1
DA:125,1
DA:126,1
DA:127,1
DA:128,1
DA:129,1
DA:130,1
DA:131,1
DA:132,1
DA:134,1
DA:135,1
DA:138,1
DA:139,1
DA:140,1
DA:141,1
DA:142,1
DA:143,1
DA:144,1
DA:145,1
DA:146,1
DA:147,1
DA:148,1
DA:149,1
DA:150,1
DA:151,1
DA:152,1
DA:153,1
DA:155,1
DA:156,9
DA:165,1
DA:166,1
DA:167,1
DA:168,1
DA:169,1
DA:170,1
DA:171,1
DA:172,1
DA:173,1
DA:174,1
DA:175,1
DA:177,9
DA:178,9
DA:179,1
DA:180,1
DA:181,1
DA:183,1
DA:184,1
DA:186,1
DA:188,1
DA:191,1
DA:192,0
DA:193,0
DA:194,0
DA:195,0
DA:196,0
DA:198,1
DA:199,0
DA:200,0
DA:201,0
DA:203,1
DA:204,0
DA:205,0
DA:206,0
DA:207,0
DA:208,0
DA:210,1
DA:211,0
DA:212,0
DA:213,0
DA:214,0
DA:215,0
DA:217,1
DA:218,0
DA:219,0
DA:220,0
DA:221,0
DA:222,0
DA:224,1
DA:225,0
DA:226,0
DA:227,0
DA:228,0
DA:229,0
DA:231,1
DA:232,0
DA:233,0
DA:234,0
DA:235,0
DA:236,0
DA:238,1
DA:239,0
DA:240,0
DA:241,0
DA:243,1
DA:244,1
DA:245,1
DA:246,1
DA:248,1
DA:249,1
DA:251,1
DA:252,1
DA:253,1
DA:254,1
DA:255,1
DA:256,1
DA:257,1
DA:258,1
DA:259,1
DA:260,1
DA:261,1
DA:264,0
DA:265,0
DA:266,0
DA:267,0
DA:268,0
DA:269,0
DA:270,0
DA:271,0
DA:273,1
DA:274,1
DA:275,1
DA:276,1
DA:277,1
DA:278,1
DA:280,0
DA:281,0
DA:282,0
DA:283,0
DA:288,1
DA:289,9
DA:290,9
DA:291,9
DA:292,9
DA:296,1
DA:301,1
DA:302,36
DA:303,36
DA:304,36
DA:305,36
DA:306,36
DA:307,36
DA:308,36
DA:309,36
DA:310,36
DA:314,1
DA:316,1
DA:317,1
DA:318,1
DA:319,1
DA:320,0
DA:321,1
DA:322,1
DA:323,0
DA:324,0
DA:325,0
DA:326,0
DA:327,0
DA:329,1
DA:330,1
DA:331,1
DA:332,1
DA:334,1
DA:335,1
DA:336,1
DA:337,1
DA:338,1
DA:339,1
DA:340,1
DA:341,1
DA:342,1
DA:343,1
DA:345,1
DA:346,1
DA:347,0
DA:348,1
DA:350,1
DA:351,1
DA:352,1
DA:354,1
DA:357,1
DA:358,1
DA:359,0
DA:360,0
DA:361,0
DA:363,1
DA:364,0
DA:365,0
DA:366,0
DA:367,0
DA:368,0
DA:370,1
DA:371,0
DA:372,0
DA:373,0
DA:374,0
DA:375,0
DA:377,1
DA:378,0
DA:379,0
DA:380,0
DA:381,0
DA:382,0
DA:383,0
DA:385,1
DA:392,0
DA:393,0
DA:394,0
DA:395,0
DA:396,0
DA:397,0
DA:398,0
DA:399,0
DA:400,0
DA:401,0
DA:403,1
DA:405,1
DA:406,1
DA:407,1
DA:408,1
DA:409,1
DA:410,1
DA:413,1
DA:414,0
DA:415,0
DA:416,0
DA:418,0
DA:419,0
DA:420,0
DA:421,0
DA:423,0
DA:424,0
DA:425,0
DA:426,0
DA:427,0
DA:428,0
DA:429,0
DA:430,0
DA:431,0
DA:432,0
DA:433,0
DA:435,0
DA:437,0
DA:464,1
DA:465,9
DA:466,9
DA:467,9
DA:468,9
DA:469,9
DA:470,9
DA:471,9
DA:472,9
DA:473,9
DA:474,9
DA:475,9
DA:476,9
DA:477,9
DA:478,9
DA:479,9
DA:480,9
DA:481,9
DA:482,9
DA:483,9
DA:484,9
DA:485,9
DA:486,9
DA:487,9
DA:488,9
DA:489,9
DA:490,9
DA:491,9
DA:494,9
DA:495,9
DA:496,0
DA:497,0
DA:498,0
DA:499,0
DA:500,9
DA:503,9
DA:504,9
DA:505,9
DA:506,9
DA:508,9
DA:509,9
DA:510,9
DA:511,9
DA:514,9
DA:515,9
DA:516,9
DA:518,9
DA:519,9
DA:522,9
DA:525,9
DA:527,9
DA:528,9
DA:531,9
DA:532,8
DA:533,8
DA:534,8
DA:535,8
DA:536,8
DA:537,8
DA:539,8
DA:540,8
DA:541,1
DA:542,1
DA:543,1
DA:545,1
DA:546,1
DA:548,8
DA:549,1
DA:551,8
DA:552,7
DA:553,7
DA:554,7
DA:556,8
DA:557,0
DA:558,0
DA:559,0
DA:561,8
DA:562,8
DA:566,9
DA:567,0
DA:568,0
DA:569,0
DA:570,0
DA:571,0
DA:572,0
DA:573,0
DA:574,0
DA:575,0
DA:576,0
DA:577,0
DA:578,0
DA:579,0
DA:581,0
DA:582,0
DA:583,0
DA:584,0
DA:588,9
DA:591,9
DA:593,9
DA:594,9
DA:595,9
DA:596,9
DA:597,9
DA:598,9
DA:599,9
DA:600,9
DA:601,9
DA:602,9
DA:603,9
DA:604,9
DA:605,9
DA:606,9
DA:607,9
DA:608,9
DA:609,9
DA:610,9
DA:612,9
DA:613,9
DA:614,9
DA:616,9
DA:617,9
DA:618,1
DA:619,1
DA:620,1
DA:621,1
DA:622,1
DA:623,0
DA:624,0
DA:625,0
DA:626,1
DA:627,0
DA:628,0
DA:629,1
DA:631,8
DA:632,8
DA:633,7
DA:635,1
DA:636,1
DA:637,1
DA:638,1
DA:639,1
DA:640,5
DA:641,1
DA:642,1
DA:643,1
DA:646,6
DA:647,6
DA:648,6
DA:650,6
DA:651,6
DA:652,6
DA:653,6
DA:654,6
DA:655,6
DA:658,1
DA:659,1
DA:660,1
DA:661,1
DA:663,8
DA:666,9
DA:667,1
DA:668,1
DA:669,1
DA:670,1
DA:672,9
DA:673,9
DA:676,9
DA:677,9
DA:679,9
DA:680,9
DA:681,9
DA:682,9
DA:683,1
DA:685,9
DA:686,9
DA:687,9
DA:688,9
DA:689,9
DA:691,9
DA:692,9
DA:693,9
DA:695,9
DA:696,9
DA:697,9
DA:698,9
DA:699,8
DA:700,8
DA:701,7
DA:702,7
DA:703,7
DA:704,7
DA:706,1
DA:708,8
DA:710,1
DA:711,1
DA:712,1
DA:713,1
DA:714,1
DA:715,1
DA:716,1
DA:717,1
DA:718,1
DA:719,1
DA:720,1
DA:722,1
DA:723,1
DA:724,1
DA:725,1
DA:727,1
DA:730,9
DA:731,1
DA:732,1
DA:733,1
DA:735,9
DA:737,0
DA:738,0
DA:739,0
DA:741,9
DA:745,9
DA:746,9
DA:747,9
DA:748,9
DA:749,9
DA:750,9
DA:752,9
DA:753,9
DA:754,9
DA:755,9
DA:758,9
DA:759,9
DA:760,9
DA:761,9
DA:762,9
DA:763,9
DA:764,9
DA:765,9
DA:766,9
DA:767,9
DA:768,0
DA:769,0
DA:770,0
DA:771,0
DA:772,0
DA:773,0
DA:774,0
DA:776,0
DA:777,0
DA:779,0
DA:780,0
DA:782,0
DA:784,0
DA:786,9
DA:789,9
DA:790,0
DA:791,0
DA:792,0
DA:793,0
DA:794,0
DA:795,0
DA:796,0
DA:797,0
DA:798,0
DA:799,0
DA:800,0
DA:801,0
DA:802,0
DA:803,0
DA:805,0
DA:806,0
DA:807,0
DA:808,0
DA:809,0
DA:810,0
DA:811,0
DA:812,0
DA:813,0
DA:814,0
DA:815,0
DA:817,0
DA:821,9
DA:822,9
DA:823,9
DA:824,9
DA:825,9
DA:826,1
DA:827,1
DA:828,1
DA:830,9
DA:831,9
DA:832,9
DA:833,9
DA:834,9
DA:836,9
DA:837,9
DA:838,9
DA:839,9
DA:840,9
DA:841,9
DA:842,8
DA:843,8
DA:844,8
DA:846,1
DA:847,1
DA:848,1
DA:849,1
DA:850,1
DA:851,1
DA:853,9
DA:855,9
DA:856,9
DA:858,9
LF:622
LH:426
BRDA:40,0,0,9
BRDA:55,1,0,9
BRDA:60,2,0,9
BRDA:65,3,0,1
BRDA:80,4,0,9
BRDA:88,5,0,10
BRDA:93,6,0,9
BRDA:113,7,0,18
BRDA:134,8,0,1
BRDA:155,9,0,9
BRDA:156,10,0,1
BRDA:156,11,0,8
BRDA:177,12,0,9
BRDA:178,13,0,8
BRDA:178,14,0,1
BRDA:186,15,0,0
BRDA:191,16,0,0
BRDA:198,17,0,0
BRDA:203,18,0,0
BRDA:210,19,0,0
BRDA:217,20,0,0
BRDA:224,21,0,0
BRDA:231,22,0,0
BRDA:238,23,0,0
BRDA:180,24,0,1
BRDA:186,25,0,9
BRDA:273,26,0,1
BRDA:277,27,0,0
BRDA:288,28,0,9
BRDA:291,29,0,0
BRDA:301,30,0,36
BRDA:316,31,0,1
BRDA:318,32,0,0
BRDA:319,33,0,0
BRDA:322,34,0,0
BRDA:346,35,0,0
BRDA:464,36,0,9
BRDA:518,37,0,8
BRDA:519,38,0,1
BRDA:519,39,0,8
BRDA:531,40,0,1
BRDA:531,41,0,8
BRDA:535,42,0,1
BRDA:535,43,0,7
BRDA:536,44,0,1
BRDA:536,45,0,7
BRDA:540,46,0,1
BRDA:548,47,0,1
BRDA:551,48,0,7
BRDA:551,49,0,7
BRDA:551,50,0,7
BRDA:556,51,0,0
BRDA:566,52,0,0
BRDA:566,53,0,0
BRDA:588,54,0,0
BRDA:602,55,0,8
BRDA:610,56,0,0
BRDA:612,57,0,0
BRDA:616,58,0,0
BRDA:617,59,0,1
BRDA:629,60,0,8
BRDA:632,61,0,7
BRDA:633,62,0,1
BRDA:643,63,0,6
BRDA:655,64,0,1
BRDA:666,65,0,8
BRDA:666,66,0,1
BRDA:682,67,0,1
BRDA:682,68,0,1
BRDA:691,69,0,0
BRDA:698,70,0,8
BRDA:700,71,0,7
BRDA:704,72,0,1
BRDA:708,73,0,1
BRDA:730,74,0,8
BRDA:730,75,0,1
BRDA:735,76,0,0
BRDA:767,77,0,0
BRDA:789,78,0,0
BRDA:825,79,0,1
BRDA:836,80,0,0
BRDA:841,81,0,8
BRDA:843,82,0,7
BRDA:843,83,0,1
BRDA:844,84,0,1
BRDA:494,85,0,9
BRDA:495,86,0,0
BRDA:495,87,0,0
BRDA:503,88,0,9
BRDA:508,89,0,9
BRDA:514,90,0,9
BRDA:522,91,0,9
BRDA:525,92,0,9
BRDA:639,93,0,5
BRDA:710,94,0,1
BRDA:719,95,0,0
BRDA:767,96,0,0
BRDA:794,97,0,0
BRDA:846,98,0,1
BRF:99
BRH:67
end_of_record
TN:
SF:src/components/QALoop/QualityDashboard.tsx
FN:84,QualityDashboard
FN:95,formatCost
FN:98,getAlertBadgeClasses
FN:107,getBudgetBarColor
FN:115,getTrendIcon
FN:123,getTrendColor
FN:140,getScoreColor
FN:147,getScoreBarColor
FN:154,getGaugeRotation
FNF:9
FNH:7
FNDA:6,QualityDashboard
FNDA:0,formatCost
FNDA:1,getAlertBadgeClasses
FNDA:0,getBudgetBarColor
FNDA:6,getTrendIcon
FNDA:6,getTrendColor
FNDA:54,getScoreColor
FNDA:54,getScoreBarColor
FNDA:12,getGaugeRotation
DA:1,1
DA:84,1
DA:85,6
DA:86,6
DA:87,6
DA:88,6
DA:89,6
DA:90,6
DA:91,6
DA:92,6
DA:95,6
DA:98,6
DA:99,1
DA:100,1
DA:101,1
DA:102,1
DA:103,1
DA:104,1
DA:105,1
DA:107,6
DA:108,0
DA:109,0
DA:110,0
DA:111,0
DA:112,0
DA:113,0
DA:115,6
DA:116,6
DA:117,6
DA:118,6
DA:119,6
DA:120,6
DA:121,6
DA:123,6
DA:124,6
DA:125,6
DA:126,6
DA:127,6
DA:128,6
DA:129,6
DA:132,6
DA:133,6
DA:134,6
DA:135,6
DA:136,6
DA:137,6
DA:138,6
DA:140,6
DA:141,54
DA:142,54
DA:143,6
DA:144,0
DA:145,54
DA:147,6
DA:148,54
DA:149,54
DA:150,6
DA:151,0
DA:152,54
DA:154,6
DA:156,12
DA:157,12
DA:159,6
DA:161,6
DA:162,6
DA:164,6
DA:166,6
DA:168,6
DA:169,6
DA:172,6
DA:173,6
DA:174,6
DA:175,6
DA:176,6
DA:177,6
DA:178,6
DA:179,6
DA:180,6
DA:183,6
DA:184,6
DA:185,6
DA:186,6
DA:187,6
DA:188,6
DA:189,6
DA:190,6
DA:191,6
DA:192,6
DA:193,6
DA:194,6
DA:195,6
DA:198,6
DA:199,6
DA:202,6
DA:203,6
DA:204,6
DA:205,6
DA:206,6
DA:207,6
DA:208,6
DA:209,6
DA:210,6
DA:211,6
DA:214,6
DA:215,6
DA:216,6
DA:217,6
DA:218,6
DA:219,0
DA:220,0
DA:221,0
DA:223,6
DA:225,6
DA:226,6
DA:227,6
DA:230,6
DA:231,6
DA:232,6
DA:233,6
DA:234,6
DA:235,6
DA:236,6
DA:237,6
DA:238,30
DA:239,30
DA:240,30
DA:242,30
DA:243,30
DA:244,30
DA:245,30
DA:246,30
DA:247,30
DA:248,30
DA:249,30
DA:251,30
DA:252,30
DA:253,30
DA:254,30
DA:256,6
DA:257,6
DA:260,6
DA:261,6
DA:262,6
DA:263,6
DA:264,6
DA:265,6
DA:266,6
DA:267,6
DA:268,6
DA:269,6
DA:270,6
DA:271,6
DA:272,6
DA:273,6
DA:274,6
DA:276,6
DA:277,6
DA:278,6
DA:279,6
DA:280,6
DA:282,6
DA:283,6
DA:284,6
DA:285,6
DA:286,6
DA:288,6
DA:289,6
DA:290,6
DA:291,6
DA:292,6
DA:294,6
DA:295,0
DA:296,0
DA:297,0
DA:298,0
DA:300,6
DA:301,6
DA:302,6
DA:305,6
DA:306,1
DA:307,1
DA:308,1
DA:309,1
DA:310,1
DA:311,1
DA:312,1
DA:313,1
DA:314,1
DA:315,1
DA:316,0
DA:317,0
DA:318,1
DA:319,1
DA:322,1
DA:323,0
DA:324,0
DA:325,0
DA:326,0
DA:327,0
DA:328,0
DA:329,0
DA:330,0
DA:331,0
DA:332,0
DA:333,0
DA:334,0
DA:335,0
DA:336,0
DA:337,0
DA:341,1
DA:343,1
DA:344,0
DA:345,0
DA:346,0
DA:347,0
DA:348,0
DA:349,0
DA:350,0
DA:351,0
DA:352,0
DA:353,0
DA:354,0
DA:355,0
DA:356,0
DA:358,0
DA:359,0
DA:361,0
DA:362,0
DA:366,1
DA:367,0
DA:368,0
DA:369,0
DA:370,0
DA:371,0
DA:372,0
DA:373,0
DA:374,0
DA:375,0
DA:376,0
DA:377,0
DA:378,0
DA:379,0
DA:381,0
DA:382,0
DA:384,0
DA:385,0
DA:387,1
DA:390,1
DA:391,0
DA:392,0
DA:393,0
DA:394,0
DA:395,0
DA:396,0
DA:400,1
DA:401,0
DA:402,0
DA:403,0
DA:404,0
DA:405,0
DA:406,0
DA:408,1
DA:409,1
DA:413,6
DA:414,6
DA:415,6
DA:416,6
DA:417,6
DA:418,6
DA:420,6
DA:421,6
DA:422,18
DA:423,18
DA:424,18
DA:425,18
DA:426,18
DA:427,18
DA:428,18
DA:429,18
DA:431,6
DA:432,6
DA:435,6
DA:436,6
DA:437,18
DA:438,18
DA:439,18
DA:440,18
DA:441,18
DA:442,18
DA:443,18
DA:444,6
DA:445,6
DA:446,6
DA:447,6
DA:450,6
DA:451,6
DA:452,6
DA:453,6
DA:454,6
DA:455,6
DA:456,6
DA:457,6
DA:458,6
DA:459,0
DA:460,0
DA:461,0
DA:463,6
DA:465,6
DA:466,6
DA:467,6
DA:469,6
DA:471,1
LF:312
LH:231
BRDA:84,0,0,6
BRDA:191,1,0,0
BRDA:218,2,0,0
BRDA:294,3,0,0
BRDA:305,4,0,1
BRDA:314,5,0,0
BRDA:315,6,0,0
BRDA:322,7,0,0
BRDA:343,8,0,0
BRDA:366,9,0,0
BRDA:390,10,0,0
BRDA:390,11,0,0
BRDA:400,12,0,0
BRDA:458,13,0,0
BRDA:98,14,0,1
BRDA:100,15,0,0
BRDA:101,16,0,0
BRDA:103,17,0,0
BRDA:115,18,0,6
BRDA:118,19,0,0
BRDA:119,20,0,0
BRDA:123,21,0,6
BRDA:126,22,0,0
BRDA:127,23,0,0
BRDA:140,24,0,54
BRDA:141,25,0,12
BRDA:141,26,0,42
BRDA:142,27,0,36
BRDA:142,28,0,6
BRDA:143,29,0,0
BRDA:147,30,0,54
BRDA:148,31,0,12
BRDA:148,32,0,42
BRDA:149,33,0,36
BRDA:149,34,0,6
BRDA:150,35,0,0
BRDA:154,36,0,12
BRDA:237,37,0,30
BRDA:242,38,0,0
BRDA:245,39,0,0
BRDA:246,40,0,0
BRDA:251,41,0,0
BRDA:252,42,0,0
BRDA:421,43,0,18
BRDA:436,44,0,18
BRF:45
BRH:19
end_of_record
TN:
SF:src/components/QALoop/ReportTab.tsx
FN:39,QualityBadge
FN:62,AgentSection
FN:102,ClusterCard
FN:144,ReportTab
FNF:4
FNH:4
FNDA:3,QualityBadge
FNDA:12,AgentSection
FNDA:3,ClusterCard
FNDA:4,ReportTab
DA:1,1
DA:39,3
DA:40,3
DA:41,3
DA:42,3
DA:43,3
DA:44,0
DA:45,0
DA:46,3
DA:47,3
DA:48,3
DA:49,3
DA:50,0
DA:51,0
DA:52,0
DA:54,3
DA:55,3
DA:56,3
DA:57,3
DA:58,3
DA:60,3
DA:62,12
DA:63,12
DA:64,12
DA:65,12
DA:66,12
DA:67,12
DA:68,12
DA:69,12
DA:70,12
DA:72,12
DA:73,12
DA:74,12
DA:75,12
DA:76,12
DA:77,12
DA:78,12
DA:79,12
DA:81,12
DA:82,12
DA:83,12
DA:84,12
DA:85,12
DA:86,12
DA:87,12
DA:88,12
DA:89,12
DA:90,12
DA:91,12
DA:93,12
DA:94,12
DA:95,12
DA:96,12
DA:97,12
DA:98,12
DA:99,12
DA:100,12
DA:102,3
DA:103,3
DA:104,3
DA:105,3
DA:106,3
DA:107,3
DA:108,3
DA:110,3
DA:111,3
DA:112,3
DA:113,3
DA:114,3
DA:115,3
DA:116,3
DA:117,3
DA:118,3
DA:119,3
DA:120,0
DA:121,3
DA:122,3
DA:124,3
DA:125,3
DA:126,3
DA:127,3
DA:128,3
DA:129,6
DA:130,6
DA:131,6
DA:132,6
DA:133,3
DA:134,3
DA:135,3
DA:136,3
DA:138,3
DA:144,1
DA:145,4
DA:147,4
DA:148,1
DA:149,1
DA:150,1
DA:151,1
DA:152,1
DA:154,1
DA:156,3
DA:157,3
DA:158,0
DA:160,4
DA:161,4
DA:163,4
DA:164,4
DA:165,4
DA:166,4
DA:167,4
DA:168,4
DA:169,4
DA:172,4
DA:173,3
DA:174,3
DA:175,3
DA:176,3
DA:177,12
DA:178,12
DA:179,12
DA:180,12
DA:181,12
DA:182,12
DA:183,12
DA:184,12
DA:185,12
DA:186,12
DA:187,12
DA:188,12
DA:190,12
DA:191,3
DA:192,3
DA:193,3
DA:196,4
DA:199,4
DA:200,3
DA:201,3
DA:202,3
DA:203,3
DA:204,3
DA:205,3
DA:206,3
DA:207,3
DA:208,3
DA:209,3
DA:210,3
DA:214,4
DA:215,3
DA:216,3
DA:217,3
DA:218,3
DA:219,9
DA:220,9
DA:221,9
DA:222,9
DA:223,3
DA:224,3
DA:225,3
DA:227,4
DA:229,4
LF:160
LH:153
BRDA:39,0,0,3
BRDA:43,1,0,0
BRDA:49,2,0,0
BRDA:62,3,0,12
BRDA:82,4,0,3
BRDA:83,5,0,3
BRDA:84,6,0,0
BRDA:85,7,0,0
BRDA:86,8,0,0
BRDA:87,9,0,0
BRDA:88,10,0,0
BRDA:89,11,0,0
BRDA:90,12,0,0
BRDA:91,13,0,0
BRDA:95,14,0,0
BRDA:96,15,0,0
BRDA:102,16,0,3
BRDA:111,17,0,0
BRDA:113,18,0,0
BRDA:119,19,0,0
BRDA:128,20,0,6
BRDA:144,21,0,4
BRDA:147,22,0,1
BRDA:154,23,0,3
BRDA:157,24,0,0
BRDA:172,25,0,3
BRDA:199,26,0,3
BRDA:199,27,0,3
BRDA:214,28,0,3
BRDA:214,29,0,3
BRDA:157,30,0,12
BRDA:176,31,0,12
BRDA:206,32,0,3
BRDA:218,33,0,9
BRF:34
BRH:18
end_of_record
TN:
SF:src/components/QALoop/ResultsTabs.tsx
FN:23,safePathname
FN:45,ResultsTabs
FN:52,severityColor
FN:62,statusIcon
FN:69,statusLabel
FN:76,statusColor
FN:149,onClick
FN:160,onValueChange
FNF:8
FNH:2
FNDA:0,safePathname
FNDA:5,ResultsTabs
FNDA:0,severityColor
FNDA:4,statusIcon
FNDA:0,statusLabel
FNDA:0,statusColor
FNDA:0,onClick
FNDA:0,onValueChange
DA:1,1
DA:23,0
DA:24,0
DA:25,0
DA:26,0
DA:27,0
DA:28,0
DA:29,0
DA:30,0
DA:45,1
DA:46,5
DA:47,5
DA:48,5
DA:49,5
DA:50,5
DA:52,5
DA:53,0
DA:54,0
DA:55,0
DA:56,0
DA:57,0
DA:58,0
DA:59,0
DA:60,0
DA:62,5
DA:63,4
DA:64,4
DA:65,4
DA:66,4
DA:67,4
DA:69,5
DA:70,0
DA:71,0
DA:72,0
DA:73,0
DA:74,0
DA:76,5
DA:77,0
DA:78,0
DA:79,0
DA:80,0
DA:81,0
DA:83,5
DA:86,5
DA:87,5
DA:88,5
DA:89,5
DA:90,5
DA:91,5
DA:92,5
DA:93,5
DA:95,5
DA:96,5
DA:98,5
DA:99,4
DA:100,4
DA:101,4
DA:102,4
DA:103,4
DA:104,4
DA:105,4
DA:106,4
DA:107,4
DA:108,4
DA:109,4
DA:110,4
DA:111,4
DA:112,4
DA:113,4
DA:114,4
DA:115,4
DA:117,4
DA:118,4
DA:119,4
DA:120,4
DA:121,4
DA:122,4
DA:123,4
DA:124,4
DA:125,4
DA:126,4
DA:127,4
DA:128,4
DA:130,4
DA:132,4
DA:133,4
DA:134,4
DA:135,4
DA:136,4
DA:137,0
DA:139,4
DA:140,4
DA:143,4
DA:144,0
DA:145,0
DA:146,0
DA:147,0
DA:148,0
DA:149,0
DA:150,0
DA:152,0
DA:153,0
DA:154,0
DA:156,4
DA:157,4
DA:160,5
DA:161,5
DA:162,5
DA:163,5
DA:164,5
DA:165,5
DA:166,5
DA:167,5
DA:168,5
DA:169,5
DA:170,5
DA:171,5
DA:172,5
DA:173,5
DA:174,5
DA:175,5
DA:176,5
DA:177,5
DA:178,5
DA:179,5
DA:180,5
DA:181,5
DA:182,5
DA:183,0
DA:184,0
DA:185,0
DA:186,0
DA:188,5
DA:190,5
DA:191,5
DA:192,5
DA:193,5
DA:194,0
DA:195,4
DA:196,4
DA:197,4
DA:198,4
DA:199,4
DA:200,4
DA:201,4
DA:202,4
DA:203,4
DA:204,4
DA:205,4
DA:206,4
DA:207,4
DA:208,4
DA:209,4
DA:210,4
DA:211,4
DA:212,4
DA:213,4
DA:214,0
DA:215,0
DA:216,0
DA:218,4
DA:219,4
DA:220,4
DA:221,4
DA:222,5
DA:223,5
DA:225,5
DA:226,5
DA:227,5
DA:228,0
DA:229,4
DA:230,4
DA:231,4
DA:232,5
DA:233,5
DA:235,5
DA:236,5
DA:237,5
DA:238,0
DA:239,4
DA:240,4
DA:241,4
DA:242,4
DA:243,4
DA:244,4
DA:245,4
DA:246,4
DA:247,0
DA:249,4
DA:250,4
DA:251,4
DA:252,4
DA:253,4
DA:254,4
DA:255,4
DA:257,4
DA:258,4
DA:259,4
DA:260,4
DA:261,4
DA:262,4
DA:263,5
DA:264,5
DA:266,5
DA:267,5
DA:268,5
DA:270,5
DA:271,5
DA:272,5
DA:273,5
DA:274,5
DA:275,5
DA:277,5
LF:213
LH:165
BRDA:45,0,0,5
BRDA:98,1,0,0
BRDA:98,2,0,0
BRDA:98,3,0,4
BRDA:111,4,0,0
BRDA:112,5,0,0
BRDA:113,6,0,0
BRDA:114,7,0,0
BRDA:123,8,0,0
BRDA:124,9,0,0
BRDA:125,10,0,0
BRDA:127,11,0,0
BRDA:127,12,0,0
BRDA:127,13,0,0
BRDA:136,14,0,0
BRDA:143,15,0,0
BRDA:143,16,0,0
BRDA:182,17,0,0
BRDA:193,18,0,0
BRDA:194,19,0,4
BRDA:227,20,0,0
BRDA:228,21,0,4
BRDA:237,22,0,0
BRDA:238,23,0,4
BRDA:62,24,0,4
BRDA:63,25,0,0
BRDA:64,26,0,0
BRDA:65,27,0,0
BRDA:86,28,0,4
BRDA:87,29,0,4
BRDA:88,30,0,4
BRDA:90,31,0,4
BRDA:92,32,0,4
BRDA:93,33,0,4
BRDA:195,34,0,4
BRDA:210,35,0,0
BRDA:212,36,0,0
BRDA:213,37,0,0
BRDA:229,38,0,4
BRDA:239,39,0,4
BRDA:246,40,0,0
BRDA:251,41,0,0
BRDA:259,42,0,0
BRF:43
BRH:15
end_of_record
TN:
SF:src/components/QALoop/SessionForm.tsx
FN:120,SessionForm
FN:153,onChange
FN:163,onValueChange
FN:190,onValueChange
FN:214,onCheckedChange
FN:245,onClick
FN:254,onClick
FN:279,onClick
FN:288,onClick
FN:329,onValueChange
FN:350,onValueChange
FN:363,onChange
FN:403,onChange
FN:418,onChange
FN:425,onClick
FN:441,onChange
FN:456,onChange
FN:463,onChange
FN:470,onChange
FN:487,onChange
FN:544,onValueChange
FN:592,onClick
FN:620,onClick
FN:631,onClick
FNF:24
FNH:1
FNDA:14,SessionForm
FNDA:0,onChange
FNDA:0,onValueChange
FNDA:0,onValueChange
FNDA:0,onCheckedChange
FNDA:0,onClick
FNDA:0,onClick
FNDA:0,onClick
FNDA:0,onClick
FNDA:0,onValueChange
FNDA:0,onValueChange
FNDA:0,onChange
FNDA:0,onChange
FNDA:0,onChange
FNDA:0,onClick
FNDA:0,onChange
FNDA:0,onChange
FNDA:0,onChange
FNDA:0,onChange
FNDA:0,onChange
FNDA:0,onValueChange
FNDA:0,onClick
FNDA:0,onClick
FNDA:0,onClick
DA:1,1
DA:120,1
DA:121,14
DA:122,14
DA:123,14
DA:124,14
DA:125,14
DA:126,14
DA:127,14
DA:128,14
DA:129,14
DA:130,14
DA:131,14
DA:132,14
DA:133,14
DA:134,14
DA:135,14
DA:136,14
DA:137,14
DA:138,14
DA:139,14
DA:140,14
DA:142,14
DA:143,14
DA:145,14
DA:146,14
DA:147,14
DA:148,14
DA:149,14
DA:150,14
DA:151,14
DA:152,14
DA:153,14
DA:154,14
DA:155,14
DA:156,14
DA:159,14
DA:160,14
DA:161,14
DA:162,14
DA:163,14
DA:165,14
DA:166,14
DA:167,14
DA:168,14
DA:169,14
DA:170,0
DA:172,14
DA:173,14
DA:174,14
DA:175,14
DA:176,0
DA:177,0
DA:178,0
DA:179,14
DA:180,14
DA:181,14
DA:182,14
DA:186,14
DA:187,0
DA:188,0
DA:189,0
DA:190,0
DA:191,0
DA:192,0
DA:194,0
DA:195,0
DA:196,0
DA:197,0
DA:198,0
DA:199,0
DA:200,0
DA:201,0
DA:202,0
DA:203,0
DA:204,0
DA:205,0
DA:209,14
DA:210,14
DA:211,14
DA:212,14
DA:213,14
DA:214,14
DA:215,14
DA:216,14
DA:217,14
DA:218,14
DA:219,14
DA:220,0
DA:221,0
DA:222,0
DA:223,0
DA:225,14
DA:229,14
DA:230,0
DA:231,0
DA:232,0
DA:233,0
DA:234,0
DA:235,0
DA:236,0
DA:237,0
DA:238,0
DA:239,0
DA:240,0
DA:241,0
DA:242,0
DA:243,0
DA:244,0
DA:245,0
DA:246,0
DA:248,0
DA:249,0
DA:250,0
DA:251,0
DA:252,0
DA:253,0
DA:254,0
DA:255,0
DA:257,0
DA:258,0
DA:259,0
DA:260,0
DA:261,0
DA:262,0
DA:264,14
DA:267,14
DA:268,14
DA:270,14
DA:271,14
DA:272,14
DA:273,14
DA:274,14
DA:275,14
DA:276,14
DA:277,14
DA:278,14
DA:279,14
DA:280,14
DA:282,14
DA:283,14
DA:284,14
DA:285,14
DA:286,14
DA:287,14
DA:288,14
DA:289,14
DA:291,14
DA:292,14
DA:293,14
DA:294,14
DA:295,14
DA:296,14
DA:297,14
DA:298,14
DA:299,14
DA:300,14
DA:301,14
DA:302,14
DA:303,14
DA:305,14
DA:309,14
DA:310,14
DA:311,14
DA:312,14
DA:313,14
DA:314,14
DA:315,14
DA:316,14
DA:317,14
DA:318,14
DA:319,14
DA:320,14
DA:321,14
DA:322,14
DA:323,14
DA:324,14
DA:325,14
DA:326,14
DA:327,14
DA:328,14
DA:329,14
DA:331,14
DA:332,14
DA:333,14
DA:334,14
DA:335,14
DA:336,14
DA:337,14
DA:338,14
DA:339,14
DA:340,14
DA:343,14
DA:344,14
DA:345,14
DA:346,14
DA:347,14
DA:348,14
DA:349,14
DA:350,14
DA:351,14
DA:352,14
DA:355,14
DA:356,14
DA:357,14
DA:358,14
DA:359,14
DA:360,14
DA:361,14
DA:362,14
DA:363,14
DA:364,14
DA:365,14
DA:366,14
DA:369,14
DA:370,14
DA:372,14
DA:373,14
DA:374,14
DA:375,14
DA:376,14
DA:377,14
DA:378,14
DA:379,14
DA:380,14
DA:381,14
DA:382,14
DA:383,14
DA:384,14
DA:385,14
DA:387,14
DA:388,0
DA:389,0
DA:390,0
DA:391,0
DA:393,0
DA:394,0
DA:395,0
DA:396,0
DA:397,0
DA:398,0
DA:399,0
DA:400,0
DA:401,0
DA:402,0
DA:403,0
DA:404,0
DA:405,0
DA:406,0
DA:407,0
DA:409,0
DA:410,0
DA:411,0
DA:412,0
DA:413,0
DA:414,0
DA:415,0
DA:416,0
DA:417,0
DA:418,0
DA:419,0
DA:420,0
DA:421,0
DA:422,0
DA:423,0
DA:424,0
DA:425,0
DA:426,0
DA:428,0
DA:429,0
DA:430,0
DA:431,0
DA:433,0
DA:434,0
DA:435,0
DA:436,0
DA:437,0
DA:438,0
DA:439,0
DA:440,0
DA:441,0
DA:442,0
DA:443,0
DA:445,0
DA:446,0
DA:447,0
DA:448,0
DA:449,0
DA:450,0
DA:451,0
DA:452,0
DA:453,0
DA:454,0
DA:455,0
DA:456,0
DA:457,0
DA:458,0
DA:459,0
DA:460,0
DA:461,0
DA:462,0
DA:463,0
DA:464,0
DA:465,0
DA:466,0
DA:467,0
DA:468,0
DA:469,0
DA:470,0
DA:471,0
DA:472,0
DA:473,0
DA:474,0
DA:475,0
DA:476,0
DA:477,0
DA:479,14
DA:482,14
DA:483,14
DA:484,14
DA:485,14
DA:486,14
DA:487,14
DA:488,14
DA:489,14
DA:490,14
DA:493,14
DA:494,14
DA:495,14
DA:496,14
DA:497,14
DA:498,14
DA:499,14
DA:500,14
DA:501,14
DA:502,14
DA:503,14
DA:504,14
DA:506,14
DA:507,14
DA:508,14
DA:509,14
DA:510,14
DA:513,14
DA:514,14
DA:515,14
DA:516,14
DA:517,14
DA:519,14
DA:521,14
DA:522,14
DA:523,14
DA:524,14
DA:525,14
DA:526,14
DA:527,14
DA:530,14
DA:531,14
DA:532,14
DA:533,14
DA:534,14
DA:535,14
DA:536,14
DA:537,14
DA:538,14
DA:540,14
DA:541,14
DA:542,14
DA:543,14
[...]
DA:270,0
DA:271,0
DA:272,0
DA:273,0
DA:274,0
DA:275,0
DA:276,0
DA:277,0
DA:278,0
DA:280,0
DA:281,0
DA:282,0
DA:283,0
DA:284,0
DA:285,0
DA:286,0
DA:287,0
DA:288,0
DA:289,0
DA:290,0
DA:291,0
DA:292,0
DA:293,0
DA:296,0
DA:298,0
DA:299,0
DA:300,0
DA:301,0
DA:302,0
DA:303,0
DA:304,0
DA:305,0
DA:306,0
DA:308,0
DA:309,0
DA:310,0
DA:311,0
DA:312,0
DA:313,0
DA:314,0
DA:315,0
DA:316,0
DA:317,0
DA:318,0
DA:319,0
DA:320,0
DA:321,0
DA:322,0
DA:324,0
DA:325,0
DA:328,0
DA:329,0
DA:330,0
DA:331,0
DA:332,0
DA:333,0
DA:334,0
DA:335,0
DA:336,0
DA:338,0
DA:339,0
DA:340,0
DA:341,0
DA:342,0
DA:343,0
DA:344,0
DA:345,0
DA:346,0
DA:347,0
DA:348,0
DA:349,0
DA:351,0
DA:352,0
DA:353,0
DA:356,0
DA:357,0
DA:358,0
DA:359,0
DA:360,0
DA:361,0
DA:362,0
DA:363,0
DA:364,0
DA:365,0
DA:367,0
DA:369,0
DA:370,0
DA:371,0
DA:372,0
DA:373,0
DA:374,0
DA:375,0
DA:376,0
DA:377,0
DA:378,0
DA:379,0
DA:380,0
DA:381,0
DA:382,0
DA:383,0
DA:384,0
DA:385,0
DA:386,0
DA:387,0
DA:388,0
DA:389,0
DA:390,0
DA:391,0
DA:392,0
DA:393,0
DA:394,0
DA:395,0
DA:396,0
DA:397,0
DA:398,0
DA:399,0
DA:400,0
DA:403,0
DA:404,0
DA:405,0
DA:406,0
DA:407,0
DA:408,0
DA:409,0
DA:410,0
DA:411,0
DA:412,0
DA:413,0
DA:414,0
DA:415,0
DA:416,0
DA:417,0
DA:418,0
DA:419,0
DA:420,0
DA:421,0
DA:422,0
DA:424,0
DA:425,0
DA:426,0
DA:427,0
DA:428,0
DA:430,0
DA:432,0
DA:433,0
DA:434,0
DA:436,0
DA:438,0
DA:439,0
DA:440,0
DA:442,0
LF:346
LH:7
BRF:0
BRH:0
end_of_record
TN:
SF:src/providers/FeatureFlagsProvider.tsx
FN:17,FeatureFlagsProvider
FN:48,handleFocus
FN:64,useFeatureFlagsContext
FNF:3
FNH:2
FNDA:10,FeatureFlagsProvider
FNDA:0,handleFocus
FNDA:12,useFeatureFlagsContext
DA:1,1
DA:13,1
DA:15,1
DA:17,1
DA:18,10
DA:19,10
DA:20,10
DA:21,10
DA:23,10
DA:24,4
DA:25,4
DA:26,3
DA:27,3
DA:28,3
DA:29,4
DA:31,4
DA:32,4
DA:33,4
DA:34,10
DA:36,10
DA:37,4
DA:38,1
DA:39,1
DA:40,1
DA:41,1
DA:43,3
DA:44,3
DA:46,3
DA:48,3
DA:49,3
DA:51,3
DA:52,3
DA:53,3
DA:54,3
DA:55,10
DA:57,10
DA:58,10
DA:59,10
DA:60,10
DA:62,10
DA:64,1
DA:65,12
DA:66,12
DA:67,8
DA:68,8
LF:45
LH:45
BRDA:17,0,0,10
BRDA:23,1,0,4
BRDA:25,2,0,3
BRDA:29,3,0,1
BRDA:36,4,0,4
BRDA:37,5,0,1
BRDA:41,6,0,3
BRDA:51,7,0,3
BRDA:64,8,0,12
BRDA:66,9,0,4
BRDA:66,10,0,8
BRF:11
BRH:11
end_of_record
TN:
SF:src/services/api.ts
FN:43,apiClient.interceptors.response.use.status
FN:80,checkHealth
FN:90,generateTests
FN:101,runTest
FN:114,executeTest
FN:126,getExecutionResult
FN:136,getExecutions
FN:163,getExecutionById
FN:173,stopExecution
FN:183,getTestResults
FN:193,getTestCases
FN:199,updateTestCase
FN:205,deleteTestCase
FN:210,getFlowData
FN:229,getProjects
FN:237,getProject
FN:243,createProject
FN:253,updateProject
FN:262,deleteProject
FN:268,getProjectContext
FN:273,updateProjectPrd
FN:277,resetProjectContext
FN:294,getProjectTestCasesByCategory
FN:313,getUserStories
FN:325,getUserStory
FN:331,createUserStory
FN:343,updateUserStory
FN:355,deleteUserStory
FN:373,generateTestsWithContext
FN:399,getFolders
FN:405,createFolder
FN:417,updateFolder
FN:426,deleteFolder
FN:431,assignUserStoryToFolder
FN:463,getDashboardStats
FN:481,getEnvironments
FN:487,createEnvironment
FN:497,updateEnvironment
FN:506,deleteEnvironment
FN:515,getTestCaseBaselines
FN:523,getBaselineHistory
FN:534,createBaseline
FN:546,setBaselineLock
FN:559,getExecutionVisualComparisons
FN:569,getVisualRegressions
FN:588,setVisualRegressionIgnored
FN:601,getBillingSubscription
FN:606,getBillingCredits
FN:611,getBillingCreditsHistory
FN:616,getBillingUsage
FN:621,getPublicPlans
FN:626,createCheckoutSession
FN:631,createPortalSession
FN:636,getBillingInvoices
FN:641,cancelSubscription
FN:646,reactivateSubscription
FN:653,getUsageSummary
FN:658,getUsageByDay
FN:663,getUsageRecent
FN:668,getUsageExportCsvUrl
FN:673,requestDataExport
FN:678,pollExportStatus
FN:685,getProfile
FN:690,updateProfile
FN:695,changePassword
FN:700,getOrganization
FN:705,updateOrganization
FN:710,getOrganizationMembers
FN:715,inviteOrganizationMember
FN:720,removeOrganizationMember
FN:725,transferOrganizationOwnership
FN:730,getApiKeys
FN:735,createApiKey
FN:740,rotateApiKey
FN:745,revokeApiKey
FN:750,updateLanguage
FN:755,getNotificationPreferences
FN:760,updateNotificationPreferences
FN:765,exportUserData
FN:770,deleteAccount
FN:777,forgotPassword
FN:782,resetPassword
FNF:82
FNH:34
FNDA:0,apiClient.interceptors.response.use.status
FNDA:3,checkHealth
FNDA:1,generateTests
FNDA:1,runTest
FNDA:0,executeTest
FNDA:1,getExecutionResult
FNDA:1,getExecutions
FNDA:0,getExecutionById
FNDA:1,stopExecution
FNDA:0,getTestResults
FNDA:1,getTestCases
FNDA:1,updateTestCase
FNDA:1,deleteTestCase
FNDA:0,getFlowData
FNDA:1,getProjects
FNDA:1,getProject
FNDA:1,createProject
FNDA:1,updateProject
FNDA:1,deleteProject
FNDA:0,getProjectContext
FNDA:0,updateProjectPrd
FNDA:0,resetProjectContext
FNDA:0,getProjectTestCasesByCategory
FNDA:1,getUserStories
FNDA:0,getUserStory
FNDA:1,createUserStory
FNDA:1,updateUserStory
FNDA:1,deleteUserStory
FNDA:0,generateTestsWithContext
FNDA:0,getFolders
FNDA:0,createFolder
FNDA:0,updateFolder
FNDA:0,deleteFolder
FNDA:0,assignUserStoryToFolder
FNDA:1,getDashboardStats
FNDA:1,getEnvironments
FNDA:1,createEnvironment
FNDA:1,updateEnvironment
FNDA:1,deleteEnvironment
FNDA:0,getTestCaseBaselines
FNDA:0,getBaselineHistory
FNDA:0,createBaseline
FNDA:0,setBaselineLock
FNDA:4,getExecutionVisualComparisons
FNDA:0,getVisualRegressions
FNDA:0,setVisualRegressionIgnored
FNDA:1,getBillingSubscription
FNDA:1,getBillingCredits
FNDA:0,getBillingCreditsHistory
FNDA:0,getBillingUsage
FNDA:1,getPublicPlans
FNDA:1,createCheckoutSession
FNDA:0,createPortalSession
FNDA:0,getBillingInvoices
FNDA:1,cancelSubscription
FNDA:0,reactivateSubscription
FNDA:0,getUsageSummary
FNDA:0,getUsageByDay
FNDA:0,getUsageRecent
FNDA:0,getUsageExportCsvUrl
FNDA:0,requestDataExport
FNDA:0,pollExportStatus
FNDA:1,getProfile
FNDA:1,updateProfile
FNDA:1,changePassword
FNDA:0,getOrganization
FNDA:0,updateOrganization
FNDA:0,getOrganizationMembers
FNDA:0,inviteOrganizationMember
FNDA:0,removeOrganizationMember
FNDA:0,transferOrganizationOwnership
FNDA:0,getApiKeys
FNDA:0,createApiKey
FNDA:0,rotateApiKey
FNDA:0,revokeApiKey
FNDA:0,updateLanguage
FNDA:0,getNotificationPreferences
FNDA:0,updateNotificationPreferences
FNDA:0,exportUserData
FNDA:0,deleteAccount
FNDA:1,forgotPassword
FNDA:1,resetPassword
DA:1,1
DA:15,1
DA:16,1
DA:17,1
DA:18,1
DA:19,1
DA:20,1
DA:21,1
DA:26,1
DA:27,8
DA:28,8
DA:29,0
DA:30,0
DA:31,0
DA:32,8
DA:33,8
DA:34,0
DA:35,0
DA:36,0
DA:37,8
DA:38,8
DA:42,1
DA:43,1
DA:44,1
DA:45,8
DA:46,8
DA:47,8
DA:49,8
DA:50,0
DA:51,0
DA:52,0
DA:53,0
DA:54,0
DA:55,0
DA:56,0
DA:57,0
DA:58,0
DA:61,8
DA:62,0
DA:63,0
DA:64,0
DA:65,8
DA:66,0
DA:67,0
DA:68,0
DA:69,8
DA:70,0
DA:71,0
DA:72,0
DA:73,0
DA:75,8
DA:76,8
DA:77,1
DA:80,1
DA:81,3
DA:82,3
DA:83,2
DA:84,3
DA:85,1
DA:86,1
DA:87,3
DA:90,1
DA:91,1
DA:92,1
DA:93,1
DA:94,1
DA:95,1
DA:96,1
DA:97,1
DA:98,1
DA:101,1
DA:102,1
DA:103,1
DA:104,1
DA:105,1
DA:106,1
DA:107,1
DA:108,1
DA:109,1
DA:114,1
DA:115,0
DA:116,0
DA:117,0
DA:118,0
DA:119,0
DA:120,0
DA:121,0
DA:122,0
DA:123,0
DA:126,1
DA:127,1
DA:128,1
DA:129,1
DA:130,1
DA:131,1
DA:132,1
DA:133,1
DA:136,1
DA:146,1
DA:147,1
DA:148,1
DA:149,1
DA:150,1
DA:151,1
DA:153,1
DA:158,1
DA:159,1
DA:160,1
DA:163,1
DA:164,0
DA:165,0
DA:166,0
DA:167,0
DA:168,0
DA:169,0
DA:170,0
DA:173,1
DA:174,1
DA:175,1
DA:176,1
DA:177,1
DA:178,1
DA:179,1
DA:180,1
DA:183,1
DA:184,0
DA:185,0
DA:186,0
DA:187,0
DA:188,0
DA:189,0
DA:190,0
DA:193,1
DA:194,1
DA:195,1
DA:196,1
DA:199,1
DA:200,1
DA:201,1
DA:202,1
DA:205,1
DA:206,1
DA:207,1
DA:210,1
DA:211,0
DA:212,0
DA:213,0
DA:229,1
DA:230,1
DA:231,1
DA:232,1
DA:233,1
DA:234,1
DA:237,1
DA:238,1
DA:239,1
DA:240,1
DA:243,1
DA:247,1
DA:248,1
DA:249,1
DA:250,1
DA:253,1
DA:254,1
DA:255,1
DA:256,1
DA:257,1
DA:258,1
DA:259,1
DA:262,1
DA:263,1
DA:264,1
DA:268,1
DA:269,0
DA:270,0
DA:271,0
DA:273,1
DA:274,0
DA:275,0
DA:277,1
DA:278,0
DA:279,0
DA:294,1
DA:295,0
DA:296,0
DA:297,0
DA:313,1
DA:314,1
DA:315,1
DA:316,1
DA:317,1
DA:318,1
DA:319,1
DA:320,1
DA:321,1
DA:322,1
DA:325,1
DA:326,0
DA:327,0
DA:328,0
DA:331,1
DA:332,1
DA:333,1
DA:334,1
DA:335,1
DA:336,1
DA:337,1
DA:338,1
DA:339,1
DA:340,1
DA:343,1
DA:344,1
DA:345,1
DA:346,1
DA:347,1
DA:348,1
DA:349,1
DA:350,1
DA:351,1
DA:352,1
DA:355,1
DA:356,1
DA:357,1
DA:373,1
DA:374,0
DA:375,0
DA:376,0
DA:377,0
DA:378,0
DA:379,0
DA:380,0
DA:381,0
DA:399,1
DA:400,0
DA:401,0
DA:402,0
DA:405,1
DA:406,0
DA:407,0
DA:408,0
DA:409,0
DA:410,0
DA:411,0
DA:412,0
DA:413,0
DA:414,0
DA:417,1
DA:418,0
DA:419,0
DA:420,0
DA:421,0
DA:422,0
DA:423,0
DA:426,1
DA:427,0
DA:428,0
DA:431,1
DA:432,0
DA:433,0
DA:434,0
DA:435,0
DA:436,0
DA:437,0
DA:438,0
DA:439,0
DA:440,0
DA:463,1
DA:464,1
DA:465,1
DA:466,1
DA:481,1
DA:482,1
DA:483,1
DA:484,1
DA:487,1
DA:491,1
DA:492,1
DA:493,1
DA:494,1
DA:497,1
DA:498,1
DA:499,1
DA:500,1
DA:501,1
DA:502,1
DA:503,1
DA:506,1
DA:507,1
DA:508,1
DA:515,1
DA:516,0
DA:517,0
DA:518,0
DA:519,0
DA:520,0
DA:523,1
DA:524,0
DA:525,0
DA:526,0
DA:527,0
DA:528,0
DA:529,0
DA:530,0
DA:531,0
DA:534,1
DA:535,0
DA:536,0
DA:537,0
DA:538,0
DA:539,0
DA:540,0
DA:541,0
DA:542,0
DA:543,0
DA:546,1
DA:547,0
DA:548,0
DA:549,0
DA:550,0
DA:551,0
DA:552,0
DA:553,0
DA:554,0
DA:555,0
DA:556,0
DA:559,1
DA:560,4
DA:561,4
DA:562,4
DA:563,4
DA:564,4
DA:565,0
DA:566,0
DA:569,1
DA:574,0
DA:575,0
DA:576,0
DA:577,0
DA:578,0
DA:579,0
DA:581,0
DA:582,0
DA:583,0
DA:584,0
DA:585,0
DA:588,1
DA:589,0
DA:590,0
DA:591,0
DA:592,0
DA:593,0
DA:594,0
DA:595,0
DA:596,0
DA:597,0
DA:601,1
DA:602,1
DA:603,1
DA:604,1
DA:606,1
DA:607,1
DA:608,1
DA:609,1
DA:611,1
DA:612,0
DA:613,0
DA:614,0
DA:616,1
DA:617,0
DA:618,0
DA:619,0
DA:621,1
DA:622,1
DA:623,1
DA:624,1
DA:626,1
DA:627,1
DA:628,1
DA:629,1
DA:631,1
DA:632,0
DA:633,0
DA:634,0
DA:636,1
DA:637,0
DA:638,0
DA:639,0
DA:641,1
DA:642,1
DA:643,1
DA:644,1
DA:646,1
DA:647,0
DA:648,0
DA:649,0
DA:653,1
DA:654,0
DA:655,0
DA:656,0
DA:658,1
DA:659,0
DA:660,0
DA:661,0
DA:663,1
DA:664,0
DA:665,0
DA:666,0
DA:668,1
DA:669,0
DA:670,0
DA:671,0
DA:673,1
DA:674,0
DA:675,0
DA:676,0
DA:678,1
DA:679,0
DA:680,0
DA:681,0
DA:685,1
DA:686,1
DA:687,1
DA:688,1
DA:690,1
DA:691,1
DA:692,1
DA:693,1
DA:695,1
DA:696,1
DA:697,1
DA:698,1
DA:700,1
DA:701,0
DA:702,0
DA:703,0
DA:705,1
DA:706,0
DA:707,0
DA:708,0
DA:710,1
DA:711,0
DA:712,0
DA:713,0
DA:715,1
DA:716,0
DA:717,0
DA:718,0
DA:720,1
DA:721,0
DA:722,0
DA:723,0
DA:725,1
DA:726,0
DA:727,0
DA:728,0
DA:730,1
DA:731,0
DA:732,0
DA:733,0
DA:735,1
DA:736,0
DA:737,0
DA:738,0
DA:740,1
DA:741,0
DA:742,0
DA:743,0
DA:745,1
DA:746,0
DA:747,0
DA:748,0
DA:750,1
DA:751,0
DA:752,0
DA:753,0
DA:755,1
DA:756,0
DA:757,0
DA:758,0
DA:760,1
DA:761,0
DA:762,0
DA:763,0
DA:765,1
DA:766,0
DA:767,0
DA:768,0
DA:770,1
DA:771,0
DA:772,0
DA:773,0
DA:777,1
DA:778,1
DA:779,1
DA:780,1
DA:782,1
DA:783,1
DA:784,1
DA:785,1
DA:787,1
LF:500
LH:267
BRDA:26,0,0,8
BRDA:28,1,0,0
BRDA:33,2,0,0
BRDA:44,3,0,8
BRDA:45,4,0,0
BRDA:46,5,0,0
BRDA:47,6,0,0
BRDA:49,7,0,0
BRDA:61,8,0,0
BRDA:61,9,0,0
BRDA:65,10,0,0
BRDA:65,11,0,0
BRDA:69,12,0,0
BRDA:69,13,0,0
BRDA:80,14,0,3
BRDA:82,15,0,2
BRDA:84,16,0,1
BRDA:90,17,0,1
BRDA:101,18,0,1
BRDA:126,19,0,1
BRDA:136,20,0,1
BRDA:151,21,0,0
BRDA:173,22,0,1
BRDA:193,23,0,1
BRDA:199,24,0,1
BRDA:205,25,0,1
BRDA:229,26,0,1
BRDA:237,27,0,1
BRDA:243,28,0,1
BRDA:253,29,0,1
BRDA:262,30,0,1
BRDA:313,31,0,1
BRDA:331,32,0,1
BRDA:343,33,0,1
BRDA:355,34,0,1
BRDA:463,35,0,1
BRDA:481,36,0,1
BRDA:487,37,0,1
BRDA:497,38,0,1
BRDA:506,39,0,1
BRDA:559,40,0,4
BRDA:564,41,0,0
BRDA:601,42,0,1
BRDA:606,43,0,1
BRDA:621,44,0,1
BRDA:626,45,0,1
BRDA:641,46,0,1
BRDA:685,47,0,1
BRDA:690,48,0,1
BRDA:695,49,0,1
BRDA:777,50,0,1
BRDA:782,51,0,1
BRF:52
BRH:38
end_of_record
TN:
SF:src/services/integrations-api.ts
FN:35,connectClickUp
FN:40,getClickUpWorkspaces
FN:45,getClickUpLists
FN:50,saveClickUpConfig
FN:60,getClickUpStatus
FN:82,getGitHubStatus
FN:87,getGitHubRepos
FN:92,saveGitHubConfig
FN:122,reportBug
FN:127,reportAllBugs
FNF:10
FNH:10
FNDA:1,connectClickUp
FNDA:1,getClickUpWorkspaces
FNDA:1,getClickUpLists
FNDA:1,saveClickUpConfig
FNDA:1,getClickUpStatus
FNDA:1,getGitHubStatus
FNDA:1,getGitHubRepos
FNDA:1,saveGitHubConfig
FNDA:1,reportBug
FNDA:1,reportAllBugs
DA:1,1
DA:35,1
DA:36,1
DA:37,1
DA:38,1
DA:40,1
DA:41,1
DA:42,1
DA:43,1
DA:45,1
DA:46,1
DA:47,1
DA:48,1
DA:50,1
DA:55,1
DA:56,1
DA:57,1
DA:58,1
DA:60,1
DA:61,1
DA:62,1
DA:63,1
DA:82,1
DA:83,1
DA:84,1
DA:85,1
DA:87,1
DA:88,1
DA:89,1
DA:90,1
DA:92,1
DA:95,1
DA:96,1
DA:97,1
DA:98,1
DA:122,1
DA:123,1
DA:124,1
DA:125,1
DA:127,1
DA:128,1
DA:129,1
DA:130,1
LF:43
LH:43
BRDA:35,0,0,1
BRDA:40,1,0,1
BRDA:45,2,0,1
BRDA:50,3,0,1
BRDA:60,4,0,1
BRDA:82,5,0,1
BRDA:87,6,0,1
BRDA:92,7,0,1
BRDA:122,8,0,1
BRDA:127,9,0,1
BRF:10
BRH:10
end_of_record
TN:
SF:src/services/perf-api.ts
FN:67,startPerfRun
FN:72,stopPerfRun
FN:77,getPerfRuns
FN:91,getPerfRun
FN:96,getPerfPresets
FNF:5
FNH:5
FNDA:1,startPerfRun
FNDA:1,stopPerfRun
FNDA:7,getPerfRuns
FNDA:1,getPerfRun
FNDA:1,getPerfPresets
DA:1,1
DA:67,1
DA:68,1
DA:69,1
DA:70,1
DA:72,1
DA:73,1
DA:74,1
DA:75,1
DA:77,1
DA:81,7
DA:82,7
DA:83,7
DA:84,7
DA:85,7
DA:87,7
DA:88,7
DA:89,7
DA:91,1
DA:92,1
DA:93,1
DA:94,1
DA:96,1
DA:97,1
DA:98,1
DA:99,1
LF:26
LH:26
BRDA:67,0,0,1
BRDA:72,1,0,1
BRDA:77,2,0,7
BRDA:83,3,0,6
BRDA:83,4,0,1
BRDA:84,5,0,6
BRDA:84,6,0,6
BRDA:85,7,0,6
BRDA:85,8,0,1
BRDA:91,9,0,1
BRDA:96,10,0,1
BRF:11
BRH:11
end_of_record
TN:
SF:src/services/qa-loop-api.ts
FN:112,startQALoopSession
FN:122,listQALoopSessions
FN:137,checkExistingSession
FN:157,getQALoopSession
FN:163,pauseQALoopSession
FN:174,resumeQALoopSession
FN:189,stopQALoopSession
FN:198,runRetest
FN:209,getSessionTestCases
FN:217,getSessionBugs
FN:225,getSessionPages
FN:233,getSessionTestRuns
FN:258,uploadDocument
FN:283,listDocuments
FN:296,getDocument
FN:311,toggleDocument
FN:327,deleteDocument
FN:340,getCombinedDocuments
FN:357,retestBug
FN:370,exportTestCasePlaywright
FN:394,exportTestSuitePlaywright
FN:472,getProjectTestSuiteHierarchy
FNF:22
FNH:16
FNDA:1,startQALoopSession
FNDA:6,listQALoopSessions
FNDA:1,checkExistingSession
FNDA:1,getQALoopSession
FNDA:1,pauseQALoopSession
FNDA:2,resumeQALoopSession
FNDA:1,stopQALoopSession
FNDA:1,runRetest
FNDA:1,getSessionTestCases
FNDA:1,getSessionBugs
FNDA:1,getSessionPages
FNDA:1,getSessionTestRuns
FNDA:0,uploadDocument
FNDA:1,listDocuments
FNDA:0,getDocument
FNDA:1,toggleDocument
FNDA:1,deleteDocument
FNDA:0,getCombinedDocuments
FNDA:1,retestBug
FNDA:0,exportTestCasePlaywright
FNDA:0,exportTestSuitePlaywright
FNDA:0,getProjectTestSuiteHierarchy
DA:1,1
DA:112,1
DA:116,1
DA:117,1
DA:118,1
DA:119,1
DA:122,6
DA:130,6
DA:131,6
DA:132,6
DA:133,6
DA:137,1
DA:138,1
DA:139,1
DA:148,1
DA:149,1
DA:150,1
DA:151,1
DA:152,1
DA:153,1
DA:154,1
DA:157,1
DA:158,1
DA:159,1
DA:160,1
DA:163,1
DA:166,1
DA:167,1
DA:168,1
DA:169,1
DA:174,2
DA:175,2
DA:176,2
DA:181,2
DA:182,2
DA:183,2
DA:184,2
DA:185,2
DA:186,2
DA:189,1
DA:192,1
DA:193,1
DA:194,1
DA:195,1
DA:198,1
DA:203,1
DA:204,1
DA:205,1
DA:206,1
DA:209,1
DA:211,1
DA:212,1
DA:213,1
DA:214,1
DA:217,1
DA:219,1
DA:220,1
DA:221,1
DA:222,1
DA:225,1
DA:227,1
DA:228,1
DA:229,1
DA:230,1
DA:233,1
DA:235,1
DA:236,1
DA:237,1
DA:238,1
DA:258,0
DA:259,0
DA:260,0
DA:264,0
DA:265,0
DA:266,0
DA:268,0
DA:269,0
DA:270,0
DA:271,0
DA:272,0
DA:274,0
DA:275,0
DA:276,0
DA:277,0
DA:279,0
DA:280,0
DA:283,1
DA:284,1
DA:285,1
DA:288,1
DA:289,1
DA:290,1
DA:291,1
DA:292,1
DA:293,1
DA:296,0
DA:297,0
DA:298,0
DA:299,0
DA:302,0
DA:303,0
DA:304,0
DA:305,0
DA:306,0
DA:307,0
DA:308,0
DA:311,1
DA:312,1
DA:313,1
DA:314,1
DA:318,1
DA:319,1
DA:320,1
DA:321,1
DA:322,1
DA:323,1
DA:324,1
DA:327,1
DA:328,1
DA:329,1
DA:332,1
DA:333,1
DA:334,1
DA:335,1
DA:336,1
DA:337,1
DA:340,0
DA:341,0
DA:342,0
DA:347,0
DA:348,0
DA:349,0
DA:350,0
DA:351,0
DA:352,0
DA:353,0
DA:357,1
DA:362,1
DA:363,1
DA:364,1
DA:365,1
DA:370,0
DA:371,0
DA:372,0
DA:373,0
DA:374,0
DA:377,0
DA:378,0
DA:379,0
DA:382,0
DA:383,0
DA:384,0
DA:385,0
DA:386,0
DA:387,0
DA:388,0
DA:389,0
DA:390,0
DA:391,0
DA:394,0
DA:395,0
DA:396,0
DA:397,0
DA:398,0
DA:400,0
DA:401,0
DA:402,0
DA:404,0
DA:405,0
DA:406,0
DA:407,0
DA:408,0
DA:409,0
DA:410,0
DA:411,0
DA:412,0
DA:413,0
DA:472,0
DA:474,0
DA:475,0
DA:476,0
DA:477,0
LF:182
LH:103
BRDA:112,0,0,1
BRDA:122,1,0,6
BRDA:137,2,0,1
BRDA:151,3,0,0
BRDA:157,4,0,1
BRDA:163,5,0,1
BRDA:174,6,0,2
BRDA:183,7,0,1
BRDA:183,8,0,1
BRDA:189,9,0,1
BRDA:198,10,0,1
BRDA:209,11,0,1
BRDA:217,12,0,1
BRDA:225,13,0,1
BRDA:233,14,0,1
BRDA:283,15,0,1
BRDA:311,16,0,1
BRDA:327,17,0,1
BRDA:357,18,0,1
BRF:19
BRH:18
end_of_record
TN:
SF:src/types/index.ts
FN:1,(empty-report)
FNF:1
FNH:0
FNDA:0,(empty-report)
DA:1,0
DA:2,0
DA:3,0
DA:4,0
DA:5,0
DA:6,0
DA:7,0
DA:8,0
DA:9,0
DA:10,0
DA:51,0
DA:52,0
DA:53,0
DA:54,0
DA:55,0
DA:56,0
DA:57,0
DA:58,0
DA:59,0
DA:60,0
DA:61,0
LF:21
LH:0
BRDA:1,0,0,0
BRF:1
BRH:0
end_of_record
TN:
SF:src/utils/createEditFlow.ts
FN:16,isCreateOrEditFlow
FNF:1
FNH:1
FNDA:20,isCreateOrEditFlow
DA:16,1
DA:17,20
DA:18,16
DA:19,16
DA:20,16
DA:21,16
DA:22,16
DA:23,16
DA:24,16
DA:25,16
DA:26,16
DA:27,16
DA:28,16
DA:29,16
DA:30,16
DA:31,16
LF:16
LH:16
BRDA:16,0,0,20
BRDA:17,1,0,17
BRDA:17,2,0,4
BRDA:17,3,0,16
BRDA:30,4,0,72
BRF:5
BRH:5
end_of_record
TN:
SF:src/utils/dagreLayout.ts
FN:28,applyDagreLayout
FNF:1
FNH:1
FNDA:12,applyDagreLayout
DA:1,1
DA:5,1
DA:6,1
DA:7,1
DA:8,1
DA:9,1
DA:10,1
DA:11,1
DA:12,1
DA:14,1
DA:28,1
DA:29,12
DA:30,12
DA:31,12
DA:32,12
DA:33,12
DA:35,6
DA:36,6
DA:38,6
DA:39,12
DA:40,12
DA:41,12
DA:42,12
DA:43,12
DA:44,12
DA:47,12
DA:48,8
DA:49,8
DA:50,8
DA:53,7
DA:54,2
DA:55,2
DA:57,6
DA:60,6
DA:61,8
DA:62,8
DA:63,8
DA:64,8
DA:65,8
DA:66,8
DA:67,8
DA:68,8
DA:69,8
DA:70,6
DA:72,6
DA:73,6
LF:46
LH:46
BRDA:28,0,0,12
BRDA:33,1,0,6
BRDA:33,2,0,7
BRDA:33,3,0,6
BRDA:39,4,0,1
BRDA:39,5,0,5
BRDA:40,6,0,1
BRDA:40,7,0,5
BRDA:41,8,0,1
BRDA:41,9,0,5
BRDA:42,10,0,1
BRDA:42,11,0,5
BRDA:43,12,0,1
BRDA:43,13,0,5
BRDA:47,14,0,7
BRDA:47,15,0,8
BRDA:48,16,0,4
BRDA:48,17,0,5
BRDA:50,18,0,6
BRDA:53,19,0,2
BRDA:55,20,0,6
BRDA:60,21,0,8
BRDA:62,22,0,4
BRDA:62,23,0,5
BRF:24
BRH:24
end_of_record
TN:
SF:src/utils/dateFormat.ts
FN:1,formatRelativeTime
FN:42,formatAbsoluteTime
FN:53,formatDate
FN:62,formatTime
FNF:4
FNH:4
FNDA:12,formatRelativeTime
FNDA:2,formatAbsoluteTime
FNDA:2,formatDate
FNDA:2,formatTime
DA:1,1
DA:2,12
DA:3,12
DA:4,12
DA:6,12
DA:7,2
DA:8,2
DA:10,10
DA:11,12
DA:12,2
DA:13,2
DA:15,8
DA:16,12
DA:17,2
DA:18,2
DA:20,6
DA:21,12
DA:22,1
DA:23,1
DA:24,12
DA:25,1
DA:26,1
DA:28,4
DA:29,12
DA:30,2
DA:31,2
DA:33,2
DA:34,12
DA:35,1
DA:36,1
DA:38,1
DA:39,12
DA:40,12
DA:42,1
DA:43,2
DA:44,2
DA:45,2
DA:46,2
DA:47,2
DA:48,2
DA:49,2
DA:50,2
DA:51,2
DA:53,1
DA:54,2
DA:55,2
DA:56,2
DA:57,2
DA:58,2
DA:59,2
DA:60,2
DA:62,1
DA:63,2
DA:64,2
DA:65,2
DA:66,2
DA:67,2
DA:68,2
LF:58
LH:58
BRDA:1,0,0,12
BRDA:3,1,0,1
BRDA:3,2,0,11
BRDA:6,3,0,2
BRDA:8,4,0,10
BRDA:11,5,0,2
BRDA:12,6,0,1
BRDA:12,7,0,1
BRDA:13,8,0,8
BRDA:16,9,0,2
BRDA:17,10,0,1
BRDA:17,11,0,1
BRDA:18,12,0,6
BRDA:21,13,0,1
BRDA:23,14,0,5
BRDA:24,15,0,1
BRDA:26,16,0,4
BRDA:29,17,0,2
BRDA:30,18,0,1
BRDA:30,19,0,1
BRDA:34,20,0,1
BRDA:35,21,0,0
BRDA:39,22,0,0
BRDA:42,23,0,2
BRDA:43,24,0,1
BRDA:43,25,0,1
BRDA:53,26,0,2
BRDA:54,27,0,1
BRDA:54,28,0,1
BRDA:62,29,0,2
BRDA:63,30,0,1
BRDA:63,31,0,1
BRF:32
BRH:30
end_of_record
TN:
SF:src/utils/debounce.ts
FN:1,debounce
FN:7,executedFunction
FN:8,later
FNF:3
FNH:3
FNDA:11,debounce
FNDA:9,executedFunction
FNDA:6,later
DA:1,1
DA:2,11
DA:3,11
DA:4,11
DA:5,11
DA:7,11
DA:8,9
DA:9,6
DA:10,6
DA:11,6
DA:13,9
DA:14,3
DA:15,3
DA:16,9
DA:17,9
DA:18,11
LF:16
LH:16
BRDA:1,0,0,11
BRDA:7,1,0,9
BRDA:13,2,0,3
BRDA:8,3,0,6
BRF:4
BRH:4
end_of_record
TN:
SF:src/utils/parseUserStoryLabel.ts
FN:8,parseUserStoryLabel
FNF:1
FNH:1
FNDA:15,parseUserStoryLabel
DA:8,1
DA:9,15
DA:12,12
DA:13,12
DA:14,15
DA:15,10
DA:16,10
DA:18,10
DA:21,10
DA:22,2
DA:23,2
DA:24,2
DA:25,2
DA:26,1
DA:27,1
DA:28,2
DA:30,10
DA:33,2
DA:34,10
DA:35,10
DA:36,15
DA:38,1
DA:40,2
DA:41,2
LF:24
LH:24
BRDA:8,0,0,15
BRDA:9,1,0,3
BRDA:9,2,0,12
BRDA:14,3,0,10
BRDA:14,4,0,10
BRDA:16,5,0,5
BRDA:16,6,0,4
BRDA:16,7,0,3
BRDA:16,8,0,2
BRDA:18,9,0,9
BRDA:21,10,0,2
BRDA:25,11,0,1
BRDA:28,12,0,8
BRDA:30,13,0,6
BRDA:30,14,0,2
BRDA:34,15,0,1
BRDA:34,16,0,1
BRDA:36,17,0,1
BRDA:38,18,0,2
BRF:19
BRH:19
end_of_record
