TN:
SF:src/App.tsx
FN:32,ProtectedRoute
FN:49,AppRoutes
FN:100,App
FNF:3
FNH:0
FNDA:0,ProtectedRoute
FNDA:0,AppRoutes
FNDA:0,App
DA:1,1
DA:32,0
DA:33,0
DA:35,0
DA:36,0
DA:37,0
DA:38,0
DA:39,0
DA:41,0
DA:43,0
DA:44,0
DA:45,0
DA:46,0
DA:47,0
DA:49,0
DA:50,0
DA:52,0
DA:53,0
DA:54,0
DA:55,0
DA:56,0
DA:58,0
DA:60,0
DA:61,0
DA:62,0
DA:63,0
DA:64,0
DA:65,0
DA:66,0
DA:67,0
DA:68,0
DA:69,0
DA:70,0
DA:71,0
DA:74,0
DA:75,0
DA:76,0
DA:77,0
DA:78,0
DA:79,0
DA:80,0
DA:81,0
DA:82,0
DA:83,0
DA:84,0
DA:85,0
DA:86,0
DA:87,0
DA:88,0
DA:89,0
DA:90,0
DA:91,0
DA:92,0
DA:93,0
DA:94,0
DA:95,0
DA:96,0
DA:98,0
DA:100,0
DA:101,0
DA:102,0
DA:103,0
DA:104,0
DA:105,0
DA:106,0
DA:107,0
DA:108,0
DA:109,0
DA:110,0
DA:111,0
DA:112,0
DA:114,0
LF:72
LH:1
BRF:0
BRH:0
end_of_record
TN:
SF:src/config.ts
FNF:0
FNH:0
DA:7,1
DA:9,1
DA:10,1
LF:3
LH:3
BRDA:9,0,0,0
BRF:1
BRH:0
end_of_record
TN:
SF:src/i18n.ts
FN:21,resolveSupportedLang
FN:28,getInitialLang
FN:36,getInitialDirection
FNF:3
FNH:0
FNDA:0,resolveSupportedLang
FNDA:0,getInitialLang
FNDA:0,getInitialDirection
DA:1,1
DA:6,1
DA:8,1
DA:10,1
DA:13,1
DA:14,1
DA:15,1
DA:16,1
DA:17,1
DA:18,1
DA:19,1
DA:21,0
DA:22,0
DA:23,0
DA:24,0
DA:25,0
DA:26,0
DA:28,1
DA:29,0
DA:30,0
DA:31,0
DA:32,0
DA:33,0
DA:34,0
DA:36,1
DA:37,0
DA:38,0
DA:40,1
DA:41,1
DA:42,1
DA:43,1
DA:44,1
DA:45,1
DA:46,1
DA:47,1
DA:48,1
DA:49,1
DA:50,1
DA:51,1
DA:52,1
DA:53,1
DA:54,1
DA:55,1
DA:56,1
DA:57,1
DA:58,1
DA:59,1
DA:61,1
LF:48
LH:34
BRF:0
BRH:0
end_of_record
TN:
SF:src/components/DirectionProvider.tsx
FN:14,DirectionProvider
FN:23,useDirectionContext
FNF:2
FNH:2
FNDA:2,DirectionProvider
FNDA:6,useDirectionContext
DA:1,1
DA:12,1
DA:14,1
DA:15,2
DA:16,2
DA:17,2
DA:18,2
DA:19,2
DA:21,2
DA:23,1
DA:24,6
DA:25,6
DA:26,4
DA:27,4
DA:28,1
DA:29,1
LF:16
LH:16
BRDA:14,0,0,2
BRDA:23,1,0,6
BRDA:25,2,0,4
BRDA:27,3,0,1
BRF:4
BRH:4
end_of_record
TN:
SF:src/components/Feature.tsx
FN:10,Feature
FNF:1
FNH:1
FNDA:6,Feature
DA:1,1
DA:10,1
DA:11,6
DA:12,6
DA:13,6
LF:5
LH:5
BRDA:10,0,0,6
BRDA:12,1,0,2
BRDA:12,2,0,4
BRF:3
BRH:3
end_of_record
TN:
SF:src/components/LanguageSwitcher.tsx
FN:16,LanguageSwitcher
FN:20,handleLanguageChange
FN:45,onClick
FNF:3
FNH:1
FNDA:2,LanguageSwitcher
FNDA:0,handleLanguageChange
FNDA:0,onClick
DA:1,1
DA:16,1
DA:17,2
DA:18,2
DA:20,2
DA:21,0
DA:22,0
DA:23,0
DA:24,0
DA:25,0
DA:27,2
DA:28,2
DA:29,2
DA:30,2
DA:31,2
DA:32,2
DA:33,2
DA:34,2
DA:36,2
DA:37,2
DA:38,2
DA:39,2
DA:40,2
DA:41,10
DA:42,10
DA:43,10
DA:44,10
DA:45,10
DA:46,10
DA:48,10
DA:49,10
DA:50,10
DA:52,2
DA:53,2
DA:54,2
DA:56,2
LF:36
LH:31
BRDA:16,0,0,2
BRDA:18,1,0,0
BRDA:40,2,0,10
BRDA:46,3,0,2
BRDA:46,4,0,8
BRF:5
BRH:4
end_of_record
TN:
SF:src/components/ThemeProvider.tsx
FN:15,ThemeProvider
FN:20,useThemeContext
FNF:2
FNH:2
FNDA:2,ThemeProvider
FNDA:6,useThemeContext
DA:1,1
DA:13,1
DA:15,1
DA:16,2
DA:17,2
DA:18,2
DA:20,1
DA:21,6
DA:22,6
DA:23,4
DA:24,4
DA:25,1
DA:26,1
LF:13
LH:13
BRDA:15,0,0,2
BRDA:20,1,0,6
BRDA:22,2,0,4
BRDA:24,3,0,1
BRF:4
BRH:4
end_of_record
TN:
SF:src/components/admin/AdminPageHeader.tsx
FN:18,AdminPageHeader
FNF:1
FNH:1
FNDA:277,AdminPageHeader
DA:1,1
DA:18,1
DA:19,277
DA:20,277
DA:21,277
DA:22,18
DA:23,18
DA:24,37
DA:25,37
DA:26,37
DA:27,19
DA:28,19
DA:29,19
DA:31,18
DA:33,37
DA:34,18
DA:35,18
DA:37,277
DA:38,277
DA:39,277
DA:40,277
DA:41,277
DA:42,277
DA:43,277
DA:44,277
DA:46,277
LF:26
LH:26
BRDA:18,0,0,277
BRDA:21,1,0,19
BRDA:21,2,0,18
BRDA:40,3,0,137
BRDA:42,4,0,211
BRDA:23,5,0,37
BRDA:25,6,0,19
BRDA:26,7,0,19
BRDA:29,8,0,18
BRF:9
BRH:9
end_of_record
TN:
SF:src/components/admin/BulkActions.tsx
FN:26,BulkActions
FNF:1
FNH:1
FNDA:53,BulkActions
DA:1,1
DA:26,1
DA:27,53
DA:28,53
DA:30,6
DA:31,6
DA:32,6
DA:33,6
DA:34,6
DA:35,6
DA:37,6
DA:38,6
DA:39,6
DA:40,6
DA:41,6
DA:42,6
DA:43,6
DA:44,6
DA:45,6
DA:46,6
DA:47,6
DA:48,6
DA:49,11
DA:50,11
DA:51,11
DA:52,11
DA:54,11
DA:55,11
DA:56,11
DA:57,6
DA:58,6
DA:59,6
DA:60,6
DA:61,6
DA:62,6
DA:63,6
DA:64,6
DA:66,6
LF:38
LH:38
BRDA:26,0,0,53
BRDA:28,1,0,47
BRDA:28,2,0,6
BRDA:48,3,0,11
BRDA:52,4,0,0
BRDA:54,5,0,0
BRF:6
BRH:4
end_of_record
TN:
SF:src/components/admin/ConfirmDialog.tsx
FN:27,ConfirmDialog
FN:44,handleConfirm
FN:50,handleOpenChange
FN:71,onChange
FN:79,onClick
FNF:5
FNH:5
FNDA:123,ConfirmDialog
FNDA:2,handleConfirm
FNDA:1,handleOpenChange
FNDA:17,onChange
FNDA:1,onClick
DA:1,1
DA:27,1
DA:28,123
DA:29,123
DA:30,123
DA:31,123
DA:32,123
DA:33,123
DA:34,123
DA:35,123
DA:36,123
DA:37,123
DA:38,123
DA:39,123
DA:40,123
DA:42,123
DA:44,123
DA:45,2
DA:46,2
DA:47,2
DA:48,2
DA:50,123
DA:51,1
DA:52,1
DA:53,1
DA:55,123
DA:56,123
DA:57,123
DA:58,123
DA:59,123
DA:60,123
DA:61,123
DA:63,123
DA:64,30
DA:65,30
DA:66,30
DA:67,30
DA:68,30
DA:69,30
DA:70,30
DA:71,30
DA:72,30
DA:73,30
DA:74,30
DA:75,30
DA:78,123
DA:79,123
DA:80,123
DA:81,123
DA:82,123
DA:83,123
DA:84,123
DA:85,123
DA:87,123
DA:88,123
DA:89,123
DA:90,123
DA:91,123
DA:93,123
LF:59
LH:59
BRDA:27,0,0,123
BRDA:40,1,0,32
BRDA:42,2,0,30
BRDA:63,3,0,30
BRDA:83,4,0,90
BRDA:83,5,0,33
BRDA:85,6,0,95
BRDA:87,7,0,1
BRDA:87,8,0,122
BRDA:44,9,0,2
BRDA:45,10,0,0
BRDA:50,11,0,1
BRDA:71,12,0,17
BRDA:79,13,0,1
BRF:14
BRH:13
end_of_record
TN:
SF:src/components/admin/DateRangePicker.tsx
FN:21,daysAgo
FN:27,startOfYear
FN:31,today
FN:35,DateRangePicker
FN:67,onClick
FN:85,onChange
FN:93,onChange
FN:97,onClick
FNF:8
FNH:4
FNDA:1,daysAgo
FNDA:0,startOfYear
FNDA:1,today
FNDA:40,DateRangePicker
FNDA:1,onClick
FNDA:0,onChange
FNDA:0,onChange
FNDA:0,onClick
DA:1,1
DA:21,1
DA:22,1
DA:23,1
DA:24,1
DA:25,1
DA:27,0
DA:28,0
DA:29,0
DA:31,1
DA:32,1
DA:33,1
DA:35,1
DA:36,40
DA:37,40
DA:39,40
DA:40,40
DA:41,40
DA:42,40
DA:43,40
DA:44,40
DA:46,40
DA:47,40
DA:48,14
DA:49,26
DA:51,40
DA:52,40
DA:53,40
DA:54,40
DA:55,40
DA:56,40
DA:57,40
DA:58,40
DA:59,40
DA:60,40
DA:61,40
DA:62,40
DA:63,160
DA:64,160
DA:65,160
DA:66,160
DA:67,160
DA:68,1
DA:69,1
DA:70,1
DA:71,1
DA:72,1
DA:73,1
DA:75,160
DA:76,160
DA:77,40
DA:78,40
DA:79,40
DA:80,40
DA:81,40
DA:82,40
DA:83,40
DA:84,40
DA:85,40
DA:86,40
DA:87,40
DA:88,40
DA:89,40
DA:90,40
DA:91,40
DA:92,40
DA:93,40
DA:94,40
DA:95,40
DA:96,40
DA:97,40
DA:98,40
DA:99,40
DA:100,40
DA:101,40
DA:102,40
DA:104,40
LF:77
LH:74
BRDA:21,0,0,1
BRDA:31,1,0,1
BRDA:35,2,0,40
BRDA:47,3,0,14
BRDA:47,4,0,14
BRDA:48,5,0,26
BRDA:62,6,0,160
BRDA:67,7,0,1
BRDA:69,8,0,0
BRF:9
BRH:8
end_of_record
TN:
SF:src/components/admin/ExportMenu.tsx
FN:17,ExportMenu
FNF:1
FNH:1
FNDA:127,ExportMenu
DA:1,1
DA:17,1
DA:18,127
DA:19,127
DA:20,127
DA:21,127
DA:22,127
DA:23,127
DA:24,127
DA:25,127
DA:26,127
DA:27,127
DA:28,127
DA:29,127
DA:30,127
DA:31,127
DA:33,127
LF:17
LH:17
BRDA:17,0,0,127
BRDA:28,1,0,122
BRDA:29,2,0,52
BRF:3
BRH:3
end_of_record
TN:
SF:src/components/admin/FilterBar.tsx
FN:37,FilterBar
FN:58,onChange
FNF:2
FNH:2
FNDA:98,FilterBar
FNDA:9,onChange
DA:1,1
DA:37,1
DA:38,98
DA:39,98
DA:40,98
DA:41,98
DA:42,98
DA:43,98
DA:44,98
DA:45,98
DA:46,98
DA:47,98
DA:48,98
DA:49,98
DA:50,98
DA:51,98
DA:52,50
DA:53,50
DA:54,50
DA:55,50
DA:56,50
DA:57,50
DA:58,50
DA:59,50
DA:60,50
DA:61,50
DA:63,98
DA:64,74
DA:65,74
DA:66,74
DA:67,74
DA:68,74
DA:69,74
DA:70,74
DA:71,449
DA:72,449
DA:73,449
DA:74,74
DA:75,74
DA:76,74
DA:77,98
DA:78,98
DA:79,98
DA:80,98
DA:81,2
DA:82,2
DA:83,2
DA:84,2
DA:85,2
DA:86,2
DA:87,2
DA:88,2
DA:89,2
DA:90,2
DA:92,98
DA:94,98
LF:56
LH:56
BRDA:37,0,0,98
BRDA:47,1,0,50
BRDA:51,2,0,50
BRDA:57,3,0,0
BRDA:63,4,0,88
BRDA:80,5,0,3
BRDA:80,6,0,2
BRDA:58,7,0,9
BRDA:63,8,0,74
BRDA:70,9,0,449
BRDA:82,10,0,2
BRF:11
BRH:10
end_of_record
TN:
SF:src/components/admin/PaginatedTable.tsx
FN:48,PaginatedTable
FN:71,toggleAll
FN:80,toggleRow
FN:151,onClick
FN:154,onClick
FN:157,onCheckedChange
FN:273,useIsDesktop
FN:282,onChange
FNF:8
FNH:6
FNDA:159,PaginatedTable
FNDA:2,toggleAll
FNDA:1,toggleRow
FNDA:0,onClick
FNDA:1,onClick
FNDA:1,onCheckedChange
FNDA:158,useIsDesktop
FNDA:0,onChange
DA:1,1
DA:48,1
DA:49,159
DA:50,159
DA:51,159
DA:52,159
DA:53,159
DA:54,159
DA:55,159
DA:56,159
DA:57,159
DA:58,159
DA:59,159
DA:60,159
DA:61,159
DA:62,159
DA:63,159
DA:64,159
DA:65,159
DA:66,159
DA:67,159
DA:68,159
DA:69,159
DA:71,159
DA:72,2
DA:73,2
DA:74,1
DA:75,1
DA:76,1
DA:77,1
DA:78,2
DA:80,159
DA:81,1
DA:82,1
DA:83,1
DA:84,1
DA:85,1
DA:86,1
DA:88,159
DA:89,159
DA:93,159
DA:95,159
DA:96,159
DA:98,159
DA:99,158
DA:100,158
DA:101,158
DA:102,158
DA:103,158
DA:104,50
DA:105,50
DA:106,50
DA:107,50
DA:108,50
DA:109,50
DA:110,50
DA:112,158
DA:113,837
DA:114,837
DA:115,837
DA:116,158
DA:117,158
DA:118,158
DA:119,158
DA:120,158
DA:121,81
DA:122,445
DA:123,445
DA:124,130
DA:126,445
DA:127,2493
DA:128,2493
DA:129,2493
DA:130,445
DA:131,445
DA:132,81
DA:133,77
DA:134,12
DA:135,12
DA:136,12
DA:137,12
DA:139,12
DA:140,12
DA:141,12
DA:143,65
DA:144,181
DA:145,181
DA:146,181
DA:147,181
DA:148,181
DA:149,181
DA:150,181
DA:151,181
DA:153,181
DA:154,61
DA:155,61
DA:156,61
DA:157,61
DA:158,61
DA:159,61
DA:160,61
DA:162,181
DA:163,901
DA:164,901
DA:165,901
DA:166,181
DA:167,181
DA:169,65
DA:171,158
DA:172,158
DA:173,158
DA:177,159
DA:178,0
DA:179,0
DA:180,0
DA:181,0
DA:182,0
DA:183,0
DA:184,0
DA:185,0
DA:186,0
DA:187,0
DA:188,0
DA:189,0
DA:190,0
DA:191,0
DA:192,0
DA:194,0
DA:195,0
DA:196,0
DA:197,0
DA:198,0
DA:199,0
DA:200,0
DA:201,0
DA:202,0
DA:203,0
DA:204,0
DA:205,0
DA:207,0
DA:208,0
DA:209,0
DA:210,0
DA:211,0
DA:212,0
DA:213,0
DA:214,0
DA:215,0
DA:216,0
DA:217,0
DA:219,0
DA:220,0
DA:221,0
DA:222,0
DA:223,0
DA:224,0
DA:225,0
DA:226,0
DA:227,0
DA:228,0
DA:229,0
DA:230,0
DA:231,0
DA:232,0
DA:233,0
DA:235,0
DA:236,0
DA:237,0
DA:239,0
DA:241,0
DA:244,159
DA:245,65
DA:246,65
DA:247,65
DA:248,65
DA:249,65
DA:250,65
DA:251,65
DA:252,65
DA:253,65
DA:255,65
DA:256,65
DA:257,65
DA:258,65
DA:259,65
DA:260,65
DA:261,65
DA:262,65
DA:264,65
DA:265,65
DA:266,65
DA:267,65
DA:269,159
DA:271,159
DA:273,158
DA:274,158
DA:275,93
DA:276,93
DA:277,158
DA:279,158
DA:280,93
DA:281,93
DA:282,93
DA:283,93
DA:284,93
DA:285,0
DA:286,93
DA:287,93
DA:288,0
DA:289,93
DA:290,158
DA:292,158
DA:293,158
LF:213
LH:153
BRDA:48,0,0,159
BRDA:67,1,0,16
BRDA:68,2,0,70
BRDA:98,3,0,158
BRDA:103,4,0,50
BRDA:106,5,0,1
BRDA:106,6,0,49
BRDA:106,7,0,0
BRDA:120,8,0,81
BRDA:132,9,0,77
BRDA:133,10,0,12
BRDA:136,11,0,3
BRDA:136,12,0,9
BRDA:141,13,0,65
BRDA:177,14,0,0
BRDA:244,15,0,156
BRDA:244,16,0,149
BRDA:244,17,0,65
BRDA:68,18,0,72
BRDA:68,19,0,28
BRDA:69,20,0,194
BRDA:69,21,0,74
BRDA:71,22,0,2
BRDA:72,23,0,0
BRDA:73,24,0,1
BRDA:80,25,0,1
BRDA:81,26,0,0
BRDA:83,27,0,0
BRDA:88,28,0,837
BRDA:89,29,0,837
BRDA:112,30,0,837
BRDA:121,31,0,445
BRDA:123,32,0,130
BRDA:126,33,0,2493
BRDA:143,34,0,181
BRDA:145,35,0,61
BRDA:145,36,0,120
BRDA:149,37,0,3
BRDA:149,38,0,178
BRDA:150,39,0,0
BRDA:153,40,0,61
BRDA:154,41,0,1
BRDA:157,42,0,1
BRDA:162,43,0,901
BRDA:273,44,0,158
BRDA:274,45,0,93
BRDA:275,46,0,0
BRDA:279,47,0,93
BRDA:280,48,0,0
BRDA:284,49,0,0
BRDA:286,50,0,93
BRDA:287,51,0,0
BRF:52
BRH:42
end_of_record
TN:
SF:src/components/admin/StatusBadge.tsx
FN:34,StatusBadge
FNF:1
FNH:1
FNDA:24,StatusBadge
DA:1,1
DA:7,1
DA:8,1
DA:9,1
DA:10,1
DA:11,1
DA:12,1
DA:13,1
DA:14,1
DA:15,1
DA:16,1
DA:18,1
DA:19,1
DA:20,1
DA:21,1
DA:22,1
DA:23,1
DA:24,1
DA:25,1
DA:26,1
DA:27,1
DA:34,1
DA:35,24
DA:36,24
DA:37,24
DA:39,24
DA:40,24
DA:41,24
DA:42,24
DA:44,24
LF:30
LH:30
BRDA:34,0,0,24
BRDA:36,1,0,1
BRDA:37,2,0,23
BRDA:37,3,0,1
BRF:4
BRH:4
end_of_record
TN:
SF:src/components/layout/AdminShell.tsx
FN:117,getNavSections
FN:124,SidebarNav
FN:138,isActive
FN:269,AdminShell
FN:295,onToggleCollapse
FN:305,onToggleCollapse
FN:306,onMobileClose
FN:318,onClick
FN:331,onClick
FNF:9
FNH:5
FNDA:37,getNavSections
FNDA:37,SidebarNav
FNDA:518,isActive
FNDA:35,AdminShell
FNDA:0,onToggleCollapse
FNDA:0,onToggleCollapse
FNDA:0,onMobileClose
FNDA:2,onClick
FNDA:0,onClick
DA:1,1
DA:57,1
DA:58,1
DA:59,1
DA:60,1
DA:61,1
DA:62,1
DA:63,1
DA:64,1
DA:65,1
DA:66,1
DA:67,1
DA:68,1
DA:69,1
DA:70,1
DA:71,1
DA:72,1
DA:73,1
DA:74,1
DA:75,1
DA:76,1
DA:77,1
DA:78,1
DA:79,1
DA:80,1
DA:81,1
DA:82,1
DA:83,1
DA:84,1
DA:85,1
DA:86,1
DA:87,1
DA:88,1
DA:89,1
DA:90,1
DA:91,1
DA:92,1
DA:93,1
DA:94,1
DA:95,1
DA:96,1
DA:97,1
DA:98,1
DA:99,1
DA:100,1
DA:101,1
DA:102,1
DA:103,1
DA:104,1
DA:105,1
DA:106,1
DA:107,1
DA:109,1
DA:110,1
DA:111,1
DA:112,1
DA:113,1
DA:114,1
DA:115,1
DA:117,37
DA:118,37
DA:119,0
DA:120,0
DA:121,37
DA:122,37
DA:124,37
DA:125,37
DA:126,37
DA:127,37
DA:128,37
DA:132,37
DA:133,37
DA:134,37
DA:135,37
DA:136,37
DA:138,37
DA:139,518
DA:140,481
DA:141,518
DA:143,37
DA:144,37
DA:145,37
DA:146,37
DA:147,37
DA:148,37
DA:149,37
DA:151,37
DA:152,37
DA:153,37
DA:154,37
DA:155,37
DA:156,37
DA:158,37
DA:159,37
DA:160,37
DA:161,37
DA:162,37
DA:164,37
DA:165,0
DA:166,0
DA:167,0
DA:169,37
DA:170,35
DA:171,35
DA:172,35
DA:173,35
DA:174,35
DA:175,35
DA:177,35
DA:178,35
DA:179,35
DA:180,35
DA:181,35
DA:182,35
DA:183,35
DA:185,37
DA:187,37
DA:188,37
DA:189,37
DA:190,259
DA:191,259
DA:192,222
DA:193,222
DA:194,222
DA:196,259
DA:197,259
DA:198,259
DA:199,518
DA:200,518
DA:201,518
DA:202,518
DA:203,518
DA:204,518
DA:205,518
DA:206,518
DA:207,37
DA:208,481
DA:209,0
DA:210,481
DA:211,518
DA:212,518
DA:214,518
DA:215,518
DA:216,518
DA:219,518
DA:220,0
DA:221,0
DA:222,0
DA:223,0
DA:224,0
DA:225,0
DA:226,0
DA:227,0
DA:228,0
DA:230,0
DA:232,518
DA:233,0
DA:234,0
DA:235,0
DA:236,0
DA:237,0
DA:238,0
DA:239,0
DA:240,0
DA:241,0
DA:242,0
DA:243,0
DA:245,0
DA:247,518
DA:248,518
DA:249,518
DA:250,518
DA:252,259
DA:253,259
DA:254,259
DA:255,37
DA:256,37
DA:257,37
DA:259,37
DA:260,37
DA:262,37
DA:264,37
DA:265,37
DA:267,37
DA:269,1
DA:270,35
DA:271,35
DA:272,35
DA:273,35
DA:274,35
DA:276,35
DA:277,35
DA:278,35
DA:279,35
DA:280,35
DA:281,35
DA:282,35
DA:283,0
DA:285,35
DA:286,35
DA:287,35
DA:288,35
DA:289,35
DA:292,35
DA:293,35
DA:294,35
DA:295,35
DA:296,35
DA:297,35
DA:300,35
DA:301,35
DA:302,35
DA:303,35
DA:304,35
DA:305,35
DA:306,35
DA:307,35
DA:308,35
DA:309,35
DA:311,35
DA:313,35
DA:314,35
DA:315,35
DA:316,35
DA:317,35
DA:318,35
DA:319,35
DA:321,35
DA:322,35
DA:324,35
DA:326,35
DA:327,35
DA:328,35
DA:329,35
DA:330,35
DA:331,35
DA:332,35
DA:333,35
DA:335,35
DA:336,35
DA:338,35
DA:339,35
DA:340,35
DA:341,35
DA:342,35
DA:343,35
DA:344,35
DA:345,35
DA:346,35
DA:347,35
DA:348,35
DA:349,35
DA:350,35
DA:351,35
DA:352,35
DA:353,35
DA:354,35
DA:355,35
DA:356,35
DA:357,35
DA:358,35
DA:359,35
DA:360,35
DA:361,35
DA:362,35
DA:363,35
DA:366,35
DA:367,35
DA:368,35
DA:369,35
DA:370,35
DA:371,35
DA:372,35
DA:374,35
LF:274
LH:245
BRDA:117,0,0,37
BRDA:118,1,0,0
BRDA:124,2,0,37
BRDA:148,3,0,0
BRDA:160,4,0,0
BRDA:164,5,0,0
BRDA:169,6,0,35
BRDA:174,7,0,0
BRDA:180,8,0,0
BRDA:138,9,0,518
BRDA:139,10,0,37
BRDA:139,11,0,481
BRDA:189,12,0,259
BRDA:191,13,0,222
BRDA:191,14,0,222
BRDA:196,15,0,222
BRDA:196,16,0,0
BRDA:198,17,0,518
BRDA:206,18,0,37
BRDA:207,19,0,481
BRDA:208,20,0,0
BRDA:211,21,0,0
BRDA:219,22,0,0
BRDA:232,23,0,0
BRDA:269,24,0,35
BRDA:282,25,0,0
BRDA:335,26,0,0
BRDA:279,27,0,70
BRDA:318,28,0,2
BRF:29
BRH:16
end_of_record
TN:
SF:src/components/ui/Logo.tsx
FN:19,Logo
FNF:1
FNH:1
FNDA:10,Logo
DA:1,1
DA:5,1
DA:6,1
DA:7,1
DA:8,1
DA:9,1
DA:19,1
DA:20,10
DA:21,10
DA:23,10
DA:24,1
DA:25,1
DA:26,1
DA:27,1
DA:28,1
DA:29,1
DA:30,1
DA:32,1
DA:34,10
DA:36,10
DA:37,10
DA:38,10
DA:39,10
DA:40,10
DA:41,10
DA:42,10
DA:44,10
LF:27
LH:27
BRDA:19,0,0,10
BRDA:23,1,0,1
BRDA:32,2,0,9
BRDA:34,3,0,7
BRDA:34,4,0,2
BRF:5
BRH:5
end_of_record
TN:
SF:src/components/ui/accordion.tsx
FNF:0
FNH:0
DA:1,1
DA:6,1
DA:8,1
DA:11,1
DA:12,5
DA:13,1
DA:14,1
DA:16,1
DA:19,1
DA:20,5
DA:21,5
DA:22,5
DA:23,5
DA:24,5
DA:25,5
DA:26,5
DA:27,5
DA:29,5
DA:30,5
DA:31,5
DA:32,5
DA:33,1
DA:34,1
DA:36,1
DA:39,1
DA:40,5
DA:41,5
DA:42,5
DA:43,5
DA:45,5
DA:46,5
DA:47,5
DA:48,1
LF:33
LH:33
BRDA:11,0,0,5
BRDA:19,1,0,5
BRDA:39,2,0,5
BRF:3
BRH:3
end_of_record
TN:
SF:src/components/ui/alert.tsx
FNF:0
FNH:0
DA:1,1
DA:5,1
DA:6,1
DA:7,1
DA:8,1
DA:9,1
DA:10,1
DA:11,1
DA:12,1
DA:13,1
DA:14,1
DA:15,1
DA:16,1
DA:17,1
DA:18,1
DA:20,1
DA:23,1
DA:24,7
DA:25,1
DA:26,1
DA:28,1
DA:29,1
DA:30,2
DA:32,1
DA:33,1
DA:35,1
DA:36,1
DA:37,5
DA:39,1
DA:40,1
LF:30
LH:30
BRDA:23,0,0,7
BRDA:29,1,0,2
BRDA:36,2,0,5
BRF:3
BRH:3
end_of_record
TN:
SF:src/components/ui/avatar.tsx
FNF:0
FNH:0
DA:1,1
DA:5,1
DA:8,1
DA:9,39
DA:10,39
DA:11,39
DA:12,39
DA:13,39
DA:14,39
DA:15,1
DA:17,1
DA:20,1
DA:21,0
DA:22,1
DA:23,1
DA:25,1
DA:28,1
DA:29,39
DA:30,39
DA:31,39
DA:32,39
DA:33,39
DA:34,39
DA:35,1
LF:24
LH:23
BRDA:8,0,0,39
BRDA:28,1,0,39
BRF:2
BRH:2
end_of_record
TN:
SF:src/components/ui/badge.tsx
FN:26,Badge
FNF:1
FNH:1
FNDA:486,Badge
DA:1,1
DA:5,1
DA:6,1
DA:7,1
DA:8,1
DA:9,1
DA:10,1
DA:11,1
DA:12,1
DA:13,1
DA:14,1
DA:15,1
DA:16,1
DA:17,1
DA:18,1
DA:19,1
DA:20,1
DA:26,486
DA:27,486
DA:28,486
LF:20
LH:20
BRDA:26,0,0,486
BRF:1
BRH:1
end_of_record
TN:
SF:src/components/ui/button.tsx
FNF:0
FNH:0
DA:1,1
DA:6,1
DA:7,1
DA:8,1
DA:9,1
DA:10,1
DA:11,1
DA:12,1
DA:13,1
DA:14,1
DA:15,1
DA:16,1
DA:17,1
DA:18,1
DA:19,1
DA:20,1
DA:21,1
DA:22,1
DA:23,1
DA:24,1
DA:25,1
DA:26,1
DA:27,1
DA:28,1
DA:29,1
DA:30,1
DA:38,1
DA:39,1
DA:40,2070
DA:41,2070
DA:42,2070
DA:43,2070
DA:44,2070
DA:45,2070
DA:46,2070
DA:48,2070
DA:49,1
DA:50,1
LF:38
LH:38
BRDA:39,0,0,2070
BRDA:40,1,0,155
BRDA:40,2,0,1915
BRF:3
BRH:3
end_of_record
TN:
SF:src/components/ui/card.tsx
FNF:0
FNH:0
DA:1,1
DA:4,1
DA:5,1
DA:6,646
DA:7,646
DA:8,646
DA:9,646
DA:10,646
DA:12,1
DA:13,1
DA:15,1
DA:16,1
DA:17,480
DA:19,1
DA:20,1
DA:22,1
DA:23,1
DA:24,319
DA:26,1
DA:27,1
DA:29,1
DA:30,1
DA:31,246
DA:33,1
DA:34,1
DA:36,1
DA:37,1
DA:38,644
DA:40,1
DA:41,1
DA:43,1
DA:44,1
DA:45,163
DA:47,1
DA:48,1
LF:35
LH:35
BRDA:5,0,0,646
BRDA:16,1,0,480
BRDA:23,2,0,319
BRDA:30,3,0,246
BRDA:37,4,0,644
BRDA:44,5,0,163
BRF:6
BRH:6
end_of_record
TN:
SF:src/components/ui/checkbox.tsx
FNF:0
FNH:0
DA:1,1
DA:6,1
DA:9,1
DA:10,113
DA:11,113
DA:12,113
DA:13,113
DA:14,113
DA:15,113
DA:16,113
DA:18,113
DA:19,113
DA:20,113
DA:21,113
DA:22,113
DA:23,1
LF:16
LH:16
BRDA:9,0,0,113
BRF:1
BRH:1
end_of_record
TN:
SF:src/components/ui/dialog.tsx
FN:50,DialogHeader
FN:55,DialogFooter
FNF:2
FNH:2
FNDA:42,DialogHeader
FNDA:42,DialogFooter
DA:1,1
DA:6,1
DA:7,1
DA:8,1
DA:9,1
DA:11,1
DA:14,1
DA:15,64
DA:16,64
DA:17,64
DA:18,64
DA:19,64
DA:20,64
DA:21,64
DA:22,64
DA:23,64
DA:24,1
DA:26,1
DA:29,1
DA:30,206
DA:31,206
DA:32,206
DA:33,206
DA:34,206
DA:35,206
DA:36,206
DA:37,206
DA:38,206
DA:40,206
DA:41,206
DA:42,206
DA:43,206
DA:44,206
DA:45,206
DA:46,206
DA:47,1
DA:48,1
DA:50,1
DA:51,42
DA:53,1
DA:55,1
DA:56,42
DA:58,1
DA:60,1
DA:63,1
DA:64,42
DA:65,42
DA:66,42
DA:67,42
DA:68,42
DA:69,42
DA:70,1
DA:72,1
DA:75,1
DA:76,39
DA:77,39
DA:78,39
DA:79,39
DA:80,39
DA:81,39
DA:82,1
LF:61
LH:61
BRDA:14,0,0,64
BRDA:29,1,0,206
BRDA:50,2,0,42
BRDA:55,3,0,42
BRDA:63,4,0,42
BRDA:75,5,0,39
BRF:6
BRH:6
end_of_record
TN:
SF:src/components/ui/dropdown-menu.tsx
FN:150,DropdownMenuShortcut
FNF:1
FNH:1
FNDA:2,DropdownMenuShortcut
DA:1,1
DA:6,1
DA:7,1
DA:8,1
DA:9,1
DA:10,1
DA:11,1
DA:13,1
DA:16,1
DA:17,0
DA:18,0
DA:19,0
DA:20,0
DA:21,0
DA:22,0
DA:23,0
DA:24,0
DA:26,0
DA:27,0
DA:28,0
DA:29,0
DA:30,1
DA:32,1
DA:35,1
DA:36,0
DA:37,0
DA:38,0
DA:39,0
DA:40,0
DA:41,0
DA:42,0
DA:43,0
DA:44,0
DA:45,1
DA:47,1
DA:50,1
DA:51,213
DA:52,213
DA:53,213
DA:54,213
DA:55,213
DA:56,213
DA:57,213
DA:58,213
DA:59,213
DA:60,213
DA:61,213
DA:62,1
DA:63,1
DA:65,1
DA:68,1
DA:69,12
DA:70,12
DA:71,12
DA:72,12
DA:73,12
DA:74,12
DA:75,12
DA:76,12
DA:77,12
DA:78,12
DA:79,1
DA:81,1
DA:84,1
DA:85,0
DA:86,0
DA:87,0
DA:88,0
DA:89,0
DA:90,0
DA:91,0
DA:92,0
DA:94,0
DA:95,0
DA:96,0
DA:97,0
DA:98,0
DA:99,0
DA:100,0
DA:101,0
DA:102,1
DA:104,1
DA:107,1
DA:108,0
DA:109,0
DA:110,0
DA:111,0
DA:112,0
DA:113,0
DA:114,0
DA:116,0
DA:117,0
DA:118,0
DA:119,0
DA:120,0
DA:121,0
DA:122,0
DA:123,0
DA:124,1
DA:126,1
DA:129,1
DA:130,1
DA:131,1
DA:132,1
DA:133,1
DA:134,1
DA:135,1
DA:136,1
DA:138,1
DA:141,1
DA:142,1
DA:143,1
DA:144,1
DA:145,1
DA:146,1
DA:147,1
DA:148,1
DA:150,1
DA:151,2
DA:153,1
LF:120
LH:68
BRDA:50,0,0,213
BRDA:68,1,0,12
BRDA:73,2,0,0
BRDA:129,3,0,1
BRDA:132,4,0,0
BRDA:141,5,0,1
BRDA:150,6,0,2
BRF:7
BRH:5
end_of_record
TN:
SF:src/components/ui/input.tsx
FNF:0
FNH:0
DA:1,1
DA:4,1
DA:5,1
DA:6,785
DA:7,785
DA:8,785
DA:9,785
DA:10,785
DA:11,785
DA:12,785
DA:13,785
DA:14,785
DA:15,785
DA:17,785
DA:18,1
DA:19,1
LF:16
LH:16
BRDA:5,0,0,785
BRF:1
BRH:1
end_of_record
TN:
SF:src/components/ui/label.tsx
FNF:0
FNH:0
DA:1,1
DA:6,1
DA:7,1
DA:8,1
DA:10,1
DA:14,1
DA:15,919
DA:16,919
DA:17,919
DA:18,919
DA:19,919
DA:20,919
DA:21,1
LF:13
LH:13
BRDA:14,0,0,919
BRF:1
BRH:1
end_of_record
TN:
SF:src/components/ui/popover.tsx
FNF:0
FNH:0
DA:1,1
DA:5,1
DA:6,1
DA:8,1
DA:11,1
DA:12,39
DA:13,39
DA:14,39
DA:15,39
DA:16,39
DA:17,39
DA:18,39
DA:19,39
DA:20,39
DA:21,39
DA:22,39
DA:23,39
DA:24,1
DA:25,1
LF:19
LH:19
BRDA:11,0,0,39
BRF:1
BRH:1
end_of_record
TN:
SF:src/components/ui/progress.tsx
FNF:0
FNH:0
DA:1,1
DA:5,1
DA:8,1
DA:9,7
DA:10,7
DA:11,7
DA:12,7
DA:14,7
DA:15,7
DA:16,7
DA:17,7
DA:18,7
DA:19,7
DA:20,1
LF:14
LH:14
BRDA:8,0,0,7
BRDA:16,1,0,1
BRF:2
BRH:2
end_of_record
TN:
SF:src/components/ui/radio-group.tsx
FNF:0
FNH:0
DA:1,1
DA:6,1
DA:9,1
DA:10,4
DA:11,1
DA:12,1
DA:14,1
DA:17,1
DA:18,7
DA:19,7
DA:20,7
DA:21,7
DA:22,7
DA:23,7
DA:24,7
DA:26,7
DA:27,7
DA:28,7
DA:29,7
DA:30,7
DA:31,1
LF:21
LH:21
BRDA:9,0,0,4
BRDA:17,1,0,7
BRF:2
BRH:2
end_of_record
TN:
SF:src/components/ui/scroll-area.tsx
FNF:0
FNH:0
DA:1,1
DA:5,1
DA:8,1
DA:9,40
DA:10,40
DA:11,40
DA:12,40
DA:14,40
DA:15,40
DA:16,40
DA:17,40
DA:18,40
DA:19,40
DA:20,40
DA:21,1
DA:23,1
DA:26,1
DA:27,40
DA:28,40
DA:29,40
DA:30,40
DA:31,40
DA:32,40
DA:33,40
DA:34,40
DA:35,40
DA:36,40
DA:38,40
DA:39,40
DA:40,40
DA:41,1
LF:31
LH:31
BRDA:8,0,0,40
BRDA:26,1,0,40
BRDA:33,2,0,0
BRF:3
BRH:2
end_of_record
TN:
SF:src/components/ui/select.tsx
FNF:0
FNH:0
DA:1,1
DA:6,1
DA:7,1
DA:8,1
DA:10,1
DA:13,1
DA:14,167
DA:15,167
DA:16,167
DA:17,167
DA:18,167
DA:19,167
DA:20,167
DA:22,167
DA:23,167
DA:24,167
DA:25,167
DA:26,167
DA:27,167
DA:28,1
DA:30,1
DA:33,1
DA:34,167
DA:35,167
DA:36,167
DA:37,1
DA:38,1
DA:40,1
DA:43,1
DA:44,167
DA:45,167
DA:46,167
DA:47,1
DA:48,1
DA:50,1
DA:53,1
DA:54,168
DA:55,168
DA:56,168
DA:57,168
DA:58,168
DA:59,168
DA:60,168
DA:61,168
DA:62,168
DA:63,168
DA:65,168
DA:66,168
DA:67,168
DA:69,168
DA:70,168
DA:71,168
DA:72,168
DA:73,168
DA:74,1
DA:75,1
DA:77,1
DA:80,1
DA:81,0
DA:82,1
DA:83,1
DA:85,1
DA:88,1
DA:89,723
DA:90,723
DA:91,723
DA:92,723
DA:93,723
DA:94,723
DA:95,723
DA:97,723
DA:98,723
DA:99,723
DA:100,723
DA:101,723
DA:102,723
DA:103,723
DA:104,723
DA:105,1
DA:107,1
DA:110,1
DA:111,0
DA:112,1
DA:113,1
LF:84
LH:82
BRDA:13,0,0,167
BRDA:33,1,0,167
BRDA:43,2,0,167
BRDA:53,3,0,168
BRDA:59,4,0,167
BRDA:67,5,0,167
BRDA:88,6,0,723
BRF:7
BRH:7
end_of_record
TN:
SF:src/components/ui/separator.tsx
FNF:0
FNH:0
DA:1,1
DA:5,1
DA:8,1
DA:9,9
DA:10,9
DA:11,9
DA:12,9
DA:13,9
DA:14,9
DA:15,9
DA:16,9
DA:17,9
DA:18,9
DA:19,9
DA:20,9
DA:21,1
LF:16
LH:16
BRDA:8,0,0,9
BRDA:15,1,0,8
BRDA:15,2,0,1
BRF:3
BRH:3
end_of_record
TN:
SF:src/components/ui/sheet.tsx
FN:65,SheetHeader
FN:70,SheetFooter
FNF:2
FNH:2
FNDA:2,SheetHeader
FNDA:2,SheetFooter
DA:1,1
DA:7,1
DA:8,1
DA:9,1
DA:10,1
DA:12,1
DA:15,1
DA:16,8
DA:17,8
DA:18,8
DA:19,8
DA:20,8
DA:21,8
DA:22,8
DA:23,8
DA:24,8
DA:25,1
DA:27,1
DA:28,1
DA:29,1
DA:30,1
DA:31,1
DA:32,1
DA:33,1
DA:34,1
DA:35,1
DA:36,1
DA:37,1
DA:38,1
DA:39,1
DA:40,1
DA:41,1
DA:42,1
DA:48,1
DA:51,1
DA:52,38
DA:53,38
DA:54,38
DA:55,38
DA:56,38
DA:57,38
DA:58,38
DA:59,38
DA:60,38
DA:61,38
DA:62,1
DA:63,1
DA:65,1
DA:66,2
DA:68,1
DA:70,1
DA:71,2
DA:73,1
DA:75,1
DA:78,1
DA:79,4
DA:80,1
DA:81,1
DA:83,1
DA:86,1
DA:87,1
DA:88,1
DA:89,1
LF:63
LH:63
BRDA:15,0,0,8
BRDA:51,1,0,38
BRDA:65,2,0,2
BRDA:70,3,0,2
BRDA:78,4,0,4
BRDA:86,5,0,1
BRF:6
BRH:6
end_of_record
TN:
SF:src/components/ui/skeleton.tsx
FN:3,Skeleton
FNF:1
FNH:1
FNDA:3091,Skeleton
DA:1,1
DA:3,3091
DA:4,3091
DA:5,3091
DA:6,3091
DA:7,3091
DA:8,3091
DA:9,3091
DA:11,3091
LF:9
LH:9
BRDA:3,0,0,3091
BRF:1
BRH:1
end_of_record
TN:
SF:src/components/ui/slider.tsx
FNF:0
FNH:0
DA:1,1
DA:5,1
DA:8,1
DA:9,4
DA:10,4
DA:11,4
DA:12,4
DA:14,4
DA:15,4
DA:16,4
DA:17,4
DA:18,4
DA:19,4
DA:20,1
LF:14
LH:14
BRDA:8,0,0,4
BRF:1
BRH:1
end_of_record
TN:
SF:src/components/ui/switch.tsx
FNF:0
FNH:0
DA:1,1
DA:5,1
DA:8,1
DA:9,186
DA:10,186
DA:11,186
DA:12,186
DA:13,186
DA:14,186
DA:15,186
DA:17,186
DA:18,186
DA:19,186
DA:20,186
DA:21,186
DA:22,186
DA:23,186
DA:24,1
LF:18
LH:18
BRDA:8,0,0,186
BRF:1
BRH:1
end_of_record
TN:
SF:src/components/ui/table.tsx
FNF:0
FNH:0
DA:1,1
DA:4,1
DA:5,1
DA:6,177
DA:7,177
DA:8,177
DA:10,1
DA:11,1
DA:13,1
DA:14,1
DA:15,168
DA:17,1
DA:18,1
DA:20,1
DA:21,1
DA:22,173
DA:24,1
DA:25,1
DA:27,1
DA:28,1
DA:29,1
DA:31,1
DA:32,1
DA:34,1
DA:35,1
DA:36,829
DA:38,1
DA:39,1
DA:41,1
DA:42,1
DA:43,919
DA:45,1
DA:46,1
DA:48,1
DA:49,1
DA:50,3677
DA:52,1
DA:53,1
DA:55,1
DA:56,1
DA:57,1
DA:59,1
DA:60,1
LF:43
LH:43
BRDA:5,0,0,177
BRDA:14,1,0,168
BRDA:21,2,0,173
BRDA:28,3,0,1
BRDA:35,4,0,829
BRDA:42,5,0,919
BRDA:49,6,0,3677
BRDA:56,7,0,1
BRF:8
BRH:8
end_of_record
TN:
SF:src/components/ui/tabs.tsx
FNF:0
FNH:0
DA:1,1
DA:5,1
DA:7,1
DA:10,1
DA:11,69
DA:12,69
DA:13,69
DA:14,69
DA:15,69
DA:16,69
DA:17,69
DA:18,69
DA:19,69
DA:20,1
DA:22,1
DA:25,1
DA:26,209
DA:27,209
DA:28,209
DA:29,209
DA:30,209
DA:31,209
DA:32,209
DA:33,209
DA:34,209
DA:35,1
DA:37,1
DA:40,1
DA:41,210
DA:42,210
DA:43,210
DA:44,210
DA:45,210
DA:46,210
DA:47,210
DA:48,210
DA:49,210
DA:50,1
LF:38
LH:38
BRDA:10,0,0,69
BRDA:25,1,0,209
BRDA:40,2,0,210
BRF:3
BRH:3
end_of_record
TN:
SF:src/components/ui/textarea.tsx
FNF:0
FNH:0
DA:1,1
DA:4,1
DA:5,1
DA:6,22
DA:7,22
DA:8,22
DA:9,22
DA:10,22
DA:11,22
DA:12,22
DA:13,22
DA:14,22
DA:16,22
DA:17,1
DA:18,1
LF:15
LH:15
BRDA:5,0,0,22
BRF:1
BRH:1
end_of_record
TN:
SF:src/components/ui/theme-toggle.tsx
FN:5,ThemeToggle
FNF:1
FNH:1
FNDA:5,ThemeToggle
DA:1,1
DA:5,1
DA:6,5
DA:8,5
DA:9,5
DA:10,5
DA:11,5
DA:12,5
DA:13,5
DA:14,5
DA:15,5
DA:16,5
DA:17,5
DA:18,5
DA:20,5
DA:21,3
DA:23,2
DA:25,5
DA:27,5
LF:19
LH:19
BRDA:5,0,0,5
BRDA:18,1,0,3
BRDA:18,2,0,2
BRDA:20,3,0,3
BRDA:21,4,0,2
BRF:5
BRH:5
end_of_record
TN:
SF:src/components/ui/tooltip.tsx
FNF:0
FNH:0
DA:1,1
DA:5,1
DA:6,1
DA:7,1
DA:9,1
DA:12,1
DA:13,3
DA:14,3
DA:15,3
DA:16,3
DA:17,3
DA:18,3
DA:19,3
DA:20,3
DA:21,3
DA:22,3
DA:23,1
LF:17
LH:17
BRDA:12,0,0,3
BRF:1
BRH:1
end_of_record
TN:
SF:src/contexts/AuthContext.tsx
FN:23,AuthProvider
FN:86,useAuth
FNF:2
FNH:2
FNDA:17,AuthProvider
FNDA:22,useAuth
DA:1,1
DA:21,1
DA:23,1
DA:24,17
DA:25,17
DA:27,17
DA:28,7
DA:29,7
DA:30,3
DA:31,3
DA:32,3
DA:34,4
DA:35,4
DA:36,3
DA:37,3
DA:38,3
DA:39,2
DA:40,3
DA:41,1
DA:42,1
DA:43,3
DA:44,0
DA:45,0
DA:46,4
DA:47,4
DA:48,1
DA:49,4
DA:50,4
DA:51,17
DA:53,17
DA:54,1
DA:55,1
DA:56,1
DA:57,0
DA:58,0
DA:59,1
DA:60,1
DA:61,17
DA:63,17
DA:64,1
DA:65,1
DA:66,1
DA:67,17
DA:69,17
DA:70,17
DA:71,17
DA:72,17
DA:73,17
DA:74,17
DA:75,17
DA:76,17
DA:77,17
DA:78,17
DA:79,17
DA:81,17
DA:82,17
DA:84,17
DA:86,1
DA:87,22
DA:88,22
DA:89,17
DA:90,17
LF:62
LH:58
BRDA:23,0,0,17
BRDA:75,1,0,4
BRDA:75,2,0,4
BRDA:76,3,0,4
BRDA:27,4,0,7
BRDA:29,5,0,3
BRDA:32,6,0,4
BRDA:35,7,0,3
BRDA:38,8,0,2
BRDA:40,9,0,1
BRDA:43,10,0,0
BRDA:47,11,0,1
BRDA:50,12,0,4
BRDA:53,13,0,1
BRDA:56,14,0,0
BRDA:63,15,0,1
BRDA:86,16,0,22
BRDA:88,17,0,4
BRDA:88,18,0,17
BRF:19
BRH:17
end_of_record
TN:
SF:src/hooks/useDirection.ts
FN:7,resolveDirection
FN:11,useDirection
FNF:2
FNH:2
FNDA:8,resolveDirection
FNDA:4,useDirection
DA:1,1
DA:7,8
DA:8,8
DA:9,8
DA:11,1
DA:12,4
DA:13,4
DA:14,4
DA:16,4
DA:17,1
DA:18,1
DA:19,4
DA:21,4
DA:22,4
DA:23,4
DA:24,4
DA:25,4
DA:26,4
DA:28,4
DA:29,4
LF:20
LH:20
BRDA:7,0,0,8
BRDA:8,1,0,4
BRDA:8,2,0,4
BRDA:11,3,0,4
BRDA:13,4,0,0
BRDA:14,5,0,4
BRDA:16,6,0,1
BRDA:21,7,0,4
BRF:8
BRH:7
end_of_record
TN:
SF:src/hooks/useFeatureFlag.ts
FN:3,useFeatureFlag
FNF:1
FNH:1
FNDA:3,useFeatureFlag
DA:1,1
DA:3,1
DA:4,3
DA:5,3
DA:6,3
LF:5
LH:5
BRDA:3,0,0,3
BRDA:5,1,0,1
BRF:2
BRH:2
end_of_record
TN:
SF:src/hooks/useIsSuperadmin.ts
FN:3,useIsSuperadmin
FNF:1
FNH:1
FNDA:2,useIsSuperadmin
DA:1,1
DA:3,1
DA:4,2
DA:5,2
DA:6,2
LF:5
LH:5
BRDA:3,0,0,2
BRF:1
BRH:1
end_of_record
TN:
SF:src/hooks/useTheme.ts
FN:5,getSystemTheme
FN:10,getStoredTheme
FN:15,applyTheme
FN:22,useTheme
FN:41,handler
FNF:5
FNH:4
FNDA:4,getSystemTheme
FNDA:6,getStoredTheme
FNDA:14,applyTheme
FNDA:10,useTheme
FNDA:0,handler
DA:1,1
DA:5,4
DA:6,4
DA:7,4
DA:8,4
DA:10,6
DA:11,6
DA:12,6
DA:13,6
DA:15,14
DA:16,14
DA:17,14
DA:18,14
DA:19,14
DA:20,14
DA:22,1
DA:23,10
DA:25,10
DA:26,4
DA:27,4
DA:28,4
DA:29,10
DA:31,10
DA:32,2
DA:33,2
DA:34,10
DA:36,10
DA:37,10
DA:39,10
DA:40,2
DA:41,2
DA:42,2
DA:43,2
DA:44,2
DA:45,10
DA:47,10
DA:49,10
DA:50,10
LF:38
LH:38
BRDA:5,0,0,4
BRDA:6,1,0,0
BRDA:7,2,0,0
BRDA:10,3,0,6
BRDA:11,4,0,0
BRDA:12,5,0,2
BRDA:15,6,0,14
BRDA:16,7,0,2
BRDA:16,8,0,12
BRDA:22,9,0,10
BRDA:47,10,0,2
BRDA:47,11,0,8
BRDA:25,12,0,4
BRDA:31,13,0,2
BRDA:32,14,0,0
BRDA:33,15,0,1
BRDA:33,16,0,1
BRDA:36,17,0,10
BRDA:39,18,0,2
BRDA:43,19,0,2
BRF:20
BRH:16
end_of_record
TN:
SF:src/lib/hostname.ts
FN:8,getHostnameMode
FN:16,isSuperadminHostname
FN:20,getAdminUrl
FNF:3
FNH:3
FNDA:83,getHostnameMode
FNDA:4,isSuperadminHostname
FNDA:2,getAdminUrl
DA:3,1
DA:4,1
DA:5,1
DA:6,1
DA:8,1
DA:9,83
DA:10,83
DA:11,3
DA:12,3
DA:13,80
DA:14,80
DA:16,1
DA:17,4
DA:18,4
DA:20,1
DA:21,2
DA:22,2
DA:23,2
DA:24,2
LF:19
LH:19
BRDA:8,0,0,83
BRDA:10,1,0,3
BRDA:12,2,0,80
BRDA:16,3,0,4
BRDA:20,4,0,2
BRDA:22,5,0,1
BRDA:22,6,0,1
BRF:7
BRH:7
end_of_record
TN:
SF:src/lib/money.ts
FN:15,formatCents
FN:36,dollarsToCents
FN:40,centsToDollars
FNF:3
FNH:3
FNDA:99,formatCents
FNDA:16,dollarsToCents
FNDA:13,centsToDollars
DA:1,1
DA:2,1
DA:3,1
DA:4,1
DA:5,1
DA:6,1
DA:8,1
DA:9,1
DA:10,1
DA:11,1
DA:12,1
DA:13,1
DA:15,1
DA:16,99
DA:17,99
DA:18,99
DA:19,99
DA:20,99
DA:22,95
DA:24,99
DA:25,5
DA:26,5
DA:27,5
DA:28,5
DA:29,5
DA:30,5
DA:31,5
DA:33,99
DA:34,99
DA:36,1
DA:37,16
DA:38,16
DA:40,1
DA:41,13
DA:42,13
LF:35
LH:35
BRDA:15,0,0,99
BRDA:19,1,0,4
BRDA:20,2,0,4
BRDA:20,3,0,95
BRDA:24,4,0,49
BRDA:24,5,0,93
BRDA:24,6,0,47
BRDA:24,7,0,5
BRDA:25,8,0,3
BRDA:27,9,0,0
BRDA:28,10,0,1
BRDA:28,11,0,4
BRDA:29,12,0,1
BRDA:29,13,0,4
BRDA:31,14,0,90
BRDA:33,15,0,44
BRDA:33,16,0,44
BRDA:33,17,0,46
BRDA:36,18,0,16
BRDA:40,19,0,13
BRF:20
BRH:19
end_of_record
TN:
SF:src/lib/utils.ts
FN:4,cn
FNF:1
FNH:1
FNDA:21068,cn
DA:1,1
DA:4,1
DA:5,21068
DA:6,21068
LF:4
LH:4
BRDA:4,0,0,21068
BRF:1
BRH:1
end_of_record
TN:
SF:src/pages/AIProvidersPage.tsx
FN:33,AIProvidersPage
FN:106,updateProviderLocal
FN:118,toggleProvider
FN:122,updateRateLimit
FN:127,handleSaveConfig
FN:145,handleSaveKey
FN:163,handleSaveFallbackKey
FN:181,handleRemoveKey
FN:203,handleTestKey
FN:220,handleTestFallbackKey
FN:241,handleDefaultProviderChange
FN:246,handleSaveDefaultModel
FN:263,moveUp
FN:272,moveDown
FN:281,handleSaveFallbackOrder
FN:374,onValueChange
FN:421,onClick
FN:430,onClick
FN:499,onCheckedChange
FN:520,onClick
FN:527,onClick
FN:540,onChange
FN:545,onClick
FN:552,onClick
FN:566,onClick
FN:581,onClick
FN:595,onClick
FN:633,onClick
FN:653,onClick
FN:660,onClick
FN:673,onChange
FN:678,onClick
FN:685,onClick
FN:699,onClick
FN:725,onChange
FN:747,onOpenChange
FN:760,onClick
FNF:37
FNH:11
FNDA:83,AIProvidersPage
FNDA:0,updateProviderLocal
FNDA:0,toggleProvider
FNDA:0,updateRateLimit
FNDA:0,handleSaveConfig
FNDA:1,handleSaveKey
FNDA:0,handleSaveFallbackKey
FNDA:1,handleRemoveKey
FNDA:3,handleTestKey
FNDA:0,handleTestFallbackKey
FNDA:0,handleDefaultProviderChange
FNDA:0,handleSaveDefaultModel
FNDA:0,moveUp
FNDA:0,moveDown
FNDA:1,handleSaveFallbackOrder
FNDA:0,onValueChange
FNDA:0,onClick
FNDA:0,onClick
FNDA:0,onCheckedChange
FNDA:1,onClick
FNDA:2,onClick
FNDA:1,onChange
FNDA:0,onClick
FNDA:1,onClick
FNDA:0,onClick
FNDA:3,onClick
FNDA:0,onClick
FNDA:1,onClick
FNDA:0,onClick
FNDA:0,onClick
FNDA:0,onChange
FNDA:0,onClick
FNDA:0,onClick
FNDA:0,onClick
FNDA:0,onChange
FNDA:0,onOpenChange
FNDA:0,onClick
DA:1,1
DA:26,1
DA:27,1
DA:28,1
DA:29,1
DA:30,1
DA:31,1
DA:33,1
DA:34,83
DA:37,83
DA:38,83
DA:39,83
DA:42,83
DA:43,83
DA:44,83
DA:45,83
DA:46,83
DA:47,83
DA:48,83
DA:51,83
DA:52,83
DA:53,83
DA:54,83
DA:55,83
DA:56,83
DA:57,83
DA:58,83
DA:59,83
DA:60,83
DA:61,83
DA:62,83
DA:65,83
DA:66,83
DA:69,83
DA:70,83
DA:71,83
DA:72,83
DA:75,83
DA:77,83
DA:78,30
DA:79,30
DA:80,30
DA:81,30
DA:82,28
DA:83,30
DA:84,30
DA:85,30
DA:86,1
DA:87,30
DA:88,29
DA:89,29
DA:90,83
DA:92,83
DA:95,83
DA:96,30
DA:97,2
DA:98,2
DA:99,83
DA:101,83
DA:102,83
DA:106,83
DA:107,0
DA:108,0
DA:109,0
DA:110,0
DA:111,0
DA:112,0
DA:113,0
DA:114,0
DA:115,0
DA:116,0
DA:118,83
DA:119,0
DA:120,0
DA:122,83
DA:123,0
DA:124,0
DA:125,0
DA:127,83
DA:128,0
DA:129,0
DA:130,0
DA:131,0
DA:132,0
DA:133,0
DA:134,0
DA:135,0
DA:136,0
DA:137,0
DA:138,0
DA:139,0
DA:140,0
DA:141,0
DA:145,83
DA:146,1
DA:147,1
DA:148,1
DA:149,1
DA:150,1
DA:151,1
DA:152,1
DA:153,1
DA:154,1
DA:155,1
DA:156,1
DA:157,0
DA:158,1
DA:159,1
DA:160,1
DA:161,1
DA:163,83
DA:164,0
DA:165,0
DA:166,0
DA:167,0
DA:168,0
DA:169,0
DA:170,0
DA:171,0
DA:172,0
DA:173,0
DA:174,0
DA:175,0
DA:176,0
DA:177,0
DA:178,0
DA:179,0
DA:181,83
DA:182,1
DA:183,1
DA:184,1
DA:185,1
DA:186,1
DA:187,0
DA:188,1
DA:189,1
DA:190,1
DA:191,1
DA:192,1
DA:193,1
DA:194,0
DA:195,1
DA:196,1
DA:197,1
DA:198,1
DA:199,1
DA:203,83
DA:204,3
DA:205,3
DA:206,3
DA:207,3
DA:208,3
DA:209,3
DA:210,3
DA:211,3
DA:212,2
DA:213,3
DA:214,0
DA:215,3
DA:216,2
DA:217,2
DA:218,3
DA:220,83
DA:221,0
DA:222,0
DA:223,0
DA:224,0
DA:225,0
DA:226,0
DA:227,0
DA:228,0
DA:229,0
DA:230,0
DA:231,0
DA:232,0
DA:233,0
DA:234,0
DA:235,0
DA:239,83
DA:241,83
DA:242,0
DA:243,0
DA:244,0
DA:246,83
DA:247,0
DA:248,0
DA:249,0
DA:250,0
DA:251,0
DA:252,0
DA:253,0
DA:254,0
DA:255,0
DA:256,0
DA:257,0
DA:258,0
DA:259,0
DA:263,83
DA:264,0
DA:265,0
DA:266,0
DA:267,0
DA:268,0
DA:269,0
DA:270,0
DA:272,83
DA:273,0
DA:274,0
DA:275,0
DA:276,0
DA:277,0
DA:278,0
DA:279,0
DA:281,83
DA:282,1
DA:283,1
DA:284,1
DA:285,1
DA:286,1
DA:287,1
DA:288,1
DA:289,1
DA:290,0
DA:291,1
DA:292,1
DA:293,1
DA:294,1
DA:298,83
DA:299,30
DA:300,30
DA:301,30
DA:302,30
DA:304,30
DA:306,52
DA:308,52
DA:309,52
DA:310,52
DA:311,52
DA:312,52
DA:313,52
DA:314,52
DA:315,52
DA:316,0
DA:317,52
DA:318,0
DA:320,52
DA:322,83
DA:323,83
DA:325,83
DA:327,83
DA:328,1
DA:329,1
DA:330,1
DA:331,1
DA:334,83
DA:335,4
DA:336,4
DA:337,4
DA:338,4
DA:344,83
DA:345,83
DA:346,83
DA:347,83
DA:348,83
DA:349,83
DA:350,83
DA:351,5
DA:353,47
DA:354,47
DA:355,47
DA:356,47
DA:357,47
DA:358,47
DA:360,47
DA:361,47
DA:362,47
DA:363,94
DA:364,94
DA:365,94
DA:366,47
DA:367,47
DA:368,47
DA:369,47
DA:370,47
DA:371,47
DA:372,47
DA:373,47
DA:374,47
DA:376,47
DA:377,47
DA:378,47
DA:379,94
DA:380,47
DA:381,47
DA:382,47
DA:383,47
DA:384,47
DA:385,47
DA:386,47
DA:387,47
DA:389,47
DA:390,0
DA:391,47
DA:392,0
DA:394,47
DA:396,47
DA:397,47
DA:398,47
DA:400,83
DA:401,83
DA:404,83
DA:405,83
DA:406,83
DA:407,83
DA:408,83
DA:409,83
DA:410,83
DA:411,83
DA:412,196
DA:413,196
DA:414,196
DA:415,196
DA:416,196
DA:417,196
DA:418,196
DA:419,196
DA:420,196
DA:421,196
DA:422,196
DA:423,196
DA:425,196
DA:426,196
DA:427,196
DA:428,196
DA:429,196
DA:430,196
DA:431,196
DA:432,196
DA:434,196
DA:435,196
DA:436,196
DA:437,196
DA:438,83
DA:439,83
DA:440,83
DA:441,49
DA:442,49
DA:443,1
DA:444,48
DA:445,1
DA:447,47
DA:449,49
DA:450,49
DA:452,83
DA:453,83
DA:457,83
DA:458,83
DA:459,83
DA:461,83
DA:462,83
DA:463,196
DA:464,0
DA:465,0
DA:466,0
DA:467,196
DA:468,196
DA:470,196
DA:471,196
DA:472,196
DA:473,196
DA:474,196
DA:475,196
DA:476,196
DA:477,196
DA:478,196
DA:479,94
DA:480,102
DA:483,196
DA:484,196
DA:485,196
DA:486,94
DA:487,94
DA:488,94
DA:489,94
DA:491,102
DA:492,102
DA:493,102
DA:495,196
DA:496,196
DA:497,196
DA:498,196
DA:499,196
DA:500,196
DA:501,196
DA:502,196
DA:503,196
DA:504,196
DA:505,196
DA:506,196
DA:507,196
DA:508,196
DA:510,196
DA:511,196
DA:512,196
DA:513,93
DA:514,93
DA:515,93
DA:516,93
DA:517,93
DA:518,93
DA:519,93
DA:520,93
DA:522,93
DA:523,93
DA:524,93
DA:525,93
DA:526,93
DA:527,93
DA:528,93
DA:529,93
DA:531,93
DA:532,93
DA:533,93
DA:535,103
DA:536,103
DA:537,103
DA:538,103
DA:539,103
DA:540,103
DA:541,103
DA:542,103
DA:543,103
DA:544,103
DA:545,103
DA:546,103
DA:548,103
DA:549,103
DA:550,103
DA:551,103
DA:552,103
DA:553,103
DA:555,103
DA:556,1
DA:558,102
DA:560,103
DA:561,103
DA:562,103
DA:563,1
DA:564,1
DA:565,1
DA:566,1
DA:568,1
DA:569,1
DA:571,103
DA:573,196
DA:576,196
DA:577,94
DA:578,94
DA:579,94
DA:580,94
DA:581,94
DA:582,94
DA:584,94
DA:585,3
DA:587,91
DA:589,94
DA:590,94
DA:591,94
DA:592,47
DA:593,47
DA:594,47
DA:595,47
DA:596,47
DA:598,47
DA:599,0
DA:601,47
DA:603,47
DA:604,47
DA:606,94
DA:607,2
DA:608,1
DA:609,1
DA:610,2
DA:611,2
DA:612,1
DA:613,1
DA:614,2
DA:616,94
DA:617,0
DA:618,0
DA:619,0
DA:620,0
DA:621,0
DA:622,0
DA:623,0
DA:624,0
DA:626,94
DA:630,196
DA:631,196
DA:632,196
DA:633,196
DA:634,196
DA:636,196
DA:637,196
DA:638,196
DA:639,196
DA:640,196
DA:641,196
DA:642,196
DA:643,196
DA:644,1
DA:645,1
DA:646,0
DA:647,0
DA:648,0
DA:649,0
DA:650,0
DA:651,0
DA:652,0
DA:653,0
DA:655,0
DA:656,0
DA:657,0
DA:658,0
DA:659,0
DA:660,0
DA:661,0
DA:662,0
DA:664,0
DA:665,0
DA:666,0
DA:668,1
DA:669,1
DA:670,1
DA:671,1
DA:672,1
DA:673,1
DA:674,1
DA:675,1
DA:676,1
DA:677,1
DA:678,1
DA:679,1
DA:681,1
DA:682,1
DA:683,1
DA:684,1
DA:685,1
DA:686,1
DA:688,1
DA:689,0
DA:691,1
DA:693,1
DA:694,1
DA:695,1
DA:696,0
DA:697,0
DA:698,0
DA:699,0
DA:701,0
DA:702,0
DA:704,1
DA:706,1
DA:707,1
DA:708,1
DA:709,1
DA:711,196
DA:714,196
DA:715,196
DA:716,196
DA:717,196
DA:718,196
DA:719,196
DA:720,196
DA:721,196
DA:722,196
DA:723,196
DA:724,196
DA:725,196
DA:726,196
DA:727,196
DA:728,196
DA:729,196
DA:730,196
DA:731,196
DA:732,196
DA:733,196
DA:734,196
DA:735,196
DA:737,83
DA:738,83
DA:740,83
DA:741,3
DA:742,3
DA:743,3
DA:747,83
DA:748,83
DA:749,83
DA:750,83
DA:751,83
DA:752,83
DA:753,83
DA:754,83
DA:755,83
DA:756,83
DA:757,83
DA:758,83
DA:759,83
DA:760,83
DA:761,83
DA:763,83
DA:764,83
DA:765,83
DA:766,83
DA:767,83
DA:768,83
DA:770,83
DA:771,2
DA:773,50
DA:775,83
DA:776,83
DA:777,83
DA:778,83
DA:779,83
DA:780,83
DA:782,83
LF:626
LH:489
BRDA:33,0,0,83
BRDA:101,1,0,53
BRDA:101,2,0,29
BRDA:239,3,0,51
BRDA:239,4,0,31
BRDA:298,5,0,30
BRDA:304,6,0,77
BRDA:304,7,0,52
BRDA:315,8,0,0
BRDA:316,9,0,52
BRDA:317,10,0,0
BRDA:322,11,0,0
BRDA:322,12,0,52
BRDA:322,13,0,0
BRDA:327,14,0,1
BRDA:334,15,0,4
BRDA:350,16,0,5
BRDA:351,17,0,47
BRDA:389,18,0,0
BRDA:391,19,0,0
BRDA:396,20,0,0
BRDA:396,21,0,0
BRDA:440,22,0,49
BRDA:442,23,0,1
BRDA:443,24,0,48
BRDA:444,25,0,1
BRDA:445,26,0,47
BRDA:449,27,0,1
BRDA:449,28,0,48
BRDA:449,29,0,1
BRDA:449,30,0,47
BRDA:740,31,0,3
BRDA:753,32,0,4
BRDA:753,33,0,48
BRDA:770,34,0,2
BRDA:771,35,0,50
BRDA:77,36,0,30
BRDA:81,37,0,28
BRDA:83,38,0,5
BRDA:84,39,0,5
BRDA:85,40,0,1
BRDA:87,41,0,29
BRDA:92,42,0,28
BRDA:95,43,0,30
BRDA:96,44,0,28
BRDA:96,45,0,2
BRDA:98,46,0,2
BRDA:102,47,0,204
BRDA:102,48,0,98
BRDA:145,49,0,1
BRDA:147,50,0,0
BRDA:156,51,0,0
BRDA:152,52,0,1
BRDA:153,53,0,1
BRDA:181,54,0,1
BRDA:186,55,0,0
BRDA:193,56,0,0
BRDA:203,57,0,3
BRDA:211,58,0,2
BRDA:213,59,0,0
BRDA:215,60,0,2
BRDA:205,61,0,3
BRDA:212,62,0,2
BRDA:239,63,0,51
BRDA:281,64,0,1
BRDA:289,65,0,0
BRDA:306,66,0,196
BRDA:362,67,0,94
BRDA:364,68,0,0
BRDA:378,69,0,94
BRDA:411,70,0,196
BRDA:415,71,0,0
BRDA:462,72,0,196
BRDA:463,73,0,0
BRDA:478,74,0,94
BRDA:479,75,0,102
BRDA:483,76,0,94
BRDA:483,77,0,102
BRDA:485,78,0,94
BRDA:489,79,0,102
BRDA:512,80,0,94
BRDA:512,81,0,93
BRDA:529,82,0,0
BRDA:533,83,0,103
BRDA:538,84,0,0
BRDA:539,85,0,101
BRDA:548,86,0,0
BRDA:553,87,0,2
BRDA:553,88,0,2
BRDA:555,89,0,1
BRDA:556,90,0,102
BRDA:562,91,0,1
BRDA:576,92,0,94
BRDA:584,93,0,3
BRDA:585,94,0,91
BRDA:591,95,0,47
BRDA:598,96,0,0
BRDA:606,97,0,2
BRDA:607,98,0,1
BRDA:608,99,0,1
BRDA:611,100,0,1
BRDA:612,101,0,1
BRDA:616,102,0,0
BRDA:638,103,0,1
BRDA:643,104,0,1
BRDA:645,105,0,0
BRDA:645,106,0,0
BRDA:671,107,0,0
BRDA:681,108,0,0
BRDA:686,109,0,0
BRDA:686,110,0,0
BRDA:688,111,0,0
BRDA:695,112,0,0
BRDA:724,113,0,98
BRDA:520,114,0,1
BRDA:520,115,0,1
BRDA:527,116,0,2
BRDA:540,117,0,1
BRDA:540,118,0,1
BRDA:552,119,0,1
BRDA:581,120,0,3
BRDA:633,121,0,1
BRDA:633,122,0,1
BRF:123
BRH:93
end_of_record
TN:
SF:src/pages/AccessDeniedPage.tsx
FN:6,AccessDeniedPage
FN:9,handleRedirect
FNF:2
FNH:1
FNDA:5,AccessDeniedPage
FNDA:0,handleRedirect
DA:1,1
DA:6,1
DA:7,5
DA:9,5
DA:10,0
DA:11,0
DA:13,5
DA:14,5
DA:15,5
DA:16,5
DA:17,5
DA:18,5
DA:19,5
DA:20,5
DA:21,5
DA:22,5
DA:23,5
DA:25,5
LF:18
LH:16
BRDA:6,0,0,5
BRF:1
BRH:1
end_of_record
TN:
SF:src/pages/AnalyticsPage.tsx
FN:32,AnalyticsPage
FN:60,handleExportJSON
FN:147,tickFormatter
FN:148,formatter
FNF:4
FNH:1
FNDA:15,AnalyticsPage
FNDA:0,handleExportJSON
FNDA:0,tickFormatter
FNDA:0,formatter
DA:1,1
DA:32,1
DA:33,15
DA:34,15
DA:35,15
DA:36,15
DA:37,15
DA:38,15
DA:39,15
DA:40,15
DA:42,15
DA:43,10
DA:44,10
DA:45,10
DA:46,10
DA:47,10
DA:48,10
DA:49,10
DA:50,10
DA:51,9
DA:52,9
DA:53,9
DA:54,9
DA:55,9
DA:56,10
DA:57,10
DA:58,15
DA:60,15
DA:61,0
DA:62,0
DA:63,0
DA:64,0
DA:65,0
DA:66,0
DA:67,0
DA:68,0
DA:69,0
DA:71,15
DA:72,10
DA:73,10
DA:74,10
DA:75,10
DA:76,10
DA:77,10
DA:78,10
DA:79,10
DA:81,10
DA:83,3
DA:84,3
DA:85,0
DA:87,15
DA:88,15
DA:89,15
DA:90,15
DA:91,15
DA:92,15
DA:93,15
DA:94,15
DA:95,15
DA:97,15
DA:98,15
DA:99,15
DA:100,15
DA:101,15
DA:102,15
DA:103,15
DA:104,15
DA:105,15
DA:107,15
DA:109,15
DA:110,15
DA:111,21
DA:112,21
DA:113,21
DA:114,21
DA:115,21
DA:116,21
DA:117,15
DA:118,15
DA:120,15
DA:121,15
DA:122,15
DA:123,15
DA:124,15
DA:125,15
DA:126,15
DA:127,15
DA:128,15
DA:129,15
DA:130,15
DA:131,15
DA:132,15
DA:133,15
DA:134,15
DA:135,15
DA:137,15
DA:138,15
DA:139,15
DA:140,15
DA:141,15
DA:142,15
DA:143,15
DA:144,15
DA:145,15
DA:146,15
DA:147,15
DA:148,15
DA:149,15
DA:150,15
DA:151,15
DA:152,15
DA:153,15
DA:155,15
DA:156,15
DA:157,15
DA:158,15
DA:159,15
DA:160,15
DA:161,15
DA:162,15
DA:163,15
DA:164,15
DA:165,15
DA:166,15
DA:167,15
DA:168,15
DA:169,15
DA:170,15
DA:171,15
DA:173,15
DA:174,15
DA:175,15
DA:176,15
DA:177,15
DA:178,15
DA:179,1
DA:180,1
DA:181,1
DA:183,2
DA:184,2
DA:185,2
DA:186,2
DA:187,2
DA:188,2
DA:189,2
DA:190,2
DA:191,2
DA:193,15
DA:194,15
DA:195,15
DA:197,15
LF:151
LH:141
BRDA:32,0,0,15
BRDA:71,1,0,10
BRDA:81,2,0,3
BRDA:83,3,0,3
BRDA:84,4,0,0
BRDA:88,5,0,3
BRDA:88,6,0,3
BRDA:89,7,0,3
BRDA:89,8,0,3
BRDA:90,9,0,3
BRDA:90,10,0,0
BRDA:91,11,0,3
BRDA:91,12,0,0
BRDA:92,13,0,3
BRDA:92,14,0,0
BRDA:93,15,0,3
BRDA:93,16,0,0
BRDA:178,17,0,1
BRDA:181,18,0,2
BRDA:42,19,0,10
BRDA:50,20,0,9
BRDA:52,21,0,5
BRDA:53,22,0,5
BRDA:54,23,0,5
BRDA:55,24,0,5
BRDA:57,25,0,9
BRDA:76,26,0,70
BRDA:110,27,0,21
BRF:28
BRH:23
end_of_record
TN:
SF:src/pages/AnnouncementsPage.tsx
FN:64,emptyTranslations
FN:80,parseTranslations
FN:105,serializeTranslations
FN:119,fmt
FN:122,AnnouncementsPage
FN:147,openCreate
FN:154,openEdit
FN:167,updateTranslation
FN:177,handleSubmit
FN:203,handleDelete
FN:210,translatedCount
FN:216,render
FN:220,render
FN:230,render
FN:240,render
FN:248,render
FN:259,render
FN:261,onClick
FN:264,onClick
FN:288,rowKey
FN:322,onChange
FN:334,onChange
FN:346,onValueChange
FN:361,onCheckedChange
FN:376,onChange
FN:385,onChange
FN:390,onClick
FN:406,onOpenChange
FNF:28
FNH:16
FNDA:40,emptyTranslations
FNDA:37,parseTranslations
FNDA:0,serializeTranslations
FNDA:24,fmt
FNDA:30,AnnouncementsPage
FNDA:1,openCreate
FNDA:1,openEdit
FNDA:0,updateTranslation
FNDA:0,handleSubmit
FNDA:0,handleDelete
FNDA:36,translatedCount
FNDA:36,render
FNDA:36,render
FNDA:36,render
FNDA:36,render
FNDA:36,render
FNDA:36,render
FNDA:1,onClick
FNDA:1,onClick
FNDA:36,rowKey
FNDA:0,onChange
FNDA:0,onChange
FNDA:0,onValueChange
FNDA:0,onCheckedChange
FNDA:0,onChange
FNDA:0,onChange
FNDA:0,onClick
FNDA:0,onOpenChange
DA:1,1
DA:30,1
DA:31,1
DA:32,1
DA:33,1
DA:34,1
DA:35,1
DA:36,1
DA:64,40
DA:65,40
DA:66,40
DA:67,200
DA:68,200
DA:69,40
DA:70,40
DA:72,1
DA:73,1
DA:74,1
DA:75,1
DA:76,1
DA:77,1
DA:78,1
DA:80,37
DA:81,37
DA:82,37
DA:83,37
DA:84,37
DA:85,37
DA:86,37
DA:87,0
DA:88,0
DA:89,0
DA:90,0
DA:91,0
DA:92,0
DA:93,0
DA:94,0
DA:95,0
DA:96,0
DA:97,37
DA:99,37
DA:100,37
DA:101,37
DA:102,37
DA:103,37
DA:105,0
DA:106,0
DA:107,0
DA:108,0
DA:109,0
DA:110,0
DA:112,1
DA:113,1
DA:114,1
DA:115,1
DA:116,1
DA:117,1
DA:119,1
DA:120,24
DA:122,1
DA:123,30
DA:124,30
DA:125,30
DA:126,30
DA:127,30
DA:128,30
DA:129,30
DA:130,30
DA:131,30
DA:133,30
DA:134,14
DA:135,14
DA:136,14
DA:137,14
DA:138,14
DA:139,13
DA:140,13
DA:141,30
DA:143,30
DA:144,14
DA:145,30
DA:147,30
DA:148,1
DA:149,1
DA:150,1
DA:151,1
DA:152,1
DA:154,30
DA:155,1
DA:156,1
DA:157,1
DA:158,1
DA:159,1
DA:160,1
DA:161,1
DA:162,1
DA:163,1
DA:164,1
DA:165,1
DA:167,30
DA:168,0
DA:169,0
DA:170,0
DA:171,0
DA:172,0
DA:173,0
DA:174,0
DA:175,0
DA:177,30
DA:178,0
DA:179,0
DA:180,0
DA:181,0
DA:182,0
DA:183,0
DA:184,0
DA:185,0
DA:186,0
DA:187,0
DA:188,0
DA:189,0
DA:190,0
DA:191,0
DA:192,0
DA:193,0
DA:194,0
DA:195,0
DA:196,0
DA:197,0
DA:198,0
DA:199,0
DA:200,0
DA:201,0
DA:203,30
DA:204,0
DA:205,0
DA:206,0
DA:207,0
DA:208,0
DA:210,30
DA:211,36
DA:212,36
DA:213,36
DA:215,30
DA:216,30
DA:217,30
DA:218,30
DA:219,30
DA:220,30
DA:221,36
DA:222,36
DA:223,36
DA:225,30
DA:226,30
DA:227,30
DA:228,30
DA:229,30
DA:230,30
DA:231,36
DA:232,36
DA:233,36
DA:234,36
DA:236,30
DA:237,30
DA:238,30
DA:239,30
DA:240,30
DA:241,36
DA:243,30
DA:244,30
DA:245,30
DA:246,30
DA:247,30
DA:248,30
DA:249,36
DA:250,36
DA:251,36
DA:252,36
DA:254,30
DA:255,30
DA:256,30
DA:257,30
DA:258,30
DA:259,30
DA:260,36
DA:261,36
DA:262,36
DA:263,36
DA:264,36
DA:265,36
DA:266,36
DA:267,36
DA:269,30
DA:270,30
DA:272,30
DA:273,30
DA:274,30
DA:275,30
DA:276,30
DA:277,30
DA:278,30
DA:279,30
DA:280,30
DA:282,30
DA:284,30
DA:285,30
DA:286,30
DA:287,30
DA:288,30
DA:289,30
DA:290,30
DA:292,30
DA:293,30
DA:294,30
DA:295,30
DA:296,30
DA:297,1
DA:298,27
DA:299,30
DA:300,30
DA:301,30
DA:302,30
DA:303,30
DA:304,30
DA:305,140
DA:306,140
DA:307,140
DA:308,140
DA:309,140
DA:310,30
DA:311,30
DA:312,30
DA:313,140
DA:314,140
DA:315,140
DA:316,140
DA:317,140
DA:318,140
DA:319,140
DA:320,140
DA:321,140
DA:322,140
DA:323,140
DA:324,140
DA:325,140
DA:326,140
DA:327,140
DA:328,140
DA:329,140
DA:330,140
DA:331,140
DA:332,140
DA:333,140
DA:334,140
DA:335,140
DA:336,140
DA:337,140
DA:338,140
DA:339,140
DA:340,30
DA:341,30
DA:343,30
DA:344,30
DA:345,30
DA:346,30
DA:347,30
DA:348,30
DA:349,30
DA:350,30
DA:351,30
DA:352,30
DA:353,30
DA:354,30
DA:355,30
DA:356,30
DA:357,30
DA:358,30
DA:359,30
DA:360,30
DA:361,30
DA:362,30
DA:363,30
DA:364,30
DA:365,30
DA:366,30
DA:367,30
DA:368,30
DA:369,30
DA:370,30
DA:371,30
DA:372,30
DA:373,30
DA:374,30
DA:375,30
DA:376,30
DA:377,30
DA:378,30
DA:379,30
DA:380,30
DA:381,30
DA:382,30
DA:383,30
DA:384,30
DA:385,30
DA:386,30
DA:387,30
DA:388,30
DA:389,30
DA:390,30
DA:391,30
DA:392,30
DA:393,30
DA:394,30
DA:395,30
DA:396,1
DA:397,27
DA:398,30
DA:399,30
DA:400,30
DA:401,30
DA:402,30
DA:404,30
DA:405,30
DA:406,30
DA:407,30
DA:408,30
DA:409,30
DA:410,30
DA:411,30
DA:412,30
DA:413,30
DA:414,30
DA:415,30
DA:416,30
DA:418,30
LF:335
LH:282
BRDA:64,0,0,40
BRDA:66,1,0,200
BRDA:80,2,0,37
BRDA:86,3,0,0
BRDA:86,4,0,0
BRDA:86,5,0,0
BRDA:119,6,0,24
BRDA:120,7,0,0
BRDA:122,8,0,30
BRDA:296,9,0,1
BRDA:297,10,0,27
BRDA:394,11,0,0
BRDA:395,12,0,1
BRDA:396,13,0,27
BRDA:409,14,0,1
BRDA:409,15,0,27
BRDA:410,16,0,1
BRDA:410,17,0,27
BRDA:133,18,0,14
BRDA:136,19,0,13
BRDA:137,20,0,5
BRDA:138,21,0,13
BRDA:143,22,0,14
BRDA:147,23,0,1
BRDA:154,24,0,1
BRDA:158,25,0,0
BRDA:159,26,0,0
BRDA:210,27,0,36
BRDA:212,28,0,180
BRDA:216,29,0,36
BRDA:220,30,0,36
BRDA:221,31,0,0
BRDA:230,32,0,36
BRDA:240,33,0,36
BRDA:241,34,0,24
BRDA:241,35,0,12
BRDA:248,36,0,36
BRDA:250,37,0,12
BRDA:250,38,0,24
BRDA:251,39,0,12
BRDA:251,40,0,24
BRDA:259,41,0,36
BRDA:261,42,0,1
BRDA:264,43,0,1
BRDA:288,44,0,36
BRDA:304,45,0,140
BRDA:312,46,0,140
BRDA:317,47,0,28
BRDA:321,48,0,139
BRDA:324,49,0,28
BRDA:324,50,0,112
BRDA:333,51,0,139
BRDA:336,52,0,28
BRDA:336,53,0,112
BRF:54
BRH:46
end_of_record
TN:
SF:src/pages/AuditLogPage.tsx
FN:53,fmt
FN:56,JsonViewer
FN:68,DetailsCell
FN:105,AuditLogPage
FN:142,goNextPage
FN:149,goPrevPage
FN:156,resetPagination
FN:163,handleExportJSON
FN:173,handleExportCSV
FN:197,render
FN:202,render
FN:207,render
FN:217,render
FN:228,render
FN:240,onChange
FN:254,onChange
FN:263,rowKey
FNF:17
FNH:9
FNDA:15,fmt
FNDA:0,JsonViewer
FNDA:15,DetailsCell
FNDA:21,AuditLogPage
FNDA:0,goNextPage
FNDA:0,goPrevPage
FNDA:0,resetPagination
FNDA:0,handleExportJSON
FNDA:0,handleExportCSV
FNDA:15,render
FNDA:15,render
FNDA:15,render
FNDA:15,render
FNDA:15,render
FNDA:0,onChange
FNDA:0,onChange
FNDA:15,rowKey
DA:1,1
DA:24,1
DA:25,1
DA:26,1
DA:27,1
DA:28,1
DA:29,1
DA:30,1
DA:31,1
DA:32,1
DA:33,1
DA:34,1
DA:35,1
DA:36,1
DA:37,1
DA:38,1
DA:39,1
DA:41,1
DA:42,1
DA:43,1
DA:44,1
DA:45,1
DA:46,1
DA:47,1
DA:48,1
DA:49,1
DA:50,1
DA:51,1
DA:53,1
DA:54,15
DA:56,0
DA:57,0
DA:58,0
DA:59,0
DA:60,0
DA:61,0
DA:62,0
DA:63,0
DA:64,0
DA:66,0
DA:68,15
DA:69,15
DA:70,15
DA:72,10
DA:73,10
DA:75,10
DA:76,10
DA:77,10
DA:78,10
DA:79,10
DA:80,10
DA:81,10
DA:82,10
DA:83,0
DA:84,0
DA:85,0
DA:86,0
DA:87,0
DA:88,0
DA:89,0
DA:90,0
DA:91,0
DA:92,0
DA:94,0
DA:96,10
DA:97,10
DA:98,10
DA:100,15
DA:101,15
DA:103,15
DA:105,1
DA:106,21
DA:108,21
DA:110,21
DA:111,21
DA:112,21
DA:113,21
DA:115,21
DA:116,21
DA:117,21
DA:118,21
DA:119,21
DA:121,21
DA:122,13
DA:123,13
DA:124,13
DA:125,13
DA:126,13
DA:127,13
DA:128,13
DA:129,13
DA:130,13
DA:131,13
DA:132,13
DA:133,13
DA:134,12
DA:135,12
DA:136,21
DA:138,21
DA:139,13
DA:140,21
DA:142,21
DA:143,0
DA:144,0
DA:145,0
DA:146,0
DA:147,0
DA:149,21
DA:150,0
DA:151,0
DA:152,0
DA:153,0
DA:154,0
DA:156,21
DA:157,0
DA:158,0
DA:159,0
DA:160,0
DA:161,0
DA:163,21
DA:164,0
DA:165,0
DA:166,0
DA:167,0
DA:168,0
DA:169,0
DA:170,0
DA:171,0
DA:173,21
DA:174,0
DA:175,0
DA:176,0
DA:177,0
DA:178,0
DA:179,0
DA:180,0
DA:181,0
DA:182,0
DA:183,0
DA:184,0
DA:185,0
DA:186,0
DA:187,0
DA:188,0
DA:189,0
DA:190,0
DA:191,0
DA:193,21
DA:194,21
DA:195,21
DA:196,21
DA:197,21
DA:198,21
DA:199,21
DA:200,21
DA:201,21
DA:202,21
DA:203,21
DA:204,21
DA:205,21
DA:206,21
DA:207,21
DA:208,15
DA:209,15
DA:210,15
DA:212,21
DA:213,21
DA:214,21
DA:215,21
DA:216,21
DA:217,21
DA:218,15
DA:219,10
DA:221,5
DA:223,21
DA:224,21
DA:225,21
DA:226,21
DA:227,21
DA:228,21
DA:229,21
DA:230,21
DA:232,21
DA:233,21
DA:234,21
DA:235,21
DA:236,21
DA:237,21
DA:238,21
DA:239,21
DA:240,21
DA:241,21
DA:242,21
DA:243,21
DA:245,21
DA:247,21
DA:248,21
DA:249,21
DA:250,21
DA:251,21
DA:252,21
DA:253,21
DA:254,21
DA:255,21
DA:256,21
DA:257,21
DA:259,21
DA:260,21
DA:261,21
DA:262,21
DA:263,21
DA:264,21
DA:265,21
DA:266,21
DA:267,21
DA:268,21
DA:269,21
DA:270,21
DA:271,21
DA:272,21
DA:274,21
LF:221
LH:159
BRDA:53,0,0,15
BRDA:68,1,0,15
BRDA:70,2,0,5
BRDA:70,3,0,10
BRDA:82,4,0,0
BRDA:94,5,0,10
BRDA:105,6,0,21
BRDA:108,7,0,266
BRDA:121,8,0,13
BRDA:127,9,0,0
BRDA:129,10,0,0
BRDA:130,11,0,12
BRDA:131,12,0,5
BRDA:132,13,0,11
BRDA:133,14,0,12
BRDA:138,15,0,13
BRDA:197,16,0,15
BRDA:202,17,0,15
BRDA:202,18,0,5
BRDA:202,19,0,0
BRDA:202,20,0,5
BRDA:207,21,0,15
BRDA:208,22,0,5
BRDA:217,23,0,15
BRDA:218,24,0,10
BRDA:219,25,0,5
BRDA:228,26,0,15
BRDA:263,27,0,15
BRF:28
BRH:24
end_of_record
TN:
SF:src/pages/BillingConfigPage.tsx
FN:17,BillingConfigPage
FN:63,validateForm
FN:86,handleSave
FN:126,addPaygRate
FN:130,removePaygRate
FN:134,updatePaygRate
FN:188,onChange
FN:201,onChange
FN:211,onChange
FN:231,onChange
FN:241,onChange
FNF:11
FNH:1
FNDA:15,BillingConfigPage
FNDA:0,validateForm
FNDA:0,handleSave
FNDA:0,addPaygRate
FNDA:0,removePaygRate
FNDA:0,updatePaygRate
FNDA:0,onChange
FNDA:0,onChange
FNDA:0,onChange
FNDA:0,onChange
FNDA:0,onChange
DA:1,1
DA:17,1
DA:18,15
DA:19,15
DA:20,15
DA:21,15
DA:22,15
DA:24,15
DA:25,15
DA:26,15
DA:27,15
DA:28,15
DA:29,15
DA:31,15
DA:32,10
DA:33,10
DA:34,10
DA:35,10
DA:36,10
DA:37,10
DA:38,10
DA:39,10
DA:41,10
DA:42,0
DA:43,0
DA:44,0
DA:45,0
DA:46,0
DA:47,0
DA:48,0
DA:49,0
DA:50,0
DA:51,0
DA:52,0
DA:53,0
DA:54,10
DA:55,6
DA:56,10
DA:57,9
DA:58,9
DA:59,15
DA:61,15
DA:63,15
DA:64,0
DA:65,0
DA:66,0
DA:67,0
DA:68,0
DA:69,0
DA:70,0
DA:71,0
DA:72,0
DA:73,0
DA:74,0
DA:75,0
DA:76,0
DA:77,0
DA:78,0
DA:79,0
DA:80,0
DA:81,0
DA:82,0
DA:83,0
DA:84,0
DA:86,15
DA:87,0
DA:88,0
DA:89,0
DA:90,0
DA:91,0
DA:93,0
DA:94,0
DA:95,0
DA:97,0
DA:98,0
DA:99,0
DA:100,0
DA:101,0
DA:102,0
DA:103,0
DA:105,0
DA:106,0
DA:107,0
DA:108,0
DA:109,0
DA:110,0
DA:111,0
DA:113,0
DA:114,0
DA:115,0
DA:117,0
DA:118,0
DA:119,0
DA:120,0
DA:121,0
DA:122,0
DA:123,0
DA:124,0
DA:126,15
DA:127,0
DA:128,0
DA:130,15
DA:131,0
DA:132,0
DA:134,15
DA:135,0
DA:136,0
DA:137,0
DA:138,0
DA:140,15
DA:141,10
DA:142,10
DA:143,10
DA:144,10
DA:146,10
DA:148,4
DA:149,4
DA:150,4
DA:151,4
DA:152,4
DA:153,4
DA:154,4
DA:155,4
DA:156,0
DA:157,4
DA:158,0
DA:160,4
DA:162,15
DA:163,15
DA:165,15
DA:167,15
DA:168,1
DA:169,1
DA:170,1
DA:173,15
DA:174,15
DA:175,15
DA:176,15
DA:177,15
DA:178,15
DA:179,15
DA:180,15
DA:181,15
DA:182,15
DA:183,15
DA:184,15
DA:185,15
DA:186,15
DA:187,15
DA:188,15
DA:189,15
DA:190,15
DA:191,15
DA:192,15
DA:193,15
DA:194,15
DA:195,15
DA:196,15
DA:197,15
DA:198,15
DA:199,15
DA:200,15
DA:201,15
DA:202,15
DA:203,15
DA:204,15
DA:205,15
DA:206,15
DA:207,15
DA:208,15
DA:209,15
DA:210,15
DA:211,15
DA:212,15
DA:213,15
DA:214,15
DA:215,15
DA:216,15
DA:217,15
DA:218,15
DA:220,15
DA:221,15
DA:222,15
DA:223,15
DA:224,15
DA:225,15
DA:226,15
DA:227,15
DA:228,15
DA:229,15
DA:230,15
DA:231,15
DA:232,15
DA:233,15
DA:234,15
DA:235,15
DA:236,15
DA:237,15
DA:238,15
DA:239,15
DA:240,15
DA:241,15
DA:242,15
DA:243,15
DA:244,15
DA:245,15
DA:246,15
DA:247,15
DA:248,15
DA:250,15
DA:251,15
DA:252,15
DA:253,15
DA:254,15
DA:255,15
DA:256,15
DA:257,4
DA:259,0
DA:260,0
DA:261,0
DA:262,0
DA:263,0
DA:264,0
DA:265,0
DA:266,0
DA:267,0
DA:268,0
DA:269,0
DA:270,0
DA:271,0
DA:272,0
DA:273,0
DA:274,0
DA:275,0
DA:276,0
DA:277,0
DA:278,0
DA:279,0
DA:280,0
DA:281,0
DA:282,0
DA:284,0
DA:285,0
DA:286,0
DA:287,0
DA:288,0
DA:290,15
DA:291,15
DA:292,15
DA:293,15
DA:294,15
DA:295,15
DA:296,15
DA:298,15
LF:254
LH:149
BRDA:17,0,0,15
BRDA:140,1,0,10
BRDA:146,2,0,9
BRDA:146,3,0,4
BRDA:155,4,0,0
BRDA:156,5,0,4
BRDA:157,6,0,0
BRDA:162,7,0,0
BRDA:162,8,0,4
BRDA:162,9,0,0
BRDA:167,10,0,1
BRDA:256,11,0,4
BRDA:257,12,0,0
BRDA:31,13,0,10
BRDA:34,14,0,8
BRDA:35,15,0,2
BRDA:36,16,0,2
BRDA:37,17,0,2
BRDA:38,18,0,2
BRDA:39,19,0,2
BRDA:41,20,0,0
BRDA:54,21,0,6
BRDA:56,22,0,9
BRDA:61,23,0,10
BRF:24
BRH:18
end_of_record
TN:
SF:src/pages/CreditsPage.tsx
FN:32,CreditsPage
FN:36,render
FN:37,render
FN:38,render
FN:39,render
FN:69,handleGrant
FN:83,handleExportCSV
FN:103,onClick
FN:115,rowKey
FN:119,onNextPage
FN:120,onPrevPage
FN:136,onChange
FN:146,onChange
FN:155,onChange
FN:162,onClick
FNF:15
FNH:7
FNDA:27,CreditsPage
FNDA:20,render
FNDA:20,render
FNDA:20,render
FNDA:20,render
FNDA:0,handleGrant
FNDA:0,handleExportCSV
FNDA:2,onClick
FNDA:20,rowKey
FNDA:0,onNextPage
FNDA:0,onPrevPage
FNDA:0,onChange
FNDA:0,onChange
FNDA:0,onChange
FNDA:0,onClick
DA:1,1
DA:32,1
DA:33,27
DA:35,27
DA:36,27
DA:37,27
DA:38,27
DA:39,27
DA:40,27
DA:42,27
DA:43,27
DA:44,27
DA:45,27
DA:46,27
DA:47,27
DA:48,27
DA:49,27
DA:51,27
DA:52,13
DA:53,13
DA:54,13
DA:55,13
DA:56,13
DA:57,13
DA:58,12
DA:59,12
DA:60,27
DA:62,27
DA:63,13
DA:64,27
DA:66,27
DA:67,27
DA:69,27
DA:70,0
DA:71,0
DA:72,0
DA:73,0
DA:74,0
DA:75,0
DA:76,0
DA:77,0
DA:78,0
DA:79,0
DA:80,0
DA:81,0
DA:83,27
DA:84,0
DA:85,0
DA:86,0
DA:87,0
DA:88,0
DA:89,0
DA:90,0
DA:91,0
DA:92,0
DA:93,0
DA:95,27
DA:96,27
DA:97,27
DA:98,27
DA:99,27
DA:100,27
DA:101,27
DA:102,27
DA:103,27
DA:104,27
DA:105,27
DA:106,27
DA:107,27
DA:109,27
DA:111,27
DA:112,27
DA:113,27
DA:114,27
DA:115,27
DA:116,27
DA:117,27
DA:118,27
DA:119,27
DA:120,27
DA:121,27
DA:122,27
DA:124,27
DA:125,27
DA:126,27
DA:127,27
DA:128,27
DA:129,27
DA:130,27
DA:131,27
DA:132,27
DA:133,27
DA:134,27
DA:135,27
DA:136,27
DA:137,27
DA:138,27
DA:139,27
DA:140,27
DA:141,27
DA:142,27
DA:143,27
DA:144,27
DA:145,27
DA:146,27
DA:147,27
DA:148,27
DA:149,27
DA:150,27
DA:151,27
DA:152,27
DA:153,27
DA:154,27
DA:155,27
DA:156,27
DA:157,27
DA:158,27
DA:159,27
DA:160,27
DA:161,27
DA:162,27
DA:163,27
DA:164,27
DA:165,27
DA:166,27
DA:167,27
DA:168,27
DA:169,27
DA:170,27
DA:172,27
LF:130
LH:108
BRDA:32,0,0,27
BRDA:121,1,0,10
BRDA:121,2,0,15
BRDA:164,3,0,0
BRDA:36,4,0,20
BRDA:37,5,0,20
BRDA:38,6,0,20
BRDA:38,7,0,0
BRDA:39,8,0,20
BRDA:51,9,0,13
BRDA:54,10,0,12
BRDA:55,11,0,5
BRDA:56,12,0,6
BRDA:57,13,0,12
BRDA:62,14,0,13
BRDA:103,15,0,2
BRDA:115,16,0,20
BRF:17
BRH:15
end_of_record
TN:
SF:src/pages/DashboardPage.tsx
FN:14,DashboardPage
FNF:1
FNH:1
FNDA:46,DashboardPage
DA:1,1
DA:14,1
DA:15,46
DA:16,46
DA:17,46
DA:18,46
DA:20,46
DA:21,26
DA:22,26
DA:23,26
DA:24,26
DA:25,24
DA:26,24
DA:27,24
DA:28,26
DA:29,46
DA:31,46
DA:32,26
DA:33,26
DA:34,26
DA:35,26
DA:36,26
DA:37,104
DA:38,26
DA:39,26
DA:40,26
DA:41,26
DA:42,26
DA:44,26
DA:46,46
DA:47,46
DA:48,46
DA:49,46
DA:50,46
DA:51,46
DA:52,46
DA:54,46
DA:55,46
DA:56,46
DA:57,46
DA:58,46
DA:59,46
DA:61,46
DA:62,46
DA:63,46
DA:65,46
DA:66,46
DA:67,72
DA:68,72
DA:69,72
DA:70,72
DA:71,72
DA:72,72
DA:73,72
DA:74,72
DA:75,72
DA:76,72
DA:77,72
DA:78,72
DA:79,72
DA:80,72
DA:81,72
DA:83,46
DA:84,46
DA:87,46
DA:88,46
DA:89,46
DA:90,72
DA:91,72
DA:92,72
DA:93,72
DA:94,72
DA:95,72
DA:96,72
DA:97,72
DA:99,72
DA:100,72
DA:101,72
DA:102,72
DA:103,72
DA:105,46
DA:106,46
DA:107,46
DA:109,46
DA:110,46
DA:111,46
DA:112,46
DA:113,46
DA:115,46
DA:116,46
DA:117,46
DA:118,46
DA:119,46
DA:120,46
DA:121,46
DA:122,3
DA:123,3
DA:124,3
DA:126,15
DA:128,15
DA:129,15
DA:130,15
DA:131,15
DA:132,15
DA:133,15
DA:134,15
DA:135,15
DA:136,15
DA:137,15
DA:138,15
DA:139,15
DA:140,15
DA:141,30
DA:142,30
DA:143,30
DA:144,30
DA:145,30
DA:146,30
DA:147,30
DA:148,30
DA:149,30
DA:150,30
DA:151,30
DA:152,30
DA:153,30
DA:154,15
DA:155,15
DA:156,15
DA:157,15
DA:160,15
DA:161,15
DA:162,30
DA:163,30
DA:164,30
DA:165,30
DA:166,30
DA:167,30
DA:168,30
DA:169,30
DA:170,30
DA:171,30
DA:172,30
DA:173,30
DA:174,30
DA:175,15
DA:176,15
DA:177,15
DA:179,46
DA:180,46
DA:181,46
DA:183,46
DA:184,46
DA:185,46
DA:186,46
DA:187,46
DA:188,46
DA:189,46
DA:190,15
DA:191,15
DA:192,30
DA:193,30
DA:194,30
DA:195,30
DA:196,15
DA:197,15
DA:199,3
DA:201,46
DA:202,46
DA:203,46
DA:204,46
DA:205,46
DA:207,46
LF:172
LH:172
BRDA:14,0,0,46
BRDA:31,1,0,26
BRDA:44,2,0,18
BRDA:46,3,0,3
BRDA:48,4,0,18
BRDA:48,5,0,3
BRDA:50,6,0,40
BRDA:50,7,0,18
BRDA:50,8,0,15
BRDA:50,9,0,3
BRDA:121,10,0,3
BRDA:124,11,0,15
BRDA:189,12,0,18
BRDA:189,13,0,15
BRDA:189,14,0,15
BRDA:197,15,0,3
BRDA:20,16,0,26
BRDA:22,17,0,1
BRDA:23,18,0,1
BRDA:24,19,0,24
BRDA:26,20,0,5
BRDA:36,21,0,104
BRDA:66,22,0,72
BRDA:89,23,0,72
BRDA:140,24,0,30
BRDA:148,25,0,0
BRDA:161,26,0,30
BRDA:171,27,0,0
BRDA:191,28,0,30
BRF:29
BRH:27
end_of_record
TN:
SF:src/pages/FeatureFlagsPage.tsx
FN:77,FeatureFlagsPage
FN:238,onClick
FN:302,onChange
FN:303,onKeyDown
FN:497,onOpenChange
FN:540,onCheckedChange
FN:553,onClick
FN:560,onClick
FNF:8
FNH:1
FNDA:13,FeatureFlagsPage
FNDA:0,onClick
FNDA:0,onChange
FNDA:0,onKeyDown
FNDA:0,onOpenChange
FNDA:0,onCheckedChange
FNDA:0,onClick
FNDA:0,onClick
DA:1,1
DA:77,1
DA:78,13
DA:80,13
DA:81,13
DA:82,13
DA:85,13
DA:86,13
DA:87,13
DA:90,13
DA:95,13
DA:96,13
DA:99,13
DA:100,13
DA:102,13
DA:103,9
DA:104,9
DA:105,9
DA:106,9
DA:107,8
DA:108,8
DA:109,13
DA:111,13
DA:112,9
DA:113,13
DA:115,13
DA:116,13
DA:117,0
DA:118,0
DA:119,0
DA:120,0
DA:121,0
DA:122,0
DA:123,0
DA:124,0
DA:125,0
DA:126,0
DA:127,0
DA:128,0
DA:129,0
DA:130,0
DA:131,0
DA:132,0
DA:133,0
DA:134,0
DA:135,0
DA:136,0
DA:137,0
DA:138,0
DA:139,0
DA:140,0
DA:141,0
DA:142,0
DA:143,0
DA:144,0
DA:145,0
DA:146,0
DA:147,0
DA:148,13
DA:149,13
DA:151,13
DA:152,0
DA:153,0
DA:154,0
DA:155,0
DA:156,0
DA:157,0
DA:158,0
DA:159,0
DA:160,0
DA:161,0
DA:162,13
DA:164,13
DA:165,13
DA:166,0
DA:167,0
DA:168,0
DA:169,0
DA:170,0
DA:171,0
DA:172,0
DA:173,0
DA:174,0
DA:175,0
DA:176,0
DA:177,0
DA:178,0
DA:179,0
DA:180,0
DA:181,0
DA:182,0
DA:183,0
DA:184,0
DA:185,0
DA:186,0
DA:187,13
DA:188,13
DA:190,13
DA:191,13
DA:192,0
DA:193,0
DA:194,0
DA:195,0
DA:196,0
DA:197,0
DA:198,0
DA:199,0
DA:200,0
DA:201,13
DA:202,13
DA:204,13
DA:205,9
DA:206,9
DA:207,9
DA:208,9
DA:209,9
DA:211,9
DA:213,3
DA:214,3
DA:215,3
DA:216,3
DA:217,3
DA:218,3
DA:220,3
DA:222,3
DA:223,3
DA:224,3
DA:225,3
DA:226,3
DA:227,3
DA:228,3
DA:229,3
DA:230,1
DA:231,1
DA:232,1
DA:234,2
DA:235,2
DA:236,2
DA:237,2
DA:238,2
DA:239,2
DA:240,2
DA:241,2
DA:243,2
DA:244,2
DA:245,2
DA:246,2
DA:247,1
DA:248,1
DA:249,2
DA:250,2
DA:251,2
DA:252,2
DA:253,2
DA:254,2
DA:255,2
DA:256,2
DA:258,13
DA:259,13
DA:262,13
DA:263,13
DA:264,3
DA:265,3
DA:266,3
DA:267,3
DA:268,3
DA:270,0
DA:271,0
DA:272,0
DA:273,0
DA:274,0
DA:275,0
DA:276,0
DA:278,0
DA:280,0
DA:281,0
DA:282,0
DA:283,0
DA:284,0
DA:285,0
DA:286,0
DA:287,0
DA:288,0
DA:290,0
DA:292,0
DA:294,0
DA:295,0
DA:296,0
DA:297,0
DA:298,0
DA:299,0
DA:300,0
DA:301,0
DA:302,0
DA:303,0
DA:304,0
DA:305,0
DA:306,0
DA:307,0
DA:308,0
DA:309,0
DA:311,0
DA:312,0
DA:314,0
DA:316,0
DA:317,0
DA:319,0
DA:320,0
DA:321,0
DA:322,0
DA:323,0
DA:324,0
DA:325,0
DA:326,0
DA:327,0
DA:328,0
DA:329,0
DA:330,0
DA:331,0
DA:332,0
DA:333,0
DA:334,0
DA:335,0
DA:336,0
DA:337,0
DA:338,0
DA:339,0
DA:340,0
DA:341,0
DA:342,0
DA:343,0
DA:344,0
DA:345,0
DA:346,0
DA:347,0
DA:348,0
DA:349,0
DA:350,0
DA:351,0
DA:352,0
DA:353,0
DA:354,0
DA:355,0
DA:356,0
DA:357,0
DA:360,0
DA:361,0
DA:362,0
DA:363,0
DA:364,0
DA:365,0
DA:366,0
DA:367,0
DA:369,0
DA:370,0
DA:371,0
DA:372,0
DA:373,0
DA:374,0
DA:377,0
DA:378,0
DA:379,0
DA:380,0
DA:382,0
DA:383,0
DA:384,0
DA:385,0
DA:386,0
DA:387,0
DA:388,0
DA:389,0
DA:390,0
DA:391,0
DA:392,0
DA:393,0
DA:394,0
DA:397,0
DA:398,0
DA:399,0
DA:400,0
DA:401,0
DA:402,0
DA:403,0
DA:404,0
DA:405,0
DA:408,0
DA:409,0
DA:411,0
DA:412,0
DA:413,0
DA:414,0
DA:415,0
DA:416,0
DA:417,0
DA:419,0
DA:421,0
DA:424,0
DA:425,0
DA:426,0
DA:427,0
DA:428,0
DA:429,0
DA:430,0
DA:432,0
DA:433,0
DA:434,0
DA:435,0
DA:436,0
DA:437,0
DA:438,0
DA:439,0
DA:440,0
DA:441,0
DA:442,0
DA:444,0
DA:445,0
DA:446,0
DA:447,0
DA:448,0
DA:449,0
DA:450,0
DA:451,0
DA:452,0
DA:453,0
DA:454,0
DA:455,0
DA:456,0
DA:457,0
DA:458,0
DA:459,0
DA:460,0
DA:461,0
DA:462,0
DA:463,0
DA:464,0
DA:465,0
DA:466,0
DA:467,0
DA:468,0
DA:469,0
DA:470,0
DA:471,0
DA:472,0
DA:473,0
DA:474,0
DA:475,0
DA:476,0
DA:477,0
DA:478,0
DA:479,0
DA:480,0
DA:481,0
DA:482,0
DA:483,0
DA:484,0
DA:485,0
DA:487,0
DA:488,0
DA:489,0
DA:491,13
DA:492,13
DA:495,13
DA:496,13
DA:497,13
DA:498,0
DA:501,13
DA:502,13
DA:503,13
DA:504,13
DA:505,13
DA:506,13
DA:507,13
DA:508,13
DA:509,13
DA:510,13
DA:511,13
DA:512,13
DA:513,13
DA:514,13
DA:515,13
DA:516,13
DA:517,13
DA:518,13
DA:519,13
DA:520,13
DA:521,13
DA:522,13
DA:523,13
DA:524,13
DA:525,13
DA:526,13
DA:527,13
DA:528,13
DA:529,13
DA:530,13
DA:531,13
DA:532,3
DA:533,0
DA:534,0
DA:535,0
DA:536,13
DA:537,13
DA:538,13
DA:539,13
DA:540,13
DA:541,0
DA:542,0
DA:543,0
DA:544,0
DA:546,13
DA:547,13
DA:548,13
DA:549,13
DA:550,13
DA:551,13
DA:552,13
DA:553,13
DA:554,0
DA:557,13
DA:558,13
DA:559,13
DA:560,13
DA:561,0
DA:563,13
DA:565,13
DA:566,0
DA:568,13
DA:569,13
DA:570,13
DA:571,13
DA:572,13
DA:573,13
DA:575,13
LF:433
LH:158
BRDA:77,0,0,13
BRDA:204,1,0,9
BRDA:211,2,0,7
BRDA:211,3,0,3
BRDA:229,4,0,1
BRDA:232,5,0,2
BRDA:263,6,0,3
BRDA:268,7,0,0
BRDA:531,8,0,3
BRDA:532,9,0,0
BRDA:539,10,0,3
BRDA:565,11,0,0
BRDA:102,12,0,9
BRDA:104,13,0,8
BRDA:105,14,0,5
BRDA:106,15,0,8
BRDA:111,16,0,9
BRDA:235,17,0,2
BRDA:240,18,0,0
BRDA:240,19,0,0
BRDA:246,20,0,1
BRDA:247,21,0,1
BRF:22
BRH:17
end_of_record
TN:
SF:src/pages/ForbiddenPage.tsx
FN:6,ForbiddenPage
FNF:1
FNH:1
FNDA:14,ForbiddenPage
DA:1,1
DA:6,1
DA:7,14
DA:9,14
DA:10,14
DA:11,14
DA:12,14
DA:13,14
DA:14,14
DA:15,14
DA:16,14
DA:17,14
DA:18,14
DA:19,14
DA:21,14
LF:15
LH:15
BRDA:6,0,0,14
BRF:1
BRH:1
end_of_record
TN:
SF:src/pages/LoginPage.tsx
FN:13,LoginPage
FN:22,handleSubmit
FN:67,onChange
FN:80,onChange
FNF:4
FNH:4
FNDA:161,LoginPage
FNDA:6,handleSubmit
FNDA:82,onChange
FNDA:41,onChange
DA:1,1
DA:13,1
DA:14,161
DA:15,161
DA:16,161
DA:17,161
DA:18,161
DA:19,161
DA:20,161
DA:22,161
DA:23,6
DA:24,6
DA:25,6
DA:26,6
DA:27,6
DA:28,6
DA:29,6
DA:30,3
DA:31,1
DA:32,3
DA:33,2
DA:34,2
DA:35,6
DA:36,5
DA:37,5
DA:38,6
DA:40,161
DA:41,161
DA:42,161
DA:43,161
DA:44,161
DA:45,161
DA:46,161
DA:47,161
DA:48,161
DA:50,161
DA:51,161
DA:52,3
DA:53,3
DA:54,3
DA:57,161
DA:58,161
DA:59,161
DA:60,161
DA:61,161
DA:62,161
DA:63,161
DA:64,161
DA:65,161
DA:66,161
DA:67,161
DA:68,161
DA:69,161
DA:70,161
DA:71,161
DA:72,161
DA:73,161
DA:74,161
DA:75,161
DA:76,161
DA:77,161
DA:78,161
DA:79,161
DA:80,161
DA:81,161
DA:82,161
DA:83,161
DA:84,161
DA:85,161
DA:86,161
DA:87,161
DA:88,161
DA:89,161
DA:90,161
DA:91,161
DA:93,161
DA:94,161
DA:95,161
DA:96,161
DA:97,161
DA:98,161
DA:99,161
DA:101,161
LF:83
LH:83
BRDA:13,0,0,161
BRDA:51,1,0,3
BRDA:87,2,0,6
BRDA:88,3,0,6
BRDA:88,4,0,155
BRDA:22,5,0,6
BRDA:27,6,0,2
BRDA:28,7,0,0
BRDA:28,8,0,2
BRDA:29,9,0,3
BRDA:30,10,0,1
BRDA:32,11,0,2
BRDA:33,12,0,1
BRDA:35,13,0,5
BRDA:67,14,0,82
BRDA:80,15,0,41
BRF:16
BRH:15
end_of_record
TN:
SF:src/pages/NotFoundPage.tsx
FN:6,NotFoundPage
FNF:1
FNH:1
FNDA:13,NotFoundPage
DA:1,1
DA:6,1
DA:7,13
DA:9,13
DA:10,13
DA:11,13
DA:12,13
DA:13,13
DA:14,13
DA:15,13
DA:16,13
DA:17,13
DA:18,13
DA:19,13
DA:21,13
LF:15
LH:15
BRDA:6,0,0,13
BRF:1
BRH:1
end_of_record
TN:
SF:src/pages/OrganizationDetailPage.tsx
FN:77,OrganizationDetailPage
FN:125,handleSave
FN:147,handleFlagToggle
FN:153,fmt
FN:169,onClick
FN:223,onChange
FNF:6
FNH:2
FNDA:11,OrganizationDetailPage
FNDA:0,handleSave
FNDA:0,handleFlagToggle
FNDA:2,fmt
FNDA:0,onClick
FNDA:0,onChange
DA:1,1
DA:77,1
DA:78,11
DA:79,11
DA:80,11
DA:81,11
DA:82,11
DA:83,11
DA:84,11
DA:85,11
DA:86,11
DA:87,11
DA:88,11
DA:89,11
DA:90,11
DA:91,11
DA:93,11
DA:94,11
DA:95,11
DA:96,11
DA:98,11
DA:99,8
DA:100,8
DA:101,8
DA:102,8
DA:103,8
DA:104,8
DA:105,8
DA:106,7
DA:107,7
DA:108,8
DA:109,8
DA:110,8
DA:111,8
DA:112,8
DA:113,8
DA:114,8
DA:115,8
DA:116,8
DA:117,7
DA:118,7
DA:119,11
DA:121,11
DA:122,8
DA:123,11
DA:125,11
DA:126,0
DA:127,0
DA:128,0
DA:129,0
DA:130,0
DA:131,0
DA:132,0
DA:133,0
DA:134,0
DA:135,0
DA:136,0
DA:137,0
DA:138,0
DA:139,0
DA:140,0
DA:142,11
DA:143,0
DA:144,0
DA:145,11
DA:147,11
DA:148,0
DA:149,0
DA:150,0
DA:151,0
DA:153,11
DA:154,2
DA:156,11
DA:157,8
DA:158,8
DA:159,8
DA:160,8
DA:161,8
DA:163,8
DA:165,5
DA:166,0
DA:167,0
DA:168,0
DA:169,0
DA:170,0
DA:171,0
DA:172,0
DA:174,0
DA:176,2
DA:177,2
DA:178,2
DA:179,2
DA:180,5
DA:181,11
DA:182,11
DA:183,11
DA:184,11
DA:185,11
DA:186,11
DA:187,11
DA:188,11
DA:189,11
DA:191,11
DA:193,11
DA:194,11
DA:195,11
DA:196,11
DA:197,11
DA:198,11
DA:199,11
DA:200,11
DA:201,11
DA:202,11
DA:203,11
DA:204,11
DA:205,11
DA:206,11
DA:207,11
DA:208,11
DA:209,11
DA:210,11
DA:211,11
DA:212,11
DA:214,11
DA:215,11
DA:216,11
DA:217,11
DA:218,11
DA:219,11
DA:220,11
DA:221,11
DA:222,11
DA:223,11
DA:224,11
DA:225,11
DA:226,11
DA:227,11
DA:228,11
DA:229,11
DA:230,11
DA:231,11
DA:232,11
DA:233,11
DA:234,11
DA:235,11
DA:236,11
DA:237,11
DA:238,11
DA:239,11
DA:240,11
DA:241,11
DA:242,11
DA:243,11
DA:244,11
DA:246,11
DA:247,11
DA:248,11
DA:249,11
DA:250,11
DA:251,11
DA:252,11
DA:253,11
DA:254,11
DA:255,11
DA:256,11
DA:257,11
DA:258,11
DA:259,11
DA:260,11
DA:261,11
DA:262,11
DA:263,11
DA:264,11
DA:265,11
DA:266,11
DA:268,11
DA:269,11
DA:270,11
DA:271,11
DA:272,11
DA:273,11
DA:274,11
DA:275,11
DA:276,11
DA:277,11
DA:278,11
DA:279,11
DA:280,11
DA:281,11
DA:282,2
DA:283,2
DA:284,2
DA:285,2
DA:286,2
DA:288,0
DA:289,0
DA:290,0
DA:291,0
DA:292,0
DA:293,0
DA:294,0
DA:295,0
DA:296,0
DA:297,0
DA:298,0
DA:299,0
DA:300,0
DA:301,0
DA:303,11
DA:304,11
DA:305,11
DA:306,11
DA:307,11
DA:309,11
DA:310,11
DA:311,11
DA:312,11
DA:313,11
DA:314,11
DA:315,11
DA:316,11
DA:317,11
DA:318,11
DA:319,11
DA:320,11
DA:321,11
DA:322,11
DA:323,11
DA:324,1
DA:325,11
DA:326,11
DA:327,11
DA:328,11
DA:329,11
DA:330,11
DA:331,11
DA:332,11
DA:333,11
DA:334,11
DA:335,11
DA:336,11
DA:337,11
DA:338,11
DA:339,11
DA:340,11
DA:341,11
DA:342,11
DA:343,11
DA:344,11
DA:345,11
DA:346,1
DA:347,1
DA:348,1
DA:349,1
DA:350,1
DA:351,1
DA:352,1
DA:353,1
DA:354,1
DA:355,1
DA:357,11
DA:358,11
DA:359,11
DA:361,11
DA:362,11
DA:363,11
DA:364,11
DA:365,11
DA:366,11
DA:367,11
DA:368,2
DA:369,2
DA:370,2
DA:372,0
DA:373,0
DA:374,0
DA:375,0
DA:376,0
DA:377,0
DA:378,0
DA:379,0
DA:380,0
DA:381,0
DA:382,0
DA:383,0
DA:384,0
DA:385,0
DA:387,11
DA:388,11
DA:389,11
DA:391,11
DA:392,11
DA:393,11
DA:394,11
DA:395,11
DA:396,11
DA:397,11
DA:398,11
DA:399,11
DA:400,11
DA:401,11
DA:402,11
DA:403,11
DA:404,11
DA:405,2
DA:406,2
DA:407,2
DA:408,2
DA:409,2
DA:411,0
DA:412,0
DA:413,0
DA:414,0
DA:415,0
DA:416,0
DA:417,0
DA:418,0
DA:419,0
DA:420,0
DA:421,0
DA:422,0
DA:423,0
DA:424,0
DA:426,11
DA:427,11
DA:428,11
DA:429,11
DA:430,11
DA:431,11
DA:432,11
DA:434,11
LF:331
LH:260
BRDA:77,0,0,11
BRDA:89,1,0,10
BRDA:156,2,0,8
BRDA:163,3,0,5
BRDA:163,4,0,2
BRDA:165,5,0,0
BRDA:174,6,0,2
BRDA:180,7,0,0
BRDA:187,8,0,0
BRDA:187,9,0,2
BRDA:233,10,0,1
BRDA:235,11,0,2
BRDA:261,12,0,1
BRDA:261,13,0,1
BRDA:281,14,0,2
BRDA:286,15,0,0
BRDA:345,16,0,1
BRDA:349,17,0,0
BRDA:353,18,0,0
BRDA:367,19,0,2
BRDA:370,20,0,0
BRDA:404,21,0,2
BRDA:409,22,0,0
BRDA:98,23,0,8
BRDA:99,24,0,0
BRDA:105,25,0,7
BRDA:108,26,0,6
BRDA:109,27,0,5
BRDA:110,28,0,5
BRDA:111,29,0,0
BRDA:112,30,0,5
BRDA:114,31,0,1
BRDA:114,32,0,6
BRDA:115,33,0,1
BRDA:115,34,0,6
BRDA:116,35,0,7
BRDA:121,36,0,8
BRDA:153,37,0,2
BRDA:323,38,0,1
BRF:39
BRH:29
end_of_record
TN:
SF:src/pages/OrganizationsPage.tsx
FN:27,OrganizationsPage
FN:59,handleExportCSV
FN:77,render
FN:86,render
FN:99,render
FN:104,render
FN:111,render
FN:117,render
FN:135,onSearchChange
FN:145,onClear
FN:152,rowKey
FN:159,onNextPage
FN:160,onPrevPage
FNF:13
FNH:8
FNDA:13,OrganizationsPage
FNDA:0,handleExportCSV
FNDA:1,render
FNDA:1,render
FNDA:1,render
FNDA:1,render
FNDA:1,render
FNDA:1,render
FNDA:0,onSearchChange
FNDA:0,onClear
FNDA:3,rowKey
FNDA:0,onNextPage
FNDA:0,onPrevPage
DA:1,1
DA:27,1
DA:28,13
DA:29,13
DA:30,13
DA:31,13
DA:32,13
DA:33,13
DA:34,13
DA:35,13
DA:37,13
DA:38,9
DA:39,9
DA:40,9
DA:41,9
DA:42,9
DA:43,9
DA:44,9
DA:45,9
DA:46,9
DA:47,9
DA:48,8
DA:49,8
DA:50,13
DA:52,13
DA:53,9
DA:54,13
DA:56,13
DA:57,13
DA:59,13
DA:60,0
DA:61,0
DA:62,0
DA:63,0
DA:64,0
DA:65,0
DA:66,0
DA:67,0
DA:68,0
DA:69,0
DA:70,0
DA:71,0
DA:73,13
DA:74,13
DA:75,13
DA:76,13
DA:77,13
DA:78,1
DA:79,1
DA:80,1
DA:82,13
DA:83,13
DA:84,13
DA:85,13
DA:86,13
DA:87,1
DA:88,1
DA:89,1
DA:90,1
DA:91,1
DA:92,1
DA:94,13
DA:95,13
DA:96,13
DA:97,13
DA:98,13
DA:99,13
DA:100,13
DA:101,13
DA:102,13
DA:103,13
DA:104,13
DA:105,13
DA:106,13
DA:107,13
DA:108,13
DA:109,13
DA:110,13
DA:111,13
DA:112,13
DA:113,13
DA:114,13
DA:115,13
DA:116,13
DA:117,13
DA:118,1
DA:119,1
DA:120,1
DA:122,13
DA:123,13
DA:125,13
DA:126,13
DA:127,13
DA:128,13
DA:129,13
DA:130,13
DA:131,13
DA:133,13
DA:134,13
DA:135,13
DA:136,13
DA:137,13
DA:138,13
DA:140,13
DA:141,13
DA:142,13
DA:143,13
DA:144,13
DA:145,13
DA:146,13
DA:148,13
DA:149,13
DA:150,13
DA:151,13
DA:152,13
DA:153,13
DA:154,13
DA:155,13
DA:156,13
DA:157,13
DA:158,13
DA:159,13
DA:160,13
DA:161,13
DA:162,13
DA:163,13
DA:165,13
LF:127
LH:115
BRDA:27,0,0,13
BRDA:161,1,0,1
BRDA:161,2,0,10
BRDA:37,3,0,9
BRDA:44,4,0,8
BRDA:45,5,0,5
BRDA:46,6,0,7
BRDA:47,7,0,8
BRDA:52,8,0,9
BRDA:77,9,0,1
BRDA:86,10,0,1
BRDA:99,11,0,1
BRDA:99,12,0,0
BRDA:104,13,0,1
BRDA:111,14,0,1
BRDA:117,15,0,1
BRDA:152,16,0,3
BRF:17
BRH:16
end_of_record
TN:
SF:src/pages/PlanEditPage.tsx
FN:24,PlanEditPage
FN:75,handleNameChange
FN:85,addFeature
FN:92,removeFeature
FN:96,handleSubmit
FN:149,onChange
FN:156,onChange
FN:167,onChange
FN:180,onChange
FN:187,onValueChange
FN:203,onChange
FN:214,onChange
FN:223,onChange
FN:232,onCheckedChange
FN:240,onCheckedChange
FN:271,onChange
FN:279,onChange
FN:291,onClick
FNF:18
FNH:1
FNDA:19,PlanEditPage
FNDA:0,handleNameChange
FNDA:0,addFeature
FNDA:0,removeFeature
FNDA:0,handleSubmit
FNDA:0,onChange
FNDA:0,onChange
FNDA:0,onChange
FNDA:0,onChange
FNDA:0,onValueChange
FNDA:0,onChange
FNDA:0,onChange
FNDA:0,onChange
FNDA:0,onCheckedChange
FNDA:0,onCheckedChange
FNDA:0,onChange
FNDA:0,onChange
FNDA:0,onClick
DA:1,1
DA:24,1
DA:25,19
DA:26,19
DA:27,19
DA:28,19
DA:30,19
DA:31,19
DA:32,19
DA:33,19
DA:34,19
DA:35,19
DA:36,19
DA:37,19
DA:38,19
DA:39,19
DA:40,19
DA:41,19
DA:43,19
DA:44,19
DA:45,19
DA:46,19
DA:47,19
DA:48,19
DA:50,19
DA:51,17
DA:52,7
DA:53,6
DA:54,6
DA:55,6
DA:56,6
DA:57,6
DA:58,6
DA:59,6
DA:60,6
DA:61,6
DA:62,6
DA:63,6
DA:64,6
DA:65,6
DA:66,6
DA:67,6
DA:68,6
DA:69,6
DA:70,6
DA:71,7
DA:72,7
DA:73,19
DA:75,19
DA:76,0
DA:77,0
DA:78,0
DA:79,0
DA:80,0
DA:81,0
DA:82,0
DA:83,0
DA:85,19
DA:86,0
DA:87,0
DA:88,0
DA:89,0
DA:90,0
DA:92,19
DA:93,0
DA:94,0
DA:96,19
DA:97,0
DA:98,0
DA:99,0
DA:100,0
DA:101,0
DA:102,0
DA:103,0
DA:104,0
DA:105,0
DA:106,0
DA:107,0
DA:109,0
DA:110,0
DA:111,0
DA:112,0
DA:113,0
DA:115,0
DA:116,0
DA:117,0
DA:118,0
DA:119,0
DA:121,19
DA:122,7
DA:123,7
DA:124,7
DA:125,7
DA:126,7
DA:128,7
DA:130,11
DA:131,11
DA:132,11
DA:133,19
DA:134,19
DA:135,19
DA:136,19
DA:137,19
DA:138,19
DA:140,19
DA:141,19
DA:142,19
DA:143,19
DA:144,19
DA:145,19
DA:146,19
DA:147,19
DA:148,19
DA:149,19
DA:150,19
DA:151,19
DA:152,19
DA:153,19
DA:154,19
DA:155,19
DA:156,19
DA:157,19
DA:158,19
DA:159,19
DA:160,19
DA:161,19
DA:162,19
DA:163,19
DA:164,19
DA:165,19
DA:166,19
DA:167,19
DA:168,19
DA:169,19
DA:170,19
DA:171,19
DA:172,19
DA:173,19
DA:174,19
DA:175,19
DA:176,19
DA:177,19
DA:178,19
DA:179,19
DA:180,19
DA:181,19
DA:182,19
DA:183,19
DA:184,19
DA:185,19
DA:186,19
DA:187,19
DA:189,19
DA:190,19
DA:191,19
DA:192,19
DA:193,19
DA:194,19
DA:195,19
DA:196,19
DA:197,19
DA:198,19
DA:199,19
DA:200,19
DA:201,19
DA:202,19
DA:203,19
DA:204,19
DA:205,19
DA:206,19
DA:207,19
DA:208,19
DA:209,19
DA:210,19
DA:211,19
DA:212,19
DA:213,19
DA:214,19
DA:215,19
DA:216,19
DA:217,19
DA:218,19
DA:219,19
DA:220,19
DA:221,19
DA:222,19
DA:223,19
DA:224,19
DA:225,19
DA:226,19
DA:227,19
DA:228,19
DA:229,19
DA:230,19
DA:231,19
DA:232,19
DA:233,19
DA:234,19
DA:235,19
DA:236,19
DA:237,19
DA:238,19
DA:239,19
DA:240,19
DA:241,19
DA:242,19
DA:243,19
DA:244,19
DA:245,19
DA:246,19
DA:248,19
DA:249,19
DA:250,19
DA:251,19
DA:252,19
DA:253,19
DA:254,0
DA:255,0
DA:256,0
DA:257,0
DA:258,0
DA:259,0
DA:260,0
DA:261,0
DA:262,0
DA:263,0
DA:264,0
DA:266,19
DA:267,19
DA:268,19
DA:269,19
DA:270,19
DA:271,19
DA:272,19
DA:273,19
DA:274,19
DA:275,19
DA:276,19
DA:277,19
DA:278,19
DA:279,19
DA:280,19
DA:281,19
DA:282,19
DA:283,19
DA:284,19
DA:285,19
DA:286,19
DA:287,19
DA:288,19
DA:290,19
DA:291,19
DA:292,19
DA:293,19
DA:294,19
DA:295,19
DA:296,19
DA:297,19
DA:298,19
DA:299,19
DA:300,19
DA:302,19
LF:262
LH:215
BRDA:24,0,0,19
BRDA:121,1,0,13
BRDA:121,2,0,7
BRDA:128,3,0,11
BRDA:133,4,0,10
BRDA:133,5,0,1
BRDA:136,6,0,10
BRDA:136,7,0,1
BRDA:253,8,0,0
BRDA:295,9,0,0
BRDA:296,10,0,10
BRDA:296,11,0,1
BRDA:50,12,0,17
BRDA:51,13,0,7
BRDA:52,14,0,6
BRDA:57,15,0,5
BRDA:61,16,0,5
BRDA:64,17,0,5
BRDA:68,18,0,0
BRF:19
BRH:16
end_of_record
TN:
SF:src/pages/PlansPage.tsx
FN:14,PlansPage
FN:20,fetchPlans
FN:34,handleArchive
FN:41,handleRestore
FN:46,handleSyncStripe
FN:110,onClick
FN:119,onClick
FN:123,onClick
FN:147,onOpenChange
FNF:9
FNH:3
FNDA:24,PlansPage
FNDA:13,fetchPlans
FNDA:0,handleArchive
FNDA:0,handleRestore
FNDA:0,handleSyncStripe
FNDA:0,onClick
FNDA:0,onClick
FNDA:1,onClick
FNDA:0,onOpenChange
DA:1,1
DA:14,1
DA:15,24
DA:16,24
DA:17,24
DA:18,24
DA:20,24
DA:21,13
DA:22,13
DA:23,13
DA:24,13
DA:25,13
DA:26,12
DA:27,12
DA:28,13
DA:30,24
DA:31,13
DA:32,24
DA:34,24
DA:35,0
DA:36,0
DA:37,0
DA:38,0
DA:39,0
DA:41,24
DA:42,0
DA:43,0
DA:44,0
DA:46,24
DA:47,0
DA:48,0
DA:49,0
DA:50,0
DA:51,0
DA:52,0
DA:53,0
DA:55,24
DA:56,24
DA:57,24
DA:58,24
DA:59,24
DA:60,24
DA:61,24
DA:62,24
DA:63,24
DA:64,24
DA:65,24
DA:67,24
DA:69,24
DA:70,13
DA:71,13
DA:72,39
DA:73,13
DA:74,13
DA:75,10
DA:76,2
DA:77,2
DA:78,2
DA:79,2
DA:80,2
DA:82,8
DA:83,8
DA:84,24
DA:85,24
DA:86,24
DA:87,24
DA:88,24
DA:89,24
DA:90,24
DA:91,24
DA:92,8
DA:93,8
DA:94,8
DA:96,24
DA:97,0
DA:98,0
DA:99,0
DA:101,24
DA:102,24
DA:103,24
DA:104,24
DA:105,24
DA:106,24
DA:107,24
DA:108,24
DA:109,24
DA:110,24
DA:111,24
DA:112,24
DA:113,24
DA:114,24
DA:115,24
DA:116,24
DA:117,24
DA:118,24
DA:119,8
DA:120,8
DA:121,8
DA:123,16
DA:124,16
DA:125,16
DA:127,24
DA:128,24
DA:130,24
DA:131,8
DA:132,8
DA:133,8
DA:134,8
DA:135,8
DA:136,8
DA:137,8
DA:139,24
DA:140,24
DA:141,8
DA:142,8
DA:145,24
DA:146,24
DA:147,24
DA:148,24
DA:149,24
DA:150,24
DA:151,24
DA:152,24
DA:153,24
DA:154,24
DA:156,24
LF:126
LH:108
BRDA:14,0,0,24
BRDA:69,1,0,13
BRDA:74,2,0,10
BRDA:75,3,0,2
BRDA:80,4,0,8
BRDA:149,5,0,1
BRDA:20,6,0,13
BRDA:23,7,0,12
BRDA:24,8,0,5
BRDA:25,9,0,12
BRDA:30,10,0,13
BRDA:71,11,0,39
BRDA:83,12,0,24
BRDA:84,13,0,8
BRDA:84,14,0,16
BRDA:90,15,0,8
BRDA:91,16,0,8
BRDA:96,17,0,0
BRDA:103,18,0,0
BRDA:105,19,0,8
BRDA:106,20,0,0
BRDA:118,21,0,8
BRDA:121,22,0,16
BRDA:130,23,0,8
BRDA:123,24,0,1
BRDA:132,25,0,8
BRF:26
BRH:23
end_of_record
TN:
SF:src/pages/ServerErrorPage.tsx
FN:6,ServerErrorPage
FNF:1
FNH:1
FNDA:13,ServerErrorPage
DA:1,1
DA:6,1
DA:7,13
DA:9,13
DA:10,13
DA:11,13
DA:12,13
DA:13,13
DA:14,13
DA:15,13
DA:16,13
DA:17,13
DA:18,13
DA:19,13
DA:21,13
LF:15
LH:15
BRDA:6,0,0,13
BRF:1
BRH:1
end_of_record
TN:
SF:src/pages/SubscriptionsPage.tsx
FN:21,fmt
FN:24,SubscriptionsPage
FN:35,render
FN:36,render
FN:37,render
FN:38,render
FN:39,render
FN:40,render
FN:83,onChange
FN:92,rowKey
FN:96,onNextPage
FN:97,onPrevPage
FNF:12
FNH:9
FNDA:15,fmt
FNDA:21,SubscriptionsPage
FNDA:15,render
FNDA:15,render
FNDA:15,render
FNDA:15,render
FNDA:15,render
FNDA:15,render
FNDA:0,onChange
FNDA:15,rowKey
FNDA:0,onNextPage
FNDA:0,onPrevPage
DA:1,1
DA:21,1
DA:22,15
DA:24,1
DA:25,21
DA:27,21
DA:28,21
DA:29,21
DA:30,21
DA:31,21
DA:32,21
DA:34,21
DA:35,21
DA:36,21
DA:37,21
DA:38,21
DA:39,21
DA:40,21
DA:41,21
DA:43,21
DA:44,21
DA:45,21
DA:46,21
DA:47,21
DA:48,21
DA:50,21
DA:51,13
DA:52,13
DA:53,13
DA:54,13
DA:55,13
DA:56,13
DA:57,13
DA:58,13
DA:59,13
DA:60,13
DA:61,12
DA:62,12
DA:63,21
DA:65,21
DA:66,13
DA:67,21
DA:69,21
DA:70,21
DA:72,21
DA:73,21
DA:74,21
DA:76,21
DA:77,21
DA:78,21
DA:79,21
DA:80,21
DA:81,21
DA:82,21
DA:83,21
DA:84,21
DA:85,21
DA:86,21
DA:88,21
DA:89,21
DA:90,21
DA:91,21
DA:92,21
DA:93,21
DA:94,21
DA:95,21
DA:96,21
DA:97,21
DA:98,21
DA:99,21
DA:100,21
DA:102,21
LF:72
LH:72
BRDA:21,0,0,15
BRDA:22,1,0,0
BRDA:24,2,0,21
BRDA:98,3,0,5
BRDA:98,4,0,14
BRDA:35,5,0,15
BRDA:35,6,0,0
BRDA:36,7,0,15
BRDA:36,8,0,0
BRDA:37,9,0,15
BRDA:37,10,0,0
BRDA:38,11,0,15
BRDA:39,12,0,15
BRDA:40,13,0,15
BRDA:50,14,0,13
BRDA:56,15,0,0
BRDA:57,16,0,12
BRDA:58,17,0,5
BRDA:59,18,0,6
BRDA:60,19,0,12
BRDA:65,20,0,13
BRDA:92,21,0,15
BRF:22
BRH:17
end_of_record
TN:
SF:src/pages/SystemSettingsPage.tsx
FN:14,SystemSettingsPage
FN:43,handleSave
FN:78,renderSettings
FN:97,onChange
FN:104,onClick
FNF:5
FNH:2
FNDA:30,SystemSettingsPage
FNDA:0,handleSave
FNDA:50,renderSettings
FNDA:0,onChange
FNDA:0,onClick
DA:1,1
DA:14,1
DA:15,30
DA:16,30
DA:17,30
DA:18,30
DA:19,30
DA:20,30
DA:21,30
DA:22,30
DA:23,30
DA:25,30
DA:26,2
DA:27,2
DA:28,30
DA:30,30
DA:31,14
DA:32,14
DA:33,13
DA:34,13
DA:35,13
DA:36,48
DA:37,13
DA:38,13
DA:39,14
DA:40,14
DA:41,30
DA:43,30
DA:44,0
DA:45,0
DA:46,0
DA:47,0
DA:48,0
DA:49,0
DA:50,0
DA:51,0
DA:52,0
DA:53,0
DA:54,0
DA:55,0
DA:56,0
DA:58,30
DA:59,30
DA:60,84
DA:61,84
DA:62,56
DA:63,42
DA:64,42
DA:65,84
DA:66,84
DA:67,30
DA:69,30
DA:70,18
DA:71,18
DA:72,18
DA:73,18
DA:74,18
DA:76,18
DA:78,10
DA:79,50
DA:80,50
DA:81,50
DA:82,10
DA:83,10
DA:84,10
DA:86,40
DA:87,60
DA:88,60
DA:89,60
DA:90,60
DA:91,60
DA:93,60
DA:94,60
DA:95,60
DA:96,60
DA:97,60
DA:98,60
DA:99,60
DA:100,60
DA:101,60
DA:102,60
DA:103,60
DA:104,60
DA:105,60
DA:106,60
DA:108,60
DA:109,0
DA:110,60
DA:111,0
DA:113,60
DA:115,60
DA:116,60
DA:117,60
DA:118,40
DA:120,50
DA:121,50
DA:124,10
DA:125,10
DA:126,10
DA:128,10
DA:129,10
DA:130,10
DA:131,10
DA:132,10
DA:133,10
DA:134,10
DA:135,10
DA:137,10
DA:138,30
DA:139,30
DA:140,30
DA:141,30
DA:142,30
DA:143,30
DA:144,30
DA:145,30
DA:146,30
DA:147,30
DA:148,30
DA:149,30
DA:150,30
DA:151,30
DA:152,30
DA:153,30
DA:155,30
LF:125
LH:110
BRDA:14,0,0,30
BRDA:22,1,0,26
BRDA:69,2,0,18
BRDA:76,3,0,24
BRDA:76,4,0,10
BRDA:138,5,0,0
BRDA:141,6,0,0
BRDA:144,7,0,0
BRDA:147,8,0,10
BRDA:150,9,0,0
BRDA:25,10,0,2
BRDA:30,11,0,14
BRDA:32,12,0,13
BRDA:33,13,0,5
BRDA:35,14,0,5
BRDA:35,15,0,48
BRDA:40,16,0,13
BRDA:59,17,0,84
BRDA:61,18,0,28
BRDA:61,19,0,56
BRDA:62,20,0,42
BRDA:62,21,0,14
BRDA:62,22,0,42
BRDA:63,23,0,0
BRDA:64,24,0,28
BRDA:64,25,0,14
BRDA:65,26,0,56
BRDA:78,27,0,50
BRDA:81,28,0,10
BRDA:84,29,0,40
BRDA:86,30,0,60
BRDA:96,31,0,0
BRDA:108,32,0,0
BRDA:110,33,0,0
BRF:34
BRH:26
end_of_record
TN:
SF:src/pages/UsageTrackingPage.tsx
FN:43,fmt
FN:46,UsageTrackingPage
FN:103,resetPagination
FN:110,goNextPage
FN:117,goPrevPage
FN:124,handleExportCSV
FN:144,handleExportJSON
FN:163,render
FN:169,render
FN:174,render
FN:180,render
FN:188,render
FN:194,render
FN:200,render
FN:306,rowKey
FN:316,onChange
FN:327,rowKey
FNF:17
FNH:11
FNDA:2,fmt
FNDA:29,UsageTrackingPage
FNDA:0,resetPagination
FNDA:0,goNextPage
FNDA:0,goPrevPage
FNDA:0,handleExportCSV
FNDA:0,handleExportJSON
FNDA:2,render
FNDA:2,render
FNDA:2,render
FNDA:2,render
FNDA:2,render
FNDA:2,render
FNDA:2,render
FNDA:2,rowKey
FNDA:0,onChange
FNDA:2,rowKey
DA:1,1
DA:43,1
DA:44,2
DA:46,1
DA:47,29
DA:48,29
DA:49,29
DA:50,29
DA:51,29
DA:52,2
DA:53,2
DA:54,29
DA:56,29
DA:57,29
DA:58,29
DA:59,29
DA:61,29
DA:62,29
DA:63,29
DA:64,29
DA:65,29
DA:66,29
DA:67,29
DA:68,29
DA:69,29
DA:71,29
DA:72,14
DA:73,14
DA:74,14
DA:75,13
DA:76,13
DA:77,13
DA:78,14
DA:79,14
DA:80,29
DA:82,29
DA:83,1
DA:84,1
DA:85,1
DA:86,1
DA:87,1
DA:88,1
DA:89,1
DA:90,1
DA:91,1
DA:92,1
DA:93,1
DA:94,1
DA:95,1
DA:96,1
DA:97,29
DA:99,29
DA:100,16
DA:101,29
DA:103,29
DA:104,0
DA:105,0
DA:106,0
DA:107,0
DA:108,0
DA:110,29
DA:111,0
DA:112,0
DA:113,0
DA:114,0
DA:115,0
DA:117,29
DA:118,0
DA:119,0
DA:120,0
DA:121,0
DA:122,0
DA:124,29
DA:125,0
DA:126,0
DA:127,0
DA:128,0
DA:129,0
DA:130,0
DA:131,0
DA:132,0
DA:133,0
DA:134,0
DA:135,0
DA:136,0
DA:137,0
DA:138,0
DA:139,0
DA:140,0
DA:141,0
DA:142,0
DA:144,29
DA:145,0
DA:146,0
DA:147,0
DA:148,0
DA:149,0
DA:150,0
DA:151,0
DA:152,0
DA:153,0
DA:155,29
DA:156,29
DA:157,29
DA:159,29
DA:160,29
DA:161,29
DA:162,29
DA:163,29
DA:164,29
DA:165,29
DA:166,29
DA:167,29
DA:168,29
DA:169,29
DA:170,29
DA:171,29
DA:172,29
DA:173,29
DA:174,29
DA:175,29
DA:176,29
DA:177,29
DA:178,29
DA:179,29
DA:180,29
DA:181,29
DA:182,29
DA:184,29
DA:185,29
DA:186,29
DA:187,29
DA:188,29
DA:189,29
DA:190,29
DA:191,29
DA:192,29
DA:193,29
DA:194,29
DA:195,29
DA:196,29
DA:197,29
DA:198,29
DA:199,29
DA:200,29
DA:201,29
DA:202,29
DA:204,29
DA:205,29
DA:206,29
DA:207,29
DA:208,29
DA:209,29
DA:210,29
DA:212,29
DA:214,29
DA:215,29
DA:216,29
DA:217,29
DA:218,29
DA:219,29
DA:221,29
DA:222,29
DA:223,15
DA:224,15
DA:225,15
DA:226,15
DA:227,15
DA:228,15
DA:229,15
DA:230,12
DA:231,1
DA:232,1
DA:233,1
DA:234,1
DA:235,1
DA:236,1
DA:237,1
DA:239,11
DA:240,11
DA:241,11
DA:242,11
DA:243,11
DA:244,11
DA:245,11
DA:246,11
DA:247,11
DA:248,11
DA:249,11
DA:250,11
DA:251,11
DA:252,11
DA:253,11
DA:254,11
DA:255,11
DA:256,11
DA:257,11
DA:258,11
DA:259,11
DA:261,11
DA:262,11
DA:263,11
DA:264,11
DA:265,11
DA:266,11
DA:267,11
DA:268,11
DA:269,11
DA:270,11
DA:271,11
DA:272,11
DA:273,11
DA:274,11
DA:275,11
DA:276,11
DA:278,11
DA:279,11
DA:280,11
DA:281,11
DA:282,11
DA:283,11
DA:284,11
DA:285,11
DA:286,11
DA:287,11
DA:288,11
DA:289,11
DA:290,11
DA:291,11
DA:292,11
DA:293,11
DA:294,11
DA:296,29
DA:298,29
DA:299,29
DA:300,15
DA:302,12
DA:303,12
DA:304,12
DA:305,12
DA:306,12
DA:307,12
DA:308,12
DA:310,29
DA:312,29
DA:313,29
DA:314,29
DA:315,29
DA:316,29
DA:317,29
DA:318,29
DA:319,29
DA:320,29
DA:321,29
DA:323,29
DA:324,29
DA:325,29
DA:326,29
DA:327,29
DA:328,29
DA:329,29
DA:330,29
DA:331,29
DA:332,29
DA:333,29
DA:334,29
DA:335,29
DA:336,29
DA:337,29
DA:338,29
DA:340,29
LF:271
LH:229
BRDA:43,0,0,2
BRDA:46,1,0,29
BRDA:49,2,0,23
BRDA:157,3,0,15
BRDA:157,4,0,15
BRDA:208,5,0,15
BRDA:208,6,0,1
BRDA:208,7,0,26
BRDA:222,8,0,15
BRDA:229,9,0,12
BRDA:230,10,0,1
BRDA:237,11,0,11
BRDA:299,12,0,15
BRDA:300,13,0,12
BRDA:51,14,0,2
BRDA:71,15,0,14
BRDA:74,16,0,13
BRDA:75,17,0,5
BRDA:76,18,0,5
BRDA:77,19,0,5
BRDA:79,20,0,13
BRDA:82,21,0,1
BRDA:90,22,0,0
BRDA:92,23,0,0
BRDA:99,24,0,16
BRDA:100,25,0,1
BRDA:155,26,0,24
BRDA:156,27,0,24
BRDA:163,28,0,2
BRDA:169,29,0,2
BRDA:174,30,0,2
BRDA:180,31,0,2
BRDA:188,32,0,2
BRDA:194,33,0,2
BRDA:200,34,0,2
BRDA:306,35,0,2
BRDA:327,36,0,2
BRF:37
BRH:35
end_of_record
TN:
SF:src/pages/UserDetailPage.tsx
FN:48,UserDetailPage
FN:107,handleRoleChange
FN:113,handleGrant
FN:122,handleRevoke
FN:131,handleBan
FN:143,handleUnban
FN:149,handleImpersonate
FN:157,handleResetPassword
FN:162,handleForcePlan
FN:178,handleFlagToggle
FN:201,onClick
FN:208,fmt
FN:235,onClick
FNF:13
FNH:2
FNDA:17,UserDetailPage
FNDA:0,handleRoleChange
FNDA:0,handleGrant
FNDA:0,handleRevoke
FNDA:0,handleBan
FNDA:0,handleUnban
FNDA:0,handleImpersonate
FNDA:0,handleResetPassword
FNDA:0,handleForcePlan
FNDA:0,handleFlagToggle
FNDA:0,onClick
FNDA:4,fmt
FNDA:0,onClick
DA:1,1
DA:48,1
DA:49,17
DA:50,17
DA:51,17
DA:52,17
DA:53,17
DA:54,17
DA:55,17
DA:56,17
DA:57,17
DA:58,17
DA:59,17
DA:60,17
DA:61,17
DA:62,17
DA:63,17
DA:64,17
DA:65,17
DA:66,17
DA:68,17
DA:69,11
DA:70,11
DA:71,11
DA:72,11
DA:73,11
DA:74,11
DA:75,11
DA:76,10
DA:77,11
DA:78,11
DA:80,11
DA:81,11
DA:82,0
DA:83,0
DA:84,0
DA:85,0
DA:86,0
DA:87,0
DA:88,0
DA:89,0
DA:90,0
DA:91,0
DA:92,0
DA:94,10
DA:95,10
DA:96,11
DA:97,11
DA:98,11
DA:99,10
DA:100,10
DA:101,17
DA:103,17
DA:104,11
DA:105,17
DA:107,17
DA:108,0
DA:109,0
DA:110,0
DA:111,0
DA:113,17
DA:114,0
DA:115,0
DA:116,0
DA:117,0
DA:118,0
DA:119,0
DA:120,0
DA:122,17
DA:123,0
DA:124,0
DA:125,0
DA:126,0
DA:127,0
DA:128,0
DA:129,0
DA:131,17
DA:132,0
DA:133,0
DA:134,0
DA:135,0
DA:136,0
DA:137,0
DA:138,0
DA:139,0
DA:140,0
DA:141,0
DA:143,17
DA:144,0
DA:145,0
DA:146,0
DA:147,0
DA:149,17
DA:150,0
DA:151,0
DA:152,0
DA:153,0
DA:154,0
DA:155,0
DA:157,17
DA:158,0
DA:159,0
DA:160,0
DA:162,17
DA:163,0
DA:164,0
DA:165,0
DA:166,0
DA:167,0
DA:168,0
DA:169,0
DA:170,0
DA:171,0
DA:173,17
DA:174,0
DA:175,0
DA:176,17
DA:178,17
DA:179,0
DA:180,0
DA:181,0
DA:182,0
DA:183,0
DA:184,0
DA:185,0
DA:186,0
DA:188,17
DA:189,11
DA:190,11
DA:191,11
DA:192,11
DA:193,11
DA:195,11
DA:197,11
DA:198,1
DA:199,1
DA:200,1
DA:201,1
DA:202,1
DA:203,1
DA:204,1
DA:206,1
DA:208,4
DA:209,4
DA:211,4
DA:212,4
DA:213,4
DA:214,4
DA:215,4
DA:216,4
DA:217,4
DA:218,4
DA:219,4
DA:220,4
DA:221,4
DA:222,4
DA:223,4
DA:224,4
DA:225,4
DA:226,4
DA:227,4
DA:228,4
DA:229,4
DA:230,4
DA:231,1
DA:232,1
DA:233,1
DA:235,3
DA:236,3
DA:237,3
DA:238,3
DA:240,17
DA:242,17
DA:244,17
DA:245,17
DA:246,17
DA:247,17
DA:248,17
DA:249,17
DA:250,17
DA:251,17
DA:252,17
DA:253,17
DA:254,17
DA:255,17
DA:256,17
DA:258,17
DA:259,17
DA:260,17
DA:261,17
DA:262,17
DA:263,17
DA:264,17
DA:265,17
DA:266,17
DA:267,17
DA:268,17
DA:269,17
DA:270,17
DA:271,17
DA:272,17
DA:273,17
DA:274,17
DA:275,17
DA:276,17
DA:277,17
DA:278,17
DA:279,17
DA:280,17
DA:281,17
DA:282,17
DA:283,17
DA:284,17
DA:285,17
DA:286,17
DA:287,17
DA:288,17
DA:289,17
DA:291,17
DA:292,0
DA:293,0
DA:294,0
DA:295,0
DA:296,0
DA:297,0
DA:298,0
DA:299,0
DA:300,0
DA:301,0
DA:302,0
DA:303,0
DA:304,0
DA:305,0
DA:306,0
DA:307,0
DA:308,0
DA:309,0
DA:310,0
DA:311,0
DA:312,0
DA:313,0
DA:314,0
DA:315,0
DA:316,0
DA:317,0
DA:318,0
DA:319,0
DA:320,0
DA:321,0
DA:322,0
DA:323,0
DA:324,0
DA:325,0
DA:326,0
DA:327,0
DA:328,0
DA:329,0
DA:330,0
DA:331,0
DA:332,0
DA:333,0
DA:334,0
DA:335,0
DA:336,0
DA:337,0
DA:338,17
DA:339,17
DA:341,17
DA:342,17
DA:343,17
DA:344,17
DA:345,17
DA:346,17
DA:347,17
DA:348,17
DA:349,17
DA:350,17
DA:351,17
DA:352,17
DA:353,17
DA:354,17
DA:355,17
DA:356,0
DA:357,17
DA:358,17
DA:359,17
DA:360,17
DA:361,17
DA:362,17
DA:363,17
DA:364,17
DA:366,17
DA:367,17
DA:368,17
DA:369,17
DA:370,17
DA:371,17
DA:373,17
DA:374,0
DA:375,0
DA:376,0
DA:377,0
DA:378,0
DA:379,0
DA:380,0
DA:381,0
DA:382,0
DA:383,0
DA:384,0
DA:385,0
DA:386,0
DA:387,0
DA:388,0
DA:389,0
DA:390,0
DA:391,0
DA:392,0
DA:393,0
DA:394,0
DA:395,0
DA:396,0
DA:397,0
DA:398,0
DA:399,17
DA:400,17
DA:402,17
DA:403,17
DA:404,17
DA:405,17
DA:406,17
DA:407,17
DA:408,17
DA:409,4
DA:410,4
DA:411,4
DA:413,0
DA:414,0
DA:415,0
DA:416,0
DA:417,0
DA:418,0
DA:419,0
DA:420,0
DA:421,0
DA:422,0
DA:423,0
DA:424,0
DA:426,17
DA:427,17
DA:428,17
DA:430,17
DA:431,17
DA:432,17
DA:433,17
DA:434,17
DA:435,17
DA:436,17
DA:437,17
DA:438,17
DA:439,17
DA:440,17
DA:441,17
DA:442,17
DA:443,17
DA:444,4
DA:445,4
DA:446,4
DA:447,4
DA:448,4
DA:450,0
DA:451,0
DA:452,0
DA:453,0
DA:454,0
DA:455,0
DA:456,0
DA:457,0
DA:458,0
DA:459,0
DA:460,0
DA:461,0
DA:463,17
DA:464,17
DA:465,17
DA:466,17
DA:467,17
DA:468,17
DA:470,17
DA:471,17
DA:472,17
DA:473,17
DA:474,17
DA:475,17
DA:476,17
DA:477,17
DA:478,17
DA:479,17
DA:480,17
DA:481,17
DA:483,17
LF:400
LH:233
BRDA:48,0,0,17
BRDA:58,1,0,16
BRDA:188,2,0,11
BRDA:195,3,0,5
BRDA:197,4,0,1
BRDA:206,5,0,4
BRDA:230,6,0,1
BRDA:233,7,0,3
BRDA:267,8,0,0
BRDA:268,9,0,0
BRDA:364,10,0,0
BRDA:366,11,0,0
BRDA:408,12,0,4
BRDA:411,13,0,0
BRDA:443,14,0,4
BRDA:448,15,0,0
BRDA:68,16,0,11
BRDA:69,17,0,0
BRDA:75,18,0,10
BRDA:77,19,0,5
BRDA:78,20,0,5
BRDA:80,21,0,5
BRDA:81,22,0,0
BRDA:92,23,0,10
BRDA:96,24,0,5
BRDA:97,25,0,0
BRDA:98,26,0,10
BRDA:103,27,0,11
BRDA:208,28,0,4
BRF:29
BRH:20
end_of_record
TN:
SF:src/pages/UsersPage.tsx
FN:46,UsersPage
FN:90,handleExportCSV
FN:102,handleImpersonate
FN:109,handleResetPassword
FN:114,handleBan
FN:127,handleUnban
FN:136,render
FN:145,render
FN:150,render
FN:160,render
FN:167,render
FN:173,render
FN:183,render
FN:191,onClick
FN:195,onClick
FN:199,onClick
FN:205,onClick
FN:212,onClick
FN:234,onSearchChange
FN:242,onChange
FN:251,onClick
FN:253,onClear
FN:260,rowKey
FN:267,onNextPage
FN:268,onPrevPage
FNF:25
FNH:10
FNDA:37,UsersPage
FNDA:0,handleExportCSV
FNDA:0,handleImpersonate
FNDA:0,handleResetPassword
FNDA:0,handleBan
FNDA:0,handleUnban
FNDA:48,render
FNDA:48,render
FNDA:48,render
FNDA:48,render
FNDA:48,render
FNDA:48,render
FNDA:48,render
FNDA:0,onClick
FNDA:0,onClick
FNDA:0,onClick
FNDA:0,onClick
FNDA:0,onClick
FNDA:5,onSearchChange
FNDA:0,onChange
FNDA:0,onClick
FNDA:0,onClear
FNDA:132,rowKey
FNDA:0,onNextPage
FNDA:0,onPrevPage
DA:1,1
DA:41,1
DA:42,1
DA:43,1
DA:44,1
DA:46,1
DA:47,37
DA:48,37
DA:49,37
DA:50,37
DA:51,37
DA:52,37
DA:53,37
DA:54,37
DA:55,37
DA:56,37
DA:57,37
DA:58,37
DA:59,37
DA:61,37
DA:62,37
DA:63,37
DA:64,37
DA:65,37
DA:67,37
DA:68,17
DA:69,17
DA:70,17
DA:71,17
DA:72,17
DA:73,17
DA:74,17
DA:75,17
DA:76,17
DA:77,17
DA:78,17
DA:79,16
DA:80,16
DA:81,37
DA:83,37
DA:84,17
DA:85,37
DA:87,37
DA:88,37
DA:90,37
DA:91,0
DA:92,0
DA:93,0
DA:94,0
DA:95,0
DA:96,0
DA:97,0
DA:98,0
DA:99,0
DA:100,0
DA:102,37
DA:103,0
DA:104,0
DA:105,0
DA:106,0
DA:107,0
DA:109,37
DA:110,0
DA:111,0
DA:112,0
DA:114,37
DA:115,0
DA:116,0
DA:117,0
DA:118,0
DA:119,0
DA:120,0
DA:121,0
DA:122,0
DA:123,0
DA:124,0
DA:125,0
DA:127,37
DA:128,0
DA:129,0
DA:130,0
DA:132,37
DA:133,37
DA:134,37
DA:135,37
DA:136,37
DA:137,48
DA:138,48
DA:139,48
DA:141,37
DA:142,37
DA:143,37
DA:144,37
DA:145,37
DA:146,37
DA:147,37
DA:148,37
DA:149,37
DA:150,37
DA:151,48
DA:152,48
DA:153,48
DA:155,37
DA:156,37
DA:157,37
DA:158,37
DA:159,37
DA:160,37
DA:161,37
DA:162,37
DA:163,37
DA:164,37
DA:165,37
DA:166,37
DA:167,37
DA:168,37
DA:169,37
DA:170,37
DA:171,37
DA:172,37
DA:173,37
DA:174,48
DA:175,48
DA:176,48
DA:178,37
DA:179,37
DA:180,37
DA:181,37
DA:182,37
DA:183,37
DA:184,48
DA:185,48
DA:186,48
DA:187,48
DA:188,48
DA:189,48
DA:190,48
DA:191,48
DA:192,48
DA:193,48
DA:194,48
DA:195,48
DA:196,48
DA:197,48
DA:198,48
DA:199,48
DA:200,48
DA:201,48
DA:202,48
DA:203,48
DA:204,48
DA:205,0
DA:206,0
DA:207,0
DA:208,0
DA:210,48
DA:211,48
DA:212,48
DA:214,48
DA:215,48
DA:216,48
DA:218,48
DA:219,48
DA:221,37
DA:222,37
DA:224,37
DA:225,37
DA:226,37
DA:227,37
DA:228,37
DA:229,37
DA:230,37
DA:232,37
DA:233,37
DA:234,37
DA:235,37
DA:236,37
DA:237,37
DA:238,37
DA:239,37
DA:240,37
DA:241,37
DA:242,37
DA:243,37
DA:244,37
DA:245,37
DA:247,37
DA:248,37
DA:249,37
DA:250,37
DA:251,37
DA:252,37
DA:253,37
DA:254,37
DA:256,37
DA:257,37
DA:258,37
DA:259,37
DA:260,37
DA:261,37
DA:262,37
DA:263,37
DA:264,37
DA:265,37
DA:266,37
DA:267,37
DA:268,37
DA:269,37
DA:270,37
DA:272,37
DA:273,37
DA:274,37
DA:275,37
DA:276,37
DA:277,37
DA:278,37
DA:279,37
DA:280,37
DA:281,37
DA:282,37
DA:283,37
DA:285,37
LF:222
LH:186
BRDA:46,0,0,37
BRDA:269,1,0,21
BRDA:269,2,0,14
BRDA:276,3,0,0
BRDA:277,4,0,0
BRDA:67,5,0,17
BRDA:73,6,0,12
BRDA:74,7,0,0
BRDA:75,8,0,16
BRDA:76,9,0,5
BRDA:77,10,0,6
BRDA:78,11,0,16
BRDA:83,12,0,17
BRDA:136,13,0,48
BRDA:145,14,0,48
BRDA:150,15,0,48
BRDA:151,16,0,16
BRDA:160,17,0,48
BRDA:160,18,0,0
BRDA:167,19,0,48
BRDA:173,20,0,48
BRDA:183,21,0,48
BRDA:204,22,0,0
BRDA:234,23,0,5
BRDA:260,24,0,132
BRF:25
BRH:20
end_of_record
TN:
SF:src/providers/FeatureFlagsProvider.tsx
FN:17,FeatureFlagsProvider
FN:48,handleFocus
FN:64,useFeatureFlagsContext
FNF:3
FNH:2
FNDA:146,FeatureFlagsProvider
FNDA:0,handleFocus
FNDA:104,useFeatureFlagsContext
DA:1,1
DA:13,1
DA:15,1
DA:17,1
DA:18,146
DA:19,146
DA:20,146
DA:21,146
DA:23,146
DA:24,95
DA:25,95
DA:26,95
DA:27,95
DA:28,95
DA:29,95
DA:31,95
DA:32,95
DA:33,95
DA:34,146
DA:36,146
DA:37,97
DA:38,2
DA:39,2
DA:40,2
DA:41,2
DA:43,95
DA:44,95
DA:46,95
DA:48,95
DA:49,95
DA:51,95
DA:52,95
DA:53,95
DA:54,95
DA:55,146
DA:57,146
DA:58,146
DA:59,146
DA:60,146
DA:62,146
DA:64,1
DA:65,104
DA:66,104
DA:67,99
DA:68,99
LF:45
LH:45
BRDA:17,0,0,146
BRDA:23,1,0,95
BRDA:29,2,0,0
BRDA:36,3,0,97
BRDA:37,4,0,2
BRDA:41,5,0,95
BRDA:51,6,0,95
BRDA:64,7,0,104
BRDA:66,8,0,4
BRDA:66,9,0,99
BRF:10
BRH:9
end_of_record
TN:
SF:src/services/api.ts
FN:34,login
FN:39,getMe
FN:46,getAdminPlans
FN:51,getAdminPlan
FN:56,createPlan
FN:61,updatePlan
FN:66,archivePlan
FN:71,restorePlan
FN:76,setPlanFeatures
FN:81,removePlanFeature
FN:86,syncPlanToStripe
FN:93,getAdminUsers
FN:98,getAdminUser
FN:103,updateUserRole
FN:110,getWorkspaceCredits
FN:115,grantCredits
FN:120,revokeCredits
FN:125,getWorkspaceCreditHistory
FN:132,getAdminSubscriptions
FN:137,getWorkspaceSubscription
FN:142,updateWorkspaceSubscription
FN:149,getAdminOverviewStats
FN:156,getAnalyticsOverview
FN:161,getAnalyticsSignups
FN:166,getAnalyticsRevenue
FN:171,getAnalyticsUsage
FN:176,getAnalyticsChurn
FN:183,suspendUser
FN:188,unsuspendUser
FN:193,impersonateUser
FN:198,resetUserPassword
FN:203,moveUserOrganization
FN:208,forceUserPlan
FN:215,getAdminOrganizations
FN:220,getAdminOrganization
FN:225,updateOrganization
FN:230,setOrgFlagOverrideViaOrg
FN:237,getSystemSettings
FN:242,updateSystemSetting
FN:249,getAnnouncements
FN:254,createAnnouncement
FN:259,updateAnnouncement
FN:264,deleteAnnouncement
FN:271,getAuditLog
FN:278,getUsageEvents
FN:283,getUsageSummary
FN:290,getFeatureFlags
FN:295,getOrgFeatureFlags
FN:300,setOrgFlagOverride
FN:305,clearOrgFlagOverride
FN:312,getBillingConfig
FN:317,updateBillingConfig
FN:343,getAIProviders
FN:348,updateAIProviders
FN:353,setProviderKey
FN:358,removeProviderKey
FN:362,setProviderFallbackKey
FN:367,removeProviderFallbackKey
FN:371,testProviderKey
FN:377,setDefaultModel
FN:381,setFallbackOrder
FNF:61
FNH:0
FNDA:0,login
FNDA:0,getMe
FNDA:0,getAdminPlans
FNDA:0,getAdminPlan
FNDA:0,createPlan
FNDA:0,updatePlan
FNDA:0,archivePlan
FNDA:0,restorePlan
FNDA:0,setPlanFeatures
FNDA:0,removePlanFeature
FNDA:0,syncPlanToStripe
FNDA:0,getAdminUsers
FNDA:0,getAdminUser
FNDA:0,updateUserRole
FNDA:0,getWorkspaceCredits
FNDA:0,grantCredits
FNDA:0,revokeCredits
FNDA:0,getWorkspaceCreditHistory
FNDA:0,getAdminSubscriptions
FNDA:0,getWorkspaceSubscription
FNDA:0,updateWorkspaceSubscription
FNDA:0,getAdminOverviewStats
FNDA:0,getAnalyticsOverview
FNDA:0,getAnalyticsSignups
FNDA:0,getAnalyticsRevenue
FNDA:0,getAnalyticsUsage
FNDA:0,getAnalyticsChurn
FNDA:0,suspendUser
FNDA:0,unsuspendUser
FNDA:0,impersonateUser
FNDA:0,resetUserPassword
FNDA:0,moveUserOrganization
FNDA:0,forceUserPlan
FNDA:0,getAdminOrganizations
FNDA:0,getAdminOrganization
FNDA:0,updateOrganization
FNDA:0,setOrgFlagOverrideViaOrg
FNDA:0,getSystemSettings
FNDA:0,updateSystemSetting
FNDA:0,getAnnouncements
FNDA:0,createAnnouncement
FNDA:0,updateAnnouncement
FNDA:0,deleteAnnouncement
FNDA:0,getAuditLog
FNDA:0,getUsageEvents
FNDA:0,getUsageSummary
FNDA:0,getFeatureFlags
FNDA:0,getOrgFeatureFlags
FNDA:0,setOrgFlagOverride
FNDA:0,clearOrgFlagOverride
FNDA:0,getBillingConfig
FNDA:0,updateBillingConfig
FNDA:0,getAIProviders
FNDA:0,updateAIProviders
FNDA:0,setProviderKey
FNDA:0,removeProviderKey
FNDA:0,setProviderFallbackKey
FNDA:0,removeProviderFallbackKey
FNDA:0,testProviderKey
FNDA:0,setDefaultModel
FNDA:0,setFallbackOrder
DA:1,1
DA:4,1
DA:6,1
DA:7,1
DA:8,1
DA:9,1
DA:10,1
DA:12,1
DA:13,0
DA:14,0
DA:15,0
DA:16,0
DA:17,0
DA:18,0
DA:19,0
DA:21,1
DA:22,1
DA:23,1
DA:24,0
DA:25,0
DA:26,0
DA:27,0
DA:28,0
DA:29,0
DA:30,1
DA:34,1
DA:35,0
DA:36,0
DA:37,0
DA:39,1
DA:40,0
DA:41,0
DA:42,0
DA:46,1
DA:47,0
DA:48,0
DA:49,0
DA:51,1
DA:52,0
DA:53,0
DA:54,0
DA:56,1
DA:57,0
DA:58,0
DA:59,0
DA:61,1
DA:62,0
DA:63,0
DA:64,0
DA:66,1
DA:67,0
DA:68,0
DA:69,0
DA:71,1
DA:72,0
DA:73,0
DA:74,0
DA:76,1
DA:77,0
DA:78,0
DA:79,0
DA:81,1
DA:82,0
DA:83,0
DA:84,0
DA:86,1
DA:87,0
DA:88,0
DA:89,0
DA:93,1
DA:94,0
DA:95,0
DA:96,0
DA:98,1
DA:99,0
DA:100,0
DA:101,0
DA:103,1
DA:104,0
DA:105,0
DA:106,0
DA:110,1
DA:111,0
DA:112,0
DA:113,0
DA:115,1
DA:116,0
DA:117,0
DA:118,0
DA:120,1
DA:121,0
DA:122,0
DA:123,0
DA:125,1
DA:126,0
DA:127,0
DA:128,0
DA:132,1
DA:133,0
DA:134,0
DA:135,0
DA:137,1
DA:138,0
DA:139,0
DA:140,0
DA:142,1
DA:143,0
DA:144,0
DA:145,0
DA:149,1
DA:150,0
DA:151,0
DA:152,0
DA:156,1
DA:157,0
DA:158,0
DA:159,0
DA:161,1
DA:162,0
DA:163,0
DA:164,0
DA:166,1
DA:167,0
DA:168,0
DA:169,0
DA:171,1
DA:172,0
DA:173,0
DA:174,0
DA:176,1
DA:177,0
DA:178,0
DA:179,0
DA:183,1
DA:184,0
DA:185,0
DA:186,0
DA:188,1
DA:189,0
DA:190,0
DA:191,0
DA:193,1
DA:194,0
DA:195,0
DA:196,0
DA:198,1
DA:199,0
DA:200,0
DA:201,0
DA:203,1
DA:204,0
DA:205,0
DA:206,0
DA:208,1
DA:209,0
DA:210,0
DA:211,0
DA:215,1
DA:216,0
DA:217,0
DA:218,0
DA:220,1
DA:221,0
DA:222,0
DA:223,0
DA:225,1
DA:226,0
DA:227,0
DA:228,0
DA:230,1
DA:231,0
DA:232,0
DA:233,0
DA:237,1
DA:238,0
DA:239,0
DA:240,0
DA:242,1
DA:243,0
DA:244,0
DA:245,0
DA:249,1
DA:250,0
DA:251,0
DA:252,0
DA:254,1
DA:255,0
DA:256,0
DA:257,0
DA:259,1
DA:260,0
DA:261,0
DA:262,0
DA:264,1
DA:265,0
DA:266,0
DA:267,0
DA:271,1
DA:272,0
DA:273,0
DA:274,0
DA:278,1
DA:279,0
DA:280,0
DA:281,0
DA:283,1
DA:284,0
DA:285,0
DA:286,0
DA:290,1
DA:291,0
DA:292,0
DA:293,0
DA:295,1
DA:296,0
DA:297,0
DA:298,0
DA:300,1
DA:301,0
DA:302,0
DA:303,0
DA:305,1
DA:306,0
DA:307,0
DA:308,0
DA:312,1
DA:313,0
DA:314,0
DA:315,0
DA:317,1
DA:318,0
DA:319,0
DA:320,0
DA:343,1
DA:344,0
DA:345,0
DA:346,0
DA:348,1
DA:349,0
DA:350,0
DA:351,0
DA:353,1
DA:354,0
DA:355,0
DA:356,0
DA:358,1
DA:359,0
DA:360,0
DA:362,1
DA:363,0
DA:364,0
DA:365,0
DA:367,1
DA:368,0
DA:369,0
DA:371,1
DA:372,0
DA:373,0
DA:374,0
DA:375,0
DA:377,1
DA:378,0
DA:379,0
DA:381,1
DA:382,0
DA:383,0
DA:385,1
LF:267
LH:74
BRF:0
BRH:0
end_of_record
