TN:
SF:constants/brand-allowlist.ts
FNF:0
FNH:0
DA:5,1
DA:7,1
DA:8,1
DA:9,1
DA:10,1
DA:11,1
DA:12,1
DA:13,1
DA:14,1
DA:15,1
DA:16,1
DA:17,1
DA:18,1
DA:19,1
DA:20,1
DA:21,1
DA:22,1
DA:23,1
DA:24,1
DA:25,1
DA:26,1
DA:27,1
DA:30,1
DA:31,1
DA:32,1
DA:33,1
DA:34,1
DA:35,1
DA:36,1
DA:37,1
DA:38,1
DA:39,1
DA:40,1
DA:41,1
DA:42,1
DA:43,1
DA:44,1
DA:45,1
DA:46,1
DA:47,1
DA:48,1
DA:51,1
DA:52,1
DA:53,1
DA:54,1
DA:55,1
DA:56,1
DA:57,1
DA:58,1
DA:61,1
DA:62,1
DA:63,1
DA:64,1
DA:65,1
DA:66,1
DA:67,1
DA:68,1
DA:69,1
DA:70,1
DA:71,1
DA:72,1
DA:73,1
DA:74,1
DA:75,1
DA:76,1
DA:77,1
DA:78,1
DA:79,1
DA:80,1
DA:81,1
DA:82,1
DA:83,1
DA:84,1
DA:85,1
DA:86,1
DA:87,1
DA:88,1
DA:89,1
DA:90,1
DA:91,1
DA:92,1
DA:93,1
DA:94,1
DA:95,1
DA:96,1
DA:97,1
DA:98,1
DA:99,1
DA:100,1
DA:101,1
DA:102,1
DA:103,1
DA:104,1
DA:105,1
DA:106,1
DA:107,1
DA:108,1
DA:109,1
DA:110,1
DA:111,1
DA:112,1
DA:113,1
DA:114,1
DA:115,1
DA:116,1
DA:117,1
DA:118,1
DA:119,1
DA:120,1
DA:121,1
DA:122,1
DA:123,1
DA:124,1
DA:125,1
DA:126,1
DA:129,1
DA:130,1
DA:131,1
DA:132,1
DA:133,1
DA:134,1
DA:135,1
DA:136,1
DA:137,1
DA:138,1
DA:139,1
DA:140,1
DA:141,1
DA:142,1
DA:143,1
DA:144,1
DA:145,1
DA:146,1
DA:147,1
DA:148,1
DA:149,1
DA:150,1
DA:151,1
DA:152,1
DA:153,1
DA:154,1
DA:157,1
DA:158,1
DA:159,1
DA:160,1
DA:161,1
DA:162,1
DA:163,1
DA:164,1
DA:165,1
DA:168,1
DA:169,1
DA:170,1
DA:171,1
DA:172,1
DA:173,1
DA:174,1
DA:177,1
DA:178,1
DA:179,1
DA:182,1
DA:183,1
DA:184,1
DA:185,1
DA:186,1
DA:187,1
DA:188,1
DA:189,1
DA:190,1
DA:191,1
DA:192,1
DA:193,1
DA:194,1
DA:197,1
DA:198,1
DA:199,1
DA:200,1
DA:201,1
DA:202,1
DA:205,1
DA:206,1
DA:207,1
DA:208,1
DA:211,1
DA:212,1
DA:213,1
DA:214,1
DA:217,1
DA:218,1
DA:219,1
DA:220,1
DA:221,1
DA:224,1
DA:225,1
DA:226,1
DA:227,1
DA:228,1
DA:229,1
LF:198
LH:198
BRF:0
BRH:0
end_of_record
TN:
SF:constants/platform-features.ts
FN:14,isValidFeatureKey
FNF:1
FNH:1
FNDA:10,isValidFeatureKey
DA:1,1
DA:2,1
DA:3,1
DA:4,1
DA:5,1
DA:6,1
DA:7,1
DA:8,1
DA:12,1
DA:14,1
DA:15,10
DA:16,10
LF:12
LH:12
BRDA:14,0,0,10
BRF:1
BRH:1
end_of_record
TN:
SF:constants/pricing.ts
FN:19,isPlanSlug
FN:23,getPlanDefinition
FNF:2
FNH:2
FNDA:6,isPlanSlug
FNDA:3,getPlanDefinition
DA:9,1
DA:10,1
DA:11,1
DA:12,1
DA:13,1
DA:17,1
DA:19,1
DA:20,6
DA:21,6
DA:23,1
DA:24,3
DA:25,3
DA:27,1
DA:29,1
DA:30,1
DA:31,1
DA:32,1
DA:33,1
DA:34,1
DA:35,1
DA:36,1
DA:37,1
LF:22
LH:22
BRDA:19,0,0,6
BRDA:23,1,0,3
BRF:2
BRH:2
end_of_record
TN:
SF:database/connection.ts
FN:11,getPool
FN:38,query
FN:65,transaction
FN:87,close
FNF:4
FNH:4
FNDA:12,getPool
FNDA:3,query
FNDA:2,transaction
FNDA:2,close
DA:1,1
DA:2,1
DA:4,1
DA:6,1
DA:11,1
DA:12,12
DA:13,11
DA:14,1
DA:16,11
DA:17,11
DA:18,11
DA:19,11
DA:20,11
DA:21,11
DA:23,11
DA:24,1
DA:25,11
DA:27,11
DA:28,1
DA:29,11
DA:30,11
DA:32,12
DA:33,12
DA:38,3
DA:39,3
DA:40,3
DA:42,3
DA:43,3
DA:44,2
DA:46,2
DA:47,2
DA:48,2
DA:49,2
DA:50,2
DA:52,2
DA:53,3
DA:54,1
DA:55,1
DA:56,1
DA:57,1
DA:58,1
DA:59,1
DA:60,3
DA:65,2
DA:66,2
DA:67,2
DA:68,2
DA:69,2
DA:71,2
DA:72,2
DA:73,2
DA:74,1
DA:75,1
DA:76,1
DA:77,1
DA:78,1
DA:79,2
DA:80,2
DA:81,2
DA:82,2
DA:87,2
DA:88,2
DA:89,1
DA:90,1
DA:91,1
DA:92,1
DA:93,2
LF:67
LH:67
BRDA:11,0,0,12
BRDA:12,1,0,11
BRDA:13,2,0,1
BRDA:14,3,0,0
BRDA:14,4,0,0
BRDA:14,5,0,0
BRDA:14,6,0,0
BRDA:14,7,0,0
BRDA:23,8,0,1
BRDA:27,9,0,1
BRDA:38,10,0,3
BRDA:43,11,0,2
BRDA:53,12,0,1
BRDA:65,13,0,2
BRDA:73,14,0,1
BRDA:79,15,0,0
BRDA:87,16,0,2
BRDA:88,17,0,1
BRF:18
BRH:12
end_of_record
TN:
SF:database/repositories/announcement-repository.ts
FN:36,findAll
FN:40,findActive
FN:50,findById
FN:55,create
FN:73,update
FN:95,delete
FNF:6
FNH:6
FNDA:1,findAll
FNDA:1,findActive
FNDA:3,findById
FNDA:2,create
FNDA:4,update
FNDA:2,delete
DA:1,1
DA:35,1
DA:36,1
DA:37,1
DA:38,1
DA:40,1
DA:41,1
DA:42,1
DA:47,1
DA:48,1
DA:50,1
DA:51,3
DA:52,3
DA:53,3
DA:55,1
DA:56,2
DA:57,2
DA:60,2
DA:61,2
DA:62,2
DA:63,2
DA:64,2
DA:65,2
DA:66,2
DA:67,2
DA:68,2
DA:69,2
DA:70,2
DA:71,2
DA:73,1
DA:74,4
DA:75,4
DA:76,4
DA:78,4
DA:79,4
DA:80,4
DA:81,4
DA:82,4
DA:83,4
DA:85,4
DA:86,3
DA:88,3
DA:89,3
DA:90,3
DA:91,3
DA:92,4
DA:93,4
DA:95,1
DA:96,2
DA:97,2
DA:98,2
DA:99,1
LF:52
LH:52
BRDA:36,0,0,1
BRDA:40,1,0,1
BRDA:50,2,0,3
BRDA:52,3,0,1
BRDA:55,4,0,2
BRDA:62,5,0,1
BRDA:63,6,0,1
BRDA:65,7,0,1
BRDA:66,8,0,1
BRDA:67,9,0,1
BRDA:73,10,0,4
BRDA:78,11,0,3
BRDA:79,12,0,1
BRDA:80,13,0,1
BRDA:81,14,0,1
BRDA:82,15,0,0
BRDA:83,16,0,0
BRDA:85,17,0,1
BRDA:85,18,0,3
BRDA:92,19,0,1
BRDA:95,20,0,2
BRF:21
BRH:19
end_of_record
TN:
SF:database/repositories/audit-repository.ts
FN:28,log
FN:45,findAll
FN:80,findCursorPaginated
FNF:3
FNH:3
FNDA:2,log
FNDA:4,findAll
FNDA:6,findCursorPaginated
DA:1,1
DA:27,1
DA:28,1
DA:29,2
DA:30,2
DA:32,2
DA:33,2
DA:34,2
DA:35,2
DA:36,2
DA:37,2
DA:38,2
DA:39,2
DA:40,2
DA:41,2
DA:42,2
DA:43,2
DA:45,1
DA:52,4
DA:53,4
DA:55,4
DA:56,4
DA:57,4
DA:59,4
DA:60,4
DA:61,4
DA:62,4
DA:64,4
DA:66,4
DA:67,4
DA:68,4
DA:69,4
DA:70,4
DA:72,4
DA:73,4
DA:74,4
DA:75,4
DA:77,4
DA:78,4
DA:80,1
DA:89,6
DA:90,6
DA:91,6
DA:93,6
DA:94,6
DA:95,6
DA:97,6
DA:98,2
DA:99,2
DA:100,2
DA:101,2
DA:102,2
DA:103,2
DA:104,2
DA:106,0
DA:107,2
DA:109,6
DA:110,6
DA:111,6
DA:112,6
DA:113,6
DA:114,6
DA:116,6
DA:118,6
DA:119,6
DA:120,6
DA:121,6
DA:123,6
DA:124,6
DA:125,6
DA:126,6
DA:127,1
DA:128,1
DA:129,1
DA:130,1
DA:132,6
DA:133,6
DA:134,1
LF:78
LH:77
BRDA:28,0,0,2
BRDA:33,1,0,1
BRDA:34,2,0,1
BRDA:38,3,0,1
BRDA:45,4,0,4
BRDA:59,5,0,2
BRDA:60,6,0,1
BRDA:61,7,0,1
BRDA:62,8,0,1
BRDA:64,9,0,2
BRDA:64,10,0,2
BRDA:80,11,0,6
BRDA:97,12,0,2
BRDA:104,13,0,0
BRDA:109,14,0,0
BRDA:110,15,0,0
BRDA:111,16,0,0
BRDA:112,17,0,0
BRDA:113,18,0,1
BRDA:114,19,0,1
BRDA:116,20,0,3
BRDA:116,21,0,3
BRDA:124,22,0,1
BRDA:124,23,0,5
BRDA:126,24,0,1
BRDA:126,25,0,1
BRDA:128,26,0,0
BRF:27
BRH:21
end_of_record
TN:
SF:database/repositories/auto-fix-repository.ts
FN:39,createRepo
FN:57,findRepoById
FN:65,findReposByWorkspace
FN:72,deleteRepo
FN:82,createAttempt
FN:95,updateAttempt
FN:127,findAttemptById
FN:135,findAttemptsByBug
FN:142,findActiveAttemptBySession
FN:153,findLatestAttemptForBug
FNF:10
FNH:10
FNDA:2,createRepo
FNDA:2,findRepoById
FNDA:1,findReposByWorkspace
FNDA:2,deleteRepo
FNDA:1,createAttempt
FNDA:4,updateAttempt
FNDA:3,findAttemptById
FNDA:1,findAttemptsByBug
FNDA:2,findActiveAttemptBySession
FNDA:2,findLatestAttemptForBug
DA:1,1
DA:36,1
DA:39,1
DA:45,2
DA:46,2
DA:47,2
DA:52,2
DA:53,2
DA:54,2
DA:55,2
DA:57,1
DA:58,2
DA:59,2
DA:60,2
DA:61,2
DA:62,2
DA:63,2
DA:65,1
DA:66,1
DA:67,1
DA:68,1
DA:69,1
DA:70,1
DA:72,1
DA:73,2
DA:74,2
DA:75,2
DA:76,2
DA:77,2
DA:78,2
DA:82,1
DA:85,1
DA:86,1
DA:87,1
DA:90,1
DA:91,1
DA:92,1
DA:93,1
DA:95,1
DA:96,4
DA:97,4
DA:98,4
DA:100,4
DA:101,4
DA:102,4
DA:103,4
DA:104,4
DA:105,4
DA:107,4
DA:108,56
DA:109,3
DA:110,3
DA:111,3
DA:112,3
DA:113,56
DA:115,4
DA:117,3
DA:118,3
DA:120,3
DA:121,3
DA:122,3
DA:123,3
DA:124,4
DA:125,4
DA:127,1
DA:128,3
DA:129,3
DA:130,3
DA:131,3
DA:132,3
DA:133,3
DA:135,1
DA:136,1
DA:137,1
DA:138,1
DA:139,1
DA:140,1
DA:142,1
DA:143,2
DA:144,2
DA:148,2
DA:149,2
DA:150,2
DA:151,2
DA:153,1
DA:154,2
DA:155,2
DA:158,2
DA:159,2
DA:160,2
DA:161,2
DA:162,1
LF:92
LH:92
BRDA:39,0,0,2
BRDA:52,1,0,1
BRDA:52,2,0,1
BRDA:57,3,0,2
BRDA:62,4,0,1
BRDA:65,5,0,1
BRDA:72,6,0,2
BRDA:82,7,0,1
BRDA:95,8,0,4
BRDA:107,9,0,56
BRDA:108,10,0,3
BRDA:111,11,0,1
BRDA:111,12,0,2
BRDA:115,13,0,1
BRDA:115,14,0,3
BRDA:124,15,0,1
BRDA:127,16,0,3
BRDA:132,17,0,1
BRDA:135,18,0,1
BRDA:142,19,0,2
BRDA:150,20,0,1
BRDA:153,21,0,2
BRDA:160,22,0,1
BRF:23
BRH:23
end_of_record
TN:
SF:database/repositories/billing-config-repository.ts
FN:10,get
FN:18,getInt
FN:25,getBigint
FN:35,set
FN:44,getAll
FN:50,delete
FNF:6
FNH:6
FNDA:8,get
FNDA:3,getInt
FNDA:3,getBigint
FNDA:1,set
FNDA:1,getAll
FNDA:1,delete
DA:1,1
DA:9,1
DA:10,1
DA:11,8
DA:12,8
DA:13,8
DA:14,8
DA:15,8
DA:16,8
DA:18,1
DA:19,3
DA:20,3
DA:21,2
DA:22,3
DA:23,3
DA:25,1
DA:26,3
DA:27,3
DA:28,2
DA:29,2
DA:30,3
DA:31,1
DA:32,1
DA:33,3
DA:35,1
DA:36,1
DA:37,1
DA:40,1
DA:41,1
DA:42,1
DA:44,1
DA:45,1
DA:46,1
DA:47,1
DA:48,1
DA:50,1
DA:51,1
DA:52,1
DA:53,1
LF:39
LH:39
BRDA:10,0,0,8
BRDA:15,1,0,5
BRDA:15,2,0,3
BRDA:18,3,0,3
BRDA:20,4,0,1
BRDA:20,5,0,2
BRDA:22,6,0,1
BRDA:22,7,0,1
BRDA:25,8,0,3
BRDA:27,9,0,1
BRDA:27,10,0,2
BRDA:30,11,0,1
BRDA:35,12,0,1
BRDA:44,13,0,1
BRDA:50,14,0,1
BRF:15
BRH:15
end_of_record
TN:
SF:database/repositories/billing-history-repository.ts
FN:26,record
FN:46,findByWorkspaceId
FN:73,hydrate
FNF:3
FNH:3
FNDA:2,record
FNDA:3,findByWorkspaceId
FNDA:2,hydrate
DA:1,1
DA:25,1
DA:26,1
DA:27,2
DA:28,2
DA:33,2
DA:34,2
DA:35,2
DA:36,2
DA:37,2
DA:38,2
DA:39,2
DA:40,2
DA:41,2
DA:42,2
DA:43,2
DA:44,2
DA:46,1
DA:47,3
DA:48,3
DA:49,3
DA:50,3
DA:51,3
DA:52,3
DA:53,3
DA:54,3
DA:56,3
DA:57,3
DA:59,3
DA:60,3
DA:64,3
DA:65,3
DA:67,3
DA:68,3
DA:69,3
DA:70,3
DA:71,3
DA:73,1
DA:74,2
DA:75,2
DA:76,2
DA:77,2
DA:78,2
DA:79,2
DA:80,1
LF:45
LH:45
BRDA:26,0,0,2
BRDA:38,1,0,1
BRDA:38,2,0,1
BRDA:40,3,0,1
BRDA:40,4,0,1
BRDA:46,5,0,3
BRDA:54,6,0,0
BRDA:56,7,0,1
BRDA:56,8,0,2
BRDA:57,9,0,1
BRDA:57,10,0,2
BRDA:68,11,0,2
BRDA:73,12,0,2
BRDA:76,13,0,1
BRDA:76,14,0,1
BRDA:77,15,0,1
BRDA:77,16,0,1
BRF:17
BRH:16
end_of_record
TN:
SF:database/repositories/credit-repository.ts
FN:48,getBalance
FN:56,initBalance
FN:72,hasEnoughCredits
FN:78,addCredits
FN:129,deductCredits
FN:168,getTransactions
FN:204,getTotalUsageForPeriod
FNF:7
FNH:7
FNDA:6,getBalance
FNDA:2,initBalance
FNDA:3,hasEnoughCredits
FNDA:2,addCredits
FNDA:2,deductCredits
FNDA:3,getTransactions
FNDA:2,getTotalUsageForPeriod
DA:1,1
DA:47,1
DA:48,1
DA:49,6
DA:50,6
DA:51,6
DA:52,6
DA:53,6
DA:54,6
DA:56,1
DA:57,2
DA:58,2
DA:62,2
DA:63,2
DA:65,2
DA:66,1
DA:67,1
DA:68,1
DA:69,1
DA:70,2
DA:72,1
DA:73,3
DA:74,3
DA:75,2
DA:76,3
DA:78,1
DA:79,2
DA:81,2
DA:82,2
DA:98,2
DA:99,2
DA:101,2
DA:102,1
DA:103,1
DA:105,1
DA:108,1
DA:109,1
DA:113,1
DA:114,1
DA:115,1
DA:116,1
DA:117,1
DA:118,1
DA:119,1
DA:120,2
DA:121,2
DA:122,2
DA:123,2
DA:125,1
DA:126,2
DA:127,2
DA:129,1
DA:130,2
DA:132,2
DA:133,2
DA:138,2
DA:139,2
DA:141,2
DA:142,1
DA:143,1
DA:145,1
DA:148,1
DA:149,1
DA:153,1
DA:154,1
DA:155,1
DA:156,1
DA:157,1
DA:158,1
DA:159,1
DA:160,2
DA:161,2
DA:162,2
DA:164,1
DA:165,2
DA:166,2
DA:168,1
DA:169,3
DA:170,3
DA:171,3
DA:172,3
DA:173,3
DA:174,3
DA:176,3
DA:177,1
DA:178,1
DA:179,1
DA:181,3
DA:183,3
DA:184,3
DA:185,3
DA:186,3
DA:187,3
DA:189,3
DA:190,3
DA:191,3
DA:193,3
DA:194,3
DA:195,3
DA:197,3
DA:198,3
DA:199,3
DA:201,3
DA:202,3
DA:204,1
DA:205,2
DA:206,2
DA:207,2
DA:208,2
DA:209,2
DA:210,2
DA:216,2
DA:217,2
DA:218,2
DA:219,2
DA:220,1
LF:116
LH:116
BRDA:48,0,0,6
BRDA:53,1,0,2
BRDA:56,2,0,2
BRDA:65,3,0,1
BRDA:72,4,0,3
BRDA:74,5,0,1
BRDA:74,6,0,2
BRDA:78,7,0,2
BRDA:79,8,0,2
BRDA:101,9,0,1
BRDA:120,10,0,1
BRDA:121,11,0,1
BRDA:123,12,0,1
BRDA:129,13,0,2
BRDA:130,14,0,2
BRDA:141,15,0,1
BRDA:160,16,0,1
BRDA:162,17,0,1
BRDA:168,18,0,3
BRDA:176,19,0,2
BRDA:176,20,0,1
BRDA:187,21,0,0
BRDA:189,22,0,2
BRDA:189,23,0,2
BRDA:190,24,0,2
BRDA:190,25,0,2
BRDA:204,26,0,2
BRDA:218,27,0,1
BRF:28
BRH:27
end_of_record
TN:
SF:database/repositories/execution-repository.ts
FN:37,create
FN:103,findById
FN:115,findStepResults
FN:125,findByTestCaseId
FN:135,count
FN:172,list
FN:214,findByIdWithSteps
FN:230,updateStatus
FNF:8
FNH:8
FNDA:2,create
FNDA:5,findById
FNDA:2,findStepResults
FNDA:2,findByTestCaseId
FNDA:4,count
FNDA:2,list
FNDA:2,findByIdWithSteps
FNDA:3,updateStatus
DA:1,1
DA:31,1
DA:37,1
DA:38,2
DA:40,2
DA:41,2
DA:42,1
DA:43,1
DA:45,1
DA:46,1
DA:49,2
DA:50,2
DA:51,1
DA:52,1
DA:53,1
DA:54,0
DA:55,0
DA:56,1
DA:59,2
DA:60,2
DA:63,2
DA:64,2
DA:65,2
DA:66,2
DA:67,2
DA:68,2
DA:69,2
DA:70,2
DA:71,2
DA:72,2
DA:73,2
DA:74,2
DA:77,2
DA:78,1
DA:79,1
DA:80,1
DA:82,1
DA:83,1
DA:84,1
DA:85,1
DA:86,1
DA:87,1
DA:88,1
DA:89,1
DA:90,1
DA:91,1
DA:92,1
DA:93,1
DA:94,1
DA:96,2
DA:97,2
DA:98,2
DA:103,1
DA:104,5
DA:105,1
DA:106,4
DA:107,5
DA:108,5
DA:109,5
DA:110,5
DA:115,1
DA:116,2
DA:117,2
DA:118,2
DA:119,2
DA:120,2
DA:125,1
DA:126,2
DA:127,2
DA:128,2
DA:129,2
DA:130,2
DA:135,1
DA:139,4
DA:140,4
DA:141,4
DA:142,4
DA:143,4
DA:145,4
DA:146,1
DA:147,1
DA:148,1
DA:149,4
DA:150,1
DA:151,1
DA:152,1
DA:153,4
DA:154,1
DA:155,1
DA:156,1
DA:157,1
DA:158,1
DA:160,4
DA:161,3
DA:162,3
DA:164,4
DA:165,4
DA:166,4
DA:172,1
DA:173,2
DA:174,2
DA:175,2
DA:180,2
DA:181,2
DA:182,2
DA:183,2
DA:184,2
DA:186,2
DA:187,1
DA:188,1
DA:189,1
DA:190,2
DA:191,1
DA:192,1
DA:193,1
DA:194,2
DA:195,1
DA:196,1
DA:197,1
DA:198,1
DA:199,1
DA:201,2
DA:202,1
DA:203,1
DA:205,2
DA:206,2
DA:208,2
DA:209,2
DA:214,1
DA:217,2
DA:218,2
DA:219,2
DA:220,1
DA:221,1
DA:223,1
DA:224,1
DA:225,2
DA:230,1
DA:231,3
DA:232,3
DA:233,3
DA:234,3
DA:235,3
DA:236,3
DA:237,3
DA:238,3
DA:240,3
DA:241,1
DA:242,1
DA:243,1
DA:244,3
DA:245,1
DA:246,1
DA:247,1
DA:249,3
DA:250,3
DA:251,3
DA:252,3
DA:253,3
DA:255,3
DA:256,3
DA:257,1
LF:162
LH:160
BRDA:37,0,0,2
BRDA:38,1,0,2
BRDA:41,2,0,1
BRDA:45,3,0,0
BRDA:50,4,0,1
BRDA:53,5,0,0
BRDA:77,6,0,1
BRDA:90,7,0,0
BRDA:103,8,0,5
BRDA:104,9,0,1
BRDA:105,10,0,4
BRDA:107,11,0,1
BRDA:107,12,0,4
BRDA:109,13,0,2
BRDA:115,14,0,2
BRDA:125,15,0,2
BRDA:135,16,0,4
BRDA:145,17,0,3
BRDA:145,18,0,1
BRDA:149,19,0,3
BRDA:149,20,0,1
BRDA:153,21,0,3
BRDA:153,22,0,1
BRDA:160,23,0,3
BRDA:165,24,0,0
BRDA:172,25,0,2
BRDA:186,26,0,1
BRDA:186,27,0,1
BRDA:190,28,0,1
BRDA:190,29,0,1
BRDA:194,30,0,1
BRDA:194,31,0,1
BRDA:201,32,0,1
BRDA:214,33,0,2
BRDA:219,34,0,1
BRDA:230,35,0,3
BRDA:240,36,0,1
BRDA:244,37,0,1
BRDA:255,38,0,1
BRF:39
BRH:35
end_of_record
TN:
SF:database/repositories/feature-flag-repository.ts
FN:22,listFlags
FN:29,getByKey
FN:38,getOrgOverride
FN:48,listOrgOverrides
FN:58,upsertOverride
FN:72,deleteOverride
FN:82,listAllOrgOverridesWithFlags
FNF:7
FNH:7
FNDA:1,listFlags
FNDA:2,getByKey
FNDA:2,getOrgOverride
FNDA:1,listOrgOverrides
FNDA:1,upsertOverride
FNDA:2,deleteOverride
FNDA:1,listAllOrgOverridesWithFlags
DA:1,1
DA:21,1
DA:22,1
DA:23,1
DA:24,1
DA:26,1
DA:27,1
DA:29,1
DA:30,2
DA:31,2
DA:33,2
DA:34,2
DA:35,2
DA:36,2
DA:38,1
DA:39,2
DA:40,2
DA:43,2
DA:44,2
DA:45,2
DA:46,2
DA:48,1
DA:49,1
DA:50,1
DA:54,1
DA:55,1
DA:56,1
DA:58,1
DA:59,1
DA:60,1
DA:67,1
DA:68,1
DA:69,1
DA:70,1
DA:72,1
DA:73,2
DA:74,2
DA:77,2
DA:78,2
DA:79,2
DA:80,2
DA:82,1
DA:83,1
DA:84,1
DA:91,1
DA:92,1
DA:93,1
DA:94,1
LF:48
LH:48
BRDA:22,0,0,1
BRDA:29,1,0,2
BRDA:35,2,0,1
BRDA:38,3,0,2
BRDA:45,4,0,1
BRDA:48,5,0,1
BRDA:58,6,0,1
BRDA:72,7,0,2
BRDA:82,8,0,1
BRF:9
BRH:9
end_of_record
TN:
SF:database/repositories/folder-repository.ts
FN:27,create
FN:45,findById
FN:57,listByProject
FN:67,listByProjectWithStats
FN:86,update
FN:116,delete
FN:128,assignUserStoryToFolder
FN:140,getUserStoriesInFolder
FNF:8
FNH:8
FNDA:2,create
FNDA:3,findById
FNDA:1,listByProject
FNDA:1,listByProjectWithStats
FNDA:4,update
FNDA:1,delete
FNDA:2,assignUserStoryToFolder
FNDA:2,getUserStoriesInFolder
DA:1,1
DA:23,1
DA:27,1
DA:28,2
DA:29,2
DA:32,2
DA:33,2
DA:34,2
DA:35,2
DA:36,2
DA:37,2
DA:39,2
DA:40,2
DA:45,1
DA:46,3
DA:47,3
DA:48,3
DA:49,3
DA:51,3
DA:52,3
DA:57,1
DA:58,1
DA:59,1
DA:60,1
DA:61,1
DA:62,1
DA:67,1
DA:68,1
DA:69,1
DA:74,1
DA:75,1
DA:77,1
DA:78,2
DA:79,2
DA:80,1
DA:81,1
DA:86,1
DA:87,4
DA:88,4
DA:89,4
DA:91,4
DA:92,2
DA:93,2
DA:94,2
DA:95,4
DA:96,1
DA:97,1
DA:98,1
DA:100,4
DA:101,1
DA:102,1
DA:104,3
DA:105,3
DA:106,3
DA:107,3
DA:108,3
DA:110,4
DA:111,4
DA:116,1
DA:117,1
DA:118,1
DA:119,1
DA:120,1
DA:122,1
DA:123,1
DA:128,1
DA:129,2
DA:130,2
DA:131,2
DA:132,2
DA:134,2
DA:135,2
DA:140,1
DA:141,2
DA:142,2
DA:143,2
DA:144,2
DA:146,2
DA:147,2
DA:148,1
LF:80
LH:80
BRDA:27,0,0,2
BRDA:35,1,0,1
BRDA:45,2,0,3
BRDA:51,3,0,1
BRDA:57,4,0,1
BRDA:67,5,0,1
BRDA:77,6,0,2
BRDA:79,7,0,0
BRDA:86,8,0,4
BRDA:91,9,0,2
BRDA:95,10,0,1
BRDA:100,11,0,1
BRDA:102,12,0,3
BRDA:110,13,0,1
BRDA:116,14,0,1
BRDA:128,15,0,2
BRDA:140,16,0,2
BRDA:146,17,0,2
BRF:18
BRH:17
end_of_record
TN:
SF:database/repositories/integration-repository.ts
FN:42,create
FN:55,findById
FN:66,findByWorkspace
FN:76,update
FN:109,delete
FN:122,createBugTask
FN:135,findBugTasks
FN:149,findBugTasksBySession
FNF:8
FNH:8
FNDA:1,create
FNDA:3,findById
FNDA:1,findByWorkspace
FNDA:4,update
FNDA:2,delete
FNDA:2,createBugTask
FNDA:1,findBugTasks
FNDA:1,findBugTasksBySession
DA:1,1
DA:38,1
DA:42,1
DA:43,1
DA:44,1
DA:47,1
DA:48,1
DA:49,1
DA:50,1
DA:55,1
DA:56,3
DA:57,3
DA:58,3
DA:59,3
DA:60,3
DA:61,3
DA:66,1
DA:67,1
DA:68,1
DA:69,1
DA:70,1
DA:71,1
DA:76,1
DA:77,4
DA:78,4
DA:79,4
DA:81,4
DA:82,2
DA:83,2
DA:84,2
DA:85,4
DA:86,1
DA:87,1
DA:88,1
DA:89,4
DA:90,0
DA:91,0
DA:92,0
DA:94,4
DA:96,3
DA:97,3
DA:99,3
DA:100,3
DA:101,3
DA:102,3
DA:103,4
DA:104,4
DA:109,1
DA:110,2
DA:111,2
DA:112,2
DA:113,2
DA:114,2
DA:115,2
DA:122,1
DA:123,2
DA:124,2
DA:127,2
DA:128,2
DA:129,2
DA:130,2
DA:135,1
DA:136,1
DA:137,1
DA:142,1
DA:143,1
DA:144,1
DA:149,1
DA:150,1
DA:151,1
DA:157,1
DA:158,1
DA:159,1
DA:160,1
LF:74
LH:71
BRDA:42,0,0,1
BRDA:55,1,0,3
BRDA:60,2,0,1
BRDA:66,3,0,1
BRDA:76,4,0,4
BRDA:81,5,0,2
BRDA:85,6,0,1
BRDA:89,7,0,0
BRDA:94,8,0,1
BRDA:94,9,0,3
BRDA:103,10,0,1
BRDA:109,11,0,2
BRDA:122,12,0,2
BRDA:127,13,0,1
BRDA:135,14,0,1
BRDA:149,15,0,1
BRF:16
BRH:15
end_of_record
TN:
SF:database/repositories/invoice-repository.ts
FN:34,create
FN:57,findByWorkspaceId
FN:64,findByStripeInvoiceId
FN:72,updateStatus
FN:80,updateByStripeInvoiceId
FNF:5
FNH:5
FNDA:2,create
FNDA:2,findByWorkspaceId
FNDA:3,findByStripeInvoiceId
FNDA:3,updateStatus
FNDA:4,updateByStripeInvoiceId
DA:1,1
DA:33,1
DA:34,1
DA:35,2
DA:36,2
DA:40,2
DA:41,2
DA:42,2
DA:43,2
DA:44,2
DA:45,2
DA:46,2
DA:47,2
DA:48,2
DA:49,2
DA:50,2
DA:51,2
DA:52,2
DA:53,2
DA:54,2
DA:55,2
DA:57,1
DA:58,2
DA:59,2
DA:60,2
DA:61,2
DA:62,2
DA:64,1
DA:65,3
DA:66,3
DA:67,3
DA:68,3
DA:69,3
DA:70,3
DA:72,1
DA:73,3
DA:74,3
DA:75,3
DA:76,3
DA:77,3
DA:78,3
DA:80,1
DA:81,4
DA:82,4
DA:83,4
DA:84,4
DA:85,4
DA:86,4
DA:88,4
DA:89,4
DA:90,4
DA:91,4
DA:92,4
DA:94,4
DA:96,3
DA:97,3
DA:98,3
DA:99,3
DA:100,3
DA:101,4
DA:102,4
DA:103,1
LF:62
LH:62
BRDA:34,0,0,2
BRDA:42,1,0,1
BRDA:43,2,0,1
BRDA:45,3,0,1
BRDA:46,4,0,1
BRDA:47,5,0,1
BRDA:48,6,0,1
BRDA:49,7,0,1
BRDA:50,8,0,1
BRDA:51,9,0,1
BRDA:57,10,0,2
BRDA:64,11,0,3
BRDA:69,12,0,1
BRDA:72,13,0,3
BRDA:75,14,0,2
BRDA:77,15,0,1
BRDA:80,16,0,4
BRDA:88,17,0,3
BRDA:89,18,0,1
BRDA:90,19,0,1
BRDA:91,20,0,1
BRDA:92,21,0,1
BRDA:94,22,0,1
BRDA:94,23,0,3
BRDA:101,24,0,1
BRF:25
BRH:25
end_of_record
TN:
SF:database/repositories/payg-credits-ledger-repository.ts
FN:23,create
FN:40,updateStatus
FN:55,findByWorkspaceId
FN:93,sumByWorkspaceId
FNF:4
FNH:4
FNDA:1,create
FNDA:2,updateStatus
FNDA:3,findByWorkspaceId
FNDA:3,sumByWorkspaceId
DA:1,1
DA:22,1
DA:23,1
DA:24,1
DA:25,1
DA:29,1
DA:30,1
DA:31,1
DA:32,1
DA:33,1
DA:34,1
DA:35,1
DA:36,1
DA:37,1
DA:38,1
DA:40,1
DA:41,2
DA:42,2
DA:43,2
DA:44,2
DA:45,2
DA:46,1
DA:47,1
DA:48,1
DA:49,1
DA:50,1
DA:51,1
DA:52,1
DA:53,2
DA:55,1
DA:56,3
DA:57,3
DA:58,3
DA:59,3
DA:60,3
DA:61,3
DA:63,3
DA:64,1
DA:65,1
DA:66,1
DA:68,3
DA:70,3
DA:71,3
DA:72,3
DA:73,3
DA:74,3
DA:76,3
DA:77,3
DA:78,3
DA:80,3
DA:81,3
DA:83,3
DA:84,3
DA:85,3
DA:87,3
DA:88,3
DA:89,3
DA:90,3
DA:91,3
DA:93,1
DA:94,3
DA:95,3
DA:96,3
DA:98,3
DA:99,1
DA:100,1
DA:101,1
DA:103,3
DA:104,3
DA:106,3
DA:107,3
DA:108,3
DA:110,3
DA:111,3
DA:112,1
LF:75
LH:75
BRDA:23,0,0,1
BRDA:40,1,0,2
BRDA:45,2,0,1
BRDA:55,3,0,3
BRDA:63,4,0,2
BRDA:63,5,0,1
BRDA:74,6,0,0
BRDA:76,7,0,2
BRDA:76,8,0,2
BRDA:77,9,0,2
BRDA:77,10,0,2
BRDA:88,11,0,1
BRDA:93,12,0,3
BRDA:98,13,0,1
BRDA:110,14,0,1
BRF:15
BRH:14
end_of_record
TN:
SF:database/repositories/payment-transaction-repository.ts
FN:34,create
FN:59,findById
FN:68,findByIdempotencyKey
FN:77,findByWorkspaceId
FN:112,updateStatus
FN:123,hydrate
FNF:6
FNH:6
FNDA:2,create
FNDA:3,findById
FNDA:2,findByIdempotencyKey
FNDA:2,findByWorkspaceId
FNDA:2,updateStatus
FNDA:4,hydrate
DA:1,1
DA:33,1
DA:34,1
DA:35,2
DA:36,2
DA:42,2
DA:43,2
DA:44,2
DA:45,2
DA:46,2
DA:47,2
DA:48,2
DA:49,2
DA:50,2
DA:51,2
DA:52,2
DA:53,2
DA:54,2
DA:55,2
DA:56,2
DA:57,2
DA:59,1
DA:60,3
DA:61,3
DA:62,3
DA:63,3
DA:64,3
DA:65,2
DA:66,3
DA:68,1
DA:69,2
DA:70,2
DA:71,2
DA:72,2
DA:73,2
DA:74,1
DA:75,2
DA:77,1
DA:78,2
DA:79,2
DA:80,2
DA:81,2
DA:82,2
DA:83,2
DA:85,2
DA:86,1
DA:87,1
DA:88,1
DA:90,2
DA:92,2
DA:93,2
DA:94,2
DA:95,2
DA:96,2
DA:98,2
DA:99,2
DA:100,2
DA:102,2
DA:103,2
DA:105,2
DA:106,2
DA:107,2
DA:109,2
DA:110,2
DA:112,1
DA:113,2
DA:114,1
DA:115,1
DA:116,1
DA:117,1
DA:118,1
DA:119,1
DA:120,1
DA:121,2
DA:123,1
DA:124,4
DA:125,4
DA:126,4
DA:127,4
DA:128,4
DA:129,4
DA:130,1
LF:82
LH:82
BRDA:34,0,0,2
BRDA:49,1,0,1
BRDA:50,2,0,1
BRDA:51,3,0,1
BRDA:52,4,0,1
BRDA:53,5,0,1
BRDA:53,6,0,1
BRDA:59,7,0,3
BRDA:64,8,0,1
BRDA:64,9,0,2
BRDA:68,10,0,2
BRDA:73,11,0,1
BRDA:77,12,0,2
BRDA:85,13,0,1
BRDA:85,14,0,1
BRDA:96,15,0,0
BRDA:98,16,0,1
BRDA:99,17,0,1
BRDA:109,18,0,1
BRDA:112,19,0,2
BRDA:113,20,0,1
BRDA:123,21,0,4
BRDA:127,22,0,1
BRDA:127,23,0,3
BRF:24
BRH:23
end_of_record
TN:
SF:database/repositories/plan-repository.ts
FN:59,findAll
FN:65,findPublicPlans
FN:71,findById
FN:79,findBySlug
FN:87,create
FN:108,update
FN:145,archive
FN:153,restore
FN:163,getFeatures
FN:170,setFeature
FN:181,setFeatures
FN:190,removeFeature
FN:198,findAllWithFeatures
FN:210,countSubscribers
FNF:14
FNH:14
FNDA:2,findAll
FNDA:1,findPublicPlans
FNDA:3,findById
FNDA:2,findBySlug
FNDA:1,create
FNDA:3,update
FNDA:2,archive
FNDA:1,restore
FNDA:1,getFeatures
FNDA:3,setFeature
FNDA:1,setFeatures
FNDA:1,removeFeature
FNDA:1,findAllWithFeatures
FNDA:1,countSubscribers
DA:1,1
DA:58,1
DA:59,1
DA:60,2
DA:61,2
DA:62,2
DA:63,2
DA:65,1
DA:66,1
DA:67,1
DA:68,1
DA:69,1
DA:71,1
DA:72,3
DA:73,3
DA:74,3
DA:75,3
DA:76,3
DA:77,3
DA:79,1
DA:80,2
DA:81,2
DA:82,2
DA:83,2
DA:84,2
DA:85,2
DA:87,1
DA:88,1
DA:89,1
DA:92,1
DA:93,1
DA:94,1
DA:95,1
DA:96,1
DA:97,1
DA:98,1
DA:99,1
DA:100,1
DA:101,1
DA:102,1
DA:103,1
DA:104,1
DA:105,1
DA:106,1
DA:108,1
DA:109,3
DA:110,3
DA:111,3
DA:113,3
DA:114,3
DA:115,3
DA:116,3
DA:117,3
DA:118,3
DA:119,3
DA:120,3
DA:121,3
DA:122,3
DA:123,3
DA:124,3
DA:125,3
DA:126,3
DA:128,3
DA:129,36
DA:130,2
DA:131,2
DA:132,2
DA:133,36
DA:135,3
DA:137,2
DA:138,2
DA:139,2
DA:140,2
DA:141,2
DA:142,3
DA:143,3
DA:145,1
DA:146,2
DA:147,2
DA:148,2
DA:149,2
DA:150,2
DA:151,2
DA:153,1
DA:154,1
DA:155,1
DA:156,1
DA:157,1
DA:158,1
DA:159,1
DA:163,1
DA:164,1
DA:165,1
DA:166,1
DA:167,1
DA:168,1
DA:170,1
DA:171,3
DA:172,3
DA:176,3
DA:177,3
DA:178,3
DA:179,3
DA:181,1
DA:182,1
DA:183,1
DA:184,2
DA:185,2
DA:186,2
DA:187,1
DA:188,1
DA:190,1
DA:191,1
DA:192,1
DA:193,1
DA:194,1
DA:195,1
DA:196,1
DA:198,1
DA:199,1
DA:200,1
DA:201,1
DA:202,1
DA:204,1
DA:205,2
DA:206,2
DA:207,1
DA:208,1
DA:210,1
DA:211,1
DA:212,1
DA:214,1
DA:215,1
DA:216,1
DA:217,1
DA:218,1
LF:136
LH:136
BRDA:59,0,0,2
BRDA:65,1,0,1
BRDA:71,2,0,3
BRDA:76,3,0,1
BRDA:79,4,0,2
BRDA:84,5,0,1
BRDA:87,6,0,1
BRDA:101,7,0,0
BRDA:108,8,0,3
BRDA:128,9,0,36
BRDA:129,10,0,2
BRDA:135,11,0,1
BRDA:135,12,0,2
BRDA:142,13,0,1
BRDA:145,14,0,2
BRDA:150,15,0,1
BRDA:153,16,0,1
BRDA:158,17,0,0
BRDA:163,18,0,1
BRDA:170,19,0,3
BRDA:181,20,0,1
BRDA:183,21,0,2
BRDA:190,22,0,1
BRDA:198,23,0,1
BRDA:204,24,0,2
BRDA:206,25,0,4
BRDA:210,26,0,1
BRDA:216,27,0,0
BRF:28
BRH:25
end_of_record
TN:
SF:database/repositories/project-repository.ts
FN:31,create
FN:50,findById
FN:62,findByIdForWorkspace
FN:75,findByDomain
FN:101,list
FN:117,count
FN:134,update
FN:176,delete
FN:188,findByIdWithStats
FN:215,listWithStats
FNF:10
FNH:10
FNDA:2,create
FNDA:3,findById
FNDA:2,findByIdForWorkspace
FNDA:4,findByDomain
FNDA:2,list
FNDA:2,count
FNDA:4,update
FNDA:1,delete
FNDA:3,findByIdWithStats
FNDA:2,listWithStats
DA:1,1
DA:27,1
DA:31,1
DA:32,2
DA:33,2
DA:36,2
DA:37,2
DA:38,2
DA:39,2
DA:40,2
DA:41,2
DA:42,2
DA:44,2
DA:45,2
DA:50,1
DA:51,3
DA:52,3
DA:53,3
DA:54,3
DA:56,3
DA:57,3
DA:62,1
DA:63,2
DA:64,2
DA:65,2
DA:66,2
DA:68,2
DA:69,2
DA:75,1
DA:76,4
DA:77,4
DA:83,4
DA:84,4
DA:86,4
DA:87,3
DA:88,3
DA:89,1
DA:90,1
DA:91,3
DA:93,1
DA:94,3
DA:95,3
DA:96,4
DA:101,1
DA:102,2
DA:103,1
DA:104,1
DA:105,1
DA:106,1
DA:107,1
DA:108,1
DA:109,1
DA:110,1
DA:111,1
DA:112,2
DA:117,1
DA:118,2
DA:119,1
DA:120,1
DA:121,1
DA:122,1
DA:123,1
DA:124,1
DA:125,1
DA:126,1
DA:127,1
DA:128,2
DA:129,2
DA:134,1
DA:135,4
DA:136,4
DA:137,4
DA:139,4
DA:140,2
DA:141,2
DA:142,2
DA:143,4
DA:144,0
DA:145,0
DA:146,0
DA:147,4
DA:148,0
DA:149,0
DA:150,0
DA:151,4
DA:152,1
DA:153,1
DA:154,1
DA:155,4
DA:156,0
DA:157,0
DA:158,0
DA:160,4
DA:161,1
DA:162,1
DA:164,3
DA:165,3
DA:166,3
DA:167,3
DA:168,3
DA:170,4
DA:171,4
DA:176,1
DA:177,1
DA:178,1
DA:179,1
DA:180,1
DA:182,1
DA:183,1
DA:188,1
DA:189,3
DA:190,1
DA:194,2
DA:199,3
DA:200,3
DA:201,3
DA:202,3
DA:204,3
DA:206,2
DA:207,2
DA:208,3
DA:209,3
DA:210,3
DA:215,1
DA:216,2
DA:217,1
DA:218,1
DA:224,1
DA:225,1
DA:226,1
DA:227,1
DA:232,1
DA:233,1
DA:235,1
DA:236,2
DA:237,2
DA:238,1
DA:239,2
DA:240,1
LF:139
LH:130
BRDA:31,0,0,2
BRDA:38,1,0,1
BRDA:39,2,0,1
BRDA:40,3,0,1
BRDA:50,4,0,3
BRDA:56,5,0,1
BRDA:62,6,0,2
BRDA:68,7,0,1
BRDA:75,8,0,4
BRDA:86,9,0,3
BRDA:88,10,0,1
BRDA:91,11,0,1
BRDA:101,12,0,2
BRDA:102,13,0,1
BRDA:117,14,0,2
BRDA:118,15,0,1
BRDA:123,16,0,0
BRDA:128,17,0,0
BRDA:134,18,0,4
BRDA:139,19,0,2
BRDA:143,20,0,0
BRDA:147,21,0,0
BRDA:151,22,0,1
BRDA:155,23,0,0
BRDA:160,24,0,1
BRDA:162,25,0,3
BRDA:170,26,0,1
BRDA:176,27,0,1
BRDA:188,28,0,3
BRDA:189,29,0,1
BRDA:190,30,0,2
BRDA:201,31,0,1
BRDA:201,32,0,2
BRDA:204,33,0,1
BRDA:204,34,0,2
BRDA:208,35,0,0
BRDA:215,36,0,2
BRDA:216,37,0,1
BRDA:233,38,0,1
BRDA:235,39,0,2
BRDA:237,40,0,0
BRF:41
BRH:34
end_of_record
TN:
SF:database/repositories/qa-monitor-repository.ts
FN:40,create
FN:65,findById
FN:73,findByWorkspace
FN:80,update
FN:113,delete
FN:124,findDueMonitors
FN:139,getHistory
FNF:7
FNH:7
FNDA:2,create
FNDA:3,findById
FNDA:1,findByWorkspace
FNDA:4,update
FNDA:2,delete
FNDA:1,findDueMonitors
FNDA:2,getHistory
DA:1,1
DA:39,1
DA:40,1
DA:41,2
DA:42,2
DA:49,2
DA:50,2
DA:51,2
DA:52,2
DA:53,2
DA:54,2
DA:55,2
DA:56,2
DA:57,2
DA:58,2
DA:59,2
DA:60,2
DA:61,2
DA:62,2
DA:63,2
DA:65,1
DA:66,3
DA:67,3
DA:68,3
DA:69,3
DA:70,3
DA:71,3
DA:73,1
DA:74,1
DA:75,1
DA:76,1
DA:77,1
DA:78,1
DA:80,1
DA:81,4
DA:82,4
DA:83,4
DA:85,4
DA:86,4
DA:87,4
DA:88,4
DA:89,4
DA:90,4
DA:91,4
DA:93,4
DA:94,64
DA:95,3
DA:96,3
DA:97,3
DA:98,3
DA:99,64
DA:101,4
DA:103,3
DA:104,3
DA:106,3
DA:107,3
DA:108,3
DA:109,3
DA:110,4
DA:111,4
DA:113,1
DA:114,2
DA:115,2
DA:116,2
DA:117,2
DA:118,2
DA:119,2
DA:124,1
DA:125,1
DA:126,1
DA:132,1
DA:133,1
DA:134,1
DA:139,1
DA:140,2
DA:141,2
DA:148,2
DA:149,2
DA:150,2
DA:151,1
LF:80
LH:80
BRDA:40,0,0,2
BRDA:54,1,0,1
BRDA:55,2,0,1
BRDA:56,3,0,1
BRDA:57,4,0,1
BRDA:58,5,0,1
BRDA:58,6,0,1
BRDA:59,7,0,1
BRDA:65,8,0,3
BRDA:70,9,0,1
BRDA:73,10,0,1
BRDA:80,11,0,4
BRDA:93,12,0,64
BRDA:94,13,0,3
BRDA:97,14,0,1
BRDA:97,15,0,1
BRDA:97,16,0,2
BRDA:101,17,0,1
BRDA:101,18,0,3
BRDA:110,19,0,1
BRDA:113,20,0,2
BRDA:124,21,0,1
BRDA:139,22,0,2
BRF:23
BRH:23
end_of_record
TN:
SF:database/repositories/selector-learning-repository.ts
FN:23,generatePageStateHash
FN:37,findByStep
FN:49,findByPageState
FN:66,saveProvenSelector
FN:146,updateLastUsed
FN:156,deleteOldRecords
FN:173,trackSelectorAttempt
FN:255,getHighConfidenceSelectors
FNF:8
FNH:7
FNDA:0,generatePageStateHash
FNDA:5,findByStep
FNDA:1,findByPageState
FNDA:3,saveProvenSelector
FNDA:1,updateLastUsed
FNDA:3,deleteOldRecords
FNDA:3,trackSelectorAttempt
FNDA:3,getHighConfidenceSelectors
DA:1,1
DA:4,1
DA:19,1
DA:23,1
DA:25,0
DA:26,0
DA:27,0
DA:28,0
DA:29,0
DA:31,0
DA:32,0
DA:37,1
DA:38,5
DA:39,5
DA:40,5
DA:41,5
DA:43,5
DA:44,5
DA:49,1
DA:50,1
DA:51,1
DA:52,1
DA:57,1
DA:58,1
DA:60,1
DA:61,1
DA:66,1
DA:67,3
DA:68,3
DA:69,3
DA:70,3
DA:71,3
DA:72,3
DA:73,3
DA:75,3
DA:76,3
DA:77,3
DA:78,3
DA:80,3
DA:81,3
DA:82,3
DA:84,3
DA:86,2
DA:87,2
DA:90,2
DA:91,2
DA:92,2
DA:94,2
DA:96,1
DA:97,1
DA:98,1
DA:99,1
DA:100,0
DA:101,1
DA:103,1
DA:104,1
DA:111,1
DA:112,1
DA:113,1
DA:114,1
DA:116,1
DA:117,1
DA:118,1
DA:125,1
DA:126,1
DA:127,1
DA:128,1
DA:129,3
DA:131,1
DA:132,1
DA:136,1
DA:137,1
DA:138,1
DA:139,1
DA:140,3
DA:141,3
DA:146,1
DA:147,1
DA:148,1
DA:149,1
DA:150,1
DA:151,1
DA:156,1
DA:158,3
DA:159,3
DA:160,1
DA:161,1
DA:162,2
DA:163,2
DA:165,2
DA:166,2
DA:167,2
DA:168,3
DA:173,1
DA:174,3
DA:175,3
DA:176,3
DA:177,3
DA:178,3
DA:179,3
DA:180,3
DA:181,3
DA:182,3
DA:183,3
DA:185,3
DA:186,2
DA:187,2
DA:189,2
DA:190,2
DA:191,1
DA:192,1
DA:193,1
DA:194,1
DA:196,1
DA:197,1
DA:198,1
DA:199,1
DA:200,1
DA:201,1
DA:202,1
DA:203,1
DA:204,1
DA:205,2
DA:208,2
DA:209,2
DA:210,2
DA:212,2
DA:214,1
DA:215,1
DA:216,1
DA:217,1
DA:218,1
DA:219,1
DA:220,1
DA:221,1
DA:223,2
DA:224,2
DA:229,2
DA:230,2
DA:231,3
DA:233,1
DA:234,1
DA:235,1
DA:236,1
DA:237,1
DA:238,1
DA:239,1
DA:241,1
DA:242,1
DA:246,1
DA:247,1
DA:248,1
DA:249,3
DA:250,3
DA:255,1
DA:256,3
DA:257,3
DA:258,3
DA:259,3
DA:260,3
DA:261,3
DA:262,1
DA:263,1
DA:265,2
DA:266,2
DA:267,3
DA:268,3
DA:269,3
DA:271,3
DA:273,0
DA:274,0
DA:276,3
DA:277,3
DA:278,2
DA:279,2
DA:280,0
DA:281,0
DA:282,0
DA:283,2
DA:284,2
DA:285,2
DA:286,2
DA:287,2
DA:288,2
DA:289,2
DA:290,3
DA:291,1
LF:187
LH:174
BRDA:37,0,0,5
BRDA:43,1,0,2
BRDA:49,2,0,1
BRDA:66,3,0,3
BRDA:73,4,0,3
BRDA:80,5,0,0
BRDA:84,6,0,2
BRDA:86,7,0,0
BRDA:94,8,0,1
BRDA:129,9,0,1
BRDA:90,10,0,2
BRDA:96,11,0,1
BRDA:98,12,0,0
BRDA:99,13,0,0
BRDA:146,14,0,1
BRDA:156,15,0,3
BRDA:159,16,0,1
BRDA:161,17,0,2
BRDA:173,18,0,3
BRDA:179,19,0,3
BRDA:185,20,0,2
BRDA:186,21,0,0
BRDA:212,22,0,1
BRDA:216,23,0,0
BRDA:217,24,0,0
BRDA:218,25,0,0
BRDA:231,26,0,1
BRDA:235,27,0,0
BRDA:236,28,0,0
BRDA:237,29,0,0
BRDA:189,30,0,2
BRDA:190,31,0,1
BRDA:191,32,0,0
BRDA:191,33,0,0
BRDA:192,34,0,0
BRDA:194,35,0,0
BRDA:208,36,0,2
BRDA:255,37,0,3
BRDA:261,38,0,2
BRDA:261,39,0,1
BRDA:263,40,0,2
BRDA:266,41,0,3
BRDA:267,42,0,0
BRDA:268,43,0,1
BRDA:271,44,0,0
BRDA:284,45,0,2
BRDA:288,46,0,1
BRDA:288,47,0,0
BRDA:288,48,0,0
BRDA:288,49,0,0
BRF:50
BRH:30
end_of_record
TN:
SF:database/repositories/setup-hook-repository.ts
FN:35,create
FN:56,findById
FN:68,findByLevel
FN:83,findByTestCaseId
FN:98,findByFolderId
FN:113,findAllForTestCase
FN:133,list
FN:143,update
FN:177,delete
FNF:9
FNH:9
FNDA:2,create
FNDA:3,findById
FNDA:5,findByLevel
FNDA:4,findByTestCaseId
FNDA:3,findByFolderId
FNDA:2,findAllForTestCase
FNDA:1,list
FNDA:3,update
FNDA:1,delete
DA:1,1
DA:31,1
DA:35,1
DA:36,2
DA:37,2
DA:40,2
DA:41,2
DA:42,2
DA:43,2
DA:44,2
DA:45,2
DA:46,2
DA:47,2
DA:48,2
DA:50,2
DA:51,2
DA:56,1
DA:57,3
DA:58,3
DA:59,3
DA:60,3
DA:62,3
DA:63,3
DA:68,1
DA:69,5
DA:70,5
DA:71,5
DA:72,5
DA:73,5
DA:74,5
DA:75,2
DA:76,1
DA:77,1
DA:78,5
DA:83,1
DA:84,4
DA:85,4
DA:86,4
DA:87,4
DA:88,4
DA:89,4
DA:90,1
DA:91,0
DA:92,0
DA:93,4
DA:98,1
DA:99,3
DA:100,3
DA:101,3
DA:102,3
DA:103,3
DA:104,3
DA:105,1
DA:106,0
DA:107,0
DA:108,3
DA:113,1
DA:117,2
DA:118,2
DA:120,2
DA:121,2
DA:122,1
DA:123,1
DA:125,2
DA:127,2
DA:128,2
DA:133,1
DA:134,1
DA:135,1
DA:136,1
DA:137,1
DA:138,1
DA:143,1
DA:144,3
DA:145,3
DA:146,3
DA:148,3
DA:149,1
DA:150,1
DA:151,1
DA:152,3
DA:153,1
DA:154,1
DA:155,1
DA:156,3
DA:157,1
DA:158,1
DA:159,1
DA:161,3
DA:162,1
DA:163,1
DA:165,2
DA:166,2
DA:167,2
DA:168,2
DA:169,2
DA:171,3
DA:172,3
DA:177,1
DA:178,1
DA:179,1
DA:180,1
DA:181,1
DA:183,1
DA:184,1
DA:185,1
LF:106
LH:102
BRDA:35,0,0,2
BRDA:44,1,0,1
BRDA:44,2,0,1
BRDA:45,3,0,1
BRDA:46,4,0,1
BRDA:56,5,0,3
BRDA:62,6,0,1
BRDA:68,7,0,5
BRDA:74,8,0,2
BRDA:75,9,0,1
BRDA:83,10,0,4
BRDA:89,11,0,1
BRDA:90,12,0,0
BRDA:98,13,0,3
BRDA:104,14,0,1
BRDA:105,15,0,0
BRDA:113,16,0,2
BRDA:121,17,0,1
BRDA:133,18,0,1
BRDA:143,19,0,3
BRDA:148,20,0,1
BRDA:152,21,0,1
BRDA:156,22,0,1
BRDA:161,23,0,1
BRDA:163,24,0,2
BRDA:171,25,0,0
BRDA:177,26,0,1
BRF:27
BRH:24
end_of_record
TN:
SF:database/repositories/subscription-repository.ts
FN:46,findByWorkspaceId
FN:54,findById
FN:62,findByStripeSubscriptionId
FN:70,create
FN:92,update
FN:127,updateByWorkspaceId
FN:162,findAllPaginated
FN:200,findAllActive
FN:208,findExpiring
FN:217,countByPlan
FNF:10
FNH:10
FNDA:3,findByWorkspaceId
FNDA:3,findById
FNDA:2,findByStripeSubscriptionId
FNDA:1,create
FNDA:3,update
FNDA:2,updateByWorkspaceId
FNDA:3,findAllPaginated
FNDA:1,findAllActive
FNDA:1,findExpiring
FNDA:1,countByPlan
DA:1,1
DA:45,1
DA:46,1
DA:47,3
DA:48,3
DA:49,3
DA:50,3
DA:51,3
DA:52,3
DA:54,1
DA:55,3
DA:56,3
DA:57,3
DA:58,3
DA:59,3
DA:60,3
DA:62,1
DA:63,2
DA:64,2
DA:65,2
DA:66,2
DA:67,2
DA:68,2
DA:70,1
DA:71,1
DA:72,1
DA:77,1
DA:78,1
DA:79,1
DA:80,1
DA:81,1
DA:82,1
DA:83,1
DA:84,1
DA:85,1
DA:86,1
DA:87,1
DA:88,1
DA:89,1
DA:90,1
DA:92,1
DA:93,3
DA:94,3
DA:95,3
DA:97,3
DA:98,3
DA:99,3
DA:100,3
DA:101,3
DA:102,3
DA:103,3
DA:104,3
DA:105,3
DA:106,3
DA:107,3
DA:108,3
DA:110,3
DA:111,30
DA:112,2
DA:113,2
DA:114,2
DA:115,30
DA:117,3
DA:119,2
DA:120,2
DA:121,2
DA:122,2
DA:123,2
DA:124,3
DA:125,3
DA:127,1
DA:128,2
DA:129,2
DA:130,2
DA:132,2
DA:133,2
DA:134,2
DA:135,2
DA:136,2
DA:137,2
DA:138,2
DA:139,2
DA:140,2
DA:141,2
DA:142,2
DA:143,2
DA:145,2
DA:146,20
DA:147,1
DA:148,1
DA:149,1
DA:150,20
DA:152,2
DA:154,1
DA:155,1
DA:156,1
DA:157,1
DA:158,1
DA:159,2
DA:160,2
DA:162,1
DA:163,3
DA:164,3
DA:165,3
DA:166,3
DA:167,3
DA:168,3
DA:169,3
DA:171,3
DA:172,1
DA:173,1
DA:174,1
DA:175,3
DA:176,1
DA:177,1
DA:178,1
DA:180,3
DA:182,3
DA:183,3
DA:184,3
DA:185,3
DA:186,3
DA:188,3
DA:189,3
DA:190,3
DA:191,3
DA:193,3
DA:194,3
DA:195,3
DA:197,3
DA:198,3
DA:200,1
DA:201,1
DA:202,1
DA:205,1
DA:206,1
DA:208,1
DA:209,1
DA:210,1
DA:213,1
DA:214,1
DA:215,1
DA:217,1
DA:218,1
DA:219,1
DA:222,1
DA:223,1
DA:224,1
DA:225,1
LF:149
LH:149
BRDA:46,0,0,3
BRDA:51,1,0,1
BRDA:54,2,0,3
BRDA:59,3,0,1
BRDA:62,4,0,2
BRDA:67,5,0,1
BRDA:70,6,0,1
BRDA:92,7,0,3
BRDA:110,8,0,30
BRDA:111,9,0,2
BRDA:117,10,0,1
BRDA:117,11,0,2
BRDA:124,12,0,1
BRDA:127,13,0,2
BRDA:145,14,0,20
BRDA:146,15,0,1
BRDA:152,16,0,1
BRDA:159,17,0,0
BRDA:162,18,0,3
BRDA:171,19,0,2
BRDA:171,20,0,1
BRDA:175,21,0,2
BRDA:175,22,0,1
BRDA:180,23,0,2
BRDA:180,24,0,1
BRDA:186,25,0,0
BRDA:200,26,0,1
BRDA:208,27,0,1
BRDA:217,28,0,1
BRDA:223,29,0,2
BRF:30
BRH:28
end_of_record
TN:
SF:database/repositories/system-settings-repository.ts
FN:12,get
FN:17,getAll
FN:21,set
FN:32,delete
FNF:4
FNH:4
FNDA:2,get
FNDA:1,getAll
FNDA:2,set
FNDA:2,delete
DA:1,1
DA:11,1
DA:12,1
DA:13,2
DA:14,2
DA:15,2
DA:17,1
DA:18,1
DA:19,1
DA:21,1
DA:22,2
DA:23,2
DA:27,2
DA:28,2
DA:29,2
DA:30,2
DA:32,1
DA:33,2
DA:34,2
DA:35,2
DA:36,1
LF:21
LH:21
BRDA:12,0,0,2
BRDA:14,1,0,1
BRDA:14,2,0,1
BRDA:17,3,0,1
BRDA:21,4,0,2
BRDA:27,5,0,1
BRDA:32,6,0,2
BRF:7
BRH:7
end_of_record
TN:
SF:database/repositories/test-case-repository.ts
FN:25,create
FN:57,findById
FN:69,findByWebsiteUrl
FN:80,list
FN:91,update
FN:129,delete
FNF:6
FNH:6
FNDA:3,create
FNDA:4,findById
FNDA:2,findByWebsiteUrl
FNDA:2,list
FNDA:4,update
FNDA:1,delete
DA:1,1
DA:2,1
DA:19,1
DA:25,1
DA:27,3
DA:30,3
DA:31,3
DA:32,1
DA:33,1
DA:35,3
DA:36,3
DA:39,3
DA:40,3
DA:41,3
DA:42,3
DA:43,3
DA:44,3
DA:45,3
DA:46,3
DA:47,3
DA:48,3
DA:49,3
DA:51,3
DA:52,3
DA:57,1
DA:58,4
DA:59,1
DA:60,3
DA:61,4
DA:62,4
DA:63,4
DA:64,4
DA:69,1
DA:70,2
DA:71,1
DA:72,1
DA:73,2
DA:74,2
DA:75,2
DA:80,1
DA:81,2
DA:82,1
DA:83,1
DA:84,2
DA:85,2
DA:86,2
DA:91,1
DA:92,4
DA:93,4
DA:94,4
DA:96,4
DA:97,2
DA:98,2
DA:99,2
DA:100,4
DA:101,0
DA:102,0
DA:103,0
DA:104,4
DA:105,1
DA:106,1
DA:107,1
DA:108,4
DA:109,1
DA:110,1
DA:111,1
DA:113,4
DA:114,1
DA:115,1
DA:117,3
DA:118,3
DA:119,3
DA:120,3
DA:121,3
DA:123,4
DA:124,4
DA:129,1
DA:130,1
DA:131,1
DA:132,1
DA:133,1
DA:135,1
DA:136,1
DA:137,1
LF:84
LH:81
BRDA:25,0,0,3
BRDA:31,1,0,1
BRDA:46,2,0,0
BRDA:47,3,0,2
BRDA:57,4,0,4
BRDA:58,5,0,1
BRDA:59,6,0,3
BRDA:61,7,0,1
BRDA:61,8,0,3
BRDA:63,9,0,1
BRDA:69,10,0,2
BRDA:70,11,0,1
BRDA:71,12,0,1
BRDA:73,13,0,1
BRDA:73,14,0,1
BRDA:80,15,0,2
BRDA:81,16,0,1
BRDA:82,17,0,1
BRDA:84,18,0,1
BRDA:84,19,0,1
BRDA:91,20,0,4
BRDA:96,21,0,2
BRDA:100,22,0,0
BRDA:104,23,0,1
BRDA:108,24,0,1
BRDA:113,25,0,1
BRDA:115,26,0,3
BRDA:123,27,0,1
BRDA:129,28,0,1
BRF:29
BRH:27
end_of_record
TN:
SF:database/repositories/usage-event-repository.ts
FN:46,insertBatch
FN:78,listByOrg
FN:125,listByUser
FN:172,aggregateByType
FN:196,aggregateByDay
FN:220,aggregateByDayAndType
FN:246,summaryForOrg
FN:268,hydrate
FNF:8
FNH:8
FNDA:3,insertBatch
FNDA:6,listByOrg
FNDA:3,listByUser
FNDA:1,aggregateByType
FNDA:1,aggregateByDay
FNDA:1,aggregateByDayAndType
FNDA:2,summaryForOrg
FNDA:103,hydrate
DA:1,1
DA:45,1
DA:46,1
DA:47,3
DA:49,2
DA:50,2
DA:51,2
DA:53,3
DA:54,3
DA:55,3
DA:56,3
DA:57,3
DA:58,3
DA:59,3
DA:60,3
DA:61,3
DA:62,3
DA:63,3
DA:64,3
DA:65,3
DA:66,3
DA:68,2
DA:69,2
DA:70,2
DA:72,2
DA:73,2
DA:75,2
DA:76,3
DA:78,1
DA:79,6
DA:80,6
DA:81,6
DA:82,6
DA:83,6
DA:84,6
DA:85,6
DA:87,6
DA:88,1
DA:89,1
DA:90,1
DA:91,1
DA:92,1
DA:93,1
DA:94,1
DA:96,0
DA:97,1
DA:99,6
DA:100,1
DA:101,1
DA:102,1
DA:104,6
DA:105,6
DA:107,6
DA:108,6
DA:109,6
DA:110,6
DA:112,6
DA:113,6
DA:115,6
DA:116,6
DA:117,1
DA:118,1
DA:119,1
DA:120,1
DA:122,6
DA:123,6
DA:125,1
DA:126,3
DA:127,3
DA:128,3
DA:129,3
DA:130,3
DA:131,3
DA:132,3
DA:134,3
DA:135,1
DA:136,1
DA:137,1
DA:138,1
DA:139,1
DA:140,1
DA:141,1
DA:143,0
DA:144,1
DA:146,3
DA:147,1
DA:148,1
DA:149,1
DA:151,3
DA:152,3
DA:154,3
DA:155,3
DA:156,3
DA:157,3
DA:159,3
DA:160,3
DA:162,3
DA:163,3
DA:164,1
DA:165,1
DA:166,1
DA:167,1
DA:169,3
DA:170,3
DA:172,1
DA:173,1
DA:174,1
DA:175,1
DA:176,1
DA:177,1
DA:185,1
DA:186,1
DA:188,1
DA:189,1
DA:190,1
DA:191,1
DA:192,1
DA:193,1
DA:194,1
DA:196,1
DA:197,1
DA:198,1
DA:199,1
DA:200,1
DA:201,1
DA:209,1
DA:210,1
DA:212,1
DA:213,1
DA:214,1
DA:215,1
DA:216,1
DA:217,1
DA:218,1
DA:220,1
DA:221,1
DA:222,1
DA:223,1
DA:224,1
DA:225,1
DA:234,1
DA:235,1
DA:237,1
DA:238,1
DA:239,1
DA:240,1
DA:241,1
DA:242,1
DA:243,1
DA:244,1
DA:246,1
DA:247,2
DA:248,2
DA:249,2
DA:250,2
DA:251,2
DA:256,2
DA:257,2
DA:259,2
DA:260,2
DA:261,2
DA:262,2
DA:263,2
DA:264,2
DA:265,2
DA:266,1
DA:268,103
DA:269,103
DA:270,103
DA:271,103
DA:272,103
DA:273,103
DA:274,103
LF:173
LH:171
BRDA:46,0,0,3
BRDA:47,1,0,1
BRDA:47,2,0,2
BRDA:61,3,0,2
BRDA:62,4,0,2
BRDA:66,5,0,2
BRDA:75,6,0,3
BRDA:78,7,0,6
BRDA:82,8,0,4
BRDA:87,9,0,1
BRDA:94,10,0,0
BRDA:99,11,0,1
BRDA:113,12,0,1
BRDA:113,13,0,5
BRDA:116,14,0,1
BRDA:116,15,0,1
BRDA:118,16,0,0
BRDA:125,17,0,3
BRDA:134,18,0,1
BRDA:141,19,0,0
BRDA:146,20,0,1
BRDA:160,21,0,1
BRDA:160,22,0,2
BRDA:163,23,0,1
BRDA:163,24,0,1
BRDA:165,25,0,0
BRDA:172,26,0,1
BRDA:188,27,0,1
BRDA:196,28,0,1
BRDA:212,29,0,1
BRDA:220,30,0,1
BRDA:237,31,0,1
BRDA:246,32,0,2
BRDA:261,33,0,1
BRDA:262,34,0,1
BRDA:263,35,0,1
BRDA:268,36,0,103
BRDA:272,37,0,1
BRDA:272,38,0,102
BRF:39
BRH:35
end_of_record
TN:
SF:database/repositories/user-ai-config-repository.ts
FN:38,listByUser
FN:45,findById
FN:53,findDefault
FN:61,create
FN:80,update
FN:122,delete
FN:130,setDefault
FNF:7
FNH:7
FNDA:1,listByUser
FNDA:3,findById
FNDA:2,findDefault
FNDA:2,create
FNDA:4,update
FNDA:2,delete
FNDA:2,setDefault
DA:1,1
DA:37,1
DA:38,1
DA:39,1
DA:40,1
DA:41,1
DA:42,1
DA:43,1
DA:45,1
DA:46,3
DA:47,3
DA:48,3
DA:49,3
DA:50,3
DA:51,3
DA:53,1
DA:54,2
DA:55,2
DA:56,2
DA:57,2
DA:58,2
DA:59,2
DA:61,1
DA:62,2
DA:63,2
DA:66,2
DA:67,2
DA:68,2
DA:69,2
DA:70,2
DA:71,2
DA:72,2
DA:73,2
DA:74,2
DA:75,2
DA:76,2
DA:77,2
DA:78,2
DA:80,1
DA:81,4
DA:82,4
DA:83,4
DA:84,4
DA:85,4
DA:86,4
DA:87,4
DA:89,4
DA:90,2
DA:91,2
DA:92,2
DA:93,4
DA:94,1
DA:95,1
DA:96,1
DA:97,4
DA:98,0
DA:99,0
DA:100,0
DA:101,4
DA:102,1
DA:103,1
DA:104,1
DA:105,1
DA:106,1
DA:107,1
DA:108,1
DA:110,4
DA:112,3
DA:113,3
DA:115,3
DA:116,3
DA:117,3
DA:118,3
DA:119,4
DA:120,4
DA:122,1
DA:123,2
DA:124,2
DA:125,2
DA:126,2
DA:127,2
DA:128,2
DA:130,1
DA:131,2
DA:132,2
DA:133,2
DA:134,2
DA:135,2
DA:136,2
DA:137,2
DA:138,2
DA:139,2
DA:140,2
DA:141,2
DA:142,2
DA:143,1
LF:96
LH:93
BRDA:38,0,0,1
BRDA:45,1,0,3
BRDA:50,2,0,1
BRDA:53,3,0,2
BRDA:58,4,0,1
BRDA:61,5,0,2
BRDA:70,6,0,1
BRDA:74,7,0,1
BRDA:80,8,0,4
BRDA:89,9,0,2
BRDA:93,10,0,1
BRDA:97,11,0,0
BRDA:101,12,0,1
BRDA:110,13,0,1
BRDA:110,14,0,3
BRDA:119,15,0,1
BRDA:122,16,0,2
BRDA:130,17,0,2
BRDA:131,18,0,2
BRDA:140,19,0,1
BRF:20
BRH:19
end_of_record
TN:
SF:database/repositories/user-repository.ts
FN:37,create
FN:57,findById
FN:68,findByEmail
FN:79,findByGithubId
FN:90,findByGoogleId
FN:101,update
FN:142,updateRole
FN:153,findAllPaginated
FN:192,countAll
FNF:9
FNH:9
FNDA:2,create
FNDA:3,findById
FNDA:2,findByEmail
FNDA:2,findByGithubId
FNDA:2,findByGoogleId
FNDA:4,update
FNDA:2,updateRole
FNDA:4,findAllPaginated
FNDA:2,countAll
DA:1,1
DA:33,1
DA:37,1
DA:38,2
DA:39,2
DA:42,2
DA:43,2
DA:44,2
DA:45,2
DA:46,2
DA:47,2
DA:48,2
DA:49,2
DA:50,2
DA:51,2
DA:52,2
DA:57,1
DA:58,3
DA:59,3
DA:60,3
DA:61,3
DA:62,3
DA:63,3
DA:68,1
DA:69,2
DA:70,2
DA:71,2
DA:72,2
DA:73,2
DA:74,2
DA:79,1
DA:80,2
DA:81,2
DA:82,2
DA:83,2
DA:84,2
DA:85,2
DA:90,1
DA:91,2
DA:92,2
DA:93,2
DA:94,2
DA:95,2
DA:96,2
DA:101,1
DA:102,4
DA:103,4
DA:104,4
DA:106,4
DA:107,1
DA:108,1
DA:109,1
DA:110,4
DA:111,3
DA:112,3
DA:113,3
DA:114,4
DA:115,1
DA:116,1
DA:117,1
DA:118,4
DA:119,1
DA:120,1
DA:121,1
DA:122,4
DA:123,1
DA:124,1
DA:125,1
DA:127,4
DA:128,1
DA:129,1
DA:131,3
DA:132,3
DA:133,3
DA:134,3
DA:135,3
DA:136,4
DA:137,4
DA:142,1
DA:143,2
DA:144,2
DA:145,2
DA:146,2
DA:147,2
DA:148,2
DA:153,1
DA:154,4
DA:155,4
DA:156,4
DA:157,4
DA:158,4
DA:159,4
DA:160,4
DA:162,4
DA:163,2
DA:164,2
DA:165,2
DA:166,2
DA:167,4
DA:168,2
DA:169,2
DA:170,2
DA:172,4
DA:174,4
DA:175,4
DA:176,4
DA:177,4
DA:178,4
DA:180,4
DA:181,4
DA:182,4
DA:183,4
DA:184,4
DA:186,4
DA:187,4
DA:192,1
DA:193,2
DA:194,2
DA:195,2
DA:196,2
DA:197,2
DA:198,1
LF:122
LH:122
BRDA:37,0,0,2
BRDA:43,1,0,0
BRDA:44,2,0,1
BRDA:46,3,0,1
BRDA:47,4,0,1
BRDA:48,5,0,1
BRDA:57,6,0,3
BRDA:62,7,0,1
BRDA:68,8,0,2
BRDA:73,9,0,1
BRDA:79,10,0,2
BRDA:84,11,0,1
BRDA:90,12,0,2
BRDA:95,13,0,1
BRDA:101,14,0,4
BRDA:106,15,0,1
BRDA:110,16,0,3
BRDA:114,17,0,1
BRDA:118,18,0,1
BRDA:122,19,0,1
BRDA:127,20,0,1
BRDA:129,21,0,3
BRDA:136,22,0,1
BRDA:142,23,0,2
BRDA:147,24,0,1
BRDA:153,25,0,4
BRDA:162,26,0,3
BRDA:162,27,0,2
BRDA:167,28,0,3
BRDA:167,29,0,2
BRDA:172,30,0,3
BRDA:172,31,0,1
BRDA:178,32,0,0
BRDA:192,33,0,2
BRDA:196,34,0,1
BRF:35
BRH:33
end_of_record
TN:
SF:database/repositories/user-story-repository.ts
FN:31,create
FN:51,findById
FN:63,findByProjectId
FN:73,countByProjectId
FN:84,update
FN:118,delete
FN:130,findByIdWithStats
FN:150,findByProjectIdWithStats
FNF:8
FNH:8
FNDA:2,create
FNDA:3,findById
FNDA:2,findByProjectId
FNDA:2,countByProjectId
FNDA:4,update
FNDA:1,delete
FNDA:2,findByIdWithStats
FNDA:1,findByProjectIdWithStats
DA:1,1
DA:27,1
DA:31,1
DA:32,2
DA:33,2
DA:36,2
DA:37,2
DA:38,2
DA:39,2
DA:40,2
DA:41,2
DA:42,2
DA:43,2
DA:45,2
DA:46,2
DA:51,1
DA:52,3
DA:53,3
DA:54,3
DA:55,3
DA:57,3
DA:58,3
DA:63,1
DA:64,2
DA:65,2
DA:66,2
DA:67,2
DA:68,2
DA:73,1
DA:74,2
DA:75,2
DA:76,2
DA:77,2
DA:78,2
DA:79,2
DA:84,1
DA:85,4
DA:86,4
DA:87,4
DA:89,4
DA:90,3
DA:91,3
DA:92,3
DA:93,4
DA:94,1
DA:95,1
DA:96,1
DA:97,4
DA:98,1
DA:99,1
DA:100,1
DA:102,4
DA:103,1
DA:104,1
DA:106,3
DA:107,3
DA:108,3
DA:109,3
DA:110,3
DA:112,4
DA:113,4
DA:118,1
DA:119,1
DA:120,1
DA:121,1
DA:122,1
DA:124,1
DA:125,1
DA:130,1
DA:131,2
DA:132,2
DA:136,2
DA:137,2
DA:139,2
DA:141,1
DA:142,1
DA:143,2
DA:144,2
DA:145,2
DA:150,1
DA:151,1
DA:152,1
DA:158,1
DA:159,1
DA:161,1
DA:162,2
DA:163,2
DA:164,1
DA:165,1
DA:166,1
LF:90
LH:90
BRDA:31,0,0,2
BRDA:39,1,0,1
BRDA:40,2,0,1
BRDA:41,3,0,1
BRDA:51,4,0,3
BRDA:57,5,0,1
BRDA:63,6,0,2
BRDA:73,7,0,2
BRDA:78,8,0,1
BRDA:84,9,0,4
BRDA:89,10,0,3
BRDA:93,11,0,1
BRDA:97,12,0,1
BRDA:102,13,0,1
BRDA:104,14,0,3
BRDA:112,15,0,1
BRDA:118,16,0,1
BRDA:130,17,0,2
BRDA:139,18,0,1
BRDA:143,19,0,0
BRDA:150,20,0,1
BRDA:161,21,0,2
BRDA:163,22,0,0
BRF:23
BRH:21
end_of_record
TN:
SF:database/repositories/visual-regression-repository.ts
FN:39,getLatestBaseline
FN:57,getBaselineHistory
FN:72,getBaselinesByTestCase
FN:84,createBaseline
FN:118,updateBaseline
FN:158,getBaselineById
FN:170,setBaselineLock
FN:182,deleteBaseline
FN:196,createComparison
FN:224,getComparisonsByExecution
FN:236,getComparisonsByBaseline
FN:248,getRegressions
FN:287,getComparisonById
FN:299,updateComparison
FN:335,promoteExecutionAsBaseline
FNF:15
FNH:15
FNDA:7,getLatestBaseline
FNDA:7,getBaselineHistory
FNDA:1,getBaselinesByTestCase
FNDA:6,createBaseline
FNDA:3,updateBaseline
FNDA:3,getBaselineById
FNDA:2,setBaselineLock
FNDA:2,deleteBaseline
FNDA:2,createComparison
FNDA:1,getComparisonsByExecution
FNDA:1,getComparisonsByBaseline
FNDA:4,getRegressions
FNDA:3,getComparisonById
FNDA:3,updateComparison
FNDA:3,promoteExecutionAsBaseline
DA:1,1
DA:33,1
DA:39,1
DA:40,7
DA:41,7
DA:42,7
DA:43,7
DA:44,7
DA:48,7
DA:49,7
DA:51,7
DA:52,7
DA:57,1
DA:58,7
DA:59,7
DA:60,7
DA:61,7
DA:62,7
DA:65,7
DA:66,7
DA:67,7
DA:72,1
DA:73,1
DA:74,1
DA:77,1
DA:78,1
DA:79,1
DA:84,1
DA:86,6
DA:87,6
DA:88,6
DA:89,6
DA:90,6
DA:91,1
DA:92,5
DA:94,6
DA:95,6
DA:100,6
DA:101,6
DA:102,6
DA:103,6
DA:104,6
DA:105,6
DA:106,6
DA:107,6
DA:108,6
DA:109,6
DA:110,6
DA:112,5
DA:113,6
DA:118,1
DA:119,3
DA:120,3
DA:121,3
DA:122,3
DA:123,3
DA:124,3
DA:126,3
DA:127,2
DA:128,2
DA:129,2
DA:130,3
DA:131,0
DA:132,0
DA:133,0
DA:134,3
DA:135,0
DA:136,0
DA:137,0
DA:139,3
DA:140,1
DA:141,1
DA:143,2
DA:144,2
DA:145,2
DA:146,2
DA:147,2
DA:149,2
DA:150,2
DA:152,3
DA:153,3
DA:158,1
DA:159,3
DA:160,3
DA:161,3
DA:162,3
DA:164,3
DA:165,3
DA:170,1
DA:171,2
DA:172,2
DA:173,2
DA:174,2
DA:176,2
DA:177,2
DA:182,1
DA:183,2
DA:184,2
DA:185,2
DA:186,2
DA:188,2
DA:189,2
DA:196,1
DA:197,2
DA:198,2
DA:204,2
DA:205,2
DA:206,2
DA:207,2
DA:208,2
DA:209,2
DA:210,2
DA:211,2
DA:212,2
DA:213,2
DA:214,2
DA:215,2
DA:216,2
DA:218,2
DA:219,2
DA:224,1
DA:225,1
DA:226,1
DA:229,1
DA:230,1
DA:231,1
DA:236,1
DA:237,1
DA:238,1
DA:241,1
DA:242,1
DA:243,1
DA:248,1
DA:249,4
DA:254,4
DA:255,4
DA:256,4
DA:257,4
DA:258,4
DA:260,4
DA:261,1
DA:262,1
DA:263,1
DA:265,4
DA:266,1
DA:267,1
DA:268,1
DA:270,4
DA:271,4
DA:273,4
DA:275,4
DA:276,4
DA:277,4
DA:279,4
DA:280,4
DA:281,4
DA:282,4
DA:287,1
DA:288,3
DA:289,3
DA:290,3
DA:291,3
DA:293,3
DA:294,3
DA:299,1
DA:300,3
DA:301,3
DA:302,3
DA:303,3
DA:304,3
DA:305,3
DA:307,3
DA:308,2
DA:309,2
DA:310,2
DA:311,3
DA:312,0
DA:313,0
DA:314,0
DA:316,3
DA:317,1
DA:318,1
DA:320,2
DA:321,2
DA:322,2
DA:323,2
DA:324,2
DA:326,2
DA:327,2
DA:329,3
DA:330,3
DA:335,1
DA:336,3
DA:337,3
DA:338,3
DA:339,3
DA:340,3
DA:342,3
DA:343,5
DA:345,5
DA:347,5
DA:349,1
DA:350,1
DA:353,4
DA:354,4
DA:355,4
DA:356,4
DA:357,4
DA:358,4
DA:359,4
DA:360,4
DA:361,4
DA:363,3
DA:364,5
DA:366,1
DA:367,1
DA:368,5
DA:370,3
DA:371,3
DA:372,1
LF:220
LH:211
BRDA:39,0,0,7
BRDA:51,1,0,5
BRDA:57,2,0,7
BRDA:72,3,0,1
BRDA:84,4,0,6
BRDA:90,5,0,1
BRDA:91,6,0,5
BRDA:106,7,0,2
BRDA:107,8,0,2
BRDA:108,9,0,2
BRDA:110,10,0,5
BRDA:118,11,0,3
BRDA:126,12,0,2
BRDA:130,13,0,0
BRDA:134,14,0,0
BRDA:139,15,0,1
BRDA:141,16,0,2
BRDA:152,17,0,1
BRDA:158,18,0,3
BRDA:164,19,0,1
BRDA:170,20,0,2
BRDA:182,21,0,2
BRDA:196,22,0,2
BRDA:211,23,0,1
BRDA:211,24,0,1
BRDA:224,25,0,1
BRDA:236,26,0,1
BRDA:248,27,0,4
BRDA:260,28,0,1
BRDA:265,29,0,1
BRDA:270,30,0,3
BRDA:271,31,0,3
BRDA:287,32,0,3
BRDA:293,33,0,1
BRDA:299,34,0,3
BRDA:307,35,0,2
BRDA:311,36,0,0
BRDA:316,37,0,1
BRDA:318,38,0,2
BRDA:329,39,0,1
BRDA:335,40,0,3
BRDA:342,41,0,5
BRDA:347,42,0,1
BRDA:347,43,0,1
BRDA:350,44,0,4
BRDA:361,45,0,3
BRDA:364,46,0,1
BRF:47
BRH:44
end_of_record
TN:
SF:database/repositories/workspace-repository.ts
FN:19,create
FN:32,findById
FN:43,findAllByUserId
FN:53,update
FN:64,delete
FN:72,countByUserId
FNF:6
FNH:6
FNDA:1,create
FNDA:2,findById
FNDA:2,findAllByUserId
FNDA:2,update
FNDA:1,delete
FNDA:2,countByUserId
DA:1,1
DA:15,1
DA:19,1
DA:20,1
DA:21,1
DA:24,1
DA:25,1
DA:26,1
DA:27,1
DA:32,1
DA:33,2
DA:34,2
DA:35,2
DA:36,2
DA:37,2
DA:38,2
DA:43,1
DA:44,2
DA:45,2
DA:46,2
DA:47,2
DA:48,2
DA:53,1
DA:54,2
DA:55,2
DA:56,2
DA:57,2
DA:58,2
DA:59,2
DA:64,1
DA:65,1
DA:66,1
DA:67,1
DA:72,1
DA:73,2
DA:74,2
DA:75,2
DA:76,2
DA:77,2
DA:78,2
DA:79,1
LF:41
LH:41
BRDA:19,0,0,1
BRDA:32,1,0,2
BRDA:37,2,0,1
BRDA:43,3,0,2
BRDA:53,4,0,2
BRDA:58,5,0,1
BRDA:64,6,0,1
BRDA:72,7,0,2
BRDA:77,8,0,1
BRF:9
BRH:9
end_of_record
TN:
SF:database/seeds/admin-user.ts
FN:1,(empty-report)
FNF:1
FNH:0
FNDA:0,(empty-report)
DA:1,0
DA:2,0
DA:4,0
DA:5,0
DA:6,0
DA:7,0
DA:8,0
DA:9,0
DA:12,0
DA:13,0
DA:20,0
DA:21,0
DA:24,0
DA:25,0
DA:26,0
DA:27,0
DA:29,0
DA:30,0
DA:31,0
DA:32,0
DA:33,0
DA:34,0
DA:35,0
LF:23
LH:0
BRDA:1,0,0,0
BRF:1
BRH:0
end_of_record
TN:
SF:database/seeds/feature-flags.ts
FN:50,seedFeatureFlags
FNF:1
FNH:1
FNDA:3,seedFeatureFlags
DA:1,1
DA:2,1
DA:11,1
DA:12,1
DA:13,1
DA:14,1
DA:15,1
DA:16,1
DA:17,1
DA:18,1
DA:19,1
DA:20,1
DA:21,1
DA:22,1
DA:23,1
DA:24,1
DA:25,1
DA:26,1
DA:27,1
DA:28,1
DA:29,1
DA:30,1
DA:31,1
DA:32,1
DA:33,1
DA:34,1
DA:35,1
DA:36,1
DA:37,1
DA:38,1
DA:39,1
DA:40,1
DA:41,1
DA:42,1
DA:43,1
DA:44,1
DA:45,1
DA:46,1
DA:47,1
DA:48,1
DA:50,3
DA:51,3
DA:52,18
DA:53,18
DA:58,18
DA:59,18
DA:60,18
DA:61,3
LF:48
LH:48
BRDA:50,0,0,3
BRDA:51,1,0,18
BRF:2
BRH:2
end_of_record
TN:
SF:logger/logger.ts
FN:22,Logger
FN:27,setRequestId
FN:31,shouldLog
FN:38,formatMessage
FN:58,debug
FN:64,info
FN:70,warn
FN:76,error
FN:92,metric
FN:103,createLogger
FN:108,generateRequestId
FNF:11
FNH:11
FNDA:15,Logger
FNDA:1,setRequestId
FNDA:25,shouldLog
FNDA:18,formatMessage
FNDA:4,debug
FNDA:12,info
FNDA:3,warn
FNDA:6,error
FNDA:3,metric
FNDA:15,createLogger
FNDA:102,generateRequestId
DA:6,1
DA:7,1
DA:8,1
DA:9,1
DA:10,1
DA:17,1
DA:22,1
DA:23,15
DA:24,15
DA:25,15
DA:27,1
DA:28,1
DA:29,1
DA:31,1
DA:32,25
DA:33,25
DA:34,25
DA:35,25
DA:36,25
DA:38,1
DA:39,18
DA:40,18
DA:41,18
DA:42,18
DA:43,18
DA:44,18
DA:45,18
DA:47,18
DA:48,1
DA:49,1
DA:51,18
DA:52,10
DA:53,10
DA:55,18
DA:56,18
DA:58,1
DA:59,4
DA:60,1
DA:61,1
DA:62,4
DA:64,1
DA:65,12
DA:66,9
DA:67,9
DA:68,12
DA:70,1
DA:71,3
DA:72,2
DA:73,2
DA:74,3
DA:76,1
DA:77,6
DA:78,6
DA:79,6
DA:80,6
DA:81,6
DA:82,6
DA:83,6
DA:84,6
DA:85,6
DA:86,6
DA:87,6
DA:88,6
DA:89,6
DA:92,1
DA:93,3
DA:94,3
DA:95,3
DA:96,3
DA:97,3
DA:98,3
DA:99,3
DA:100,1
DA:103,1
DA:104,15
DA:105,15
DA:108,1
DA:109,102
DA:110,102
LF:79
LH:79
BRDA:6,0,0,1
BRDA:22,1,0,15
BRDA:24,2,0,14
BRDA:27,3,0,1
BRDA:31,4,0,25
BRDA:38,5,0,18
BRDA:47,6,0,1
BRDA:51,7,0,10
BRDA:58,8,0,4
BRDA:59,9,0,1
BRDA:64,10,0,12
BRDA:65,11,0,9
BRDA:70,12,0,3
BRDA:71,13,0,2
BRDA:76,14,0,6
BRDA:81,15,0,1
BRDA:92,16,0,3
BRDA:103,17,0,15
BRDA:108,18,0,102
BRF:19
BRH:19
end_of_record
TN:
SF:types/index.ts
FNF:0
FNH:0
DA:3,1
DA:4,1
DA:5,1
DA:6,1
DA:7,1
DA:8,1
DA:9,1
DA:10,1
DA:11,1
DA:12,1
DA:14,1
DA:15,1
DA:16,1
DA:17,1
DA:18,1
DA:19,1
DA:20,1
DA:22,1
DA:23,1
DA:24,1
DA:93,1
DA:94,1
DA:95,1
DA:96,1
DA:97,1
DA:98,1
DA:99,1
DA:100,1
DA:101,1
DA:102,1
DA:103,1
LF:31
LH:31
BRDA:3,0,0,1
BRDA:93,1,0,1
BRF:2
BRH:2
end_of_record
TN:
SF:utils/circuit-breaker.ts
FN:23,CircuitBreaker
FN:36,execute
FN:58,getState
FN:66,reset
FN:73,updateState
FN:85,onSuccess
FN:97,onFailure
FNF:7
FNH:7
FNDA:12,CircuitBreaker
FNDA:27,execute
FNDA:11,getState
FNDA:1,reset
FNDA:38,updateState
FNDA:3,onSuccess
FNDA:23,onFailure
DA:11,1
DA:12,1
DA:13,1
DA:14,1
DA:17,1
DA:18,1
DA:19,1
DA:20,1
DA:21,1
DA:23,1
DA:24,12
DA:25,12
DA:26,12
DA:27,12
DA:28,12
DA:29,12
DA:30,12
DA:31,12
DA:36,1
DA:38,27
DA:41,27
DA:42,1
DA:43,1
DA:45,26
DA:46,26
DA:47,3
DA:48,3
DA:49,27
DA:50,23
DA:51,23
DA:52,23
DA:53,27
DA:58,1
DA:59,11
DA:60,11
DA:61,11
DA:66,1
DA:67,1
DA:68,1
DA:69,1
DA:70,1
DA:71,1
DA:73,1
DA:74,38
DA:76,38
DA:78,8
DA:79,3
DA:80,3
DA:81,3
DA:82,8
DA:83,38
DA:85,1
DA:86,3
DA:88,1
DA:89,1
DA:90,1
DA:91,3
DA:93,2
DA:94,2
DA:95,3
DA:97,1
DA:98,23
DA:99,23
DA:101,23
DA:103,1
DA:104,1
DA:105,23
DA:107,22
DA:108,6
DA:109,6
DA:110,22
DA:111,23
DA:112,1
LF:73
LH:73
BRDA:11,0,0,1
BRDA:23,1,0,12
BRDA:27,2,0,1
BRDA:28,3,0,1
BRDA:29,4,0,1
BRDA:36,5,0,27
BRDA:41,6,0,1
BRDA:43,7,0,26
BRDA:46,8,0,3
BRDA:49,9,0,23
BRDA:58,10,0,11
BRDA:66,11,0,1
BRDA:73,12,0,38
BRDA:76,13,0,8
BRDA:78,14,0,3
BRDA:85,15,0,3
BRDA:86,16,0,1
BRDA:91,17,0,2
BRDA:97,18,0,23
BRDA:101,19,0,1
BRDA:105,20,0,22
BRDA:107,21,0,6
BRF:22
BRH:22
end_of_record
TN:
SF:utils/create-edit-flow.ts
FN:16,isCreateOrEditFlow
FNF:1
FNH:1
FNDA:29,isCreateOrEditFlow
DA:16,1
DA:17,29
DA:18,25
DA:19,25
DA:20,25
DA:21,25
DA:22,25
DA:23,25
DA:24,25
DA:25,25
DA:26,25
DA:27,25
DA:28,25
DA:29,25
DA:30,25
DA:31,25
LF:16
LH:16
BRDA:16,0,0,29
BRDA:17,1,0,26
BRDA:17,2,0,4
BRDA:17,3,0,25
BRDA:30,4,0,129
BRF:5
BRH:5
end_of_record
TN:
SF:utils/metrics.ts
FN:13,MetricsCollector
FN:22,increment
FN:31,record
FN:60,getCounter
FN:68,getHistogramStats
FN:99,getSummary
FN:123,reset
FN:129,getKey
FNF:8
FNH:8
FNDA:1,MetricsCollector
FNDA:15,increment
FNDA:11019,record
FNDA:11,getCounter
FNDA:107,getHistogramStats
FNDA:4,getSummary
FNDA:18,reset
FNDA:11152,getKey
DA:13,1
DA:14,1
DA:15,1
DA:16,1
DA:17,1
DA:22,1
DA:23,15
DA:24,15
DA:25,15
DA:26,15
DA:31,1
DA:32,11019
DA:33,11019
DA:34,11019
DA:37,11019
DA:38,5
DA:39,5
DA:41,11019
DA:44,11019
DA:45,11019
DA:46,11019
DA:47,11019
DA:48,11019
DA:49,11019
DA:52,11019
DA:53,5
DA:54,5
DA:55,11019
DA:60,1
DA:61,11
DA:62,11
DA:63,11
DA:68,1
DA:74,107
DA:75,107
DA:76,107
DA:78,107
DA:79,2
DA:80,2
DA:82,105
DA:83,105
DA:84,105
DA:85,105
DA:87,105
DA:88,105
DA:89,105
DA:90,105
DA:91,105
DA:92,105
DA:93,105
DA:94,107
DA:99,1
DA:102,4
DA:103,4
DA:104,4
DA:106,4
DA:107,1
DA:108,4
DA:110,4
DA:111,101
DA:112,101
DA:113,101
DA:114,101
DA:115,4
DA:117,4
DA:118,4
DA:123,1
DA:124,18
DA:125,18
DA:126,18
DA:127,18
DA:129,1
DA:130,11152
DA:131,11140
DA:132,11140
DA:133,12
DA:134,12
DA:135,12
DA:136,12
DA:137,12
DA:138,11152
DA:139,1
DA:142,1
LF:83
LH:83
BRDA:13,0,0,1
BRDA:22,1,0,15
BRDA:24,2,0,11
BRDA:31,3,0,11019
BRDA:33,4,0,106
BRDA:37,5,0,5
BRDA:52,6,0,5
BRDA:60,7,0,11
BRDA:62,8,0,3
BRDA:68,9,0,107
BRDA:78,10,0,105
BRDA:78,11,0,2
BRDA:80,12,0,105
BRDA:82,13,0,11013
BRDA:99,14,0,4
BRDA:106,15,0,1
BRDA:110,16,0,101
BRDA:123,17,0,18
BRDA:129,18,0,11152
BRDA:130,19,0,13
BRDA:130,20,0,11140
BRDA:132,21,0,12
BRDA:134,22,0,2
BRDA:135,23,0,14
BRF:24
BRH:24
end_of_record
TN:
SF:utils/retry.ts
FN:18,retryableErrors
FN:33,sleep
FN:40,retryWithBackoff
FNF:3
FNH:3
FNDA:11,retryableErrors
FNDA:9,sleep
FNDA:10,retryWithBackoff
DA:13,1
DA:14,1
DA:15,1
DA:16,1
DA:17,1
DA:18,1
DA:20,11
DA:21,8
DA:22,8
DA:23,11
DA:24,1
DA:25,1
DA:26,2
DA:27,11
DA:28,1
DA:33,9
DA:34,9
DA:35,9
DA:40,10
DA:41,10
DA:42,10
DA:43,10
DA:44,10
DA:45,10
DA:46,10
DA:48,10
DA:49,19
DA:50,19
DA:51,19
DA:52,12
DA:55,12
DA:56,2
DA:57,2
DA:60,12
DA:61,1
DA:62,1
DA:65,9
DA:66,9
DA:67,9
DA:68,19
DA:70,1
DA:71,1
LF:42
LH:42
BRDA:18,0,0,11
BRDA:20,1,0,7
BRDA:20,2,0,4
BRDA:20,3,0,8
BRDA:22,4,0,3
BRDA:23,5,0,2
BRDA:23,6,0,1
BRDA:23,7,0,1
BRDA:25,8,0,2
BRDA:33,9,0,9
BRDA:34,10,0,9
BRDA:40,11,0,10
BRDA:48,12,0,19
BRDA:51,13,0,12
BRDA:55,14,0,2
BRDA:57,15,0,10
BRDA:60,16,0,1
BRDA:62,17,0,9
BRDA:68,18,0,1
BRF:19
BRH:19
end_of_record
